2025-04-30 16:48:07,249 - INFO - 开始处理任务 0a80caa7-da0a-4cbd-a893-1a56f7d8c907 (使用 /eco/options 添加硬件)
2025-04-30 16:48:07,249 - INFO - 用户请求配置: planCode=25sysle011, datacenter=LIM, OS=none_64.en
2025-04-30 16:48:07,249 - INFO - 用户请求选项值: set()
2025-04-30 16:48:07,250 - INFO - 正在检查计划代码 25sysle011 的可用性...
2025-04-30 16:48:07,348 - INFO - 将在 3 个配置中查找 LIM 的可用性...
2025-04-30 16:48:07,348 - INFO - 计划代码 25sysle011 在数据中心 LIM 当前无可用服务器。
2025-04-30 16:52:12,141 - INFO - 开始处理任务 0a80caa7-da0a-4cbd-a893-1a56f7d8c907 (使用 /eco/options 添加硬件)
2025-04-30 16:52:12,142 - INFO - 用户请求配置: planCode=25sysle011, datacenter=LIM, OS=none_64.en
2025-04-30 16:52:12,142 - INFO - 用户请求选项值: set()
2025-04-30 16:52:12,143 - INFO - 正在检查计划代码 25sysle011 的可用性...
2025-04-30 16:52:12,241 - INFO - 将在 3 个配置中查找 LIM 的可用性...
2025-04-30 16:52:12,241 - INFO - 计划代码 25sysle011 在数据中心 LIM 当前无可用服务器。
2025-04-30 16:56:12,250 - INFO - 开始处理任务 0a80caa7-da0a-4cbd-a893-1a56f7d8c907 (使用 /eco/options 添加硬件)
2025-04-30 16:56:12,250 - INFO - 用户请求配置: planCode=25sysle011, datacenter=LIM, OS=none_64.en
2025-04-30 16:56:12,251 - INFO - 用户请求选项值: set()
2025-04-30 16:56:12,251 - INFO - 正在检查计划代码 25sysle011 的可用性...
2025-04-30 16:56:12,345 - INFO - 将在 3 个配置中查找 LIM 的可用性...
2025-04-30 16:56:12,345 - INFO - 计划代码 25sysle011 在数据中心 LIM 当前无可用服务器。
2025-04-30 17:00:12,350 - INFO - 开始处理任务 0a80caa7-da0a-4cbd-a893-1a56f7d8c907 (使用 /eco/options 添加硬件)
2025-04-30 17:00:12,350 - INFO - 用户请求配置: planCode=25sysle011, datacenter=LIM, OS=none_64.en
2025-04-30 17:00:12,350 - INFO - 用户请求选项值: set()
2025-04-30 17:00:12,352 - INFO - 正在检查计划代码 25sysle011 的可用性...
2025-04-30 17:00:12,449 - INFO - 将在 3 个配置中查找 LIM 的可用性...
2025-04-30 17:00:12,449 - INFO - 计划代码 25sysle011 在数据中心 LIM 当前无可用服务器。
2025-04-30 17:04:17,897 - INFO - 开始处理任务 0a80caa7-da0a-4cbd-a893-1a56f7d8c907 (使用 /eco/options 添加硬件)
2025-04-30 17:04:17,897 - INFO - 用户请求配置: planCode=25sysle011, datacenter=LIM, OS=none_64.en
2025-04-30 17:04:17,897 - INFO - 用户请求选项值: set()
2025-04-30 17:04:17,898 - INFO - 正在检查计划代码 25sysle011 的可用性...
2025-04-30 17:04:18,010 - INFO - 将在 3 个配置中查找 LIM 的可用性...
2025-04-30 17:04:18,011 - INFO - 计划代码 25sysle011 在数据中心 LIM 当前无可用服务器。
2025-04-30 17:08:22,529 - INFO - 开始处理任务 0a80caa7-da0a-4cbd-a893-1a56f7d8c907 (使用 /eco/options 添加硬件)
2025-04-30 17:08:22,529 - INFO - 用户请求配置: planCode=25sysle011, datacenter=LIM, OS=none_64.en
2025-04-30 17:08:22,530 - INFO - 用户请求选项值: set()
2025-04-30 17:08:22,530 - INFO - 正在检查计划代码 25sysle011 的可用性...
2025-04-30 17:08:22,630 - INFO - 将在 3 个配置中查找 LIM 的可用性...
2025-04-30 17:08:22,630 - INFO - 计划代码 25sysle011 在数据中心 LIM 当前无可用服务器。
2025-04-30 17:12:27,631 - INFO - 开始处理任务 0a80caa7-da0a-4cbd-a893-1a56f7d8c907 (使用 /eco/options 添加硬件)
2025-04-30 17:12:27,631 - INFO - 用户请求配置: planCode=25sysle011, datacenter=LIM, OS=none_64.en
2025-04-30 17:12:27,631 - INFO - 用户请求选项值: set()
2025-04-30 17:12:27,632 - INFO - 正在检查计划代码 25sysle011 的可用性...
2025-04-30 17:12:27,721 - INFO - 将在 3 个配置中查找 LIM 的可用性...
2025-04-30 17:12:27,721 - INFO - 计划代码 25sysle011 在数据中心 LIM 当前无可用服务器。
2025-04-30 17:16:28,751 - INFO - 开始处理任务 0a80caa7-da0a-4cbd-a893-1a56f7d8c907 (使用 /eco/options 添加硬件)
2025-04-30 17:16:28,752 - INFO - 用户请求配置: planCode=25sysle011, datacenter=LIM, OS=none_64.en
2025-04-30 17:16:28,752 - INFO - 用户请求选项值: set()
2025-04-30 17:16:28,752 - INFO - 正在检查计划代码 25sysle011 的可用性...
2025-04-30 17:16:28,883 - INFO - 将在 3 个配置中查找 LIM 的可用性...
2025-04-30 17:16:28,883 - INFO - 计划代码 25sysle011 在数据中心 LIM 当前无可用服务器。
2025-04-30 17:20:34,233 - INFO - 开始处理任务 0a80caa7-da0a-4cbd-a893-1a56f7d8c907 (使用 /eco/options 添加硬件)
2025-04-30 17:20:34,233 - INFO - 用户请求配置: planCode=25sysle011, datacenter=LIM, OS=none_64.en
2025-04-30 17:20:34,233 - INFO - 用户请求选项值: set()
2025-04-30 17:20:34,234 - INFO - 正在检查计划代码 25sysle011 的可用性...
2025-04-30 17:20:34,329 - INFO - 将在 3 个配置中查找 LIM 的可用性...
2025-04-30 17:20:34,329 - INFO - 计划代码 25sysle011 在数据中心 LIM 当前无可用服务器。
2025-04-30 17:24:39,217 - INFO - 开始处理任务 0a80caa7-da0a-4cbd-a893-1a56f7d8c907 (使用 /eco/options 添加硬件)
2025-04-30 17:24:39,218 - INFO - 用户请求配置: planCode=25sysle011, datacenter=LIM, OS=none_64.en
2025-04-30 17:24:39,218 - INFO - 用户请求选项值: set()
2025-04-30 17:24:39,219 - INFO - 正在检查计划代码 25sysle011 的可用性...
2025-04-30 17:24:39,315 - INFO - 将在 3 个配置中查找 LIM 的可用性...
2025-04-30 17:24:39,315 - INFO - 计划代码 25sysle011 在数据中心 LIM 当前无可用服务器。
2025-04-30 17:28:43,940 - INFO - 开始处理任务 0a80caa7-da0a-4cbd-a893-1a56f7d8c907 (使用 /eco/options 添加硬件)
2025-04-30 17:28:43,941 - INFO - 用户请求配置: planCode=25sysle011, datacenter=LIM, OS=none_64.en
2025-04-30 17:28:43,941 - INFO - 用户请求选项值: set()
2025-04-30 17:28:43,941 - INFO - 正在检查计划代码 25sysle011 的可用性...
2025-04-30 17:28:44,032 - INFO - 将在 3 个配置中查找 LIM 的可用性...
2025-04-30 17:28:44,032 - INFO - 计划代码 25sysle011 在数据中心 LIM 当前无可用服务器。
2025-04-30 17:32:49,057 - INFO - 开始处理任务 0a80caa7-da0a-4cbd-a893-1a56f7d8c907 (使用 /eco/options 添加硬件)
2025-04-30 17:32:49,058 - INFO - 用户请求配置: planCode=25sysle011, datacenter=LIM, OS=none_64.en
2025-04-30 17:32:49,058 - INFO - 用户请求选项值: set()
2025-04-30 17:32:49,059 - INFO - 正在检查计划代码 25sysle011 的可用性...
2025-04-30 17:32:49,156 - INFO - 将在 3 个配置中查找 LIM 的可用性...
2025-04-30 17:32:49,156 - INFO - 计划代码 25sysle011 在数据中心 LIM 当前无可用服务器。
2025-04-30 17:36:54,407 - INFO - 开始处理任务 0a80caa7-da0a-4cbd-a893-1a56f7d8c907 (使用 /eco/options 添加硬件)
2025-04-30 17:36:54,408 - INFO - 用户请求配置: planCode=25sysle011, datacenter=LIM, OS=none_64.en
2025-04-30 17:36:54,408 - INFO - 用户请求选项值: set()
2025-04-30 17:36:54,408 - INFO - 正在检查计划代码 25sysle011 的可用性...
2025-04-30 17:36:54,498 - INFO - 将在 3 个配置中查找 LIM 的可用性...
2025-04-30 17:36:54,498 - INFO - 计划代码 25sysle011 在数据中心 LIM 当前无可用服务器。
2025-04-30 17:40:59,871 - INFO - 开始处理任务 0a80caa7-da0a-4cbd-a893-1a56f7d8c907 (使用 /eco/options 添加硬件)
2025-04-30 17:40:59,872 - INFO - 用户请求配置: planCode=25sysle011, datacenter=LIM, OS=none_64.en
2025-04-30 17:40:59,872 - INFO - 用户请求选项值: set()
2025-04-30 17:40:59,872 - INFO - 正在检查计划代码 25sysle011 的可用性...
2025-04-30 17:40:59,958 - INFO - 将在 3 个配置中查找 LIM 的可用性...
2025-04-30 17:40:59,958 - INFO - 计划代码 25sysle011 在数据中心 LIM 当前无可用服务器。
2025-04-30 17:45:04,344 - INFO - 开始处理任务 0a80caa7-da0a-4cbd-a893-1a56f7d8c907 (使用 /eco/options 添加硬件)
2025-04-30 17:45:04,345 - INFO - 用户请求配置: planCode=25sysle011, datacenter=LIM, OS=none_64.en
2025-04-30 17:45:04,345 - INFO - 用户请求选项值: set()
2025-04-30 17:45:04,346 - INFO - 正在检查计划代码 25sysle011 的可用性...
2025-04-30 17:45:04,456 - INFO - 将在 3 个配置中查找 LIM 的可用性...
2025-04-30 17:45:04,456 - INFO - 计划代码 25sysle011 在数据中心 LIM 当前无可用服务器。
2025-04-30 17:49:09,778 - INFO - 开始处理任务 0a80caa7-da0a-4cbd-a893-1a56f7d8c907 (使用 /eco/options 添加硬件)
2025-04-30 17:49:09,778 - INFO - 用户请求配置: planCode=25sysle011, datacenter=LIM, OS=none_64.en
2025-04-30 17:49:09,778 - INFO - 用户请求选项值: set()
2025-04-30 17:49:09,779 - INFO - 正在检查计划代码 25sysle011 的可用性...
2025-04-30 17:49:09,884 - INFO - 将在 3 个配置中查找 LIM 的可用性...
2025-04-30 17:49:09,884 - INFO - 计划代码 25sysle011 在数据中心 LIM 当前无可用服务器。
2025-04-30 17:53:14,515 - INFO - 开始处理任务 0a80caa7-da0a-4cbd-a893-1a56f7d8c907 (使用 /eco/options 添加硬件)
2025-04-30 17:53:14,516 - INFO - 用户请求配置: planCode=25sysle011, datacenter=LIM, OS=none_64.en
2025-04-30 17:53:14,516 - INFO - 用户请求选项值: set()
2025-04-30 17:53:14,516 - INFO - 正在检查计划代码 25sysle011 的可用性...
2025-04-30 17:53:14,603 - INFO - 将在 3 个配置中查找 LIM 的可用性...
2025-04-30 17:53:14,604 - INFO - 计划代码 25sysle011 在数据中心 LIM 当前无可用服务器。
2025-04-30 17:57:19,694 - INFO - 开始处理任务 0a80caa7-da0a-4cbd-a893-1a56f7d8c907 (使用 /eco/options 添加硬件)
2025-04-30 17:57:19,694 - INFO - 用户请求配置: planCode=25sysle011, datacenter=LIM, OS=none_64.en
2025-04-30 17:57:19,694 - INFO - 用户请求选项值: set()
2025-04-30 17:57:19,695 - INFO - 正在检查计划代码 25sysle011 的可用性...
2025-04-30 17:57:19,796 - INFO - 将在 3 个配置中查找 LIM 的可用性...
2025-04-30 17:57:19,796 - INFO - 计划代码 25sysle011 在数据中心 LIM 当前无可用服务器。
2025-04-30 18:01:25,049 - INFO - 开始处理任务 0a80caa7-da0a-4cbd-a893-1a56f7d8c907 (使用 /eco/options 添加硬件)
2025-04-30 18:01:25,049 - INFO - 用户请求配置: planCode=25sysle011, datacenter=LIM, OS=none_64.en
2025-04-30 18:01:25,049 - INFO - 用户请求选项值: set()
2025-04-30 18:01:25,050 - INFO - 正在检查计划代码 25sysle011 的可用性...
2025-04-30 18:01:25,143 - INFO - 将在 3 个配置中查找 LIM 的可用性...
2025-04-30 18:01:25,143 - INFO - 计划代码 25sysle011 在数据中心 LIM 当前无可用服务器。
2025-04-30 18:05:29,787 - INFO - 开始处理任务 0a80caa7-da0a-4cbd-a893-1a56f7d8c907 (使用 /eco/options 添加硬件)
2025-04-30 18:05:29,787 - INFO - 用户请求配置: planCode=25sysle011, datacenter=LIM, OS=none_64.en
2025-04-30 18:05:29,787 - INFO - 用户请求选项值: set()
2025-04-30 18:05:29,788 - INFO - 正在检查计划代码 25sysle011 的可用性...
2025-04-30 18:05:29,874 - INFO - 将在 3 个配置中查找 LIM 的可用性...
2025-04-30 18:05:29,874 - INFO - 计划代码 25sysle011 在数据中心 LIM 当前无可用服务器。
2025-04-30 18:09:34,952 - INFO - 开始处理任务 0a80caa7-da0a-4cbd-a893-1a56f7d8c907 (使用 /eco/options 添加硬件)
2025-04-30 18:09:34,953 - INFO - 用户请求配置: planCode=25sysle011, datacenter=LIM, OS=none_64.en
2025-04-30 18:09:34,953 - INFO - 用户请求选项值: set()
2025-04-30 18:09:34,953 - INFO - 正在检查计划代码 25sysle011 的可用性...
2025-04-30 18:09:35,064 - INFO - 将在 3 个配置中查找 LIM 的可用性...
2025-04-30 18:09:35,064 - INFO - 计划代码 25sysle011 在数据中心 LIM 当前无可用服务器。
2025-04-30 18:13:40,546 - INFO - 开始处理任务 0a80caa7-da0a-4cbd-a893-1a56f7d8c907 (使用 /eco/options 添加硬件)
2025-04-30 18:13:40,547 - INFO - 用户请求配置: planCode=25sysle011, datacenter=LIM, OS=none_64.en
2025-04-30 18:13:40,547 - INFO - 用户请求选项值: set()
2025-04-30 18:13:40,548 - INFO - 正在检查计划代码 25sysle011 的可用性...
2025-04-30 18:13:40,640 - INFO - 将在 3 个配置中查找 LIM 的可用性...
2025-04-30 18:13:40,640 - INFO - 计划代码 25sysle011 在数据中心 LIM 当前无可用服务器。
2025-04-30 18:17:45,397 - INFO - 开始处理任务 0a80caa7-da0a-4cbd-a893-1a56f7d8c907 (使用 /eco/options 添加硬件)
2025-04-30 18:17:45,398 - INFO - 用户请求配置: planCode=25sysle011, datacenter=LIM, OS=none_64.en
2025-04-30 18:17:45,398 - INFO - 用户请求选项值: set()
2025-04-30 18:17:45,399 - INFO - 正在检查计划代码 25sysle011 的可用性...
2025-04-30 18:17:45,500 - INFO - 将在 3 个配置中查找 LIM 的可用性...
2025-04-30 18:17:45,500 - INFO - 计划代码 25sysle011 在数据中心 LIM 当前无可用服务器。
2025-04-30 18:21:50,202 - INFO - 开始处理任务 0a80caa7-da0a-4cbd-a893-1a56f7d8c907 (使用 /eco/options 添加硬件)
2025-04-30 18:21:50,203 - INFO - 用户请求配置: planCode=25sysle011, datacenter=LIM, OS=none_64.en
2025-04-30 18:21:50,203 - INFO - 用户请求选项值: set()
2025-04-30 18:21:50,203 - INFO - 正在检查计划代码 25sysle011 的可用性...
2025-04-30 18:21:50,306 - INFO - 将在 3 个配置中查找 LIM 的可用性...
2025-04-30 18:21:50,306 - INFO - 计划代码 25sysle011 在数据中心 LIM 当前无可用服务器。
2025-04-30 18:25:55,265 - INFO - 开始处理任务 0a80caa7-da0a-4cbd-a893-1a56f7d8c907 (使用 /eco/options 添加硬件)
2025-04-30 18:25:55,266 - INFO - 用户请求配置: planCode=25sysle011, datacenter=LIM, OS=none_64.en
2025-04-30 18:25:55,266 - INFO - 用户请求选项值: set()
2025-04-30 18:25:55,267 - INFO - 正在检查计划代码 25sysle011 的可用性...
2025-04-30 18:25:55,365 - INFO - 将在 3 个配置中查找 LIM 的可用性...
2025-04-30 18:25:55,365 - INFO - 计划代码 25sysle011 在数据中心 LIM 当前无可用服务器。
2025-04-30 18:30:00,617 - INFO - 开始处理任务 0a80caa7-da0a-4cbd-a893-1a56f7d8c907 (使用 /eco/options 添加硬件)
2025-04-30 18:30:00,618 - INFO - 用户请求配置: planCode=25sysle011, datacenter=LIM, OS=none_64.en
2025-04-30 18:30:00,618 - INFO - 用户请求选项值: set()
2025-04-30 18:30:00,618 - INFO - 正在检查计划代码 25sysle011 的可用性...
2025-04-30 18:30:00,709 - INFO - 将在 3 个配置中查找 LIM 的可用性...
2025-04-30 18:30:00,709 - INFO - 计划代码 25sysle011 在数据中心 LIM 当前无可用服务器。
2025-04-30 18:34:05,765 - INFO - 开始处理任务 0a80caa7-da0a-4cbd-a893-1a56f7d8c907 (使用 /eco/options 添加硬件)
2025-04-30 18:34:05,765 - INFO - 用户请求配置: planCode=25sysle011, datacenter=LIM, OS=none_64.en
2025-04-30 18:34:05,765 - INFO - 用户请求选项值: set()
2025-04-30 18:34:05,766 - INFO - 正在检查计划代码 25sysle011 的可用性...
2025-04-30 18:34:05,855 - INFO - 将在 3 个配置中查找 LIM 的可用性...
2025-04-30 18:34:05,855 - INFO - 计划代码 25sysle011 在数据中心 LIM 当前无可用服务器。
2025-04-30 18:38:10,505 - INFO - 开始处理任务 0a80caa7-da0a-4cbd-a893-1a56f7d8c907 (使用 /eco/options 添加硬件)
2025-04-30 18:38:10,505 - INFO - 用户请求配置: planCode=25sysle011, datacenter=LIM, OS=none_64.en
2025-04-30 18:38:10,506 - INFO - 用户请求选项值: set()
2025-04-30 18:38:10,506 - INFO - 正在检查计划代码 25sysle011 的可用性...
2025-04-30 18:38:10,607 - INFO - 将在 3 个配置中查找 LIM 的可用性...
2025-04-30 18:38:10,607 - INFO - 计划代码 25sysle011 在数据中心 LIM 当前无可用服务器。
2025-04-30 18:42:16,060 - INFO - 开始处理任务 0a80caa7-da0a-4cbd-a893-1a56f7d8c907 (使用 /eco/options 添加硬件)
2025-04-30 18:42:16,060 - INFO - 用户请求配置: planCode=25sysle011, datacenter=LIM, OS=none_64.en
2025-04-30 18:42:16,060 - INFO - 用户请求选项值: set()
2025-04-30 18:42:16,061 - INFO - 正在检查计划代码 25sysle011 的可用性...
2025-04-30 18:42:16,151 - INFO - 将在 3 个配置中查找 LIM 的可用性...
2025-04-30 18:42:16,151 - INFO - 计划代码 25sysle011 在数据中心 LIM 当前无可用服务器。
2025-04-30 18:46:20,716 - INFO - 开始处理任务 0a80caa7-da0a-4cbd-a893-1a56f7d8c907 (使用 /eco/options 添加硬件)
2025-04-30 18:46:20,717 - INFO - 用户请求配置: planCode=25sysle011, datacenter=LIM, OS=none_64.en
2025-04-30 18:46:20,717 - INFO - 用户请求选项值: set()
2025-04-30 18:46:20,717 - INFO - 正在检查计划代码 25sysle011 的可用性...
2025-04-30 18:46:20,822 - INFO - 将在 3 个配置中查找 LIM 的可用性...
2025-04-30 18:46:20,822 - INFO - 计划代码 25sysle011 在数据中心 LIM 当前无可用服务器。
2025-04-30 18:50:26,239 - INFO - 开始处理任务 0a80caa7-da0a-4cbd-a893-1a56f7d8c907 (使用 /eco/options 添加硬件)
2025-04-30 18:50:26,240 - INFO - 用户请求配置: planCode=25sysle011, datacenter=LIM, OS=none_64.en
2025-04-30 18:50:26,240 - INFO - 用户请求选项值: set()
2025-04-30 18:50:26,241 - INFO - 正在检查计划代码 25sysle011 的可用性...
2025-04-30 18:50:26,341 - INFO - 将在 3 个配置中查找 LIM 的可用性...
2025-04-30 18:50:26,341 - INFO - 计划代码 25sysle011 在数据中心 LIM 当前无可用服务器。
2025-04-30 18:54:31,176 - INFO - 开始处理任务 0a80caa7-da0a-4cbd-a893-1a56f7d8c907 (使用 /eco/options 添加硬件)
2025-04-30 18:54:31,176 - INFO - 用户请求配置: planCode=25sysle011, datacenter=LIM, OS=none_64.en
2025-04-30 18:54:31,176 - INFO - 用户请求选项值: set()
2025-04-30 18:54:31,177 - INFO - 正在检查计划代码 25sysle011 的可用性...
2025-04-30 18:54:31,268 - INFO - 将在 3 个配置中查找 LIM 的可用性...
2025-04-30 18:54:31,268 - INFO - 计划代码 25sysle011 在数据中心 LIM 当前无可用服务器。
2025-04-30 18:58:36,008 - INFO - 开始处理任务 0a80caa7-da0a-4cbd-a893-1a56f7d8c907 (使用 /eco/options 添加硬件)
2025-04-30 18:58:36,009 - INFO - 用户请求配置: planCode=25sysle011, datacenter=LIM, OS=none_64.en
2025-04-30 18:58:36,009 - INFO - 用户请求选项值: set()
2025-04-30 18:58:36,010 - INFO - 正在检查计划代码 25sysle011 的可用性...
2025-04-30 18:58:36,105 - INFO - 将在 3 个配置中查找 LIM 的可用性...
2025-04-30 18:58:36,105 - INFO - 计划代码 25sysle011 在数据中心 LIM 当前无可用服务器。
2025-04-30 19:02:41,104 - INFO - 开始处理任务 0a80caa7-da0a-4cbd-a893-1a56f7d8c907 (使用 /eco/options 添加硬件)
2025-04-30 19:02:41,104 - INFO - 用户请求配置: planCode=25sysle011, datacenter=LIM, OS=none_64.en
2025-04-30 19:02:41,104 - INFO - 用户请求选项值: set()
2025-04-30 19:02:41,106 - INFO - 正在检查计划代码 25sysle011 的可用性...
2025-04-30 19:02:41,204 - INFO - 将在 3 个配置中查找 LIM 的可用性...
2025-04-30 19:02:41,204 - INFO - 计划代码 25sysle011 在数据中心 LIM 当前无可用服务器。
2025-04-30 19:06:46,700 - INFO - 开始处理任务 0a80caa7-da0a-4cbd-a893-1a56f7d8c907 (使用 /eco/options 添加硬件)
2025-04-30 19:06:46,700 - INFO - 用户请求配置: planCode=25sysle011, datacenter=LIM, OS=none_64.en
2025-04-30 19:06:46,700 - INFO - 用户请求选项值: set()
2025-04-30 19:06:46,701 - INFO - 正在检查计划代码 25sysle011 的可用性...
2025-04-30 19:06:46,793 - INFO - 将在 3 个配置中查找 LIM 的可用性...
2025-04-30 19:06:46,793 - INFO - 计划代码 25sysle011 在数据中心 LIM 当前无可用服务器。
2025-04-30 19:10:51,522 - INFO - 开始处理任务 0a80caa7-da0a-4cbd-a893-1a56f7d8c907 (使用 /eco/options 添加硬件)
2025-04-30 19:10:51,523 - INFO - 用户请求配置: planCode=25sysle011, datacenter=LIM, OS=none_64.en
2025-04-30 19:10:51,523 - INFO - 用户请求选项值: set()
2025-04-30 19:10:51,523 - INFO - 正在检查计划代码 25sysle011 的可用性...
2025-04-30 19:10:51,635 - INFO - 将在 3 个配置中查找 LIM 的可用性...
2025-04-30 19:10:51,635 - INFO - 计划代码 25sysle011 在数据中心 LIM 当前无可用服务器。
2025-04-30 19:14:56,423 - INFO - 开始处理任务 0a80caa7-da0a-4cbd-a893-1a56f7d8c907 (使用 /eco/options 添加硬件)
2025-04-30 19:14:56,423 - INFO - 用户请求配置: planCode=25sysle011, datacenter=LIM, OS=none_64.en
2025-04-30 19:14:56,423 - INFO - 用户请求选项值: set()
2025-04-30 19:14:56,424 - INFO - 正在检查计划代码 25sysle011 的可用性...
2025-04-30 19:14:56,541 - INFO - 将在 3 个配置中查找 LIM 的可用性...
2025-04-30 19:14:56,541 - INFO - 计划代码 25sysle011 在数据中心 LIM 当前无可用服务器。
2025-04-30 19:19:01,451 - INFO - 开始处理任务 0a80caa7-da0a-4cbd-a893-1a56f7d8c907 (使用 /eco/options 添加硬件)
2025-04-30 19:19:01,452 - INFO - 用户请求配置: planCode=25sysle011, datacenter=LIM, OS=none_64.en
2025-04-30 19:19:01,452 - INFO - 用户请求选项值: set()
2025-04-30 19:19:01,452 - INFO - 正在检查计划代码 25sysle011 的可用性...
2025-04-30 19:19:01,546 - INFO - 将在 3 个配置中查找 LIM 的可用性...
2025-04-30 19:19:01,547 - INFO - 计划代码 25sysle011 在数据中心 LIM 当前无可用服务器。
2025-04-30 19:23:06,739 - INFO - 开始处理任务 0a80caa7-da0a-4cbd-a893-1a56f7d8c907 (使用 /eco/options 添加硬件)
2025-04-30 19:23:06,740 - INFO - 用户请求配置: planCode=25sysle011, datacenter=LIM, OS=none_64.en
2025-04-30 19:23:06,740 - INFO - 用户请求选项值: set()
2025-04-30 19:23:06,741 - INFO - 正在检查计划代码 25sysle011 的可用性...
2025-04-30 19:23:06,831 - INFO - 将在 3 个配置中查找 LIM 的可用性...
2025-04-30 19:23:06,831 - INFO - 计划代码 25sysle011 在数据中心 LIM 当前无可用服务器。
2025-04-30 19:27:11,628 - INFO - 开始处理任务 0a80caa7-da0a-4cbd-a893-1a56f7d8c907 (使用 /eco/options 添加硬件)
2025-04-30 19:27:11,628 - INFO - 用户请求配置: planCode=25sysle011, datacenter=LIM, OS=none_64.en
2025-04-30 19:27:11,629 - INFO - 用户请求选项值: set()
2025-04-30 19:27:11,629 - INFO - 正在检查计划代码 25sysle011 的可用性...
2025-04-30 19:27:11,717 - INFO - 将在 3 个配置中查找 LIM 的可用性...
2025-04-30 19:27:11,717 - INFO - 计划代码 25sysle011 在数据中心 LIM 当前无可用服务器。
2025-04-30 19:31:16,754 - INFO - 开始处理任务 0a80caa7-da0a-4cbd-a893-1a56f7d8c907 (使用 /eco/options 添加硬件)
2025-04-30 19:31:16,754 - INFO - 用户请求配置: planCode=25sysle011, datacenter=LIM, OS=none_64.en
2025-04-30 19:31:16,754 - INFO - 用户请求选项值: set()
2025-04-30 19:31:16,755 - INFO - 正在检查计划代码 25sysle011 的可用性...
2025-04-30 19:31:16,848 - INFO - 将在 3 个配置中查找 LIM 的可用性...
2025-04-30 19:31:16,848 - INFO - 计划代码 25sysle011 在数据中心 LIM 当前无可用服务器。
2025-04-30 19:35:22,225 - INFO - 开始处理任务 0a80caa7-da0a-4cbd-a893-1a56f7d8c907 (使用 /eco/options 添加硬件)
2025-04-30 19:35:22,225 - INFO - 用户请求配置: planCode=25sysle011, datacenter=LIM, OS=none_64.en
2025-04-30 19:35:22,225 - INFO - 用户请求选项值: set()
2025-04-30 19:35:22,226 - INFO - 正在检查计划代码 25sysle011 的可用性...
2025-04-30 19:35:22,314 - INFO - 将在 3 个配置中查找 LIM 的可用性...
2025-04-30 19:35:22,314 - INFO - 计划代码 25sysle011 在数据中心 LIM 当前无可用服务器。
2025-04-30 19:39:26,919 - INFO - 开始处理任务 0a80caa7-da0a-4cbd-a893-1a56f7d8c907 (使用 /eco/options 添加硬件)
2025-04-30 19:39:26,919 - INFO - 用户请求配置: planCode=25sysle011, datacenter=LIM, OS=none_64.en
2025-04-30 19:39:26,919 - INFO - 用户请求选项值: set()
2025-04-30 19:39:26,921 - INFO - 正在检查计划代码 25sysle011 的可用性...
2025-04-30 19:39:27,013 - INFO - 将在 3 个配置中查找 LIM 的可用性...
2025-04-30 19:39:27,013 - INFO - 计划代码 25sysle011 在数据中心 LIM 当前无可用服务器。
2025-04-30 19:43:32,464 - INFO - 开始处理任务 0a80caa7-da0a-4cbd-a893-1a56f7d8c907 (使用 /eco/options 添加硬件)
2025-04-30 19:43:32,464 - INFO - 用户请求配置: planCode=25sysle011, datacenter=LIM, OS=none_64.en
2025-04-30 19:43:32,464 - INFO - 用户请求选项值: set()
2025-04-30 19:43:32,465 - INFO - 正在检查计划代码 25sysle011 的可用性...
2025-04-30 19:43:32,584 - INFO - 将在 3 个配置中查找 LIM 的可用性...
2025-04-30 19:43:32,584 - INFO - 计划代码 25sysle011 在数据中心 LIM 当前无可用服务器。
2025-04-30 19:47:37,417 - INFO - 开始处理任务 0a80caa7-da0a-4cbd-a893-1a56f7d8c907 (使用 /eco/options 添加硬件)
2025-04-30 19:47:37,417 - INFO - 用户请求配置: planCode=25sysle011, datacenter=LIM, OS=none_64.en
2025-04-30 19:47:37,417 - INFO - 用户请求选项值: set()
2025-04-30 19:47:37,418 - INFO - 正在检查计划代码 25sysle011 的可用性...
2025-04-30 19:47:37,508 - INFO - 将在 3 个配置中查找 LIM 的可用性...
2025-04-30 19:47:37,508 - INFO - 计划代码 25sysle011 在数据中心 LIM 当前无可用服务器。
2025-04-30 19:51:42,180 - INFO - 开始处理任务 0a80caa7-da0a-4cbd-a893-1a56f7d8c907 (使用 /eco/options 添加硬件)
2025-04-30 19:51:42,181 - INFO - 用户请求配置: planCode=25sysle011, datacenter=LIM, OS=none_64.en
2025-04-30 19:51:42,181 - INFO - 用户请求选项值: set()
2025-04-30 19:51:42,182 - INFO - 正在检查计划代码 25sysle011 的可用性...
2025-04-30 19:51:42,274 - INFO - 将在 3 个配置中查找 LIM 的可用性...
2025-04-30 19:51:42,274 - INFO - 计划代码 25sysle011 在数据中心 LIM 当前无可用服务器。
2025-04-30 19:55:47,330 - INFO - 开始处理任务 0a80caa7-da0a-4cbd-a893-1a56f7d8c907 (使用 /eco/options 添加硬件)
2025-04-30 19:55:47,331 - INFO - 用户请求配置: planCode=25sysle011, datacenter=LIM, OS=none_64.en
2025-04-30 19:55:47,331 - INFO - 用户请求选项值: set()
2025-04-30 19:55:47,331 - INFO - 正在检查计划代码 25sysle011 的可用性...
2025-04-30 19:55:47,439 - INFO - 将在 3 个配置中查找 LIM 的可用性...
2025-04-30 19:55:47,439 - INFO - 计划代码 25sysle011 在数据中心 LIM 当前无可用服务器。
2025-04-30 19:59:52,903 - INFO - 开始处理任务 0a80caa7-da0a-4cbd-a893-1a56f7d8c907 (使用 /eco/options 添加硬件)
2025-04-30 19:59:52,904 - INFO - 用户请求配置: planCode=25sysle011, datacenter=LIM, OS=none_64.en
2025-04-30 19:59:52,904 - INFO - 用户请求选项值: set()
2025-04-30 19:59:52,904 - INFO - 正在检查计划代码 25sysle011 的可用性...
2025-04-30 19:59:52,992 - INFO - 将在 3 个配置中查找 LIM 的可用性...
2025-04-30 19:59:52,992 - INFO - 计划代码 25sysle011 在数据中心 LIM 当前无可用服务器。
2025-04-30 20:03:57,776 - INFO - 开始处理任务 0a80caa7-da0a-4cbd-a893-1a56f7d8c907 (使用 /eco/options 添加硬件)
2025-04-30 20:03:57,777 - INFO - 用户请求配置: planCode=25sysle011, datacenter=LIM, OS=none_64.en
2025-04-30 20:03:57,777 - INFO - 用户请求选项值: set()
2025-04-30 20:03:57,777 - INFO - 正在检查计划代码 25sysle011 的可用性...
2025-04-30 20:03:57,871 - INFO - 将在 3 个配置中查找 LIM 的可用性...
2025-04-30 20:03:57,872 - INFO - 计划代码 25sysle011 在数据中心 LIM 当前无可用服务器。
2025-04-30 20:08:02,551 - INFO - 开始处理任务 0a80caa7-da0a-4cbd-a893-1a56f7d8c907 (使用 /eco/options 添加硬件)
2025-04-30 20:08:02,552 - INFO - 用户请求配置: planCode=25sysle011, datacenter=LIM, OS=none_64.en
2025-04-30 20:08:02,552 - INFO - 用户请求选项值: set()
2025-04-30 20:08:02,552 - INFO - 正在检查计划代码 25sysle011 的可用性...
2025-04-30 20:08:02,642 - INFO - 将在 3 个配置中查找 LIM 的可用性...
2025-04-30 20:08:02,642 - INFO - 计划代码 25sysle011 在数据中心 LIM 当前无可用服务器。
2025-04-30 20:12:07,678 - INFO - 开始处理任务 0a80caa7-da0a-4cbd-a893-1a56f7d8c907 (使用 /eco/options 添加硬件)
2025-04-30 20:12:07,678 - INFO - 用户请求配置: planCode=25sysle011, datacenter=LIM, OS=none_64.en
2025-04-30 20:12:07,678 - INFO - 用户请求选项值: set()
2025-04-30 20:12:07,679 - INFO - 正在检查计划代码 25sysle011 的可用性...
2025-04-30 20:12:07,768 - INFO - 将在 3 个配置中查找 LIM 的可用性...
2025-04-30 20:12:07,768 - INFO - 计划代码 25sysle011 在数据中心 LIM 当前无可用服务器。
2025-04-30 20:16:12,966 - INFO - 开始处理任务 0a80caa7-da0a-4cbd-a893-1a56f7d8c907 (使用 /eco/options 添加硬件)
2025-04-30 20:16:12,966 - INFO - 用户请求配置: planCode=25sysle011, datacenter=LIM, OS=none_64.en
2025-04-30 20:16:12,966 - INFO - 用户请求选项值: set()
2025-04-30 20:16:12,967 - INFO - 正在检查计划代码 25sysle011 的可用性...
2025-04-30 20:16:13,053 - INFO - 将在 3 个配置中查找 LIM 的可用性...
2025-04-30 20:16:13,053 - INFO - 计划代码 25sysle011 在数据中心 LIM 当前无可用服务器。
2025-04-30 20:20:18,163 - INFO - 开始处理任务 0a80caa7-da0a-4cbd-a893-1a56f7d8c907 (使用 /eco/options 添加硬件)
2025-04-30 20:20:18,164 - INFO - 用户请求配置: planCode=25sysle011, datacenter=LIM, OS=none_64.en
2025-04-30 20:20:18,164 - INFO - 用户请求选项值: set()
2025-04-30 20:20:18,164 - INFO - 正在检查计划代码 25sysle011 的可用性...
2025-04-30 20:20:18,253 - INFO - 将在 3 个配置中查找 LIM 的可用性...
2025-04-30 20:20:18,253 - INFO - 计划代码 25sysle011 在数据中心 LIM 当前无可用服务器。
2025-04-30 20:24:22,981 - INFO - 开始处理任务 0a80caa7-da0a-4cbd-a893-1a56f7d8c907 (使用 /eco/options 添加硬件)
2025-04-30 20:24:22,981 - INFO - 用户请求配置: planCode=25sysle011, datacenter=LIM, OS=none_64.en
2025-04-30 20:24:22,981 - INFO - 用户请求选项值: set()
2025-04-30 20:24:22,982 - INFO - 正在检查计划代码 25sysle011 的可用性...
2025-04-30 20:24:23,068 - INFO - 将在 3 个配置中查找 LIM 的可用性...
2025-04-30 20:24:23,068 - INFO - 计划代码 25sysle011 在数据中心 LIM 当前无可用服务器。
2025-04-30 20:28:29,316 - INFO - 开始处理任务 0a80caa7-da0a-4cbd-a893-1a56f7d8c907 (使用 /eco/options 添加硬件)
2025-04-30 20:28:29,317 - INFO - 用户请求配置: planCode=25sysle011, datacenter=LIM, OS=none_64.en
2025-04-30 20:28:29,317 - INFO - 用户请求选项值: set()
2025-04-30 20:28:29,317 - INFO - 正在检查计划代码 25sysle011 的可用性...
2025-04-30 20:28:29,407 - INFO - 将在 3 个配置中查找 LIM 的可用性...
2025-04-30 20:28:29,407 - INFO - 计划代码 25sysle011 在数据中心 LIM 当前无可用服务器。
2025-04-30 20:32:33,122 - INFO - 开始处理任务 0a80caa7-da0a-4cbd-a893-1a56f7d8c907 (使用 /eco/options 添加硬件)
2025-04-30 20:32:33,122 - INFO - 用户请求配置: planCode=25sysle011, datacenter=LIM, OS=none_64.en
2025-04-30 20:32:33,122 - INFO - 用户请求选项值: set()
2025-04-30 20:32:33,123 - INFO - 正在检查计划代码 25sysle011 的可用性...
2025-04-30 20:32:33,211 - INFO - 将在 3 个配置中查找 LIM 的可用性...
2025-04-30 20:32:33,211 - INFO - 计划代码 25sysle011 在数据中心 LIM 当前无可用服务器。
2025-04-30 20:36:38,659 - INFO - 开始处理任务 0a80caa7-da0a-4cbd-a893-1a56f7d8c907 (使用 /eco/options 添加硬件)
2025-04-30 20:36:38,660 - INFO - 用户请求配置: planCode=25sysle011, datacenter=LIM, OS=none_64.en
2025-04-30 20:36:38,660 - INFO - 用户请求选项值: set()
2025-04-30 20:36:38,660 - INFO - 正在检查计划代码 25sysle011 的可用性...
2025-04-30 20:36:38,758 - INFO - 将在 3 个配置中查找 LIM 的可用性...
2025-04-30 20:36:38,758 - INFO - 计划代码 25sysle011 在数据中心 LIM 当前无可用服务器。
2025-04-30 20:40:43,578 - INFO - 开始处理任务 0a80caa7-da0a-4cbd-a893-1a56f7d8c907 (使用 /eco/options 添加硬件)
2025-04-30 20:40:43,578 - INFO - 用户请求配置: planCode=25sysle011, datacenter=LIM, OS=none_64.en
2025-04-30 20:40:43,578 - INFO - 用户请求选项值: set()
2025-04-30 20:40:43,579 - INFO - 正在检查计划代码 25sysle011 的可用性...
2025-04-30 20:40:43,676 - INFO - 将在 3 个配置中查找 LIM 的可用性...
2025-04-30 20:40:43,677 - INFO - 计划代码 25sysle011 在数据中心 LIM 当前无可用服务器。
2025-04-30 20:44:48,472 - INFO - 开始处理任务 0a80caa7-da0a-4cbd-a893-1a56f7d8c907 (使用 /eco/options 添加硬件)
2025-04-30 20:44:48,472 - INFO - 用户请求配置: planCode=25sysle011, datacenter=LIM, OS=none_64.en
2025-04-30 20:44:48,472 - INFO - 用户请求选项值: set()
2025-04-30 20:44:48,473 - INFO - 正在检查计划代码 25sysle011 的可用性...
2025-04-30 20:44:48,564 - INFO - 将在 3 个配置中查找 LIM 的可用性...
2025-04-30 20:44:48,564 - INFO - 计划代码 25sysle011 在数据中心 LIM 当前无可用服务器。
2025-04-30 20:48:53,422 - INFO - 开始处理任务 0a80caa7-da0a-4cbd-a893-1a56f7d8c907 (使用 /eco/options 添加硬件)
2025-04-30 20:48:53,422 - INFO - 用户请求配置: planCode=25sysle011, datacenter=LIM, OS=none_64.en
2025-04-30 20:48:53,422 - INFO - 用户请求选项值: set()
2025-04-30 20:48:53,423 - INFO - 正在检查计划代码 25sysle011 的可用性...
2025-04-30 20:48:53,522 - INFO - 将在 3 个配置中查找 LIM 的可用性...
2025-04-30 20:48:53,522 - INFO - 计划代码 25sysle011 在数据中心 LIM 当前无可用服务器。
2025-04-30 20:52:59,043 - INFO - 开始处理任务 0a80caa7-da0a-4cbd-a893-1a56f7d8c907 (使用 /eco/options 添加硬件)
2025-04-30 20:52:59,043 - INFO - 用户请求配置: planCode=25sysle011, datacenter=LIM, OS=none_64.en
2025-04-30 20:52:59,043 - INFO - 用户请求选项值: set()
2025-04-30 20:52:59,045 - INFO - 正在检查计划代码 25sysle011 的可用性...
2025-04-30 20:52:59,173 - INFO - 将在 3 个配置中查找 LIM 的可用性...
2025-04-30 20:52:59,173 - INFO - 计划代码 25sysle011 在数据中心 LIM 当前无可用服务器。
2025-04-30 20:57:03,986 - INFO - 开始处理任务 0a80caa7-da0a-4cbd-a893-1a56f7d8c907 (使用 /eco/options 添加硬件)
2025-04-30 20:57:03,986 - INFO - 用户请求配置: planCode=25sysle011, datacenter=LIM, OS=none_64.en
2025-04-30 20:57:03,986 - INFO - 用户请求选项值: set()
2025-04-30 20:57:03,987 - INFO - 正在检查计划代码 25sysle011 的可用性...
2025-04-30 20:57:04,080 - INFO - 将在 3 个配置中查找 LIM 的可用性...
2025-04-30 20:57:04,080 - INFO - 计划代码 25sysle011 在数据中心 LIM 当前无可用服务器。
2025-04-30 21:01:08,760 - INFO - 开始处理任务 0a80caa7-da0a-4cbd-a893-1a56f7d8c907 (使用 /eco/options 添加硬件)
2025-04-30 21:01:08,760 - INFO - 用户请求配置: planCode=25sysle011, datacenter=LIM, OS=none_64.en
2025-04-30 21:01:08,760 - INFO - 用户请求选项值: set()
2025-04-30 21:01:08,761 - INFO - 正在检查计划代码 25sysle011 的可用性...
2025-04-30 21:01:08,867 - INFO - 将在 3 个配置中查找 LIM 的可用性...
2025-04-30 21:01:08,868 - INFO - 计划代码 25sysle011 在数据中心 LIM 当前无可用服务器。
2025-04-30 21:05:13,860 - INFO - 开始处理任务 0a80caa7-da0a-4cbd-a893-1a56f7d8c907 (使用 /eco/options 添加硬件)
2025-04-30 21:05:13,861 - INFO - 用户请求配置: planCode=25sysle011, datacenter=LIM, OS=none_64.en
2025-04-30 21:05:13,861 - INFO - 用户请求选项值: set()
2025-04-30 21:05:13,861 - INFO - 正在检查计划代码 25sysle011 的可用性...
2025-04-30 21:05:13,947 - INFO - 将在 3 个配置中查找 LIM 的可用性...
2025-04-30 21:05:13,947 - INFO - 计划代码 25sysle011 在数据中心 LIM 当前无可用服务器。
2025-04-30 21:09:19,149 - INFO - 开始处理任务 0a80caa7-da0a-4cbd-a893-1a56f7d8c907 (使用 /eco/options 添加硬件)
2025-04-30 21:09:19,149 - INFO - 用户请求配置: planCode=25sysle011, datacenter=LIM, OS=none_64.en
2025-04-30 21:09:19,149 - INFO - 用户请求选项值: set()
2025-04-30 21:09:19,150 - INFO - 正在检查计划代码 25sysle011 的可用性...
2025-04-30 21:09:19,247 - INFO - 将在 3 个配置中查找 LIM 的可用性...
2025-04-30 21:09:19,247 - INFO - 计划代码 25sysle011 在数据中心 LIM 当前无可用服务器。
2025-04-30 21:13:24,351 - INFO - 开始处理任务 0a80caa7-da0a-4cbd-a893-1a56f7d8c907 (使用 /eco/options 添加硬件)
2025-04-30 21:13:24,351 - INFO - 用户请求配置: planCode=25sysle011, datacenter=LIM, OS=none_64.en
2025-04-30 21:13:24,351 - INFO - 用户请求选项值: set()
2025-04-30 21:13:24,352 - INFO - 正在检查计划代码 25sysle011 的可用性...
2025-04-30 21:13:24,470 - INFO - 将在 3 个配置中查找 LIM 的可用性...
2025-04-30 21:13:24,470 - INFO - 计划代码 25sysle011 在数据中心 LIM 当前无可用服务器。
2025-04-30 21:17:29,140 - INFO - 开始处理任务 0a80caa7-da0a-4cbd-a893-1a56f7d8c907 (使用 /eco/options 添加硬件)
2025-04-30 21:17:29,141 - INFO - 用户请求配置: planCode=25sysle011, datacenter=LIM, OS=none_64.en
2025-04-30 21:17:29,141 - INFO - 用户请求选项值: set()
2025-04-30 21:17:29,141 - INFO - 正在检查计划代码 25sysle011 的可用性...
2025-04-30 21:17:29,249 - INFO - 将在 3 个配置中查找 LIM 的可用性...
2025-04-30 21:17:29,249 - INFO - 计划代码 25sysle011 在数据中心 LIM 当前无可用服务器。
2025-04-30 21:21:34,589 - INFO - 开始处理任务 0a80caa7-da0a-4cbd-a893-1a56f7d8c907 (使用 /eco/options 添加硬件)
2025-04-30 21:21:34,589 - INFO - 用户请求配置: planCode=25sysle011, datacenter=LIM, OS=none_64.en
2025-04-30 21:21:34,589 - INFO - 用户请求选项值: set()
2025-04-30 21:21:34,590 - INFO - 正在检查计划代码 25sysle011 的可用性...
2025-04-30 21:21:34,677 - INFO - 将在 3 个配置中查找 LIM 的可用性...
2025-04-30 21:21:34,677 - INFO - 计划代码 25sysle011 在数据中心 LIM 当前无可用服务器。
2025-04-30 21:25:39,313 - INFO - 开始处理任务 0a80caa7-da0a-4cbd-a893-1a56f7d8c907 (使用 /eco/options 添加硬件)
2025-04-30 21:25:39,314 - INFO - 用户请求配置: planCode=25sysle011, datacenter=LIM, OS=none_64.en
2025-04-30 21:25:39,314 - INFO - 用户请求选项值: set()
2025-04-30 21:25:39,314 - INFO - 正在检查计划代码 25sysle011 的可用性...
2025-04-30 21:25:39,407 - INFO - 将在 3 个配置中查找 LIM 的可用性...
2025-04-30 21:25:39,407 - INFO - 计划代码 25sysle011 在数据中心 LIM 当前无可用服务器。
2025-04-30 21:29:44,776 - INFO - 开始处理任务 0a80caa7-da0a-4cbd-a893-1a56f7d8c907 (使用 /eco/options 添加硬件)
2025-04-30 21:29:44,776 - INFO - 用户请求配置: planCode=25sysle011, datacenter=LIM, OS=none_64.en
2025-04-30 21:29:44,777 - INFO - 用户请求选项值: set()
2025-04-30 21:29:44,777 - INFO - 正在检查计划代码 25sysle011 的可用性...
2025-04-30 21:29:44,864 - INFO - 将在 3 个配置中查找 LIM 的可用性...
2025-04-30 21:29:44,864 - INFO - 计划代码 25sysle011 在数据中心 LIM 当前无可用服务器。
2025-04-30 21:33:49,799 - INFO - 开始处理任务 0a80caa7-da0a-4cbd-a893-1a56f7d8c907 (使用 /eco/options 添加硬件)
2025-04-30 21:33:49,800 - INFO - 用户请求配置: planCode=25sysle011, datacenter=LIM, OS=none_64.en
2025-04-30 21:33:49,800 - INFO - 用户请求选项值: set()
2025-04-30 21:33:49,800 - INFO - 正在检查计划代码 25sysle011 的可用性...
2025-04-30 21:33:49,898 - INFO - 将在 3 个配置中查找 LIM 的可用性...
2025-04-30 21:33:49,898 - INFO - 计划代码 25sysle011 在数据中心 LIM 当前无可用服务器。
2025-04-30 21:37:54,622 - INFO - 开始处理任务 0a80caa7-da0a-4cbd-a893-1a56f7d8c907 (使用 /eco/options 添加硬件)
2025-04-30 21:37:54,622 - INFO - 用户请求配置: planCode=25sysle011, datacenter=LIM, OS=none_64.en
2025-04-30 21:37:54,623 - INFO - 用户请求选项值: set()
2025-04-30 21:37:54,623 - INFO - 正在检查计划代码 25sysle011 的可用性...
2025-04-30 21:37:54,732 - INFO - 将在 3 个配置中查找 LIM 的可用性...
2025-04-30 21:37:54,732 - INFO - 计划代码 25sysle011 在数据中心 LIM 当前无可用服务器。
2025-04-30 21:41:59,795 - INFO - 开始处理任务 0a80caa7-da0a-4cbd-a893-1a56f7d8c907 (使用 /eco/options 添加硬件)
2025-04-30 21:41:59,796 - INFO - 用户请求配置: planCode=25sysle011, datacenter=LIM, OS=none_64.en
2025-04-30 21:41:59,796 - INFO - 用户请求选项值: set()
2025-04-30 21:41:59,797 - INFO - 正在检查计划代码 25sysle011 的可用性...
2025-04-30 21:41:59,889 - INFO - 将在 3 个配置中查找 LIM 的可用性...
2025-04-30 21:41:59,889 - INFO - 计划代码 25sysle011 在数据中心 LIM 当前无可用服务器。
2025-04-30 21:46:05,251 - INFO - 开始处理任务 0a80caa7-da0a-4cbd-a893-1a56f7d8c907 (使用 /eco/options 添加硬件)
2025-04-30 21:46:05,252 - INFO - 用户请求配置: planCode=25sysle011, datacenter=LIM, OS=none_64.en
2025-04-30 21:46:05,252 - INFO - 用户请求选项值: set()
2025-04-30 21:46:05,252 - INFO - 正在检查计划代码 25sysle011 的可用性...
2025-04-30 21:46:05,341 - INFO - 将在 3 个配置中查找 LIM 的可用性...
2025-04-30 21:46:05,341 - INFO - 计划代码 25sysle011 在数据中心 LIM 当前无可用服务器。
2025-04-30 21:50:10,075 - INFO - 开始处理任务 0a80caa7-da0a-4cbd-a893-1a56f7d8c907 (使用 /eco/options 添加硬件)
2025-04-30 21:50:10,076 - INFO - 用户请求配置: planCode=25sysle011, datacenter=LIM, OS=none_64.en
2025-04-30 21:50:10,076 - INFO - 用户请求选项值: set()
2025-04-30 21:50:10,076 - INFO - 正在检查计划代码 25sysle011 的可用性...
2025-04-30 21:50:10,178 - INFO - 将在 3 个配置中查找 LIM 的可用性...
2025-04-30 21:50:10,178 - INFO - 计划代码 25sysle011 在数据中心 LIM 当前无可用服务器。
2025-04-30 21:54:14,937 - INFO - 开始处理任务 0a80caa7-da0a-4cbd-a893-1a56f7d8c907 (使用 /eco/options 添加硬件)
2025-04-30 21:54:14,937 - INFO - 用户请求配置: planCode=25sysle011, datacenter=LIM, OS=none_64.en
2025-04-30 21:54:14,937 - INFO - 用户请求选项值: set()
2025-04-30 21:54:14,938 - INFO - 正在检查计划代码 25sysle011 的可用性...
2025-04-30 21:54:15,024 - INFO - 将在 3 个配置中查找 LIM 的可用性...
2025-04-30 21:54:15,024 - INFO - 计划代码 25sysle011 在数据中心 LIM 当前无可用服务器。
2025-04-30 21:58:20,053 - INFO - 开始处理任务 0a80caa7-da0a-4cbd-a893-1a56f7d8c907 (使用 /eco/options 添加硬件)
2025-04-30 21:58:20,053 - INFO - 用户请求配置: planCode=25sysle011, datacenter=LIM, OS=none_64.en
2025-04-30 21:58:20,053 - INFO - 用户请求选项值: set()
2025-04-30 21:58:20,054 - INFO - 正在检查计划代码 25sysle011 的可用性...
2025-04-30 21:58:20,149 - INFO - 将在 3 个配置中查找 LIM 的可用性...
2025-04-30 21:58:20,149 - INFO - 计划代码 25sysle011 在数据中心 LIM 当前无可用服务器。
2025-04-30 22:02:25,331 - INFO - 开始处理任务 0a80caa7-da0a-4cbd-a893-1a56f7d8c907 (使用 /eco/options 添加硬件)
2025-04-30 22:02:25,331 - INFO - 用户请求配置: planCode=25sysle011, datacenter=LIM, OS=none_64.en
2025-04-30 22:02:25,331 - INFO - 用户请求选项值: set()
2025-04-30 22:02:25,332 - INFO - 正在检查计划代码 25sysle011 的可用性...
2025-04-30 22:02:25,420 - INFO - 将在 3 个配置中查找 LIM 的可用性...
2025-04-30 22:02:25,420 - INFO - 计划代码 25sysle011 在数据中心 LIM 当前无可用服务器。
2025-04-30 22:06:30,519 - INFO - 开始处理任务 0a80caa7-da0a-4cbd-a893-1a56f7d8c907 (使用 /eco/options 添加硬件)
2025-04-30 22:06:30,520 - INFO - 用户请求配置: planCode=25sysle011, datacenter=LIM, OS=none_64.en
2025-04-30 22:06:30,520 - INFO - 用户请求选项值: set()
2025-04-30 22:06:30,520 - INFO - 正在检查计划代码 25sysle011 的可用性...
2025-04-30 22:06:30,639 - INFO - 将在 3 个配置中查找 LIM 的可用性...
2025-04-30 22:06:30,639 - INFO - 计划代码 25sysle011 在数据中心 LIM 当前无可用服务器。
2025-04-30 22:10:35,319 - INFO - 开始处理任务 0a80caa7-da0a-4cbd-a893-1a56f7d8c907 (使用 /eco/options 添加硬件)
2025-04-30 22:10:35,319 - INFO - 用户请求配置: planCode=25sysle011, datacenter=LIM, OS=none_64.en
2025-04-30 22:10:35,319 - INFO - 用户请求选项值: set()
2025-04-30 22:10:35,321 - INFO - 正在检查计划代码 25sysle011 的可用性...
2025-04-30 22:10:35,414 - INFO - 将在 3 个配置中查找 LIM 的可用性...
2025-04-30 22:10:35,414 - INFO - 计划代码 25sysle011 在数据中心 LIM 当前无可用服务器。
2025-04-30 22:14:40,891 - INFO - 开始处理任务 0a80caa7-da0a-4cbd-a893-1a56f7d8c907 (使用 /eco/options 添加硬件)
2025-04-30 22:14:40,891 - INFO - 用户请求配置: planCode=25sysle011, datacenter=LIM, OS=none_64.en
2025-04-30 22:14:40,891 - INFO - 用户请求选项值: set()
2025-04-30 22:14:40,892 - INFO - 正在检查计划代码 25sysle011 的可用性...
2025-04-30 22:14:40,990 - INFO - 将在 3 个配置中查找 LIM 的可用性...
2025-04-30 22:14:40,990 - INFO - 计划代码 25sysle011 在数据中心 LIM 当前无可用服务器。
2025-04-30 22:18:45,447 - INFO - 开始处理任务 0a80caa7-da0a-4cbd-a893-1a56f7d8c907 (使用 /eco/options 添加硬件)
2025-04-30 22:18:45,448 - INFO - 用户请求配置: planCode=25sysle011, datacenter=LIM, OS=none_64.en
2025-04-30 22:18:45,448 - INFO - 用户请求选项值: set()
2025-04-30 22:18:45,448 - INFO - 正在检查计划代码 25sysle011 的可用性...
2025-04-30 22:18:45,555 - INFO - 将在 3 个配置中查找 LIM 的可用性...
2025-04-30 22:18:45,555 - INFO - 计划代码 25sysle011 在数据中心 LIM 当前无可用服务器。
2025-04-30 22:22:50,987 - INFO - 开始处理任务 0a80caa7-da0a-4cbd-a893-1a56f7d8c907 (使用 /eco/options 添加硬件)
2025-04-30 22:22:50,987 - INFO - 用户请求配置: planCode=25sysle011, datacenter=LIM, OS=none_64.en
2025-04-30 22:22:50,987 - INFO - 用户请求选项值: set()
2025-04-30 22:22:50,988 - INFO - 正在检查计划代码 25sysle011 的可用性...
2025-04-30 22:22:51,075 - INFO - 将在 3 个配置中查找 LIM 的可用性...
2025-04-30 22:22:51,075 - INFO - 计划代码 25sysle011 在数据中心 LIM 当前无可用服务器。
2025-04-30 22:26:55,983 - INFO - 开始处理任务 0a80caa7-da0a-4cbd-a893-1a56f7d8c907 (使用 /eco/options 添加硬件)
2025-04-30 22:26:55,984 - INFO - 用户请求配置: planCode=25sysle011, datacenter=LIM, OS=none_64.en
2025-04-30 22:26:55,984 - INFO - 用户请求选项值: set()
2025-04-30 22:26:55,984 - INFO - 正在检查计划代码 25sysle011 的可用性...
2025-04-30 22:26:56,076 - INFO - 将在 3 个配置中查找 LIM 的可用性...
2025-04-30 22:26:56,077 - INFO - 计划代码 25sysle011 在数据中心 LIM 当前无可用服务器。
2025-04-30 22:31:00,772 - INFO - 开始处理任务 0a80caa7-da0a-4cbd-a893-1a56f7d8c907 (使用 /eco/options 添加硬件)
2025-04-30 22:31:00,772 - INFO - 用户请求配置: planCode=25sysle011, datacenter=LIM, OS=none_64.en
2025-04-30 22:31:00,772 - INFO - 用户请求选项值: set()
2025-04-30 22:31:00,773 - INFO - 正在检查计划代码 25sysle011 的可用性...
2025-04-30 22:31:00,861 - INFO - 将在 3 个配置中查找 LIM 的可用性...
2025-04-30 22:31:00,862 - INFO - 计划代码 25sysle011 在数据中心 LIM 当前无可用服务器。
2025-04-30 22:35:05,852 - INFO - 开始处理任务 0a80caa7-da0a-4cbd-a893-1a56f7d8c907 (使用 /eco/options 添加硬件)
2025-04-30 22:35:05,852 - INFO - 用户请求配置: planCode=25sysle011, datacenter=LIM, OS=none_64.en
2025-04-30 22:35:05,853 - INFO - 用户请求选项值: set()
2025-04-30 22:35:05,853 - INFO - 正在检查计划代码 25sysle011 的可用性...
2025-04-30 22:35:05,953 - INFO - 将在 3 个配置中查找 LIM 的可用性...
2025-04-30 22:35:05,953 - INFO - 计划代码 25sysle011 在数据中心 LIM 当前无可用服务器。
2025-04-30 22:39:11,404 - INFO - 开始处理任务 0a80caa7-da0a-4cbd-a893-1a56f7d8c907 (使用 /eco/options 添加硬件)
2025-04-30 22:39:11,405 - INFO - 用户请求配置: planCode=25sysle011, datacenter=LIM, OS=none_64.en
2025-04-30 22:39:11,405 - INFO - 用户请求选项值: set()
2025-04-30 22:39:11,407 - INFO - 正在检查计划代码 25sysle011 的可用性...
2025-04-30 22:39:11,494 - INFO - 将在 3 个配置中查找 LIM 的可用性...
2025-04-30 22:39:11,494 - INFO - 计划代码 25sysle011 在数据中心 LIM 当前无可用服务器。
2025-04-30 22:43:16,550 - INFO - 开始处理任务 0a80caa7-da0a-4cbd-a893-1a56f7d8c907 (使用 /eco/options 添加硬件)
2025-04-30 22:43:16,550 - INFO - 用户请求配置: planCode=25sysle011, datacenter=LIM, OS=none_64.en
2025-04-30 22:43:16,550 - INFO - 用户请求选项值: set()
2025-04-30 22:43:16,551 - INFO - 正在检查计划代码 25sysle011 的可用性...
2025-04-30 22:43:16,647 - INFO - 将在 3 个配置中查找 LIM 的可用性...
2025-04-30 22:43:16,647 - INFO - 计划代码 25sysle011 在数据中心 LIM 当前无可用服务器。
2025-04-30 22:47:21,119 - INFO - 开始处理任务 0a80caa7-da0a-4cbd-a893-1a56f7d8c907 (使用 /eco/options 添加硬件)
2025-04-30 22:47:21,120 - INFO - 用户请求配置: planCode=25sysle011, datacenter=LIM, OS=none_64.en
2025-04-30 22:47:21,120 - INFO - 用户请求选项值: set()
2025-04-30 22:47:21,121 - INFO - 正在检查计划代码 25sysle011 的可用性...
2025-04-30 22:47:21,216 - INFO - 将在 3 个配置中查找 LIM 的可用性...
2025-04-30 22:47:21,216 - INFO - 计划代码 25sysle011 在数据中心 LIM 当前无可用服务器。
2025-04-30 22:51:26,246 - INFO - 开始处理任务 0a80caa7-da0a-4cbd-a893-1a56f7d8c907 (使用 /eco/options 添加硬件)
2025-04-30 22:51:26,246 - INFO - 用户请求配置: planCode=25sysle011, datacenter=LIM, OS=none_64.en
2025-04-30 22:51:26,246 - INFO - 用户请求选项值: set()
2025-04-30 22:51:26,247 - INFO - 正在检查计划代码 25sysle011 的可用性...
2025-04-30 22:51:26,342 - INFO - 将在 3 个配置中查找 LIM 的可用性...
2025-04-30 22:51:26,342 - INFO - 计划代码 25sysle011 在数据中心 LIM 当前无可用服务器。
2025-04-30 22:55:31,474 - INFO - 开始处理任务 0a80caa7-da0a-4cbd-a893-1a56f7d8c907 (使用 /eco/options 添加硬件)
2025-04-30 22:55:31,474 - INFO - 用户请求配置: planCode=25sysle011, datacenter=LIM, OS=none_64.en
2025-04-30 22:55:31,474 - INFO - 用户请求选项值: set()
2025-04-30 22:55:31,475 - INFO - 正在检查计划代码 25sysle011 的可用性...
2025-04-30 22:55:31,565 - INFO - 将在 3 个配置中查找 LIM 的可用性...
2025-04-30 22:55:31,565 - INFO - 计划代码 25sysle011 在数据中心 LIM 当前无可用服务器。
2025-04-30 22:59:36,763 - INFO - 开始处理任务 0a80caa7-da0a-4cbd-a893-1a56f7d8c907 (使用 /eco/options 添加硬件)
2025-04-30 22:59:36,764 - INFO - 用户请求配置: planCode=25sysle011, datacenter=LIM, OS=none_64.en
2025-04-30 22:59:36,764 - INFO - 用户请求选项值: set()
2025-04-30 22:59:36,764 - INFO - 正在检查计划代码 25sysle011 的可用性...
2025-04-30 22:59:36,872 - INFO - 将在 3 个配置中查找 LIM 的可用性...
2025-04-30 22:59:36,872 - INFO - 计划代码 25sysle011 在数据中心 LIM 当前无可用服务器。
2025-04-30 23:03:41,479 - INFO - 开始处理任务 0a80caa7-da0a-4cbd-a893-1a56f7d8c907 (使用 /eco/options 添加硬件)
2025-04-30 23:03:41,479 - INFO - 用户请求配置: planCode=25sysle011, datacenter=LIM, OS=none_64.en
2025-04-30 23:03:41,479 - INFO - 用户请求选项值: set()
2025-04-30 23:03:41,480 - INFO - 正在检查计划代码 25sysle011 的可用性...
2025-04-30 23:03:41,569 - INFO - 将在 3 个配置中查找 LIM 的可用性...
2025-04-30 23:03:41,569 - INFO - 计划代码 25sysle011 在数据中心 LIM 当前无可用服务器。
2025-04-30 23:07:46,861 - INFO - 开始处理任务 0a80caa7-da0a-4cbd-a893-1a56f7d8c907 (使用 /eco/options 添加硬件)
2025-04-30 23:07:46,861 - INFO - 用户请求配置: planCode=25sysle011, datacenter=LIM, OS=none_64.en
2025-04-30 23:07:46,861 - INFO - 用户请求选项值: set()
2025-04-30 23:07:46,862 - INFO - 正在检查计划代码 25sysle011 的可用性...
2025-04-30 23:07:46,947 - INFO - 将在 3 个配置中查找 LIM 的可用性...
2025-04-30 23:07:46,947 - INFO - 计划代码 25sysle011 在数据中心 LIM 当前无可用服务器。
2025-04-30 23:11:51,669 - INFO - 开始处理任务 0a80caa7-da0a-4cbd-a893-1a56f7d8c907 (使用 /eco/options 添加硬件)
2025-04-30 23:11:51,669 - INFO - 用户请求配置: planCode=25sysle011, datacenter=LIM, OS=none_64.en
2025-04-30 23:11:51,669 - INFO - 用户请求选项值: set()
2025-04-30 23:11:51,670 - INFO - 正在检查计划代码 25sysle011 的可用性...
2025-04-30 23:11:51,768 - INFO - 将在 3 个配置中查找 LIM 的可用性...
2025-04-30 23:11:51,768 - INFO - 计划代码 25sysle011 在数据中心 LIM 当前无可用服务器。
2025-04-30 23:15:57,154 - INFO - 开始处理任务 0a80caa7-da0a-4cbd-a893-1a56f7d8c907 (使用 /eco/options 添加硬件)
2025-04-30 23:15:57,155 - INFO - 用户请求配置: planCode=25sysle011, datacenter=LIM, OS=none_64.en
2025-04-30 23:15:57,155 - INFO - 用户请求选项值: set()
2025-04-30 23:15:57,156 - INFO - 正在检查计划代码 25sysle011 的可用性...
2025-04-30 23:15:57,247 - INFO - 将在 3 个配置中查找 LIM 的可用性...
2025-04-30 23:15:57,247 - INFO - 计划代码 25sysle011 在数据中心 LIM 当前无可用服务器。
2025-04-30 23:20:01,840 - INFO - 开始处理任务 0a80caa7-da0a-4cbd-a893-1a56f7d8c907 (使用 /eco/options 添加硬件)
2025-04-30 23:20:01,840 - INFO - 用户请求配置: planCode=25sysle011, datacenter=LIM, OS=none_64.en
2025-04-30 23:20:01,840 - INFO - 用户请求选项值: set()
2025-04-30 23:20:01,841 - INFO - 正在检查计划代码 25sysle011 的可用性...
2025-04-30 23:20:01,931 - INFO - 将在 3 个配置中查找 LIM 的可用性...
2025-04-30 23:20:01,931 - INFO - 计划代码 25sysle011 在数据中心 LIM 当前无可用服务器。
2025-04-30 23:24:16,707 - INFO - 开始处理任务 0a80caa7-da0a-4cbd-a893-1a56f7d8c907 (使用 /eco/options 添加硬件)
2025-04-30 23:24:16,707 - INFO - 用户请求配置: planCode=25sysle011, datacenter=LIM, OS=none_64.en
2025-04-30 23:24:16,707 - INFO - 用户请求选项值: set()
2025-04-30 23:24:16,708 - INFO - 正在检查计划代码 25sysle011 的可用性...
2025-04-30 23:24:16,803 - INFO - 将在 3 个配置中查找 LIM 的可用性...
2025-04-30 23:24:16,803 - INFO - 计划代码 25sysle011 在数据中心 LIM 当前无可用服务器。
2025-04-30 23:28:16,992 - INFO - 开始处理任务 0a80caa7-da0a-4cbd-a893-1a56f7d8c907 (使用 /eco/options 添加硬件)
2025-04-30 23:28:16,992 - INFO - 用户请求配置: planCode=25sysle011, datacenter=LIM, OS=none_64.en
2025-04-30 23:28:16,992 - INFO - 用户请求选项值: set()
2025-04-30 23:28:16,993 - INFO - 正在检查计划代码 25sysle011 的可用性...
2025-04-30 23:28:17,095 - INFO - 将在 3 个配置中查找 LIM 的可用性...
2025-04-30 23:28:17,095 - INFO - 计划代码 25sysle011 在数据中心 LIM 当前无可用服务器。
2025-04-30 23:32:21,995 - INFO - 开始处理任务 0a80caa7-da0a-4cbd-a893-1a56f7d8c907 (使用 /eco/options 添加硬件)
2025-04-30 23:32:21,995 - INFO - 用户请求配置: planCode=25sysle011, datacenter=LIM, OS=none_64.en
2025-04-30 23:32:21,995 - INFO - 用户请求选项值: set()
2025-04-30 23:32:21,995 - INFO - 正在检查计划代码 25sysle011 的可用性...
2025-04-30 23:32:22,103 - INFO - 将在 3 个配置中查找 LIM 的可用性...
2025-04-30 23:32:22,103 - INFO - 计划代码 25sysle011 在数据中心 LIM 当前无可用服务器。
2025-04-30 23:36:27,179 - INFO - 开始处理任务 0a80caa7-da0a-4cbd-a893-1a56f7d8c907 (使用 /eco/options 添加硬件)
2025-04-30 23:36:27,179 - INFO - 用户请求配置: planCode=25sysle011, datacenter=LIM, OS=none_64.en
2025-04-30 23:36:27,179 - INFO - 用户请求选项值: set()
2025-04-30 23:36:27,180 - INFO - 正在检查计划代码 25sysle011 的可用性...
2025-04-30 23:36:27,269 - INFO - 将在 3 个配置中查找 LIM 的可用性...
2025-04-30 23:36:27,269 - INFO - 计划代码 25sysle011 在数据中心 LIM 当前无可用服务器。
2025-04-30 23:40:32,170 - INFO - 开始处理任务 0a80caa7-da0a-4cbd-a893-1a56f7d8c907 (使用 /eco/options 添加硬件)
2025-04-30 23:40:32,170 - INFO - 用户请求配置: planCode=25sysle011, datacenter=LIM, OS=none_64.en
2025-04-30 23:40:32,170 - INFO - 用户请求选项值: set()
2025-04-30 23:40:32,170 - INFO - 正在检查计划代码 25sysle011 的可用性...
2025-04-30 23:40:32,258 - INFO - 将在 3 个配置中查找 LIM 的可用性...
2025-04-30 23:40:32,259 - INFO - 计划代码 25sysle011 在数据中心 LIM 当前无可用服务器。
2025-04-30 23:44:37,263 - INFO - 开始处理任务 0a80caa7-da0a-4cbd-a893-1a56f7d8c907 (使用 /eco/options 添加硬件)
2025-04-30 23:44:37,263 - INFO - 用户请求配置: planCode=25sysle011, datacenter=LIM, OS=none_64.en
2025-04-30 23:44:37,263 - INFO - 用户请求选项值: set()
2025-04-30 23:44:37,264 - INFO - 正在检查计划代码 25sysle011 的可用性...
2025-04-30 23:44:37,362 - INFO - 将在 3 个配置中查找 LIM 的可用性...
2025-04-30 23:44:37,362 - INFO - 计划代码 25sysle011 在数据中心 LIM 当前无可用服务器。
2025-04-30 23:48:42,351 - INFO - 开始处理任务 0a80caa7-da0a-4cbd-a893-1a56f7d8c907 (使用 /eco/options 添加硬件)
2025-04-30 23:48:42,351 - INFO - 用户请求配置: planCode=25sysle011, datacenter=LIM, OS=none_64.en
2025-04-30 23:48:42,352 - INFO - 用户请求选项值: set()
2025-04-30 23:48:42,353 - INFO - 正在检查计划代码 25sysle011 的可用性...
2025-04-30 23:48:42,447 - INFO - 将在 3 个配置中查找 LIM 的可用性...
2025-04-30 23:48:42,447 - INFO - 计划代码 25sysle011 在数据中心 LIM 当前无可用服务器。
2025-04-30 23:52:47,931 - INFO - 开始处理任务 0a80caa7-da0a-4cbd-a893-1a56f7d8c907 (使用 /eco/options 添加硬件)
2025-04-30 23:52:47,931 - INFO - 用户请求配置: planCode=25sysle011, datacenter=LIM, OS=none_64.en
2025-04-30 23:52:47,931 - INFO - 用户请求选项值: set()
2025-04-30 23:52:47,932 - INFO - 正在检查计划代码 25sysle011 的可用性...
2025-04-30 23:52:48,022 - INFO - 将在 3 个配置中查找 LIM 的可用性...
2025-04-30 23:52:48,022 - INFO - 计划代码 25sysle011 在数据中心 LIM 当前无可用服务器。
2025-04-30 23:56:52,527 - INFO - 开始处理任务 0a80caa7-da0a-4cbd-a893-1a56f7d8c907 (使用 /eco/options 添加硬件)
2025-04-30 23:56:52,528 - INFO - 用户请求配置: planCode=25sysle011, datacenter=LIM, OS=none_64.en
2025-04-30 23:56:52,528 - INFO - 用户请求选项值: set()
2025-04-30 23:56:52,528 - INFO - 正在检查计划代码 25sysle011 的可用性...
2025-04-30 23:56:52,636 - INFO - 将在 3 个配置中查找 LIM 的可用性...
2025-04-30 23:56:52,636 - INFO - 计划代码 25sysle011 在数据中心 LIM 当前无可用服务器。
2025-05-01 00:00:57,628 - INFO - 开始处理任务 0a80caa7-da0a-4cbd-a893-1a56f7d8c907 (使用 /eco/options 添加硬件)
2025-05-01 00:00:57,628 - INFO - 用户请求配置: planCode=25sysle011, datacenter=LIM, OS=none_64.en
2025-05-01 00:00:57,628 - INFO - 用户请求选项值: set()
2025-05-01 00:00:57,629 - INFO - 正在检查计划代码 25sysle011 的可用性...
2025-05-01 00:00:57,734 - INFO - 将在 3 个配置中查找 LIM 的可用性...
2025-05-01 00:00:57,734 - INFO - 计划代码 25sysle011 在数据中心 LIM 当前无可用服务器。
2025-05-01 00:05:02,725 - INFO - 开始处理任务 0a80caa7-da0a-4cbd-a893-1a56f7d8c907 (使用 /eco/options 添加硬件)
2025-05-01 00:05:02,725 - INFO - 用户请求配置: planCode=25sysle011, datacenter=LIM, OS=none_64.en
2025-05-01 00:05:02,725 - INFO - 用户请求选项值: set()
2025-05-01 00:05:02,726 - INFO - 正在检查计划代码 25sysle011 的可用性...
2025-05-01 00:05:02,815 - INFO - 将在 3 个配置中查找 LIM 的可用性...
2025-05-01 00:05:02,816 - INFO - 计划代码 25sysle011 在数据中心 LIM 当前无可用服务器。
2025-05-01 00:09:08,021 - INFO - 开始处理任务 0a80caa7-da0a-4cbd-a893-1a56f7d8c907 (使用 /eco/options 添加硬件)
2025-05-01 00:09:08,021 - INFO - 用户请求配置: planCode=25sysle011, datacenter=LIM, OS=none_64.en
2025-05-01 00:09:08,021 - INFO - 用户请求选项值: set()
2025-05-01 00:09:08,022 - INFO - 正在检查计划代码 25sysle011 的可用性...
2025-05-01 00:09:08,113 - INFO - 将在 3 个配置中查找 LIM 的可用性...
2025-05-01 00:09:08,113 - INFO - 计划代码 25sysle011 在数据中心 LIM 当前无可用服务器。
2025-05-01 00:13:12,905 - INFO - 开始处理任务 0a80caa7-da0a-4cbd-a893-1a56f7d8c907 (使用 /eco/options 添加硬件)
2025-05-01 00:13:12,906 - INFO - 用户请求配置: planCode=25sysle011, datacenter=LIM, OS=none_64.en
2025-05-01 00:13:12,906 - INFO - 用户请求选项值: set()
2025-05-01 00:13:12,906 - INFO - 正在检查计划代码 25sysle011 的可用性...
2025-05-01 00:13:12,994 - INFO - 将在 3 个配置中查找 LIM 的可用性...
2025-05-01 00:13:12,994 - INFO - 计划代码 25sysle011 在数据中心 LIM 当前无可用服务器。
2025-05-01 00:17:12,997 - INFO - 开始处理任务 0a80caa7-da0a-4cbd-a893-1a56f7d8c907 (使用 /eco/options 添加硬件)
2025-05-01 00:17:12,997 - INFO - 用户请求配置: planCode=25sysle011, datacenter=LIM, OS=none_64.en
2025-05-01 00:17:12,997 - INFO - 用户请求选项值: set()
2025-05-01 00:17:12,999 - INFO - 正在检查计划代码 25sysle011 的可用性...
2025-05-01 00:17:13,102 - INFO - 将在 3 个配置中查找 LIM 的可用性...
2025-05-01 00:17:13,102 - INFO - 计划代码 25sysle011 在数据中心 LIM 当前无可用服务器。
2025-05-01 00:21:18,091 - INFO - 开始处理任务 0a80caa7-da0a-4cbd-a893-1a56f7d8c907 (使用 /eco/options 添加硬件)
2025-05-01 00:21:18,091 - INFO - 用户请求配置: planCode=25sysle011, datacenter=LIM, OS=none_64.en
2025-05-01 00:21:18,091 - INFO - 用户请求选项值: set()
2025-05-01 00:21:18,092 - INFO - 正在检查计划代码 25sysle011 的可用性...
2025-05-01 00:21:18,191 - INFO - 将在 3 个配置中查找 LIM 的可用性...
2025-05-01 00:21:18,191 - INFO - 计划代码 25sysle011 在数据中心 LIM 当前无可用服务器。
2025-05-01 00:25:23,371 - INFO - 开始处理任务 0a80caa7-da0a-4cbd-a893-1a56f7d8c907 (使用 /eco/options 添加硬件)
2025-05-01 00:25:23,371 - INFO - 用户请求配置: planCode=25sysle011, datacenter=LIM, OS=none_64.en
2025-05-01 00:25:23,371 - INFO - 用户请求选项值: set()
2025-05-01 00:25:23,371 - INFO - 正在检查计划代码 25sysle011 的可用性...
2025-05-01 00:25:23,461 - INFO - 将在 3 个配置中查找 LIM 的可用性...
2025-05-01 00:25:23,461 - INFO - 计划代码 25sysle011 在数据中心 LIM 当前无可用服务器。
2025-05-01 00:29:28,270 - INFO - 开始处理任务 0a80caa7-da0a-4cbd-a893-1a56f7d8c907 (使用 /eco/options 添加硬件)
2025-05-01 00:29:28,270 - INFO - 用户请求配置: planCode=25sysle011, datacenter=LIM, OS=none_64.en
2025-05-01 00:29:28,270 - INFO - 用户请求选项值: set()
2025-05-01 00:29:28,270 - INFO - 正在检查计划代码 25sysle011 的可用性...
2025-05-01 00:29:28,363 - INFO - 将在 3 个配置中查找 LIM 的可用性...
2025-05-01 00:29:28,363 - INFO - 计划代码 25sysle011 在数据中心 LIM 当前无可用服务器。
2025-05-01 00:33:33,367 - INFO - 开始处理任务 0a80caa7-da0a-4cbd-a893-1a56f7d8c907 (使用 /eco/options 添加硬件)
2025-05-01 00:33:33,367 - INFO - 用户请求配置: planCode=25sysle011, datacenter=LIM, OS=none_64.en
2025-05-01 00:33:33,367 - INFO - 用户请求选项值: set()
2025-05-01 00:33:33,368 - INFO - 正在检查计划代码 25sysle011 的可用性...
2025-05-01 00:33:33,469 - INFO - 将在 3 个配置中查找 LIM 的可用性...
2025-05-01 00:33:33,469 - INFO - 计划代码 25sysle011 在数据中心 LIM 当前无可用服务器。
2025-05-01 00:37:38,554 - INFO - 开始处理任务 0a80caa7-da0a-4cbd-a893-1a56f7d8c907 (使用 /eco/options 添加硬件)
2025-05-01 00:37:38,556 - INFO - 用户请求配置: planCode=25sysle011, datacenter=LIM, OS=none_64.en
2025-05-01 00:37:38,556 - INFO - 用户请求选项值: set()
2025-05-01 00:37:38,556 - INFO - 正在检查计划代码 25sysle011 的可用性...
2025-05-01 00:37:38,655 - INFO - 将在 3 个配置中查找 LIM 的可用性...
2025-05-01 00:37:38,655 - INFO - 计划代码 25sysle011 在数据中心 LIM 当前无可用服务器。
2025-05-01 00:41:43,555 - INFO - 开始处理任务 0a80caa7-da0a-4cbd-a893-1a56f7d8c907 (使用 /eco/options 添加硬件)
2025-05-01 00:41:43,555 - INFO - 用户请求配置: planCode=25sysle011, datacenter=LIM, OS=none_64.en
2025-05-01 00:41:43,555 - INFO - 用户请求选项值: set()
2025-05-01 00:41:43,556 - INFO - 正在检查计划代码 25sysle011 的可用性...
2025-05-01 00:41:43,650 - INFO - 将在 3 个配置中查找 LIM 的可用性...
2025-05-01 00:41:43,650 - INFO - 计划代码 25sysle011 在数据中心 LIM 当前无可用服务器。
2025-05-01 00:45:48,739 - INFO - 开始处理任务 0a80caa7-da0a-4cbd-a893-1a56f7d8c907 (使用 /eco/options 添加硬件)
2025-05-01 00:45:48,741 - INFO - 用户请求配置: planCode=25sysle011, datacenter=LIM, OS=none_64.en
2025-05-01 00:45:48,741 - INFO - 用户请求选项值: set()
2025-05-01 00:45:48,741 - INFO - 正在检查计划代码 25sysle011 的可用性...
2025-05-01 00:45:48,841 - INFO - 将在 3 个配置中查找 LIM 的可用性...
2025-05-01 00:45:48,841 - INFO - 计划代码 25sysle011 在数据中心 LIM 当前无可用服务器。
2025-05-01 00:49:53,738 - INFO - 开始处理任务 0a80caa7-da0a-4cbd-a893-1a56f7d8c907 (使用 /eco/options 添加硬件)
2025-05-01 00:49:53,738 - INFO - 用户请求配置: planCode=25sysle011, datacenter=LIM, OS=none_64.en
2025-05-01 00:49:53,738 - INFO - 用户请求选项值: set()
2025-05-01 00:49:53,739 - INFO - 正在检查计划代码 25sysle011 的可用性...
2025-05-01 00:49:53,833 - INFO - 将在 3 个配置中查找 LIM 的可用性...
2025-05-01 00:49:53,833 - INFO - 计划代码 25sysle011 在数据中心 LIM 当前无可用服务器。
2025-05-01 00:53:58,841 - INFO - 开始处理任务 0a80caa7-da0a-4cbd-a893-1a56f7d8c907 (使用 /eco/options 添加硬件)
2025-05-01 00:53:58,841 - INFO - 用户请求配置: planCode=25sysle011, datacenter=LIM, OS=none_64.en
2025-05-01 00:53:58,841 - INFO - 用户请求选项值: set()
2025-05-01 00:53:58,843 - INFO - 正在检查计划代码 25sysle011 的可用性...
2025-05-01 00:53:58,933 - INFO - 将在 3 个配置中查找 LIM 的可用性...
2025-05-01 00:53:58,934 - INFO - 计划代码 25sysle011 在数据中心 LIM 当前无可用服务器。
2025-05-01 00:58:03,937 - INFO - 开始处理任务 0a80caa7-da0a-4cbd-a893-1a56f7d8c907 (使用 /eco/options 添加硬件)
2025-05-01 00:58:03,937 - INFO - 用户请求配置: planCode=25sysle011, datacenter=LIM, OS=none_64.en
2025-05-01 00:58:03,937 - INFO - 用户请求选项值: set()
2025-05-01 00:58:03,938 - INFO - 正在检查计划代码 25sysle011 的可用性...
2025-05-01 00:58:04,030 - INFO - 将在 3 个配置中查找 LIM 的可用性...
2025-05-01 00:58:04,030 - INFO - 计划代码 25sysle011 在数据中心 LIM 当前无可用服务器。
2025-05-01 01:02:09,517 - INFO - 开始处理任务 0a80caa7-da0a-4cbd-a893-1a56f7d8c907 (使用 /eco/options 添加硬件)
2025-05-01 01:02:09,517 - INFO - 用户请求配置: planCode=25sysle011, datacenter=LIM, OS=none_64.en
2025-05-01 01:02:09,517 - INFO - 用户请求选项值: set()
2025-05-01 01:02:09,518 - INFO - 正在检查计划代码 25sysle011 的可用性...
2025-05-01 01:02:09,605 - INFO - 将在 3 个配置中查找 LIM 的可用性...
2025-05-01 01:02:09,605 - INFO - 计划代码 25sysle011 在数据中心 LIM 当前无可用服务器。
2025-05-01 01:06:14,115 - INFO - 开始处理任务 0a80caa7-da0a-4cbd-a893-1a56f7d8c907 (使用 /eco/options 添加硬件)
2025-05-01 01:06:14,115 - INFO - 用户请求配置: planCode=25sysle011, datacenter=LIM, OS=none_64.en
2025-05-01 01:06:14,115 - INFO - 用户请求选项值: set()
2025-05-01 01:06:14,115 - INFO - 正在检查计划代码 25sysle011 的可用性...
2025-05-01 01:06:14,205 - INFO - 将在 3 个配置中查找 LIM 的可用性...
2025-05-01 01:06:14,205 - INFO - 计划代码 25sysle011 在数据中心 LIM 当前无可用服务器。
2025-05-01 01:10:15,156 - INFO - 开始处理任务 0a80caa7-da0a-4cbd-a893-1a56f7d8c907 (使用 /eco/options 添加硬件)
2025-05-01 01:10:15,156 - INFO - 用户请求配置: planCode=25sysle011, datacenter=LIM, OS=none_64.en
2025-05-01 01:10:15,156 - INFO - 用户请求选项值: set()
2025-05-01 01:10:15,157 - INFO - 正在检查计划代码 25sysle011 的可用性...
2025-05-01 01:10:15,260 - INFO - 将在 3 个配置中查找 LIM 的可用性...
2025-05-01 01:10:15,260 - INFO - 计划代码 25sysle011 在数据中心 LIM 当前无可用服务器。
2025-05-01 01:14:20,385 - INFO - 开始处理任务 0a80caa7-da0a-4cbd-a893-1a56f7d8c907 (使用 /eco/options 添加硬件)
2025-05-01 01:14:20,386 - INFO - 用户请求配置: planCode=25sysle011, datacenter=LIM, OS=none_64.en
2025-05-01 01:14:20,386 - INFO - 用户请求选项值: set()
2025-05-01 01:14:20,386 - INFO - 正在检查计划代码 25sysle011 的可用性...
2025-05-01 01:14:20,490 - INFO - 将在 3 个配置中查找 LIM 的可用性...
2025-05-01 01:14:20,490 - INFO - 计划代码 25sysle011 在数据中心 LIM 当前无可用服务器。
2025-05-01 01:18:25,930 - INFO - 开始处理任务 0a80caa7-da0a-4cbd-a893-1a56f7d8c907 (使用 /eco/options 添加硬件)
2025-05-01 01:18:25,930 - INFO - 用户请求配置: planCode=25sysle011, datacenter=LIM, OS=none_64.en
2025-05-01 01:18:25,932 - INFO - 用户请求选项值: set()
2025-05-01 01:18:25,932 - INFO - 正在检查计划代码 25sysle011 的可用性...
2025-05-01 01:18:26,021 - INFO - 将在 3 个配置中查找 LIM 的可用性...
2025-05-01 01:18:26,021 - INFO - 计划代码 25sysle011 在数据中心 LIM 当前无可用服务器。
2025-05-01 01:22:30,789 - INFO - 开始处理任务 0a80caa7-da0a-4cbd-a893-1a56f7d8c907 (使用 /eco/options 添加硬件)
2025-05-01 01:22:30,790 - INFO - 用户请求配置: planCode=25sysle011, datacenter=LIM, OS=none_64.en
2025-05-01 01:22:30,790 - INFO - 用户请求选项值: set()
2025-05-01 01:22:30,790 - INFO - 正在检查计划代码 25sysle011 的可用性...
2025-05-01 01:22:30,883 - INFO - 将在 3 个配置中查找 LIM 的可用性...
2025-05-01 01:22:30,883 - INFO - 计划代码 25sysle011 在数据中心 LIM 当前无可用服务器。
2025-05-01 01:26:35,529 - INFO - 开始处理任务 0a80caa7-da0a-4cbd-a893-1a56f7d8c907 (使用 /eco/options 添加硬件)
2025-05-01 01:26:35,529 - INFO - 用户请求配置: planCode=25sysle011, datacenter=LIM, OS=none_64.en
2025-05-01 01:26:35,529 - INFO - 用户请求选项值: set()
2025-05-01 01:26:35,531 - INFO - 正在检查计划代码 25sysle011 的可用性...
2025-05-01 01:26:35,620 - INFO - 将在 3 个配置中查找 LIM 的可用性...
2025-05-01 01:26:35,620 - INFO - 计划代码 25sysle011 在数据中心 LIM 当前无可用服务器。
2025-05-01 01:30:40,623 - INFO - 开始处理任务 0a80caa7-da0a-4cbd-a893-1a56f7d8c907 (使用 /eco/options 添加硬件)
2025-05-01 01:30:40,624 - INFO - 用户请求配置: planCode=25sysle011, datacenter=LIM, OS=none_64.en
2025-05-01 01:30:40,624 - INFO - 用户请求选项值: set()
2025-05-01 01:30:40,624 - INFO - 正在检查计划代码 25sysle011 的可用性...
2025-05-01 01:30:40,717 - INFO - 将在 3 个配置中查找 LIM 的可用性...
2025-05-01 01:30:40,717 - INFO - 计划代码 25sysle011 在数据中心 LIM 当前无可用服务器。
2025-05-01 01:34:45,966 - INFO - 开始处理任务 0a80caa7-da0a-4cbd-a893-1a56f7d8c907 (使用 /eco/options 添加硬件)
2025-05-01 01:34:45,967 - INFO - 用户请求配置: planCode=25sysle011, datacenter=LIM, OS=none_64.en
2025-05-01 01:34:45,967 - INFO - 用户请求选项值: set()
2025-05-01 01:34:45,967 - INFO - 正在检查计划代码 25sysle011 的可用性...
2025-05-01 01:34:46,063 - INFO - 将在 3 个配置中查找 LIM 的可用性...
2025-05-01 01:34:46,063 - INFO - 计划代码 25sysle011 在数据中心 LIM 当前无可用服务器。
2025-05-01 01:38:51,172 - INFO - 开始处理任务 0a80caa7-da0a-4cbd-a893-1a56f7d8c907 (使用 /eco/options 添加硬件)
2025-05-01 01:38:51,173 - INFO - 用户请求配置: planCode=25sysle011, datacenter=LIM, OS=none_64.en
2025-05-01 01:38:51,173 - INFO - 用户请求选项值: set()
2025-05-01 01:38:51,174 - INFO - 正在检查计划代码 25sysle011 的可用性...
2025-05-01 01:38:51,271 - INFO - 将在 3 个配置中查找 LIM 的可用性...
2025-05-01 01:38:51,271 - INFO - 计划代码 25sysle011 在数据中心 LIM 当前无可用服务器。
2025-05-01 01:42:55,916 - INFO - 开始处理任务 0a80caa7-da0a-4cbd-a893-1a56f7d8c907 (使用 /eco/options 添加硬件)
2025-05-01 01:42:55,916 - INFO - 用户请求配置: planCode=25sysle011, datacenter=LIM, OS=none_64.en
2025-05-01 01:42:55,916 - INFO - 用户请求选项值: set()
2025-05-01 01:42:55,917 - INFO - 正在检查计划代码 25sysle011 的可用性...
2025-05-01 01:42:56,018 - INFO - 将在 3 个配置中查找 LIM 的可用性...
2025-05-01 01:42:56,018 - INFO - 计划代码 25sysle011 在数据中心 LIM 当前无可用服务器。
2025-05-01 01:47:02,119 - INFO - 开始处理任务 0a80caa7-da0a-4cbd-a893-1a56f7d8c907 (使用 /eco/options 添加硬件)
2025-05-01 01:47:02,119 - INFO - 用户请求配置: planCode=25sysle011, datacenter=LIM, OS=none_64.en
2025-05-01 01:47:02,119 - INFO - 用户请求选项值: set()
2025-05-01 01:47:02,120 - INFO - 正在检查计划代码 25sysle011 的可用性...
2025-05-01 01:47:02,216 - INFO - 将在 3 个配置中查找 LIM 的可用性...
2025-05-01 01:47:02,216 - INFO - 计划代码 25sysle011 在数据中心 LIM 当前无可用服务器。
2025-05-01 01:51:06,053 - INFO - 开始处理任务 0a80caa7-da0a-4cbd-a893-1a56f7d8c907 (使用 /eco/options 添加硬件)
2025-05-01 01:51:06,053 - INFO - 用户请求配置: planCode=25sysle011, datacenter=LIM, OS=none_64.en
2025-05-01 01:51:06,053 - INFO - 用户请求选项值: set()
2025-05-01 01:51:06,054 - INFO - 正在检查计划代码 25sysle011 的可用性...
2025-05-01 01:51:06,158 - INFO - 将在 3 个配置中查找 LIM 的可用性...
2025-05-01 01:51:06,158 - INFO - 计划代码 25sysle011 在数据中心 LIM 当前无可用服务器。
2025-05-01 01:55:11,709 - INFO - 开始处理任务 0a80caa7-da0a-4cbd-a893-1a56f7d8c907 (使用 /eco/options 添加硬件)
2025-05-01 01:55:11,710 - INFO - 用户请求配置: planCode=25sysle011, datacenter=LIM, OS=none_64.en
2025-05-01 01:55:11,710 - INFO - 用户请求选项值: set()
2025-05-01 01:55:11,711 - INFO - 正在检查计划代码 25sysle011 的可用性...
2025-05-01 01:55:11,810 - INFO - 将在 3 个配置中查找 LIM 的可用性...
2025-05-01 01:55:11,810 - INFO - 计划代码 25sysle011 在数据中心 LIM 当前无可用服务器。
2025-05-01 01:59:16,739 - INFO - 开始处理任务 0a80caa7-da0a-4cbd-a893-1a56f7d8c907 (使用 /eco/options 添加硬件)
2025-05-01 01:59:16,743 - INFO - 用户请求配置: planCode=25sysle011, datacenter=LIM, OS=none_64.en
2025-05-01 01:59:16,743 - INFO - 用户请求选项值: set()
2025-05-01 01:59:16,744 - INFO - 正在检查计划代码 25sysle011 的可用性...
2025-05-01 01:59:16,838 - INFO - 将在 3 个配置中查找 LIM 的可用性...
2025-05-01 01:59:16,838 - INFO - 计划代码 25sysle011 在数据中心 LIM 当前无可用服务器。
2025-05-01 02:03:21,427 - INFO - 开始处理任务 0a80caa7-da0a-4cbd-a893-1a56f7d8c907 (使用 /eco/options 添加硬件)
2025-05-01 02:03:21,427 - INFO - 用户请求配置: planCode=25sysle011, datacenter=LIM, OS=none_64.en
2025-05-01 02:03:21,427 - INFO - 用户请求选项值: set()
2025-05-01 02:03:21,428 - INFO - 正在检查计划代码 25sysle011 的可用性...
2025-05-01 02:03:21,525 - INFO - 将在 3 个配置中查找 LIM 的可用性...
2025-05-01 02:03:21,525 - INFO - 计划代码 25sysle011 在数据中心 LIM 当前无可用服务器。
2025-05-01 02:07:26,490 - INFO - 开始处理任务 0a80caa7-da0a-4cbd-a893-1a56f7d8c907 (使用 /eco/options 添加硬件)
2025-05-01 02:07:26,490 - INFO - 用户请求配置: planCode=25sysle011, datacenter=LIM, OS=none_64.en
2025-05-01 02:07:26,490 - INFO - 用户请求选项值: set()
2025-05-01 02:07:26,491 - INFO - 正在检查计划代码 25sysle011 的可用性...
2025-05-01 02:07:26,588 - INFO - 将在 3 个配置中查找 LIM 的可用性...
2025-05-01 02:07:26,588 - INFO - 计划代码 25sysle011 在数据中心 LIM 当前无可用服务器。
2025-05-01 02:11:31,990 - INFO - 开始处理任务 0a80caa7-da0a-4cbd-a893-1a56f7d8c907 (使用 /eco/options 添加硬件)
2025-05-01 02:11:31,991 - INFO - 用户请求配置: planCode=25sysle011, datacenter=LIM, OS=none_64.en
2025-05-01 02:11:31,991 - INFO - 用户请求选项值: set()
2025-05-01 02:11:31,992 - INFO - 正在检查计划代码 25sysle011 的可用性...
2025-05-01 02:11:32,097 - INFO - 将在 3 个配置中查找 LIM 的可用性...
2025-05-01 02:11:32,097 - INFO - 计划代码 25sysle011 在数据中心 LIM 当前无可用服务器。
2025-05-01 02:15:36,684 - INFO - 开始处理任务 0a80caa7-da0a-4cbd-a893-1a56f7d8c907 (使用 /eco/options 添加硬件)
2025-05-01 02:15:36,684 - INFO - 用户请求配置: planCode=25sysle011, datacenter=LIM, OS=none_64.en
2025-05-01 02:15:36,684 - INFO - 用户请求选项值: set()
2025-05-01 02:15:36,686 - INFO - 正在检查计划代码 25sysle011 的可用性...
2025-05-01 02:15:36,776 - INFO - 将在 3 个配置中查找 LIM 的可用性...
2025-05-01 02:15:36,776 - INFO - 计划代码 25sysle011 在数据中心 LIM 当前无可用服务器。
2025-05-01 02:19:41,798 - INFO - 开始处理任务 0a80caa7-da0a-4cbd-a893-1a56f7d8c907 (使用 /eco/options 添加硬件)
2025-05-01 02:19:41,798 - INFO - 用户请求配置: planCode=25sysle011, datacenter=LIM, OS=none_64.en
2025-05-01 02:19:41,798 - INFO - 用户请求选项值: set()
2025-05-01 02:19:41,799 - INFO - 正在检查计划代码 25sysle011 的可用性...
2025-05-01 02:19:41,897 - INFO - 将在 3 个配置中查找 LIM 的可用性...
2025-05-01 02:19:41,897 - INFO - 计划代码 25sysle011 在数据中心 LIM 当前无可用服务器。
2025-05-01 02:23:46,888 - INFO - 开始处理任务 0a80caa7-da0a-4cbd-a893-1a56f7d8c907 (使用 /eco/options 添加硬件)
2025-05-01 02:23:46,889 - INFO - 用户请求配置: planCode=25sysle011, datacenter=LIM, OS=none_64.en
2025-05-01 02:23:46,889 - INFO - 用户请求选项值: set()
2025-05-01 02:23:46,889 - INFO - 正在检查计划代码 25sysle011 的可用性...
2025-05-01 02:23:46,984 - INFO - 将在 3 个配置中查找 LIM 的可用性...
2025-05-01 02:23:46,984 - INFO - 计划代码 25sysle011 在数据中心 LIM 当前无可用服务器。
2025-05-01 02:27:52,132 - INFO - 开始处理任务 0a80caa7-da0a-4cbd-a893-1a56f7d8c907 (使用 /eco/options 添加硬件)
2025-05-01 02:27:52,132 - INFO - 用户请求配置: planCode=25sysle011, datacenter=LIM, OS=none_64.en
2025-05-01 02:27:52,133 - INFO - 用户请求选项值: set()
2025-05-01 02:27:52,133 - INFO - 正在检查计划代码 25sysle011 的可用性...
2025-05-01 02:27:52,226 - INFO - 将在 3 个配置中查找 LIM 的可用性...
2025-05-01 02:27:52,226 - INFO - 计划代码 25sysle011 在数据中心 LIM 当前无可用服务器。
2025-05-01 02:31:57,479 - INFO - 开始处理任务 0a80caa7-da0a-4cbd-a893-1a56f7d8c907 (使用 /eco/options 添加硬件)
2025-05-01 02:31:57,480 - INFO - 用户请求配置: planCode=25sysle011, datacenter=LIM, OS=none_64.en
2025-05-01 02:31:57,480 - INFO - 用户请求选项值: set()
2025-05-01 02:31:57,480 - INFO - 正在检查计划代码 25sysle011 的可用性...
2025-05-01 02:31:57,584 - INFO - 将在 3 个配置中查找 LIM 的可用性...
2025-05-01 02:31:57,584 - INFO - 计划代码 25sysle011 在数据中心 LIM 当前无可用服务器。
2025-05-01 02:36:02,264 - INFO - 开始处理任务 0a80caa7-da0a-4cbd-a893-1a56f7d8c907 (使用 /eco/options 添加硬件)
2025-05-01 02:36:02,265 - INFO - 用户请求配置: planCode=25sysle011, datacenter=LIM, OS=none_64.en
2025-05-01 02:36:02,265 - INFO - 用户请求选项值: set()
2025-05-01 02:36:02,265 - INFO - 正在检查计划代码 25sysle011 的可用性...
2025-05-01 02:36:02,356 - INFO - 将在 3 个配置中查找 LIM 的可用性...
2025-05-01 02:36:02,356 - INFO - 计划代码 25sysle011 在数据中心 LIM 当前无可用服务器。
2025-05-01 02:40:07,776 - INFO - 开始处理任务 0a80caa7-da0a-4cbd-a893-1a56f7d8c907 (使用 /eco/options 添加硬件)
2025-05-01 02:40:07,776 - INFO - 用户请求配置: planCode=25sysle011, datacenter=LIM, OS=none_64.en
2025-05-01 02:40:07,777 - INFO - 用户请求选项值: set()
2025-05-01 02:40:07,777 - INFO - 正在检查计划代码 25sysle011 的可用性...
2025-05-01 02:40:07,884 - INFO - 将在 3 个配置中查找 LIM 的可用性...
2025-05-01 02:40:07,884 - INFO - 计划代码 25sysle011 在数据中心 LIM 当前无可用服务器。
2025-05-01 02:44:12,334 - INFO - 开始处理任务 0a80caa7-da0a-4cbd-a893-1a56f7d8c907 (使用 /eco/options 添加硬件)
2025-05-01 02:44:12,335 - INFO - 用户请求配置: planCode=25sysle011, datacenter=LIM, OS=none_64.en
2025-05-01 02:44:12,335 - INFO - 用户请求选项值: set()
2025-05-01 02:44:12,335 - INFO - 正在检查计划代码 25sysle011 的可用性...
2025-05-01 02:44:12,422 - INFO - 将在 3 个配置中查找 LIM 的可用性...
2025-05-01 02:44:12,422 - INFO - 计划代码 25sysle011 在数据中心 LIM 当前无可用服务器。
2025-05-01 02:48:17,842 - INFO - 开始处理任务 0a80caa7-da0a-4cbd-a893-1a56f7d8c907 (使用 /eco/options 添加硬件)
2025-05-01 02:48:17,842 - INFO - 用户请求配置: planCode=25sysle011, datacenter=LIM, OS=none_64.en
2025-05-01 02:48:17,842 - INFO - 用户请求选项值: set()
2025-05-01 02:48:17,843 - INFO - 正在检查计划代码 25sysle011 的可用性...
2025-05-01 02:48:17,942 - INFO - 将在 3 个配置中查找 LIM 的可用性...
2025-05-01 02:48:17,942 - INFO - 计划代码 25sysle011 在数据中心 LIM 当前无可用服务器。
2025-05-01 02:52:22,897 - INFO - 开始处理任务 0a80caa7-da0a-4cbd-a893-1a56f7d8c907 (使用 /eco/options 添加硬件)
2025-05-01 02:52:22,898 - INFO - 用户请求配置: planCode=25sysle011, datacenter=LIM, OS=none_64.en
2025-05-01 02:52:22,898 - INFO - 用户请求选项值: set()
2025-05-01 02:52:22,899 - INFO - 正在检查计划代码 25sysle011 的可用性...
2025-05-01 02:52:22,997 - INFO - 将在 3 个配置中查找 LIM 的可用性...
2025-05-01 02:52:22,997 - INFO - 计划代码 25sysle011 在数据中心 LIM 当前无可用服务器。
2025-05-01 02:56:27,659 - INFO - 开始处理任务 0a80caa7-da0a-4cbd-a893-1a56f7d8c907 (使用 /eco/options 添加硬件)
2025-05-01 02:56:27,660 - INFO - 用户请求配置: planCode=25sysle011, datacenter=LIM, OS=none_64.en
2025-05-01 02:56:27,660 - INFO - 用户请求选项值: set()
2025-05-01 02:56:27,661 - INFO - 正在检查计划代码 25sysle011 的可用性...
2025-05-01 02:56:27,763 - INFO - 将在 3 个配置中查找 LIM 的可用性...
2025-05-01 02:56:27,763 - INFO - 计划代码 25sysle011 在数据中心 LIM 当前无可用服务器。
2025-05-01 03:00:32,785 - INFO - 开始处理任务 0a80caa7-da0a-4cbd-a893-1a56f7d8c907 (使用 /eco/options 添加硬件)
2025-05-01 03:00:32,786 - INFO - 用户请求配置: planCode=25sysle011, datacenter=LIM, OS=none_64.en
2025-05-01 03:00:32,786 - INFO - 用户请求选项值: set()
2025-05-01 03:00:32,786 - INFO - 正在检查计划代码 25sysle011 的可用性...
2025-05-01 03:00:32,878 - INFO - 将在 3 个配置中查找 LIM 的可用性...
2025-05-01 03:00:32,878 - INFO - 计划代码 25sysle011 在数据中心 LIM 当前无可用服务器。
2025-05-01 03:04:38,341 - INFO - 开始处理任务 0a80caa7-da0a-4cbd-a893-1a56f7d8c907 (使用 /eco/options 添加硬件)
2025-05-01 03:04:38,342 - INFO - 用户请求配置: planCode=25sysle011, datacenter=LIM, OS=none_64.en
2025-05-01 03:04:38,342 - INFO - 用户请求选项值: set()
2025-05-01 03:04:38,342 - INFO - 正在检查计划代码 25sysle011 的可用性...
2025-05-01 03:04:38,430 - INFO - 将在 3 个配置中查找 LIM 的可用性...
2025-05-01 03:04:38,430 - INFO - 计划代码 25sysle011 在数据中心 LIM 当前无可用服务器。
2025-05-01 03:08:43,250 - INFO - 开始处理任务 0a80caa7-da0a-4cbd-a893-1a56f7d8c907 (使用 /eco/options 添加硬件)
2025-05-01 03:08:43,251 - INFO - 用户请求配置: planCode=25sysle011, datacenter=LIM, OS=none_64.en
2025-05-01 03:08:43,251 - INFO - 用户请求选项值: set()
2025-05-01 03:08:43,251 - INFO - 正在检查计划代码 25sysle011 的可用性...
2025-05-01 03:08:43,344 - INFO - 将在 3 个配置中查找 LIM 的可用性...
2025-05-01 03:08:43,344 - INFO - 计划代码 25sysle011 在数据中心 LIM 当前无可用服务器。
2025-05-01 03:12:48,033 - INFO - 开始处理任务 0a80caa7-da0a-4cbd-a893-1a56f7d8c907 (使用 /eco/options 添加硬件)
2025-05-01 03:12:48,033 - INFO - 用户请求配置: planCode=25sysle011, datacenter=LIM, OS=none_64.en
2025-05-01 03:12:48,033 - INFO - 用户请求选项值: set()
2025-05-01 03:12:48,034 - INFO - 正在检查计划代码 25sysle011 的可用性...
2025-05-01 03:12:48,126 - INFO - 将在 3 个配置中查找 LIM 的可用性...
2025-05-01 03:12:48,126 - INFO - 计划代码 25sysle011 在数据中心 LIM 当前无可用服务器。
2025-05-01 03:16:53,194 - INFO - 开始处理任务 0a80caa7-da0a-4cbd-a893-1a56f7d8c907 (使用 /eco/options 添加硬件)
2025-05-01 03:16:53,194 - INFO - 用户请求配置: planCode=25sysle011, datacenter=LIM, OS=none_64.en
2025-05-01 03:16:53,194 - INFO - 用户请求选项值: set()
2025-05-01 03:16:53,195 - INFO - 正在检查计划代码 25sysle011 的可用性...
2025-05-01 03:16:53,311 - INFO - 将在 3 个配置中查找 LIM 的可用性...
2025-05-01 03:16:53,311 - INFO - 计划代码 25sysle011 在数据中心 LIM 当前无可用服务器。
2025-05-01 03:20:58,358 - INFO - 开始处理任务 0a80caa7-da0a-4cbd-a893-1a56f7d8c907 (使用 /eco/options 添加硬件)
2025-05-01 03:20:58,359 - INFO - 用户请求配置: planCode=25sysle011, datacenter=LIM, OS=none_64.en
2025-05-01 03:20:58,359 - INFO - 用户请求选项值: set()
2025-05-01 03:20:58,359 - INFO - 正在检查计划代码 25sysle011 的可用性...
2025-05-01 03:20:58,447 - INFO - 将在 3 个配置中查找 LIM 的可用性...
2025-05-01 03:20:58,447 - INFO - 计划代码 25sysle011 在数据中心 LIM 当前无可用服务器。
2025-05-01 03:25:03,593 - INFO - 开始处理任务 0a80caa7-da0a-4cbd-a893-1a56f7d8c907 (使用 /eco/options 添加硬件)
2025-05-01 03:25:03,594 - INFO - 用户请求配置: planCode=25sysle011, datacenter=LIM, OS=none_64.en
2025-05-01 03:25:03,594 - INFO - 用户请求选项值: set()
2025-05-01 03:25:03,594 - INFO - 正在检查计划代码 25sysle011 的可用性...
2025-05-01 03:25:03,692 - INFO - 将在 3 个配置中查找 LIM 的可用性...
2025-05-01 03:25:03,692 - INFO - 计划代码 25sysle011 在数据中心 LIM 当前无可用服务器。
2025-05-01 03:29:08,457 - INFO - 开始处理任务 0a80caa7-da0a-4cbd-a893-1a56f7d8c907 (使用 /eco/options 添加硬件)
2025-05-01 03:29:08,458 - INFO - 用户请求配置: planCode=25sysle011, datacenter=LIM, OS=none_64.en
2025-05-01 03:29:08,458 - INFO - 用户请求选项值: set()
2025-05-01 03:29:08,458 - INFO - 正在检查计划代码 25sysle011 的可用性...
2025-05-01 03:29:08,558 - INFO - 将在 3 个配置中查找 LIM 的可用性...
2025-05-01 03:29:08,558 - INFO - 计划代码 25sysle011 在数据中心 LIM 当前无可用服务器。
2025-05-01 03:33:13,943 - INFO - 开始处理任务 0a80caa7-da0a-4cbd-a893-1a56f7d8c907 (使用 /eco/options 添加硬件)
2025-05-01 03:33:13,943 - INFO - 用户请求配置: planCode=25sysle011, datacenter=LIM, OS=none_64.en
2025-05-01 03:33:13,944 - INFO - 用户请求选项值: set()
2025-05-01 03:33:13,944 - INFO - 正在检查计划代码 25sysle011 的可用性...
2025-05-01 03:33:14,034 - INFO - 将在 3 个配置中查找 LIM 的可用性...
2025-05-01 03:33:14,034 - INFO - 计划代码 25sysle011 在数据中心 LIM 当前无可用服务器。
2025-05-01 03:37:18,625 - INFO - 开始处理任务 0a80caa7-da0a-4cbd-a893-1a56f7d8c907 (使用 /eco/options 添加硬件)
2025-05-01 03:37:18,626 - INFO - 用户请求配置: planCode=25sysle011, datacenter=LIM, OS=none_64.en
2025-05-01 03:37:18,626 - INFO - 用户请求选项值: set()
2025-05-01 03:37:18,626 - INFO - 正在检查计划代码 25sysle011 的可用性...
2025-05-01 03:37:18,717 - INFO - 将在 3 个配置中查找 LIM 的可用性...
2025-05-01 03:37:18,717 - INFO - 计划代码 25sysle011 在数据中心 LIM 当前无可用服务器。
2025-05-01 03:41:24,097 - INFO - 开始处理任务 0a80caa7-da0a-4cbd-a893-1a56f7d8c907 (使用 /eco/options 添加硬件)
2025-05-01 03:41:24,098 - INFO - 用户请求配置: planCode=25sysle011, datacenter=LIM, OS=none_64.en
2025-05-01 03:41:24,098 - INFO - 用户请求选项值: set()
2025-05-01 03:41:24,098 - INFO - 正在检查计划代码 25sysle011 的可用性...
2025-05-01 03:41:24,219 - INFO - 将在 3 个配置中查找 LIM 的可用性...
2025-05-01 03:41:24,219 - INFO - 计划代码 25sysle011 在数据中心 LIM 当前无可用服务器。
2025-05-01 03:45:29,126 - INFO - 开始处理任务 0a80caa7-da0a-4cbd-a893-1a56f7d8c907 (使用 /eco/options 添加硬件)
2025-05-01 03:45:29,126 - INFO - 用户请求配置: planCode=25sysle011, datacenter=LIM, OS=none_64.en
2025-05-01 03:45:29,126 - INFO - 用户请求选项值: set()
2025-05-01 03:45:29,127 - INFO - 正在检查计划代码 25sysle011 的可用性...
2025-05-01 03:45:29,219 - INFO - 将在 3 个配置中查找 LIM 的可用性...
2025-05-01 03:45:29,219 - INFO - 计划代码 25sysle011 在数据中心 LIM 当前无可用服务器。
2025-05-01 03:49:33,865 - INFO - 开始处理任务 0a80caa7-da0a-4cbd-a893-1a56f7d8c907 (使用 /eco/options 添加硬件)
2025-05-01 03:49:33,865 - INFO - 用户请求配置: planCode=25sysle011, datacenter=LIM, OS=none_64.en
2025-05-01 03:49:33,865 - INFO - 用户请求选项值: set()
2025-05-01 03:49:33,866 - INFO - 正在检查计划代码 25sysle011 的可用性...
2025-05-01 03:49:33,954 - INFO - 将在 3 个配置中查找 LIM 的可用性...
2025-05-01 03:49:33,955 - INFO - 计划代码 25sysle011 在数据中心 LIM 当前无可用服务器。
2025-05-01 03:53:38,970 - INFO - 开始处理任务 0a80caa7-da0a-4cbd-a893-1a56f7d8c907 (使用 /eco/options 添加硬件)
2025-05-01 03:53:38,970 - INFO - 用户请求配置: planCode=25sysle011, datacenter=LIM, OS=none_64.en
2025-05-01 03:53:38,970 - INFO - 用户请求选项值: set()
2025-05-01 03:53:38,971 - INFO - 正在检查计划代码 25sysle011 的可用性...
2025-05-01 03:53:39,066 - INFO - 将在 3 个配置中查找 LIM 的可用性...
2025-05-01 03:53:39,066 - INFO - 计划代码 25sysle011 在数据中心 LIM 当前无可用服务器。
2025-05-01 03:57:44,519 - INFO - 开始处理任务 0a80caa7-da0a-4cbd-a893-1a56f7d8c907 (使用 /eco/options 添加硬件)
2025-05-01 03:57:44,519 - INFO - 用户请求配置: planCode=25sysle011, datacenter=LIM, OS=none_64.en
2025-05-01 03:57:44,519 - INFO - 用户请求选项值: set()
2025-05-01 03:57:44,520 - INFO - 正在检查计划代码 25sysle011 的可用性...
2025-05-01 03:57:44,609 - INFO - 将在 3 个配置中查找 LIM 的可用性...
2025-05-01 03:57:44,610 - INFO - 计划代码 25sysle011 在数据中心 LIM 当前无可用服务器。
2025-05-01 04:01:49,453 - INFO - 开始处理任务 0a80caa7-da0a-4cbd-a893-1a56f7d8c907 (使用 /eco/options 添加硬件)
2025-05-01 04:01:49,453 - INFO - 用户请求配置: planCode=25sysle011, datacenter=LIM, OS=none_64.en
2025-05-01 04:01:49,453 - INFO - 用户请求选项值: set()
2025-05-01 04:01:49,454 - INFO - 正在检查计划代码 25sysle011 的可用性...
2025-05-01 04:01:49,546 - INFO - 将在 3 个配置中查找 LIM 的可用性...
2025-05-01 04:01:49,546 - INFO - 计划代码 25sysle011 在数据中心 LIM 当前无可用服务器。
2025-05-01 04:05:54,255 - INFO - 开始处理任务 0a80caa7-da0a-4cbd-a893-1a56f7d8c907 (使用 /eco/options 添加硬件)
2025-05-01 04:05:54,256 - INFO - 用户请求配置: planCode=25sysle011, datacenter=LIM, OS=none_64.en
2025-05-01 04:05:54,256 - INFO - 用户请求选项值: set()
2025-05-01 04:05:54,256 - INFO - 正在检查计划代码 25sysle011 的可用性...
2025-05-01 04:05:54,352 - INFO - 将在 3 个配置中查找 LIM 的可用性...
2025-05-01 04:05:54,352 - INFO - 计划代码 25sysle011 在数据中心 LIM 当前无可用服务器。
2025-05-01 04:09:59,477 - INFO - 开始处理任务 0a80caa7-da0a-4cbd-a893-1a56f7d8c907 (使用 /eco/options 添加硬件)
2025-05-01 04:09:59,477 - INFO - 用户请求配置: planCode=25sysle011, datacenter=LIM, OS=none_64.en
2025-05-01 04:09:59,477 - INFO - 用户请求选项值: set()
2025-05-01 04:09:59,479 - INFO - 正在检查计划代码 25sysle011 的可用性...
2025-05-01 04:09:59,567 - INFO - 将在 3 个配置中查找 LIM 的可用性...
2025-05-01 04:09:59,567 - INFO - 计划代码 25sysle011 在数据中心 LIM 当前无可用服务器。
2025-05-01 04:14:04,582 - INFO - 开始处理任务 0a80caa7-da0a-4cbd-a893-1a56f7d8c907 (使用 /eco/options 添加硬件)
2025-05-01 04:14:04,582 - INFO - 用户请求配置: planCode=25sysle011, datacenter=LIM, OS=none_64.en
2025-05-01 04:14:04,582 - INFO - 用户请求选项值: set()
2025-05-01 04:14:04,583 - INFO - 正在检查计划代码 25sysle011 的可用性...
2025-05-01 04:14:04,669 - INFO - 将在 3 个配置中查找 LIM 的可用性...
2025-05-01 04:14:04,669 - INFO - 计划代码 25sysle011 在数据中心 LIM 当前无可用服务器。
2025-05-01 04:18:09,861 - INFO - 开始处理任务 0a80caa7-da0a-4cbd-a893-1a56f7d8c907 (使用 /eco/options 添加硬件)
2025-05-01 04:18:09,861 - INFO - 用户请求配置: planCode=25sysle011, datacenter=LIM, OS=none_64.en
2025-05-01 04:18:09,861 - INFO - 用户请求选项值: set()
2025-05-01 04:18:09,862 - INFO - 正在检查计划代码 25sysle011 的可用性...
2025-05-01 04:18:09,954 - INFO - 将在 3 个配置中查找 LIM 的可用性...
2025-05-01 04:18:09,954 - INFO - 计划代码 25sysle011 在数据中心 LIM 当前无可用服务器。
2025-05-01 04:22:14,646 - INFO - 开始处理任务 0a80caa7-da0a-4cbd-a893-1a56f7d8c907 (使用 /eco/options 添加硬件)
2025-05-01 04:22:14,646 - INFO - 用户请求配置: planCode=25sysle011, datacenter=LIM, OS=none_64.en
2025-05-01 04:22:14,646 - INFO - 用户请求选项值: set()
2025-05-01 04:22:14,647 - INFO - 正在检查计划代码 25sysle011 的可用性...
2025-05-01 04:22:14,741 - INFO - 将在 3 个配置中查找 LIM 的可用性...
2025-05-01 04:22:14,741 - INFO - 计划代码 25sysle011 在数据中心 LIM 当前无可用服务器。
2025-05-01 04:26:20,142 - INFO - 开始处理任务 0a80caa7-da0a-4cbd-a893-1a56f7d8c907 (使用 /eco/options 添加硬件)
2025-05-01 04:26:20,143 - INFO - 用户请求配置: planCode=25sysle011, datacenter=LIM, OS=none_64.en
2025-05-01 04:26:20,143 - INFO - 用户请求选项值: set()
2025-05-01 04:26:20,143 - INFO - 正在检查计划代码 25sysle011 的可用性...
2025-05-01 04:26:20,237 - INFO - 将在 3 个配置中查找 LIM 的可用性...
2025-05-01 04:26:20,238 - INFO - 计划代码 25sysle011 在数据中心 LIM 当前无可用服务器。
2025-05-01 04:30:24,766 - INFO - 开始处理任务 0a80caa7-da0a-4cbd-a893-1a56f7d8c907 (使用 /eco/options 添加硬件)
2025-05-01 04:30:24,766 - INFO - 用户请求配置: planCode=25sysle011, datacenter=LIM, OS=none_64.en
2025-05-01 04:30:24,767 - INFO - 用户请求选项值: set()
2025-05-01 04:30:24,767 - INFO - 正在检查计划代码 25sysle011 的可用性...
2025-05-01 04:30:24,858 - INFO - 将在 3 个配置中查找 LIM 的可用性...
2025-05-01 04:30:24,858 - INFO - 计划代码 25sysle011 在数据中心 LIM 当前无可用服务器。
2025-05-01 04:34:30,346 - INFO - 开始处理任务 0a80caa7-da0a-4cbd-a893-1a56f7d8c907 (使用 /eco/options 添加硬件)
2025-05-01 04:34:30,346 - INFO - 用户请求配置: planCode=25sysle011, datacenter=LIM, OS=none_64.en
2025-05-01 04:34:30,346 - INFO - 用户请求选项值: set()
2025-05-01 04:34:30,348 - INFO - 正在检查计划代码 25sysle011 的可用性...
2025-05-01 04:34:30,439 - INFO - 将在 3 个配置中查找 LIM 的可用性...
2025-05-01 04:34:30,439 - INFO - 计划代码 25sysle011 在数据中心 LIM 当前无可用服务器。
2025-05-01 04:38:35,258 - INFO - 开始处理任务 0a80caa7-da0a-4cbd-a893-1a56f7d8c907 (使用 /eco/options 添加硬件)
2025-05-01 04:38:35,259 - INFO - 用户请求配置: planCode=25sysle011, datacenter=LIM, OS=none_64.en
2025-05-01 04:38:35,259 - INFO - 用户请求选项值: set()
2025-05-01 04:38:35,260 - INFO - 正在检查计划代码 25sysle011 的可用性...
2025-05-01 04:38:35,353 - INFO - 将在 3 个配置中查找 LIM 的可用性...
2025-05-01 04:38:35,353 - INFO - 计划代码 25sysle011 在数据中心 LIM 当前无可用服务器。
2025-05-01 04:42:40,982 - INFO - 开始处理任务 0a80caa7-da0a-4cbd-a893-1a56f7d8c907 (使用 /eco/options 添加硬件)
2025-05-01 04:42:40,983 - INFO - 用户请求配置: planCode=25sysle011, datacenter=LIM, OS=none_64.en
2025-05-01 04:42:40,983 - INFO - 用户请求选项值: set()
2025-05-01 04:42:40,985 - INFO - 正在检查计划代码 25sysle011 的可用性...
2025-05-01 04:42:41,075 - INFO - 将在 3 个配置中查找 LIM 的可用性...
2025-05-01 04:42:41,075 - INFO - 计划代码 25sysle011 在数据中心 LIM 当前无可用服务器。
2025-05-01 04:46:45,150 - INFO - 开始处理任务 0a80caa7-da0a-4cbd-a893-1a56f7d8c907 (使用 /eco/options 添加硬件)
2025-05-01 04:46:45,150 - INFO - 用户请求配置: planCode=25sysle011, datacenter=LIM, OS=none_64.en
2025-05-01 04:46:45,150 - INFO - 用户请求选项值: set()
2025-05-01 04:46:45,152 - INFO - 正在检查计划代码 25sysle011 的可用性...
2025-05-01 04:46:45,260 - INFO - 将在 3 个配置中查找 LIM 的可用性...
2025-05-01 04:46:45,260 - INFO - 计划代码 25sysle011 在数据中心 LIM 当前无可用服务器。
2025-05-01 04:50:50,874 - INFO - 开始处理任务 0a80caa7-da0a-4cbd-a893-1a56f7d8c907 (使用 /eco/options 添加硬件)
2025-05-01 04:50:50,874 - INFO - 用户请求配置: planCode=25sysle011, datacenter=LIM, OS=none_64.en
2025-05-01 04:50:50,874 - INFO - 用户请求选项值: set()
2025-05-01 04:50:50,875 - INFO - 正在检查计划代码 25sysle011 的可用性...
2025-05-01 04:50:50,993 - INFO - 将在 3 个配置中查找 LIM 的可用性...
2025-05-01 04:50:50,993 - INFO - 计划代码 25sysle011 在数据中心 LIM 当前无可用服务器。
2025-05-01 04:54:55,726 - INFO - 开始处理任务 0a80caa7-da0a-4cbd-a893-1a56f7d8c907 (使用 /eco/options 添加硬件)
2025-05-01 04:54:55,726 - INFO - 用户请求配置: planCode=25sysle011, datacenter=LIM, OS=none_64.en
2025-05-01 04:54:55,726 - INFO - 用户请求选项值: set()
2025-05-01 04:54:55,727 - INFO - 正在检查计划代码 25sysle011 的可用性...
2025-05-01 04:54:55,818 - INFO - 将在 3 个配置中查找 LIM 的可用性...
2025-05-01 04:54:55,818 - INFO - 计划代码 25sysle011 在数据中心 LIM 当前无可用服务器。
2025-05-01 04:59:00,455 - INFO - 开始处理任务 0a80caa7-da0a-4cbd-a893-1a56f7d8c907 (使用 /eco/options 添加硬件)
2025-05-01 04:59:00,455 - INFO - 用户请求配置: planCode=25sysle011, datacenter=LIM, OS=none_64.en
2025-05-01 04:59:00,455 - INFO - 用户请求选项值: set()
2025-05-01 04:59:00,456 - INFO - 正在检查计划代码 25sysle011 的可用性...
2025-05-01 04:59:00,552 - INFO - 将在 3 个配置中查找 LIM 的可用性...
2025-05-01 04:59:00,552 - INFO - 计划代码 25sysle011 在数据中心 LIM 当前无可用服务器。
2025-05-01 05:03:05,546 - INFO - 开始处理任务 0a80caa7-da0a-4cbd-a893-1a56f7d8c907 (使用 /eco/options 添加硬件)
2025-05-01 05:03:05,547 - INFO - 用户请求配置: planCode=25sysle011, datacenter=LIM, OS=none_64.en
2025-05-01 05:03:05,547 - INFO - 用户请求选项值: set()
2025-05-01 05:03:05,548 - INFO - 正在检查计划代码 25sysle011 的可用性...
2025-05-01 05:03:05,640 - INFO - 将在 3 个配置中查找 LIM 的可用性...
2025-05-01 05:03:05,640 - INFO - 计划代码 25sysle011 在数据中心 LIM 当前无可用服务器。
2025-05-01 05:07:10,809 - INFO - 开始处理任务 0a80caa7-da0a-4cbd-a893-1a56f7d8c907 (使用 /eco/options 添加硬件)
2025-05-01 05:07:10,809 - INFO - 用户请求配置: planCode=25sysle011, datacenter=LIM, OS=none_64.en
2025-05-01 05:07:10,809 - INFO - 用户请求选项值: set()
2025-05-01 05:07:10,810 - INFO - 正在检查计划代码 25sysle011 的可用性...
2025-05-01 05:07:10,906 - INFO - 将在 3 个配置中查找 LIM 的可用性...
2025-05-01 05:07:10,906 - INFO - 计划代码 25sysle011 在数据中心 LIM 当前无可用服务器。
2025-05-01 05:11:16,061 - INFO - 开始处理任务 0a80caa7-da0a-4cbd-a893-1a56f7d8c907 (使用 /eco/options 添加硬件)
2025-05-01 05:11:16,061 - INFO - 用户请求配置: planCode=25sysle011, datacenter=LIM, OS=none_64.en
2025-05-01 05:11:16,061 - INFO - 用户请求选项值: set()
2025-05-01 05:11:16,062 - INFO - 正在检查计划代码 25sysle011 的可用性...
2025-05-01 05:11:16,151 - INFO - 将在 3 个配置中查找 LIM 的可用性...
2025-05-01 05:11:16,151 - INFO - 计划代码 25sysle011 在数据中心 LIM 当前无可用服务器。
2025-05-01 05:15:20,859 - INFO - 开始处理任务 0a80caa7-da0a-4cbd-a893-1a56f7d8c907 (使用 /eco/options 添加硬件)
2025-05-01 05:15:20,859 - INFO - 用户请求配置: planCode=25sysle011, datacenter=LIM, OS=none_64.en
2025-05-01 05:15:20,859 - INFO - 用户请求选项值: set()
2025-05-01 05:15:20,860 - INFO - 正在检查计划代码 25sysle011 的可用性...
2025-05-01 05:15:20,960 - INFO - 将在 3 个配置中查找 LIM 的可用性...
2025-05-01 05:15:20,960 - INFO - 计划代码 25sysle011 在数据中心 LIM 当前无可用服务器。
2025-05-01 05:19:26,333 - INFO - 开始处理任务 0a80caa7-da0a-4cbd-a893-1a56f7d8c907 (使用 /eco/options 添加硬件)
2025-05-01 05:19:26,334 - INFO - 用户请求配置: planCode=25sysle011, datacenter=LIM, OS=none_64.en
2025-05-01 05:19:26,334 - INFO - 用户请求选项值: set()
2025-05-01 05:19:26,336 - INFO - 正在检查计划代码 25sysle011 的可用性...
2025-05-01 05:19:26,430 - INFO - 将在 3 个配置中查找 LIM 的可用性...
2025-05-01 05:19:26,430 - INFO - 计划代码 25sysle011 在数据中心 LIM 当前无可用服务器。
2025-05-01 05:23:31,019 - INFO - 开始处理任务 0a80caa7-da0a-4cbd-a893-1a56f7d8c907 (使用 /eco/options 添加硬件)
2025-05-01 05:23:31,019 - INFO - 用户请求配置: planCode=25sysle011, datacenter=LIM, OS=none_64.en
2025-05-01 05:23:31,019 - INFO - 用户请求选项值: set()
2025-05-01 05:23:31,021 - INFO - 正在检查计划代码 25sysle011 的可用性...
2025-05-01 05:23:31,119 - INFO - 将在 3 个配置中查找 LIM 的可用性...
2025-05-01 05:23:31,119 - INFO - 计划代码 25sysle011 在数据中心 LIM 当前无可用服务器。
2025-05-01 05:27:36,583 - INFO - 开始处理任务 0a80caa7-da0a-4cbd-a893-1a56f7d8c907 (使用 /eco/options 添加硬件)
2025-05-01 05:27:36,584 - INFO - 用户请求配置: planCode=25sysle011, datacenter=LIM, OS=none_64.en
2025-05-01 05:27:36,584 - INFO - 用户请求选项值: set()
2025-05-01 05:27:36,584 - INFO - 正在检查计划代码 25sysle011 的可用性...
2025-05-01 05:27:36,681 - INFO - 将在 3 个配置中查找 LIM 的可用性...
2025-05-01 05:27:36,681 - INFO - 计划代码 25sysle011 在数据中心 LIM 当前无可用服务器。
2025-05-01 05:31:41,585 - INFO - 开始处理任务 0a80caa7-da0a-4cbd-a893-1a56f7d8c907 (使用 /eco/options 添加硬件)
2025-05-01 05:31:41,585 - INFO - 用户请求配置: planCode=25sysle011, datacenter=LIM, OS=none_64.en
2025-05-01 05:31:41,585 - INFO - 用户请求选项值: set()
2025-05-01 05:31:41,586 - INFO - 正在检查计划代码 25sysle011 的可用性...
2025-05-01 05:31:41,679 - INFO - 将在 3 个配置中查找 LIM 的可用性...
2025-05-01 05:31:41,679 - INFO - 计划代码 25sysle011 在数据中心 LIM 当前无可用服务器。
2025-05-01 05:35:46,407 - INFO - 开始处理任务 0a80caa7-da0a-4cbd-a893-1a56f7d8c907 (使用 /eco/options 添加硬件)
2025-05-01 05:35:46,408 - INFO - 用户请求配置: planCode=25sysle011, datacenter=LIM, OS=none_64.en
2025-05-01 05:35:46,408 - INFO - 用户请求选项值: set()
2025-05-01 05:35:46,409 - INFO - 正在检查计划代码 25sysle011 的可用性...
2025-05-01 05:35:46,500 - INFO - 将在 3 个配置中查找 LIM 的可用性...
2025-05-01 05:35:46,500 - INFO - 计划代码 25sysle011 在数据中心 LIM 当前无可用服务器。
2025-05-01 05:39:51,385 - INFO - 开始处理任务 0a80caa7-da0a-4cbd-a893-1a56f7d8c907 (使用 /eco/options 添加硬件)
2025-05-01 05:39:51,386 - INFO - 用户请求配置: planCode=25sysle011, datacenter=LIM, OS=none_64.en
2025-05-01 05:39:51,386 - INFO - 用户请求选项值: set()
2025-05-01 05:39:51,386 - INFO - 正在检查计划代码 25sysle011 的可用性...
2025-05-01 05:39:51,477 - INFO - 将在 3 个配置中查找 LIM 的可用性...
2025-05-01 05:39:51,477 - INFO - 计划代码 25sysle011 在数据中心 LIM 当前无可用服务器。
2025-05-01 05:43:56,975 - INFO - 开始处理任务 0a80caa7-da0a-4cbd-a893-1a56f7d8c907 (使用 /eco/options 添加硬件)
2025-05-01 05:43:56,975 - INFO - 用户请求配置: planCode=25sysle011, datacenter=LIM, OS=none_64.en
2025-05-01 05:43:56,975 - INFO - 用户请求选项值: set()
2025-05-01 05:43:56,976 - INFO - 正在检查计划代码 25sysle011 的可用性...
2025-05-01 05:43:57,074 - INFO - 将在 3 个配置中查找 LIM 的可用性...
2025-05-01 05:43:57,074 - INFO - 计划代码 25sysle011 在数据中心 LIM 当前无可用服务器。
2025-05-01 05:48:02,241 - INFO - 开始处理任务 0a80caa7-da0a-4cbd-a893-1a56f7d8c907 (使用 /eco/options 添加硬件)
2025-05-01 05:48:02,241 - INFO - 用户请求配置: planCode=25sysle011, datacenter=LIM, OS=none_64.en
2025-05-01 05:48:02,241 - INFO - 用户请求选项值: set()
2025-05-01 05:48:02,243 - INFO - 正在检查计划代码 25sysle011 的可用性...
2025-05-01 05:48:02,353 - INFO - 将在 3 个配置中查找 LIM 的可用性...
2025-05-01 05:48:02,353 - INFO - 计划代码 25sysle011 在数据中心 LIM 当前无可用服务器。
2025-05-01 05:52:06,733 - INFO - 开始处理任务 0a80caa7-da0a-4cbd-a893-1a56f7d8c907 (使用 /eco/options 添加硬件)
2025-05-01 05:52:06,734 - INFO - 用户请求配置: planCode=25sysle011, datacenter=LIM, OS=none_64.en
2025-05-01 05:52:06,734 - INFO - 用户请求选项值: set()
2025-05-01 05:52:06,734 - INFO - 正在检查计划代码 25sysle011 的可用性...
2025-05-01 05:52:06,824 - INFO - 将在 3 个配置中查找 LIM 的可用性...
2025-05-01 05:52:06,824 - INFO - 计划代码 25sysle011 在数据中心 LIM 当前无可用服务器。
2025-05-01 05:56:11,917 - INFO - 开始处理任务 0a80caa7-da0a-4cbd-a893-1a56f7d8c907 (使用 /eco/options 添加硬件)
2025-05-01 05:56:11,918 - INFO - 用户请求配置: planCode=25sysle011, datacenter=LIM, OS=none_64.en
2025-05-01 05:56:11,918 - INFO - 用户请求选项值: set()
2025-05-01 05:56:11,918 - INFO - 正在检查计划代码 25sysle011 的可用性...
2025-05-01 05:56:12,010 - INFO - 将在 3 个配置中查找 LIM 的可用性...
2025-05-01 05:56:12,010 - INFO - 计划代码 25sysle011 在数据中心 LIM 当前无可用服务器。
2025-05-01 06:00:17,044 - INFO - 开始处理任务 0a80caa7-da0a-4cbd-a893-1a56f7d8c907 (使用 /eco/options 添加硬件)
2025-05-01 06:00:17,044 - INFO - 用户请求配置: planCode=25sysle011, datacenter=LIM, OS=none_64.en
2025-05-01 06:00:17,044 - INFO - 用户请求选项值: set()
2025-05-01 06:00:17,046 - INFO - 正在检查计划代码 25sysle011 的可用性...
2025-05-01 06:00:17,136 - INFO - 将在 3 个配置中查找 LIM 的可用性...
2025-05-01 06:00:17,137 - INFO - 计划代码 25sysle011 在数据中心 LIM 当前无可用服务器。
2025-05-01 06:04:22,364 - INFO - 开始处理任务 0a80caa7-da0a-4cbd-a893-1a56f7d8c907 (使用 /eco/options 添加硬件)
2025-05-01 06:04:22,364 - INFO - 用户请求配置: planCode=25sysle011, datacenter=LIM, OS=none_64.en
2025-05-01 06:04:22,364 - INFO - 用户请求选项值: set()
2025-05-01 06:04:22,365 - INFO - 正在检查计划代码 25sysle011 的可用性...
2025-05-01 06:04:22,453 - INFO - 将在 3 个配置中查找 LIM 的可用性...
2025-05-01 06:04:22,453 - INFO - 计划代码 25sysle011 在数据中心 LIM 当前无可用服务器。
