2025-04-30 16:27:10,329 - INFO - 开始处理任务 5a7a8e9a-2b60-4553-93ad-edfa81472736 (使用 /eco/options 添加硬件)
2025-04-30 16:27:10,329 - INFO - 用户请求配置: planCode=25sysle031, datacenter=RBX, OS=none_64.en
2025-04-30 16:27:10,329 - INFO - 用户请求选项值: set()
2025-04-30 16:27:10,331 - INFO - 正在检查计划代码 25sysle031 的可用性...
2025-04-30 16:27:10,429 - INFO - 将在 1 个配置中查找 RBX 的可用性...
2025-04-30 16:27:10,429 - INFO - 在数据中心 rbx 找到基础 planCode 25sysle031 可用 (FQN 可能不同: 25sysle031.ram-32g-ecc-2666.hybridsoftraid-4x12000sa-1x512nvme)!
2025-04-30 16:27:10,429 - INFO - go-ovh-ie: 在 rbx 找到基础 25sysle031 可用，准备下单包含选项的订单...
2025-04-30 16:27:10,429 - INFO - 为区域 IE 创建购物车...
2025-04-30 16:27:10,530 - INFO - 购物车创建成功，ID: 1ad3e121-9625-45c6-81db-2b9c5b03c2dd
2025-04-30 16:27:10,530 - INFO - 将基础商品 25sysle031 添加到购物车 1ad3e121-9625-45c6-81db-2b9c5b03c2dd (使用 /eco)...
2025-04-30 16:27:10,720 - ERROR - OVH查询ID: EU.ext-2.68124f5e.1378143.16e540ba30256054ddffd9cf4aaf8766
2025-04-30 16:27:10,720 - ERROR - 购物车ID: 1ad3e121-9625-45c6-81db-2b9c5b03c2dd
2025-04-30 16:28:15,351 - INFO - 开始处理任务 5a7a8e9a-2b60-4553-93ad-edfa81472736 (使用 /eco/options 添加硬件)
2025-04-30 16:28:15,351 - INFO - 用户请求配置: planCode=25sysle031, datacenter=RBX, OS=none_64.en
2025-04-30 16:28:15,351 - INFO - 用户请求选项值: set()
2025-04-30 16:28:15,352 - INFO - 正在检查计划代码 25sysle031 的可用性...
2025-04-30 16:28:15,453 - INFO - 将在 1 个配置中查找 RBX 的可用性...
2025-04-30 16:28:15,453 - INFO - 在数据中心 rbx 找到基础 planCode 25sysle031 可用 (FQN 可能不同: 25sysle031.ram-32g-ecc-2666.hybridsoftraid-4x12000sa-1x512nvme)!
2025-04-30 16:28:15,453 - INFO - go-ovh-ie: 在 rbx 找到基础 25sysle031 可用，准备下单包含选项的订单...
2025-04-30 16:28:15,454 - INFO - 为区域 IE 创建购物车...
2025-04-30 16:28:15,574 - INFO - 购物车创建成功，ID: 40f7d001-84bf-43f6-af10-c2ccc14c8b50
2025-04-30 16:28:15,575 - INFO - 将基础商品 25sysle031 添加到购物车 40f7d001-84bf-43f6-af10-c2ccc14c8b50 (使用 /eco)...
2025-04-30 16:28:15,794 - ERROR - OVH查询ID: EU.ext-1.68124f9f.1388698.c60f77524818394f0474b4862aa74a18
2025-04-30 16:28:15,794 - ERROR - 购物车ID: 40f7d001-84bf-43f6-af10-c2ccc14c8b50
