2025-04-30 16:24:50,287 - INFO - 开始处理任务 66bde84d-a230-469c-ae7e-b282ea40d512 (使用 /eco/options 添加硬件)
2025-04-30 16:24:50,287 - INFO - 用户请求配置: planCode=25sysle031, datacenter=SBG, OS=none_64.en
2025-04-30 16:24:50,287 - INFO - 用户请求选项值: set()
2025-04-30 16:24:50,288 - INFO - 正在检查计划代码 25sysle031 的可用性...
2025-04-30 16:24:50,701 - INFO - 将在 1 个配置中查找 SBG 的可用性...
2025-04-30 16:24:50,701 - INFO - 计划代码 25sysle031 在数据中心 SBG 当前无可用服务器。
2025-04-30 16:25:55,310 - INFO - 开始处理任务 66bde84d-a230-469c-ae7e-b282ea40d512 (使用 /eco/options 添加硬件)
2025-04-30 16:25:55,310 - INFO - 用户请求配置: planCode=25sysle031, datacenter=SBG, OS=none_64.en
2025-04-30 16:25:55,310 - INFO - 用户请求选项值: set()
2025-04-30 16:25:55,310 - INFO - 正在检查计划代码 25sysle031 的可用性...
2025-04-30 16:25:55,733 - INFO - 将在 1 个配置中查找 SBG 的可用性...
2025-04-30 16:25:55,733 - INFO - 计划代码 25sysle031 在数据中心 SBG 当前无可用服务器。
2025-04-30 16:27:00,327 - INFO - 开始处理任务 66bde84d-a230-469c-ae7e-b282ea40d512 (使用 /eco/options 添加硬件)
2025-04-30 16:27:00,327 - INFO - 用户请求配置: planCode=25sysle031, datacenter=SBG, OS=none_64.en
2025-04-30 16:27:00,327 - INFO - 用户请求选项值: set()
2025-04-30 16:27:00,328 - INFO - 正在检查计划代码 25sysle031 的可用性...
2025-04-30 16:27:00,756 - INFO - 将在 1 个配置中查找 SBG 的可用性...
2025-04-30 16:27:00,756 - INFO - 计划代码 25sysle031 在数据中心 SBG 当前无可用服务器。
2025-04-30 16:28:05,348 - INFO - 开始处理任务 66bde84d-a230-469c-ae7e-b282ea40d512 (使用 /eco/options 添加硬件)
2025-04-30 16:28:05,349 - INFO - 用户请求配置: planCode=25sysle031, datacenter=SBG, OS=none_64.en
2025-04-30 16:28:05,349 - INFO - 用户请求选项值: set()
2025-04-30 16:28:05,349 - INFO - 正在检查计划代码 25sysle031 的可用性...
2025-04-30 16:28:05,774 - INFO - 将在 1 个配置中查找 SBG 的可用性...
2025-04-30 16:28:05,774 - INFO - 计划代码 25sysle031 在数据中心 SBG 当前无可用服务器。
