2025-04-30 16:32:30,434 - INFO - 开始处理任务 6891deb4-c84b-4c6c-8019-a3ca84c44d76 (使用 /eco/options 添加硬件)
2025-04-30 16:32:30,434 - INFO - 用户请求配置: planCode=25sysle031, datacenter=RBX, OS=none_64.en
2025-04-30 16:32:30,434 - INFO - 用户请求选项值: set()
2025-04-30 16:32:30,436 - INFO - 正在检查计划代码 25sysle031 的可用性...
2025-04-30 16:32:30,536 - INFO - 将在 1 个配置中查找 RBX 的可用性...
2025-04-30 16:32:30,536 - INFO - 在数据中心 rbx 找到基础 planCode 25sysle031 可用 (FQN 可能不同: 25sysle031.ram-32g-ecc-2666.hybridsoftraid-4x12000sa-1x512nvme)!
2025-04-30 16:32:30,536 - INFO - go-ovh-ie: 在 rbx 找到基础 25sysle031 可用，准备下单包含选项的订单...
2025-04-30 16:32:30,537 - INFO - 为区域 IE 创建购物车...
2025-04-30 16:32:30,639 - INFO - 购物车创建成功，ID: 4d0058b4-9354-4836-b83a-45dc406178d3
2025-04-30 16:32:30,639 - INFO - 将基础商品 25sysle031 添加到购物车 4d0058b4-9354-4836-b83a-45dc406178d3 (使用 /eco)...
2025-04-30 16:32:30,855 - ERROR - OVH查询ID: EU.ext-4.6812509e.1366630.09e73d10d335aa99eb00d5454c964d4e
2025-04-30 16:32:30,856 - ERROR - 购物车ID: 4d0058b4-9354-4836-b83a-45dc406178d3
2025-04-30 16:33:35,457 - INFO - 开始处理任务 6891deb4-c84b-4c6c-8019-a3ca84c44d76 (使用 /eco/options 添加硬件)
2025-04-30 16:33:35,457 - INFO - 用户请求配置: planCode=25sysle031, datacenter=RBX, OS=none_64.en
2025-04-30 16:33:35,457 - INFO - 用户请求选项值: set()
2025-04-30 16:33:35,457 - INFO - 正在检查计划代码 25sysle031 的可用性...
2025-04-30 16:33:35,559 - INFO - 将在 1 个配置中查找 RBX 的可用性...
2025-04-30 16:33:35,559 - INFO - 在数据中心 rbx 找到基础 planCode 25sysle031 可用 (FQN 可能不同: 25sysle031.ram-32g-ecc-2666.hybridsoftraid-4x12000sa-1x512nvme)!
2025-04-30 16:33:35,559 - INFO - go-ovh-ie: 在 rbx 找到基础 25sysle031 可用，准备下单包含选项的订单...
2025-04-30 16:33:35,561 - INFO - 为区域 IE 创建购物车...
2025-04-30 16:33:35,656 - INFO - 购物车创建成功，ID: e3af92ec-2a5c-47f4-b88a-30bf6b851d6c
2025-04-30 16:33:35,656 - INFO - 将基础商品 25sysle031 添加到购物车 e3af92ec-2a5c-47f4-b88a-30bf6b851d6c (使用 /eco)...
2025-04-30 16:33:35,854 - ERROR - OVH查询ID: EU.ext-2.681250df.1378143.73010b510b501b59e2f378ca4ef44d44
2025-04-30 16:33:35,854 - ERROR - 购物车ID: e3af92ec-2a5c-47f4-b88a-30bf6b851d6c
2025-04-30 16:34:40,481 - INFO - 开始处理任务 6891deb4-c84b-4c6c-8019-a3ca84c44d76 (使用 /eco/options 添加硬件)
2025-04-30 16:34:40,481 - INFO - 用户请求配置: planCode=25sysle031, datacenter=RBX, OS=none_64.en
2025-04-30 16:34:40,481 - INFO - 用户请求选项值: set()
2025-04-30 16:34:40,482 - INFO - 正在检查计划代码 25sysle031 的可用性...
2025-04-30 16:34:40,599 - INFO - 将在 1 个配置中查找 RBX 的可用性...
2025-04-30 16:34:40,599 - INFO - 在数据中心 rbx 找到基础 planCode 25sysle031 可用 (FQN 可能不同: 25sysle031.ram-32g-ecc-2666.hybridsoftraid-4x12000sa-1x512nvme)!
2025-04-30 16:34:40,599 - INFO - go-ovh-ie: 在 rbx 找到基础 25sysle031 可用，准备下单包含选项的订单...
2025-04-30 16:34:40,600 - INFO - 为区域 IE 创建购物车...
2025-04-30 16:34:40,706 - INFO - 购物车创建成功，ID: 5236e2ad-038f-46a4-bce5-1b53303e5173
2025-04-30 16:34:40,707 - INFO - 将基础商品 25sysle031 添加到购物车 5236e2ad-038f-46a4-bce5-1b53303e5173 (使用 /eco)...
2025-04-30 16:34:40,925 - ERROR - OVH查询ID: EU.ext-5.68125120.1368855.9528efe89c0ec41b59c87fe1aaa8fb3b
2025-04-30 16:34:40,927 - ERROR - 购物车ID: 5236e2ad-038f-46a4-bce5-1b53303e5173
2025-04-30 16:35:45,506 - INFO - 开始处理任务 6891deb4-c84b-4c6c-8019-a3ca84c44d76 (使用 /eco/options 添加硬件)
2025-04-30 16:35:45,506 - INFO - 用户请求配置: planCode=25sysle031, datacenter=RBX, OS=none_64.en
2025-04-30 16:35:45,506 - INFO - 用户请求选项值: set()
2025-04-30 16:35:45,506 - INFO - 正在检查计划代码 25sysle031 的可用性...
2025-04-30 16:35:45,606 - INFO - 将在 1 个配置中查找 RBX 的可用性...
2025-04-30 16:35:45,606 - INFO - 在数据中心 rbx 找到基础 planCode 25sysle031 可用 (FQN 可能不同: 25sysle031.ram-32g-ecc-2666.hybridsoftraid-4x12000sa-1x512nvme)!
2025-04-30 16:35:45,606 - INFO - go-ovh-ie: 在 rbx 找到基础 25sysle031 可用，准备下单包含选项的订单...
2025-04-30 16:35:45,607 - INFO - 为区域 IE 创建购物车...
2025-04-30 16:35:45,700 - INFO - 购物车创建成功，ID: 6b84e6ca-ea8f-4223-b8ff-4315df964a49
2025-04-30 16:35:45,701 - INFO - 将基础商品 25sysle031 添加到购物车 6b84e6ca-ea8f-4223-b8ff-4315df964a49 (使用 /eco)...
2025-04-30 16:35:45,899 - ERROR - OVH查询ID: EU.ext-3.68125161.1391594.2f33d8ea6ccb8f81e1fe7c4270a923bf
2025-04-30 16:35:45,901 - ERROR - 购物车ID: 6b84e6ca-ea8f-4223-b8ff-4315df964a49
