2025-04-30 16:48:27,387 - INFO - 开始处理任务 826906f4-35fd-4cb8-83b7-39b56e19bd4b (使用 /eco/options 添加硬件)
2025-04-30 16:48:27,387 - INFO - 用户请求配置: planCode=25sysle011, datacenter=SBG, OS=none_64.en
2025-04-30 16:48:27,387 - INFO - 用户请求选项值: set()
2025-04-30 16:48:27,389 - INFO - 正在检查计划代码 25sysle011 的可用性...
2025-04-30 16:48:27,488 - INFO - 将在 3 个配置中查找 SBG 的可用性...
2025-04-30 16:48:27,488 - INFO - 计划代码 25sysle011 在数据中心 SBG 当前无可用服务器。
2025-04-30 16:53:18,492 - INFO - 开始处理任务 826906f4-35fd-4cb8-83b7-39b56e19bd4b (使用 /eco/options 添加硬件)
2025-04-30 16:53:18,493 - INFO - 用户请求配置: planCode=25sysle011, datacenter=SBG, OS=none_64.en
2025-04-30 16:53:18,493 - INFO - 用户请求选项值: set()
2025-04-30 16:53:18,494 - INFO - 正在检查计划代码 25sysle011 的可用性...
2025-04-30 16:53:18,621 - INFO - 将在 3 个配置中查找 SBG 的可用性...
2025-04-30 16:53:18,621 - INFO - 计划代码 25sysle011 在数据中心 SBG 当前无可用服务器。
2025-04-30 16:58:08,295 - INFO - 开始处理任务 826906f4-35fd-4cb8-83b7-39b56e19bd4b (使用 /eco/options 添加硬件)
2025-04-30 16:58:08,296 - INFO - 用户请求配置: planCode=25sysle011, datacenter=SBG, OS=none_64.en
2025-04-30 16:58:08,296 - INFO - 用户请求选项值: set()
2025-04-30 16:58:08,297 - INFO - 正在检查计划代码 25sysle011 的可用性...
2025-04-30 16:58:08,400 - INFO - 将在 3 个配置中查找 SBG 的可用性...
2025-04-30 16:58:08,400 - INFO - 计划代码 25sysle011 在数据中心 SBG 当前无可用服务器。
2025-04-30 17:02:57,408 - INFO - 开始处理任务 826906f4-35fd-4cb8-83b7-39b56e19bd4b (使用 /eco/options 添加硬件)
2025-04-30 17:02:57,409 - INFO - 用户请求配置: planCode=25sysle011, datacenter=SBG, OS=none_64.en
2025-04-30 17:02:57,409 - INFO - 用户请求选项值: set()
2025-04-30 17:02:57,411 - INFO - 正在检查计划代码 25sysle011 的可用性...
2025-04-30 17:02:57,817 - INFO - 将在 3 个配置中查找 SBG 的可用性...
2025-04-30 17:02:57,817 - INFO - 计划代码 25sysle011 在数据中心 SBG 当前无可用服务器。
2025-04-30 17:07:47,520 - INFO - 开始处理任务 826906f4-35fd-4cb8-83b7-39b56e19bd4b (使用 /eco/options 添加硬件)
2025-04-30 17:07:47,520 - INFO - 用户请求配置: planCode=25sysle011, datacenter=SBG, OS=none_64.en
2025-04-30 17:07:47,520 - INFO - 用户请求选项值: set()
2025-04-30 17:07:47,522 - INFO - 正在检查计划代码 25sysle011 的可用性...
2025-04-30 17:07:47,608 - INFO - 将在 3 个配置中查找 SBG 的可用性...
2025-04-30 17:07:47,609 - INFO - 计划代码 25sysle011 在数据中心 SBG 当前无可用服务器。
2025-04-30 17:12:32,632 - INFO - 开始处理任务 826906f4-35fd-4cb8-83b7-39b56e19bd4b (使用 /eco/options 添加硬件)
2025-04-30 17:12:32,633 - INFO - 用户请求配置: planCode=25sysle011, datacenter=SBG, OS=none_64.en
2025-04-30 17:12:32,633 - INFO - 用户请求选项值: set()
2025-04-30 17:12:32,634 - INFO - 正在检查计划代码 25sysle011 的可用性...
2025-04-30 17:12:32,722 - INFO - 将在 3 个配置中查找 SBG 的可用性...
2025-04-30 17:12:32,722 - INFO - 计划代码 25sysle011 在数据中心 SBG 当前无可用服务器。
2025-04-30 17:17:18,277 - INFO - 开始处理任务 826906f4-35fd-4cb8-83b7-39b56e19bd4b (使用 /eco/options 添加硬件)
2025-04-30 17:17:18,277 - INFO - 用户请求配置: planCode=25sysle011, datacenter=SBG, OS=none_64.en
2025-04-30 17:17:18,277 - INFO - 用户请求选项值: set()
2025-04-30 17:17:18,278 - INFO - 正在检查计划代码 25sysle011 的可用性...
2025-04-30 17:17:18,390 - INFO - 将在 3 个配置中查找 SBG 的可用性...
2025-04-30 17:17:18,390 - INFO - 计划代码 25sysle011 在数据中心 SBG 当前无可用服务器。
2025-04-30 17:22:07,864 - INFO - 开始处理任务 826906f4-35fd-4cb8-83b7-39b56e19bd4b (使用 /eco/options 添加硬件)
2025-04-30 17:22:07,864 - INFO - 用户请求配置: planCode=25sysle011, datacenter=SBG, OS=none_64.en
2025-04-30 17:22:07,864 - INFO - 用户请求选项值: set()
2025-04-30 17:22:07,865 - INFO - 正在检查计划代码 25sysle011 的可用性...
2025-04-30 17:22:07,956 - INFO - 将在 3 个配置中查找 SBG 的可用性...
2025-04-30 17:22:07,956 - INFO - 计划代码 25sysle011 在数据中心 SBG 当前无可用服务器。
2025-04-30 17:26:53,883 - INFO - 开始处理任务 826906f4-35fd-4cb8-83b7-39b56e19bd4b (使用 /eco/options 添加硬件)
2025-04-30 17:26:53,884 - INFO - 用户请求配置: planCode=25sysle011, datacenter=SBG, OS=none_64.en
2025-04-30 17:26:53,884 - INFO - 用户请求选项值: set()
2025-04-30 17:26:53,886 - INFO - 正在检查计划代码 25sysle011 的可用性...
2025-04-30 17:26:53,979 - INFO - 将在 3 个配置中查找 SBG 的可用性...
2025-04-30 17:26:53,979 - INFO - 计划代码 25sysle011 在数据中心 SBG 当前无可用服务器。
2025-04-30 17:31:43,089 - INFO - 开始处理任务 826906f4-35fd-4cb8-83b7-39b56e19bd4b (使用 /eco/options 添加硬件)
2025-04-30 17:31:43,089 - INFO - 用户请求配置: planCode=25sysle011, datacenter=SBG, OS=none_64.en
2025-04-30 17:31:43,089 - INFO - 用户请求选项值: set()
2025-04-30 17:31:43,090 - INFO - 正在检查计划代码 25sysle011 的可用性...
2025-04-30 17:31:43,190 - INFO - 将在 3 个配置中查找 SBG 的可用性...
2025-04-30 17:31:43,190 - INFO - 计划代码 25sysle011 在数据中心 SBG 当前无可用服务器。
2025-04-30 17:36:33,192 - INFO - 开始处理任务 826906f4-35fd-4cb8-83b7-39b56e19bd4b (使用 /eco/options 添加硬件)
2025-04-30 17:36:33,192 - INFO - 用户请求配置: planCode=25sysle011, datacenter=SBG, OS=none_64.en
2025-04-30 17:36:33,192 - INFO - 用户请求选项值: set()
2025-04-30 17:36:33,193 - INFO - 正在检查计划代码 25sysle011 的可用性...
2025-04-30 17:36:33,512 - INFO - 将在 3 个配置中查找 SBG 的可用性...
2025-04-30 17:36:33,513 - INFO - 计划代码 25sysle011 在数据中心 SBG 当前无可用服务器。
2025-04-30 17:41:23,313 - INFO - 开始处理任务 826906f4-35fd-4cb8-83b7-39b56e19bd4b (使用 /eco/options 添加硬件)
2025-04-30 17:41:23,313 - INFO - 用户请求配置: planCode=25sysle011, datacenter=SBG, OS=none_64.en
2025-04-30 17:41:23,314 - INFO - 用户请求选项值: set()
2025-04-30 17:41:23,314 - INFO - 正在检查计划代码 25sysle011 的可用性...
2025-04-30 17:41:23,410 - INFO - 将在 3 个配置中查找 SBG 的可用性...
2025-04-30 17:41:23,410 - INFO - 计划代码 25sysle011 在数据中心 SBG 当前无可用服务器。
2025-04-30 17:46:08,421 - INFO - 开始处理任务 826906f4-35fd-4cb8-83b7-39b56e19bd4b (使用 /eco/options 添加硬件)
2025-04-30 17:46:08,421 - INFO - 用户请求配置: planCode=25sysle011, datacenter=SBG, OS=none_64.en
2025-04-30 17:46:08,421 - INFO - 用户请求选项值: set()
2025-04-30 17:46:08,421 - INFO - 正在检查计划代码 25sysle011 的可用性...
2025-04-30 17:46:08,528 - INFO - 将在 3 个配置中查找 SBG 的可用性...
2025-04-30 17:46:08,528 - INFO - 计划代码 25sysle011 在数据中心 SBG 当前无可用服务器。
2025-04-30 17:50:58,718 - INFO - 开始处理任务 826906f4-35fd-4cb8-83b7-39b56e19bd4b (使用 /eco/options 添加硬件)
2025-04-30 17:50:58,718 - INFO - 用户请求配置: planCode=25sysle011, datacenter=SBG, OS=none_64.en
2025-04-30 17:50:58,718 - INFO - 用户请求选项值: set()
2025-04-30 17:50:58,718 - INFO - 正在检查计划代码 25sysle011 的可用性...
2025-04-30 17:50:58,808 - INFO - 将在 3 个配置中查找 SBG 的可用性...
2025-04-30 17:50:58,809 - INFO - 计划代码 25sysle011 在数据中心 SBG 当前无可用服务器。
2025-04-30 17:55:48,647 - INFO - 开始处理任务 826906f4-35fd-4cb8-83b7-39b56e19bd4b (使用 /eco/options 添加硬件)
2025-04-30 17:55:48,647 - INFO - 用户请求配置: planCode=25sysle011, datacenter=SBG, OS=none_64.en
2025-04-30 17:55:48,647 - INFO - 用户请求选项值: set()
2025-04-30 17:55:48,649 - INFO - 正在检查计划代码 25sysle011 的可用性...
2025-04-30 17:55:48,738 - INFO - 将在 3 个配置中查找 SBG 的可用性...
2025-04-30 17:55:48,738 - INFO - 计划代码 25sysle011 在数据中心 SBG 当前无可用服务器。
2025-04-30 18:00:34,211 - INFO - 开始处理任务 826906f4-35fd-4cb8-83b7-39b56e19bd4b (使用 /eco/options 添加硬件)
2025-04-30 18:00:34,211 - INFO - 用户请求配置: planCode=25sysle011, datacenter=SBG, OS=none_64.en
2025-04-30 18:00:34,211 - INFO - 用户请求选项值: set()
2025-04-30 18:00:34,211 - INFO - 正在检查计划代码 25sysle011 的可用性...
2025-04-30 18:00:34,310 - INFO - 将在 3 个配置中查找 SBG 的可用性...
2025-04-30 18:00:34,310 - INFO - 计划代码 25sysle011 在数据中心 SBG 当前无可用服务器。
2025-04-30 18:05:24,288 - INFO - 开始处理任务 826906f4-35fd-4cb8-83b7-39b56e19bd4b (使用 /eco/options 添加硬件)
2025-04-30 18:05:24,288 - INFO - 用户请求配置: planCode=25sysle011, datacenter=SBG, OS=none_64.en
2025-04-30 18:05:24,289 - INFO - 用户请求选项值: set()
2025-04-30 18:05:24,289 - INFO - 正在检查计划代码 25sysle011 的可用性...
2025-04-30 18:05:24,385 - INFO - 将在 3 个配置中查找 SBG 的可用性...
2025-04-30 18:05:24,385 - INFO - 计划代码 25sysle011 在数据中心 SBG 当前无可用服务器。
2025-04-30 18:10:13,989 - INFO - 开始处理任务 826906f4-35fd-4cb8-83b7-39b56e19bd4b (使用 /eco/options 添加硬件)
2025-04-30 18:10:13,989 - INFO - 用户请求配置: planCode=25sysle011, datacenter=SBG, OS=none_64.en
2025-04-30 18:10:13,989 - INFO - 用户请求选项值: set()
2025-04-30 18:10:13,990 - INFO - 正在检查计划代码 25sysle011 的可用性...
2025-04-30 18:10:14,503 - INFO - 将在 3 个配置中查找 SBG 的可用性...
2025-04-30 18:10:14,503 - INFO - 计划代码 25sysle011 在数据中心 SBG 当前无可用服务器。
2025-04-30 18:15:04,102 - INFO - 开始处理任务 826906f4-35fd-4cb8-83b7-39b56e19bd4b (使用 /eco/options 添加硬件)
2025-04-30 18:15:04,103 - INFO - 用户请求配置: planCode=25sysle011, datacenter=SBG, OS=none_64.en
2025-04-30 18:15:04,103 - INFO - 用户请求选项值: set()
2025-04-30 18:15:04,104 - INFO - 正在检查计划代码 25sysle011 的可用性...
2025-04-30 18:15:04,194 - INFO - 将在 3 个配置中查找 SBG 的可用性...
2025-04-30 18:15:04,194 - INFO - 计划代码 25sysle011 在数据中心 SBG 当前无可用服务器。
2025-04-30 18:19:50,463 - INFO - 开始处理任务 826906f4-35fd-4cb8-83b7-39b56e19bd4b (使用 /eco/options 添加硬件)
2025-04-30 18:19:50,464 - INFO - 用户请求配置: planCode=25sysle011, datacenter=SBG, OS=none_64.en
2025-04-30 18:19:50,464 - INFO - 用户请求选项值: set()
2025-04-30 18:19:50,464 - INFO - 正在检查计划代码 25sysle011 的可用性...
2025-04-30 18:19:50,557 - INFO - 将在 3 个配置中查找 SBG 的可用性...
2025-04-30 18:19:50,557 - INFO - 计划代码 25sysle011 在数据中心 SBG 当前无可用服务器。
2025-04-30 18:24:39,318 - INFO - 开始处理任务 826906f4-35fd-4cb8-83b7-39b56e19bd4b (使用 /eco/options 添加硬件)
2025-04-30 18:24:39,319 - INFO - 用户请求配置: planCode=25sysle011, datacenter=SBG, OS=none_64.en
2025-04-30 18:24:39,319 - INFO - 用户请求选项值: set()
2025-04-30 18:24:39,320 - INFO - 正在检查计划代码 25sysle011 的可用性...
2025-04-30 18:24:39,411 - INFO - 将在 3 个配置中查找 SBG 的可用性...
2025-04-30 18:24:39,411 - INFO - 计划代码 25sysle011 在数据中心 SBG 当前无可用服务器。
2025-04-30 18:29:24,424 - INFO - 开始处理任务 826906f4-35fd-4cb8-83b7-39b56e19bd4b (使用 /eco/options 添加硬件)
2025-04-30 18:29:24,424 - INFO - 用户请求配置: planCode=25sysle011, datacenter=SBG, OS=none_64.en
2025-04-30 18:29:24,424 - INFO - 用户请求选项值: set()
2025-04-30 18:29:24,425 - INFO - 正在检查计划代码 25sysle011 的可用性...
2025-04-30 18:29:24,526 - INFO - 将在 3 个配置中查找 SBG 的可用性...
2025-04-30 18:29:24,526 - INFO - 计划代码 25sysle011 在数据中心 SBG 当前无可用服务器。
2025-04-30 18:34:15,024 - INFO - 开始处理任务 826906f4-35fd-4cb8-83b7-39b56e19bd4b (使用 /eco/options 添加硬件)
2025-04-30 18:34:15,025 - INFO - 用户请求配置: planCode=25sysle011, datacenter=SBG, OS=none_64.en
2025-04-30 18:34:15,025 - INFO - 用户请求选项值: set()
2025-04-30 18:34:15,025 - INFO - 正在检查计划代码 25sysle011 的可用性...
2025-04-30 18:34:15,114 - INFO - 将在 3 个配置中查找 SBG 的可用性...
2025-04-30 18:34:15,114 - INFO - 计划代码 25sysle011 在数据中心 SBG 当前无可用服务器。
2025-04-30 18:39:04,637 - INFO - 开始处理任务 826906f4-35fd-4cb8-83b7-39b56e19bd4b (使用 /eco/options 添加硬件)
2025-04-30 18:39:04,637 - INFO - 用户请求配置: planCode=25sysle011, datacenter=SBG, OS=none_64.en
2025-04-30 18:39:04,637 - INFO - 用户请求选项值: set()
2025-04-30 18:39:04,638 - INFO - 正在检查计划代码 25sysle011 的可用性...
2025-04-30 18:39:04,734 - INFO - 将在 3 个配置中查找 SBG 的可用性...
2025-04-30 18:39:04,734 - INFO - 计划代码 25sysle011 在数据中心 SBG 当前无可用服务器。
2025-04-30 18:43:49,741 - INFO - 开始处理任务 826906f4-35fd-4cb8-83b7-39b56e19bd4b (使用 /eco/options 添加硬件)
2025-04-30 18:43:49,741 - INFO - 用户请求配置: planCode=25sysle011, datacenter=SBG, OS=none_64.en
2025-04-30 18:43:49,741 - INFO - 用户请求选项值: set()
2025-04-30 18:43:49,741 - INFO - 正在检查计划代码 25sysle011 的可用性...
2025-04-30 18:43:49,848 - INFO - 将在 3 个配置中查找 SBG 的可用性...
2025-04-30 18:43:49,848 - INFO - 计划代码 25sysle011 在数据中心 SBG 当前无可用服务器。
2025-04-30 18:48:34,859 - INFO - 开始处理任务 826906f4-35fd-4cb8-83b7-39b56e19bd4b (使用 /eco/options 添加硬件)
2025-04-30 18:48:34,860 - INFO - 用户请求配置: planCode=25sysle011, datacenter=SBG, OS=none_64.en
2025-04-30 18:48:34,860 - INFO - 用户请求选项值: set()
2025-04-30 18:48:34,861 - INFO - 正在检查计划代码 25sysle011 的可用性...
2025-04-30 18:48:34,956 - INFO - 将在 3 个配置中查找 SBG 的可用性...
2025-04-30 18:48:34,956 - INFO - 计划代码 25sysle011 在数据中心 SBG 当前无可用服务器。
2025-04-30 18:53:19,967 - INFO - 开始处理任务 826906f4-35fd-4cb8-83b7-39b56e19bd4b (使用 /eco/options 添加硬件)
2025-04-30 18:53:19,967 - INFO - 用户请求配置: planCode=25sysle011, datacenter=SBG, OS=none_64.en
2025-04-30 18:53:19,967 - INFO - 用户请求选项值: set()
2025-04-30 18:53:19,968 - INFO - 正在检查计划代码 25sysle011 的可用性...
2025-04-30 18:53:20,065 - INFO - 将在 3 个配置中查找 SBG 的可用性...
2025-04-30 18:53:20,065 - INFO - 计划代码 25sysle011 在数据中心 SBG 当前无可用服务器。
2025-04-30 18:58:05,614 - INFO - 开始处理任务 826906f4-35fd-4cb8-83b7-39b56e19bd4b (使用 /eco/options 添加硬件)
2025-04-30 18:58:05,615 - INFO - 用户请求配置: planCode=25sysle011, datacenter=SBG, OS=none_64.en
2025-04-30 18:58:05,615 - INFO - 用户请求选项值: set()
2025-04-30 18:58:05,615 - INFO - 正在检查计划代码 25sysle011 的可用性...
2025-04-30 18:58:05,717 - INFO - 将在 3 个配置中查找 SBG 的可用性...
2025-04-30 18:58:05,717 - INFO - 计划代码 25sysle011 在数据中心 SBG 当前无可用服务器。
2025-04-30 19:02:55,195 - INFO - 开始处理任务 826906f4-35fd-4cb8-83b7-39b56e19bd4b (使用 /eco/options 添加硬件)
2025-04-30 19:02:55,195 - INFO - 用户请求配置: planCode=25sysle011, datacenter=SBG, OS=none_64.en
2025-04-30 19:02:55,195 - INFO - 用户请求选项值: set()
2025-04-30 19:02:55,196 - INFO - 正在检查计划代码 25sysle011 的可用性...
2025-04-30 19:02:55,285 - INFO - 将在 3 个配置中查找 SBG 的可用性...
2025-04-30 19:02:55,285 - INFO - 计划代码 25sysle011 在数据中心 SBG 当前无可用服务器。
2025-04-30 19:07:40,293 - INFO - 开始处理任务 826906f4-35fd-4cb8-83b7-39b56e19bd4b (使用 /eco/options 添加硬件)
2025-04-30 19:07:40,293 - INFO - 用户请求配置: planCode=25sysle011, datacenter=SBG, OS=none_64.en
2025-04-30 19:07:40,293 - INFO - 用户请求选项值: set()
2025-04-30 19:07:40,293 - INFO - 正在检查计划代码 25sysle011 的可用性...
2025-04-30 19:07:40,706 - INFO - 将在 3 个配置中查找 SBG 的可用性...
2025-04-30 19:07:40,706 - INFO - 计划代码 25sysle011 在数据中心 SBG 当前无可用服务器。
2025-04-30 19:12:30,406 - INFO - 开始处理任务 826906f4-35fd-4cb8-83b7-39b56e19bd4b (使用 /eco/options 添加硬件)
2025-04-30 19:12:30,406 - INFO - 用户请求配置: planCode=25sysle011, datacenter=SBG, OS=none_64.en
2025-04-30 19:12:30,406 - INFO - 用户请求选项值: set()
2025-04-30 19:12:30,407 - INFO - 正在检查计划代码 25sysle011 的可用性...
2025-04-30 19:12:30,506 - INFO - 将在 3 个配置中查找 SBG 的可用性...
2025-04-30 19:12:30,506 - INFO - 计划代码 25sysle011 在数据中心 SBG 当前无可用服务器。
2025-04-30 19:17:20,508 - INFO - 开始处理任务 826906f4-35fd-4cb8-83b7-39b56e19bd4b (使用 /eco/options 添加硬件)
2025-04-30 19:17:20,508 - INFO - 用户请求配置: planCode=25sysle011, datacenter=SBG, OS=none_64.en
2025-04-30 19:17:20,508 - INFO - 用户请求选项值: set()
2025-04-30 19:17:20,508 - INFO - 正在检查计划代码 25sysle011 的可用性...
2025-04-30 19:17:20,928 - INFO - 将在 3 个配置中查找 SBG 的可用性...
2025-04-30 19:17:20,928 - INFO - 计划代码 25sysle011 在数据中心 SBG 当前无可用服务器。
2025-04-30 19:22:10,618 - INFO - 开始处理任务 826906f4-35fd-4cb8-83b7-39b56e19bd4b (使用 /eco/options 添加硬件)
2025-04-30 19:22:10,618 - INFO - 用户请求配置: planCode=25sysle011, datacenter=SBG, OS=none_64.en
2025-04-30 19:22:10,618 - INFO - 用户请求选项值: set()
2025-04-30 19:22:10,619 - INFO - 正在检查计划代码 25sysle011 的可用性...
2025-04-30 19:22:10,724 - INFO - 将在 3 个配置中查找 SBG 的可用性...
2025-04-30 19:22:10,724 - INFO - 计划代码 25sysle011 在数据中心 SBG 当前无可用服务器。
2025-04-30 19:27:00,726 - INFO - 开始处理任务 826906f4-35fd-4cb8-83b7-39b56e19bd4b (使用 /eco/options 添加硬件)
2025-04-30 19:27:00,726 - INFO - 用户请求配置: planCode=25sysle011, datacenter=SBG, OS=none_64.en
2025-04-30 19:27:00,726 - INFO - 用户请求选项值: set()
2025-04-30 19:27:00,727 - INFO - 正在检查计划代码 25sysle011 的可用性...
2025-04-30 19:27:01,150 - INFO - 将在 3 个配置中查找 SBG 的可用性...
2025-04-30 19:27:01,150 - INFO - 计划代码 25sysle011 在数据中心 SBG 当前无可用服务器。
2025-04-30 19:31:50,838 - INFO - 开始处理任务 826906f4-35fd-4cb8-83b7-39b56e19bd4b (使用 /eco/options 添加硬件)
2025-04-30 19:31:50,838 - INFO - 用户请求配置: planCode=25sysle011, datacenter=SBG, OS=none_64.en
2025-04-30 19:31:50,838 - INFO - 用户请求选项值: set()
2025-04-30 19:31:50,839 - INFO - 正在检查计划代码 25sysle011 的可用性...
2025-04-30 19:31:50,934 - INFO - 将在 3 个配置中查找 SBG 的可用性...
2025-04-30 19:31:50,934 - INFO - 计划代码 25sysle011 在数据中心 SBG 当前无可用服务器。
2025-04-30 19:36:35,939 - INFO - 开始处理任务 826906f4-35fd-4cb8-83b7-39b56e19bd4b (使用 /eco/options 添加硬件)
2025-04-30 19:36:35,939 - INFO - 用户请求配置: planCode=25sysle011, datacenter=SBG, OS=none_64.en
2025-04-30 19:36:35,939 - INFO - 用户请求选项值: set()
2025-04-30 19:36:35,940 - INFO - 正在检查计划代码 25sysle011 的可用性...
2025-04-30 19:36:36,051 - INFO - 将在 3 个配置中查找 SBG 的可用性...
2025-04-30 19:36:36,051 - INFO - 计划代码 25sysle011 在数据中心 SBG 当前无可用服务器。
2025-04-30 19:41:26,555 - INFO - 开始处理任务 826906f4-35fd-4cb8-83b7-39b56e19bd4b (使用 /eco/options 添加硬件)
2025-04-30 19:41:26,555 - INFO - 用户请求配置: planCode=25sysle011, datacenter=SBG, OS=none_64.en
2025-04-30 19:41:26,555 - INFO - 用户请求选项值: set()
2025-04-30 19:41:26,555 - INFO - 正在检查计划代码 25sysle011 的可用性...
2025-04-30 19:41:26,651 - INFO - 将在 3 个配置中查找 SBG 的可用性...
2025-04-30 19:41:26,651 - INFO - 计划代码 25sysle011 在数据中心 SBG 当前无可用服务器。
2025-04-30 19:46:16,157 - INFO - 开始处理任务 826906f4-35fd-4cb8-83b7-39b56e19bd4b (使用 /eco/options 添加硬件)
2025-04-30 19:46:16,157 - INFO - 用户请求配置: planCode=25sysle011, datacenter=SBG, OS=none_64.en
2025-04-30 19:46:16,157 - INFO - 用户请求选项值: set()
2025-04-30 19:46:16,158 - INFO - 正在检查计划代码 25sysle011 的可用性...
2025-04-30 19:46:16,273 - INFO - 将在 3 个配置中查找 SBG 的可用性...
2025-04-30 19:46:16,273 - INFO - 计划代码 25sysle011 在数据中心 SBG 当前无可用服务器。
2025-04-30 19:51:06,728 - INFO - 开始处理任务 826906f4-35fd-4cb8-83b7-39b56e19bd4b (使用 /eco/options 添加硬件)
2025-04-30 19:51:06,728 - INFO - 用户请求配置: planCode=25sysle011, datacenter=SBG, OS=none_64.en
2025-04-30 19:51:06,728 - INFO - 用户请求选项值: set()
2025-04-30 19:51:06,729 - INFO - 正在检查计划代码 25sysle011 的可用性...
2025-04-30 19:51:06,831 - INFO - 将在 3 个配置中查找 SBG 的可用性...
2025-04-30 19:51:06,831 - INFO - 计划代码 25sysle011 在数据中心 SBG 当前无可用服务器。
2025-04-30 19:55:56,472 - INFO - 开始处理任务 826906f4-35fd-4cb8-83b7-39b56e19bd4b (使用 /eco/options 添加硬件)
2025-04-30 19:55:56,474 - INFO - 用户请求配置: planCode=25sysle011, datacenter=SBG, OS=none_64.en
2025-04-30 19:55:56,474 - INFO - 用户请求选项值: set()
2025-04-30 19:55:56,475 - INFO - 正在检查计划代码 25sysle011 的可用性...
2025-04-30 19:55:56,568 - INFO - 将在 3 个配置中查找 SBG 的可用性...
2025-04-30 19:55:56,568 - INFO - 计划代码 25sysle011 在数据中心 SBG 当前无可用服务器。
2025-04-30 20:00:46,481 - INFO - 开始处理任务 826906f4-35fd-4cb8-83b7-39b56e19bd4b (使用 /eco/options 添加硬件)
2025-04-30 20:00:46,481 - INFO - 用户请求配置: planCode=25sysle011, datacenter=SBG, OS=none_64.en
2025-04-30 20:00:46,481 - INFO - 用户请求选项值: set()
2025-04-30 20:00:46,483 - INFO - 正在检查计划代码 25sysle011 的可用性...
2025-04-30 20:00:46,913 - INFO - 将在 3 个配置中查找 SBG 的可用性...
2025-04-30 20:00:46,913 - INFO - 计划代码 25sysle011 在数据中心 SBG 当前无可用服务器。
2025-04-30 20:05:36,591 - INFO - 开始处理任务 826906f4-35fd-4cb8-83b7-39b56e19bd4b (使用 /eco/options 添加硬件)
2025-04-30 20:05:36,592 - INFO - 用户请求配置: planCode=25sysle011, datacenter=SBG, OS=none_64.en
2025-04-30 20:05:36,592 - INFO - 用户请求选项值: set()
2025-04-30 20:05:36,592 - INFO - 正在检查计划代码 25sysle011 的可用性...
2025-04-30 20:05:36,690 - INFO - 将在 3 个配置中查找 SBG 的可用性...
2025-04-30 20:05:36,690 - INFO - 计划代码 25sysle011 在数据中心 SBG 当前无可用服务器。
2025-04-30 20:10:21,697 - INFO - 开始处理任务 826906f4-35fd-4cb8-83b7-39b56e19bd4b (使用 /eco/options 添加硬件)
2025-04-30 20:10:21,699 - INFO - 用户请求配置: planCode=25sysle011, datacenter=SBG, OS=none_64.en
2025-04-30 20:10:21,699 - INFO - 用户请求选项值: set()
2025-04-30 20:10:21,699 - INFO - 正在检查计划代码 25sysle011 的可用性...
2025-04-30 20:10:21,787 - INFO - 将在 3 个配置中查找 SBG 的可用性...
2025-04-30 20:10:21,787 - INFO - 计划代码 25sysle011 在数据中心 SBG 当前无可用服务器。
2025-04-30 20:15:07,017 - INFO - 开始处理任务 826906f4-35fd-4cb8-83b7-39b56e19bd4b (使用 /eco/options 添加硬件)
2025-04-30 20:15:07,017 - INFO - 用户请求配置: planCode=25sysle011, datacenter=SBG, OS=none_64.en
2025-04-30 20:15:07,018 - INFO - 用户请求选项值: set()
2025-04-30 20:15:07,018 - INFO - 正在检查计划代码 25sysle011 的可用性...
2025-04-30 20:15:07,110 - INFO - 将在 3 个配置中查找 SBG 的可用性...
2025-04-30 20:15:07,110 - INFO - 计划代码 25sysle011 在数据中心 SBG 当前无可用服务器。
2025-04-30 20:19:56,917 - INFO - 开始处理任务 826906f4-35fd-4cb8-83b7-39b56e19bd4b (使用 /eco/options 添加硬件)
2025-04-30 20:19:56,917 - INFO - 用户请求配置: planCode=25sysle011, datacenter=SBG, OS=none_64.en
2025-04-30 20:19:56,917 - INFO - 用户请求选项值: set()
2025-04-30 20:19:56,919 - INFO - 正在检查计划代码 25sysle011 的可用性...
2025-04-30 20:19:57,021 - INFO - 将在 3 个配置中查找 SBG 的可用性...
2025-04-30 20:19:57,021 - INFO - 计划代码 25sysle011 在数据中心 SBG 当前无可用服务器。
2025-04-30 20:24:47,543 - INFO - 开始处理任务 826906f4-35fd-4cb8-83b7-39b56e19bd4b (使用 /eco/options 添加硬件)
2025-04-30 20:24:47,543 - INFO - 用户请求配置: planCode=25sysle011, datacenter=SBG, OS=none_64.en
2025-04-30 20:24:47,544 - INFO - 用户请求选项值: set()
2025-04-30 20:24:47,544 - INFO - 正在检查计划代码 25sysle011 的可用性...
2025-04-30 20:24:47,648 - INFO - 将在 3 个配置中查找 SBG 的可用性...
2025-04-30 20:24:47,648 - INFO - 计划代码 25sysle011 在数据中心 SBG 当前无可用服务器。
2025-04-30 20:29:37,135 - INFO - 开始处理任务 826906f4-35fd-4cb8-83b7-39b56e19bd4b (使用 /eco/options 添加硬件)
2025-04-30 20:29:37,135 - INFO - 用户请求配置: planCode=25sysle011, datacenter=SBG, OS=none_64.en
2025-04-30 20:29:37,135 - INFO - 用户请求选项值: set()
2025-04-30 20:29:37,136 - INFO - 正在检查计划代码 25sysle011 的可用性...
2025-04-30 20:29:37,236 - INFO - 将在 3 个配置中查找 SBG 的可用性...
2025-04-30 20:29:37,236 - INFO - 计划代码 25sysle011 在数据中心 SBG 当前无可用服务器。
2025-04-30 20:34:27,663 - INFO - 开始处理任务 826906f4-35fd-4cb8-83b7-39b56e19bd4b (使用 /eco/options 添加硬件)
2025-04-30 20:34:27,664 - INFO - 用户请求配置: planCode=25sysle011, datacenter=SBG, OS=none_64.en
2025-04-30 20:34:27,664 - INFO - 用户请求选项值: set()
2025-04-30 20:34:27,665 - INFO - 正在检查计划代码 25sysle011 的可用性...
2025-04-30 20:34:27,768 - INFO - 将在 3 个配置中查找 SBG 的可用性...
2025-04-30 20:34:27,768 - INFO - 计划代码 25sysle011 在数据中心 SBG 当前无可用服务器。
2025-04-30 20:39:17,772 - INFO - 开始处理任务 826906f4-35fd-4cb8-83b7-39b56e19bd4b (使用 /eco/options 添加硬件)
2025-04-30 20:39:17,774 - INFO - 用户请求配置: planCode=25sysle011, datacenter=SBG, OS=none_64.en
2025-04-30 20:39:17,774 - INFO - 用户请求选项值: set()
2025-04-30 20:39:17,774 - INFO - 正在检查计划代码 25sysle011 的可用性...
2025-04-30 20:39:17,875 - INFO - 将在 3 个配置中查找 SBG 的可用性...
2025-04-30 20:39:17,875 - INFO - 计划代码 25sysle011 在数据中心 SBG 当前无可用服务器。
2025-04-30 20:44:07,457 - INFO - 开始处理任务 826906f4-35fd-4cb8-83b7-39b56e19bd4b (使用 /eco/options 添加硬件)
2025-04-30 20:44:07,457 - INFO - 用户请求配置: planCode=25sysle011, datacenter=SBG, OS=none_64.en
2025-04-30 20:44:07,457 - INFO - 用户请求选项值: set()
2025-04-30 20:44:07,458 - INFO - 正在检查计划代码 25sysle011 的可用性...
2025-04-30 20:44:07,855 - INFO - 将在 3 个配置中查找 SBG 的可用性...
2025-04-30 20:44:07,855 - INFO - 计划代码 25sysle011 在数据中心 SBG 当前无可用服务器。
2025-04-30 20:48:57,565 - INFO - 开始处理任务 826906f4-35fd-4cb8-83b7-39b56e19bd4b (使用 /eco/options 添加硬件)
2025-04-30 20:48:57,565 - INFO - 用户请求配置: planCode=25sysle011, datacenter=SBG, OS=none_64.en
2025-04-30 20:48:57,565 - INFO - 用户请求选项值: set()
2025-04-30 20:48:57,566 - INFO - 正在检查计划代码 25sysle011 的可用性...
2025-04-30 20:48:57,654 - INFO - 将在 3 个配置中查找 SBG 的可用性...
2025-04-30 20:48:57,654 - INFO - 计划代码 25sysle011 在数据中心 SBG 当前无可用服务器。
2025-04-30 20:53:42,657 - INFO - 开始处理任务 826906f4-35fd-4cb8-83b7-39b56e19bd4b (使用 /eco/options 添加硬件)
2025-04-30 20:53:42,657 - INFO - 用户请求配置: planCode=25sysle011, datacenter=SBG, OS=none_64.en
2025-04-30 20:53:42,657 - INFO - 用户请求选项值: set()
2025-04-30 20:53:42,658 - INFO - 正在检查计划代码 25sysle011 的可用性...
2025-04-30 20:53:43,081 - INFO - 将在 3 个配置中查找 SBG 的可用性...
2025-04-30 20:53:43,081 - INFO - 计划代码 25sysle011 在数据中心 SBG 当前无可用服务器。
2025-04-30 20:58:32,774 - INFO - 开始处理任务 826906f4-35fd-4cb8-83b7-39b56e19bd4b (使用 /eco/options 添加硬件)
2025-04-30 20:58:32,775 - INFO - 用户请求配置: planCode=25sysle011, datacenter=SBG, OS=none_64.en
2025-04-30 20:58:32,775 - INFO - 用户请求选项值: set()
2025-04-30 20:58:32,775 - INFO - 正在检查计划代码 25sysle011 的可用性...
2025-04-30 20:58:32,866 - INFO - 将在 3 个配置中查找 SBG 的可用性...
2025-04-30 20:58:32,866 - INFO - 计划代码 25sysle011 在数据中心 SBG 当前无可用服务器。
2025-04-30 21:03:17,886 - INFO - 开始处理任务 826906f4-35fd-4cb8-83b7-39b56e19bd4b (使用 /eco/options 添加硬件)
2025-04-30 21:03:17,886 - INFO - 用户请求配置: planCode=25sysle011, datacenter=SBG, OS=none_64.en
2025-04-30 21:03:17,886 - INFO - 用户请求选项值: set()
2025-04-30 21:03:17,886 - INFO - 正在检查计划代码 25sysle011 的可用性...
2025-04-30 21:03:17,974 - INFO - 将在 3 个配置中查找 SBG 的可用性...
2025-04-30 21:03:17,974 - INFO - 计划代码 25sysle011 在数据中心 SBG 当前无可用服务器。
2025-04-30 21:08:03,396 - INFO - 开始处理任务 826906f4-35fd-4cb8-83b7-39b56e19bd4b (使用 /eco/options 添加硬件)
2025-04-30 21:08:03,396 - INFO - 用户请求配置: planCode=25sysle011, datacenter=SBG, OS=none_64.en
2025-04-30 21:08:03,396 - INFO - 用户请求选项值: set()
2025-04-30 21:08:03,398 - INFO - 正在检查计划代码 25sysle011 的可用性...
2025-04-30 21:08:03,495 - INFO - 将在 3 个配置中查找 SBG 的可用性...
2025-04-30 21:08:03,495 - INFO - 计划代码 25sysle011 在数据中心 SBG 当前无可用服务器。
2025-04-30 21:12:53,592 - INFO - 开始处理任务 826906f4-35fd-4cb8-83b7-39b56e19bd4b (使用 /eco/options 添加硬件)
2025-04-30 21:12:53,593 - INFO - 用户请求配置: planCode=25sysle011, datacenter=SBG, OS=none_64.en
2025-04-30 21:12:53,593 - INFO - 用户请求选项值: set()
2025-04-30 21:12:53,593 - INFO - 正在检查计划代码 25sysle011 的可用性...
2025-04-30 21:12:53,683 - INFO - 将在 3 个配置中查找 SBG 的可用性...
2025-04-30 21:12:53,683 - INFO - 计划代码 25sysle011 在数据中心 SBG 当前无可用服务器。
2025-04-30 21:17:43,201 - INFO - 开始处理任务 826906f4-35fd-4cb8-83b7-39b56e19bd4b (使用 /eco/options 添加硬件)
2025-04-30 21:17:43,201 - INFO - 用户请求配置: planCode=25sysle011, datacenter=SBG, OS=none_64.en
2025-04-30 21:17:43,201 - INFO - 用户请求选项值: set()
2025-04-30 21:17:43,201 - INFO - 正在检查计划代码 25sysle011 的可用性...
2025-04-30 21:17:43,297 - INFO - 将在 3 个配置中查找 SBG 的可用性...
2025-04-30 21:17:43,297 - INFO - 计划代码 25sysle011 在数据中心 SBG 当前无可用服务器。
2025-04-30 21:22:28,310 - INFO - 开始处理任务 826906f4-35fd-4cb8-83b7-39b56e19bd4b (使用 /eco/options 添加硬件)
2025-04-30 21:22:28,310 - INFO - 用户请求配置: planCode=25sysle011, datacenter=SBG, OS=none_64.en
2025-04-30 21:22:28,310 - INFO - 用户请求选项值: set()
2025-04-30 21:22:28,311 - INFO - 正在检查计划代码 25sysle011 的可用性...
2025-04-30 21:22:28,408 - INFO - 将在 3 个配置中查找 SBG 的可用性...
2025-04-30 21:22:28,408 - INFO - 计划代码 25sysle011 在数据中心 SBG 当前无可用服务器。
2025-04-30 21:27:13,418 - INFO - 开始处理任务 826906f4-35fd-4cb8-83b7-39b56e19bd4b (使用 /eco/options 添加硬件)
2025-04-30 21:27:13,418 - INFO - 用户请求配置: planCode=25sysle011, datacenter=SBG, OS=none_64.en
2025-04-30 21:27:13,418 - INFO - 用户请求选项值: set()
2025-04-30 21:27:13,419 - INFO - 正在检查计划代码 25sysle011 的可用性...
2025-04-30 21:27:13,511 - INFO - 将在 3 个配置中查找 SBG 的可用性...
2025-04-30 21:27:13,511 - INFO - 计划代码 25sysle011 在数据中心 SBG 当前无可用服务器。
2025-04-30 21:31:59,024 - INFO - 开始处理任务 826906f4-35fd-4cb8-83b7-39b56e19bd4b (使用 /eco/options 添加硬件)
2025-04-30 21:31:59,024 - INFO - 用户请求配置: planCode=25sysle011, datacenter=SBG, OS=none_64.en
2025-04-30 21:31:59,024 - INFO - 用户请求选项值: set()
2025-04-30 21:31:59,025 - INFO - 正在检查计划代码 25sysle011 的可用性...
2025-04-30 21:31:59,119 - INFO - 将在 3 个配置中查找 SBG 的可用性...
2025-04-30 21:31:59,119 - INFO - 计划代码 25sysle011 在数据中心 SBG 当前无可用服务器。
2025-04-30 21:36:48,639 - INFO - 开始处理任务 826906f4-35fd-4cb8-83b7-39b56e19bd4b (使用 /eco/options 添加硬件)
2025-04-30 21:36:48,639 - INFO - 用户请求配置: planCode=25sysle011, datacenter=SBG, OS=none_64.en
2025-04-30 21:36:48,639 - INFO - 用户请求选项值: set()
2025-04-30 21:36:48,639 - INFO - 正在检查计划代码 25sysle011 的可用性...
2025-04-30 21:36:48,741 - INFO - 将在 3 个配置中查找 SBG 的可用性...
2025-04-30 21:36:48,741 - INFO - 计划代码 25sysle011 在数据中心 SBG 当前无可用服务器。
2025-04-30 21:41:39,147 - INFO - 开始处理任务 826906f4-35fd-4cb8-83b7-39b56e19bd4b (使用 /eco/options 添加硬件)
2025-04-30 21:41:39,148 - INFO - 用户请求配置: planCode=25sysle011, datacenter=SBG, OS=none_64.en
2025-04-30 21:41:39,148 - INFO - 用户请求选项值: set()
2025-04-30 21:41:39,149 - INFO - 正在检查计划代码 25sysle011 的可用性...
2025-04-30 21:41:39,250 - INFO - 将在 3 个配置中查找 SBG 的可用性...
2025-04-30 21:41:39,250 - INFO - 计划代码 25sysle011 在数据中心 SBG 当前无可用服务器。
2025-04-30 21:46:29,269 - INFO - 开始处理任务 826906f4-35fd-4cb8-83b7-39b56e19bd4b (使用 /eco/options 添加硬件)
2025-04-30 21:46:29,269 - INFO - 用户请求配置: planCode=25sysle011, datacenter=SBG, OS=none_64.en
2025-04-30 21:46:29,269 - INFO - 用户请求选项值: set()
2025-04-30 21:46:29,270 - INFO - 正在检查计划代码 25sysle011 的可用性...
2025-04-30 21:46:29,388 - INFO - 将在 3 个配置中查找 SBG 的可用性...
2025-04-30 21:46:29,388 - INFO - 计划代码 25sysle011 在数据中心 SBG 当前无可用服务器。
2025-04-30 21:51:18,957 - INFO - 开始处理任务 826906f4-35fd-4cb8-83b7-39b56e19bd4b (使用 /eco/options 添加硬件)
2025-04-30 21:51:18,958 - INFO - 用户请求配置: planCode=25sysle011, datacenter=SBG, OS=none_64.en
2025-04-30 21:51:18,958 - INFO - 用户请求选项值: set()
2025-04-30 21:51:18,958 - INFO - 正在检查计划代码 25sysle011 的可用性...
2025-04-30 21:51:19,381 - INFO - 将在 3 个配置中查找 SBG 的可用性...
2025-04-30 21:51:19,381 - INFO - 计划代码 25sysle011 在数据中心 SBG 当前无可用服务器。
2025-04-30 21:56:09,070 - INFO - 开始处理任务 826906f4-35fd-4cb8-83b7-39b56e19bd4b (使用 /eco/options 添加硬件)
2025-04-30 21:56:09,070 - INFO - 用户请求配置: planCode=25sysle011, datacenter=SBG, OS=none_64.en
2025-04-30 21:56:09,070 - INFO - 用户请求选项值: set()
2025-04-30 21:56:09,071 - INFO - 正在检查计划代码 25sysle011 的可用性...
2025-04-30 21:56:09,181 - INFO - 将在 3 个配置中查找 SBG 的可用性...
2025-04-30 21:56:09,181 - INFO - 计划代码 25sysle011 在数据中心 SBG 当前无可用服务器。
2025-04-30 22:00:59,166 - INFO - 开始处理任务 826906f4-35fd-4cb8-83b7-39b56e19bd4b (使用 /eco/options 添加硬件)
2025-04-30 22:00:59,167 - INFO - 用户请求配置: planCode=25sysle011, datacenter=SBG, OS=none_64.en
2025-04-30 22:00:59,167 - INFO - 用户请求选项值: set()
2025-04-30 22:00:59,167 - INFO - 正在检查计划代码 25sysle011 的可用性...
2025-04-30 22:00:59,498 - INFO - 将在 3 个配置中查找 SBG 的可用性...
2025-04-30 22:00:59,498 - INFO - 计划代码 25sysle011 在数据中心 SBG 当前无可用服务器。
2025-04-30 22:05:49,275 - INFO - 开始处理任务 826906f4-35fd-4cb8-83b7-39b56e19bd4b (使用 /eco/options 添加硬件)
2025-04-30 22:05:49,276 - INFO - 用户请求配置: planCode=25sysle011, datacenter=SBG, OS=none_64.en
2025-04-30 22:05:49,276 - INFO - 用户请求选项值: set()
2025-04-30 22:05:49,278 - INFO - 正在检查计划代码 25sysle011 的可用性...
2025-04-30 22:05:49,368 - INFO - 将在 3 个配置中查找 SBG 的可用性...
2025-04-30 22:05:49,368 - INFO - 计划代码 25sysle011 在数据中心 SBG 当前无可用服务器。
2025-04-30 22:10:39,373 - INFO - 开始处理任务 826906f4-35fd-4cb8-83b7-39b56e19bd4b (使用 /eco/options 添加硬件)
2025-04-30 22:10:39,373 - INFO - 用户请求配置: planCode=25sysle011, datacenter=SBG, OS=none_64.en
2025-04-30 22:10:39,373 - INFO - 用户请求选项值: set()
2025-04-30 22:10:39,374 - INFO - 正在检查计划代码 25sysle011 的可用性...
2025-04-30 22:10:39,470 - INFO - 将在 3 个配置中查找 SBG 的可用性...
2025-04-30 22:10:39,470 - INFO - 计划代码 25sysle011 在数据中心 SBG 当前无可用服务器。
2025-04-30 22:15:24,675 - INFO - 开始处理任务 826906f4-35fd-4cb8-83b7-39b56e19bd4b (使用 /eco/options 添加硬件)
2025-04-30 22:15:24,675 - INFO - 用户请求配置: planCode=25sysle011, datacenter=SBG, OS=none_64.en
2025-04-30 22:15:24,675 - INFO - 用户请求选项值: set()
2025-04-30 22:15:24,675 - INFO - 正在检查计划代码 25sysle011 的可用性...
2025-04-30 22:15:24,764 - INFO - 将在 3 个配置中查找 SBG 的可用性...
2025-04-30 22:15:24,764 - INFO - 计划代码 25sysle011 在数据中心 SBG 当前无可用服务器。
2025-04-30 22:20:14,590 - INFO - 开始处理任务 826906f4-35fd-4cb8-83b7-39b56e19bd4b (使用 /eco/options 添加硬件)
2025-04-30 22:20:14,590 - INFO - 用户请求配置: planCode=25sysle011, datacenter=SBG, OS=none_64.en
2025-04-30 22:20:14,590 - INFO - 用户请求选项值: set()
2025-04-30 22:20:14,591 - INFO - 正在检查计划代码 25sysle011 的可用性...
2025-04-30 22:20:14,694 - INFO - 将在 3 个配置中查找 SBG 的可用性...
2025-04-30 22:20:14,694 - INFO - 计划代码 25sysle011 在数据中心 SBG 当前无可用服务器。
2025-04-30 22:25:05,186 - INFO - 开始处理任务 826906f4-35fd-4cb8-83b7-39b56e19bd4b (使用 /eco/options 添加硬件)
2025-04-30 22:25:05,186 - INFO - 用户请求配置: planCode=25sysle011, datacenter=SBG, OS=none_64.en
2025-04-30 22:25:05,186 - INFO - 用户请求选项值: set()
2025-04-30 22:25:05,187 - INFO - 正在检查计划代码 25sysle011 的可用性...
2025-04-30 22:25:05,277 - INFO - 将在 3 个配置中查找 SBG 的可用性...
2025-04-30 22:25:05,277 - INFO - 计划代码 25sysle011 在数据中心 SBG 当前无可用服务器。
2025-04-30 22:29:54,807 - INFO - 开始处理任务 826906f4-35fd-4cb8-83b7-39b56e19bd4b (使用 /eco/options 添加硬件)
2025-04-30 22:29:54,807 - INFO - 用户请求配置: planCode=25sysle011, datacenter=SBG, OS=none_64.en
2025-04-30 22:29:54,807 - INFO - 用户请求选项值: set()
2025-04-30 22:29:54,809 - INFO - 正在检查计划代码 25sysle011 的可用性...
2025-04-30 22:29:54,900 - INFO - 将在 3 个配置中查找 SBG 的可用性...
2025-04-30 22:29:54,900 - INFO - 计划代码 25sysle011 在数据中心 SBG 当前无可用服务器。
2025-04-30 22:34:39,914 - INFO - 开始处理任务 826906f4-35fd-4cb8-83b7-39b56e19bd4b (使用 /eco/options 添加硬件)
2025-04-30 22:34:39,914 - INFO - 用户请求配置: planCode=25sysle011, datacenter=SBG, OS=none_64.en
2025-04-30 22:34:39,914 - INFO - 用户请求选项值: set()
2025-04-30 22:34:39,915 - INFO - 正在检查计划代码 25sysle011 的可用性...
2025-04-30 22:34:40,351 - INFO - 将在 3 个配置中查找 SBG 的可用性...
2025-04-30 22:34:40,351 - INFO - 计划代码 25sysle011 在数据中心 SBG 当前无可用服务器。
2025-04-30 22:39:30,025 - INFO - 开始处理任务 826906f4-35fd-4cb8-83b7-39b56e19bd4b (使用 /eco/options 添加硬件)
2025-04-30 22:39:30,025 - INFO - 用户请求配置: planCode=25sysle011, datacenter=SBG, OS=none_64.en
2025-04-30 22:39:30,025 - INFO - 用户请求选项值: set()
2025-04-30 22:39:30,027 - INFO - 正在检查计划代码 25sysle011 的可用性...
2025-04-30 22:39:30,122 - INFO - 将在 3 个配置中查找 SBG 的可用性...
2025-04-30 22:39:30,122 - INFO - 计划代码 25sysle011 在数据中心 SBG 当前无可用服务器。
2025-04-30 22:44:15,126 - INFO - 开始处理任务 826906f4-35fd-4cb8-83b7-39b56e19bd4b (使用 /eco/options 添加硬件)
2025-04-30 22:44:15,126 - INFO - 用户请求配置: planCode=25sysle011, datacenter=SBG, OS=none_64.en
2025-04-30 22:44:15,127 - INFO - 用户请求选项值: set()
2025-04-30 22:44:15,128 - INFO - 正在检查计划代码 25sysle011 的可用性...
2025-04-30 22:44:15,528 - INFO - 将在 3 个配置中查找 SBG 的可用性...
2025-04-30 22:44:15,528 - INFO - 计划代码 25sysle011 在数据中心 SBG 当前无可用服务器。
2025-04-30 22:49:05,239 - INFO - 开始处理任务 826906f4-35fd-4cb8-83b7-39b56e19bd4b (使用 /eco/options 添加硬件)
2025-04-30 22:49:05,240 - INFO - 用户请求配置: planCode=25sysle011, datacenter=SBG, OS=none_64.en
2025-04-30 22:49:05,240 - INFO - 用户请求选项值: set()
2025-04-30 22:49:05,241 - INFO - 正在检查计划代码 25sysle011 的可用性...
2025-04-30 22:49:05,331 - INFO - 将在 3 个配置中查找 SBG 的可用性...
2025-04-30 22:49:05,331 - INFO - 计划代码 25sysle011 在数据中心 SBG 当前无可用服务器。
2025-04-30 22:53:50,350 - INFO - 开始处理任务 826906f4-35fd-4cb8-83b7-39b56e19bd4b (使用 /eco/options 添加硬件)
2025-04-30 22:53:50,350 - INFO - 用户请求配置: planCode=25sysle011, datacenter=SBG, OS=none_64.en
2025-04-30 22:53:50,350 - INFO - 用户请求选项值: set()
2025-04-30 22:53:50,351 - INFO - 正在检查计划代码 25sysle011 的可用性...
2025-04-30 22:53:50,459 - INFO - 将在 3 个配置中查找 SBG 的可用性...
2025-04-30 22:53:50,459 - INFO - 计划代码 25sysle011 在数据中心 SBG 当前无可用服务器。
2025-04-30 22:58:40,929 - INFO - 开始处理任务 826906f4-35fd-4cb8-83b7-39b56e19bd4b (使用 /eco/options 添加硬件)
2025-04-30 22:58:40,929 - INFO - 用户请求配置: planCode=25sysle011, datacenter=SBG, OS=none_64.en
2025-04-30 22:58:40,929 - INFO - 用户请求选项值: set()
2025-04-30 22:58:40,929 - INFO - 正在检查计划代码 25sysle011 的可用性...
2025-04-30 22:58:41,020 - INFO - 将在 3 个配置中查找 SBG 的可用性...
2025-04-30 22:58:41,020 - INFO - 计划代码 25sysle011 在数据中心 SBG 当前无可用服务器。
2025-04-30 23:03:30,564 - INFO - 开始处理任务 826906f4-35fd-4cb8-83b7-39b56e19bd4b (使用 /eco/options 添加硬件)
2025-04-30 23:03:30,564 - INFO - 用户请求配置: planCode=25sysle011, datacenter=SBG, OS=none_64.en
2025-04-30 23:03:30,564 - INFO - 用户请求选项值: set()
2025-04-30 23:03:30,566 - INFO - 正在检查计划代码 25sysle011 的可用性...
2025-04-30 23:03:30,658 - INFO - 将在 3 个配置中查找 SBG 的可用性...
2025-04-30 23:03:30,658 - INFO - 计划代码 25sysle011 在数据中心 SBG 当前无可用服务器。
2025-04-30 23:08:15,667 - INFO - 开始处理任务 826906f4-35fd-4cb8-83b7-39b56e19bd4b (使用 /eco/options 添加硬件)
2025-04-30 23:08:15,667 - INFO - 用户请求配置: planCode=25sysle011, datacenter=SBG, OS=none_64.en
2025-04-30 23:08:15,667 - INFO - 用户请求选项值: set()
2025-04-30 23:08:15,668 - INFO - 正在检查计划代码 25sysle011 的可用性...
2025-04-30 23:08:16,076 - INFO - 将在 3 个配置中查找 SBG 的可用性...
2025-04-30 23:08:16,076 - INFO - 计划代码 25sysle011 在数据中心 SBG 当前无可用服务器。
2025-04-30 23:13:05,784 - INFO - 开始处理任务 826906f4-35fd-4cb8-83b7-39b56e19bd4b (使用 /eco/options 添加硬件)
2025-04-30 23:13:05,785 - INFO - 用户请求配置: planCode=25sysle011, datacenter=SBG, OS=none_64.en
2025-04-30 23:13:05,785 - INFO - 用户请求选项值: set()
2025-04-30 23:13:05,787 - INFO - 正在检查计划代码 25sysle011 的可用性...
2025-04-30 23:13:05,884 - INFO - 将在 3 个配置中查找 SBG 的可用性...
2025-04-30 23:13:05,884 - INFO - 计划代码 25sysle011 在数据中心 SBG 当前无可用服务器。
2025-04-30 23:17:55,887 - INFO - 开始处理任务 826906f4-35fd-4cb8-83b7-39b56e19bd4b (使用 /eco/options 添加硬件)
2025-04-30 23:17:55,888 - INFO - 用户请求配置: planCode=25sysle011, datacenter=SBG, OS=none_64.en
2025-04-30 23:17:55,888 - INFO - 用户请求选项值: set()
2025-04-30 23:17:55,888 - INFO - 正在检查计划代码 25sysle011 的可用性...
2025-04-30 23:17:56,235 - INFO - 将在 3 个配置中查找 SBG 的可用性...
2025-04-30 23:17:56,235 - INFO - 计划代码 25sysle011 在数据中心 SBG 当前无可用服务器。
2025-04-30 23:22:46,005 - INFO - 开始处理任务 826906f4-35fd-4cb8-83b7-39b56e19bd4b (使用 /eco/options 添加硬件)
2025-04-30 23:22:46,005 - INFO - 用户请求配置: planCode=25sysle011, datacenter=SBG, OS=none_64.en
2025-04-30 23:22:46,005 - INFO - 用户请求选项值: set()
2025-04-30 23:22:46,006 - INFO - 正在检查计划代码 25sysle011 的可用性...
2025-04-30 23:22:46,099 - INFO - 将在 3 个配置中查找 SBG 的可用性...
2025-04-30 23:22:46,099 - INFO - 计划代码 25sysle011 在数据中心 SBG 当前无可用服务器。
2025-04-30 23:27:31,877 - INFO - 开始处理任务 826906f4-35fd-4cb8-83b7-39b56e19bd4b (使用 /eco/options 添加硬件)
2025-04-30 23:27:31,877 - INFO - 用户请求配置: planCode=25sysle011, datacenter=SBG, OS=none_64.en
2025-04-30 23:27:31,877 - INFO - 用户请求选项值: set()
2025-04-30 23:27:31,878 - INFO - 正在检查计划代码 25sysle011 的可用性...
2025-04-30 23:27:32,281 - INFO - 将在 3 个配置中查找 SBG 的可用性...
2025-04-30 23:27:32,281 - INFO - 计划代码 25sysle011 在数据中心 SBG 当前无可用服务器。
2025-04-30 23:32:22,105 - INFO - 开始处理任务 826906f4-35fd-4cb8-83b7-39b56e19bd4b (使用 /eco/options 添加硬件)
2025-04-30 23:32:22,105 - INFO - 用户请求配置: planCode=25sysle011, datacenter=SBG, OS=none_64.en
2025-04-30 23:32:22,105 - INFO - 用户请求选项值: set()
2025-04-30 23:32:22,107 - INFO - 正在检查计划代码 25sysle011 的可用性...
2025-04-30 23:32:22,201 - INFO - 将在 3 个配置中查找 SBG 的可用性...
2025-04-30 23:32:22,201 - INFO - 计划代码 25sysle011 在数据中心 SBG 当前无可用服务器。
2025-04-30 23:37:12,096 - INFO - 开始处理任务 826906f4-35fd-4cb8-83b7-39b56e19bd4b (使用 /eco/options 添加硬件)
2025-04-30 23:37:12,096 - INFO - 用户请求配置: planCode=25sysle011, datacenter=SBG, OS=none_64.en
2025-04-30 23:37:12,096 - INFO - 用户请求选项值: set()
2025-04-30 23:37:12,097 - INFO - 正在检查计划代码 25sysle011 的可用性...
2025-04-30 23:37:12,195 - INFO - 将在 3 个配置中查找 SBG 的可用性...
2025-04-30 23:37:12,195 - INFO - 计划代码 25sysle011 在数据中心 SBG 当前无可用服务器。
2025-04-30 23:41:57,704 - INFO - 开始处理任务 826906f4-35fd-4cb8-83b7-39b56e19bd4b (使用 /eco/options 添加硬件)
2025-04-30 23:41:57,705 - INFO - 用户请求配置: planCode=25sysle011, datacenter=SBG, OS=none_64.en
2025-04-30 23:41:57,705 - INFO - 用户请求选项值: set()
2025-04-30 23:41:57,705 - INFO - 正在检查计划代码 25sysle011 的可用性...
2025-04-30 23:41:57,798 - INFO - 将在 3 个配置中查找 SBG 的可用性...
2025-04-30 23:41:57,798 - INFO - 计划代码 25sysle011 在数据中心 SBG 当前无可用服务器。
2025-04-30 23:46:47,310 - INFO - 开始处理任务 826906f4-35fd-4cb8-83b7-39b56e19bd4b (使用 /eco/options 添加硬件)
2025-04-30 23:46:47,310 - INFO - 用户请求配置: planCode=25sysle011, datacenter=SBG, OS=none_64.en
2025-04-30 23:46:47,310 - INFO - 用户请求选项值: set()
2025-04-30 23:46:47,311 - INFO - 正在检查计划代码 25sysle011 的可用性...
2025-04-30 23:46:47,397 - INFO - 将在 3 个配置中查找 SBG 的可用性...
2025-04-30 23:46:47,397 - INFO - 计划代码 25sysle011 在数据中心 SBG 当前无可用服务器。
2025-04-30 23:51:32,411 - INFO - 开始处理任务 826906f4-35fd-4cb8-83b7-39b56e19bd4b (使用 /eco/options 添加硬件)
2025-04-30 23:51:32,411 - INFO - 用户请求配置: planCode=25sysle011, datacenter=SBG, OS=none_64.en
2025-04-30 23:51:32,411 - INFO - 用户请求选项值: set()
2025-04-30 23:51:32,412 - INFO - 正在检查计划代码 25sysle011 的可用性...
2025-04-30 23:51:32,818 - INFO - 将在 3 个配置中查找 SBG 的可用性...
2025-04-30 23:51:32,818 - INFO - 计划代码 25sysle011 在数据中心 SBG 当前无可用服务器。
2025-04-30 23:56:22,517 - INFO - 开始处理任务 826906f4-35fd-4cb8-83b7-39b56e19bd4b (使用 /eco/options 添加硬件)
2025-04-30 23:56:22,518 - INFO - 用户请求配置: planCode=25sysle011, datacenter=SBG, OS=none_64.en
2025-04-30 23:56:22,518 - INFO - 用户请求选项值: set()
2025-04-30 23:56:22,518 - INFO - 正在检查计划代码 25sysle011 的可用性...
2025-04-30 23:56:22,624 - INFO - 将在 3 个配置中查找 SBG 的可用性...
2025-04-30 23:56:22,624 - INFO - 计划代码 25sysle011 在数据中心 SBG 当前无可用服务器。
2025-05-01 00:01:07,631 - INFO - 开始处理任务 826906f4-35fd-4cb8-83b7-39b56e19bd4b (使用 /eco/options 添加硬件)
2025-05-01 00:01:07,631 - INFO - 用户请求配置: planCode=25sysle011, datacenter=SBG, OS=none_64.en
2025-05-01 00:01:07,631 - INFO - 用户请求选项值: set()
2025-05-01 00:01:07,632 - INFO - 正在检查计划代码 25sysle011 的可用性...
2025-05-01 00:01:07,730 - INFO - 将在 3 个配置中查找 SBG 的可用性...
2025-05-01 00:01:07,730 - INFO - 计划代码 25sysle011 在数据中心 SBG 当前无可用服务器。
2025-05-01 00:05:52,949 - INFO - 开始处理任务 826906f4-35fd-4cb8-83b7-39b56e19bd4b (使用 /eco/options 添加硬件)
2025-05-01 00:05:52,949 - INFO - 用户请求配置: planCode=25sysle011, datacenter=SBG, OS=none_64.en
2025-05-01 00:05:52,949 - INFO - 用户请求选项值: set()
2025-05-01 00:05:52,952 - INFO - 正在检查计划代码 25sysle011 的可用性...
2025-05-01 00:05:53,042 - INFO - 将在 3 个配置中查找 SBG 的可用性...
2025-05-01 00:05:53,042 - INFO - 计划代码 25sysle011 在数据中心 SBG 当前无可用服务器。
2025-05-01 00:10:42,852 - INFO - 开始处理任务 826906f4-35fd-4cb8-83b7-39b56e19bd4b (使用 /eco/options 添加硬件)
2025-05-01 00:10:42,852 - INFO - 用户请求配置: planCode=25sysle011, datacenter=SBG, OS=none_64.en
2025-05-01 00:10:42,852 - INFO - 用户请求选项值: set()
2025-05-01 00:10:42,853 - INFO - 正在检查计划代码 25sysle011 的可用性...
2025-05-01 00:10:42,939 - INFO - 将在 3 个配置中查找 SBG 的可用性...
2025-05-01 00:10:42,939 - INFO - 计划代码 25sysle011 在数据中心 SBG 当前无可用服务器。
2025-05-01 00:15:28,273 - INFO - 开始处理任务 826906f4-35fd-4cb8-83b7-39b56e19bd4b (使用 /eco/options 添加硬件)
2025-05-01 00:15:28,273 - INFO - 用户请求配置: planCode=25sysle011, datacenter=SBG, OS=none_64.en
2025-05-01 00:15:28,273 - INFO - 用户请求选项值: set()
2025-05-01 00:15:28,275 - INFO - 正在检查计划代码 25sysle011 的可用性...
2025-05-01 00:15:28,377 - INFO - 将在 3 个配置中查找 SBG 的可用性...
2025-05-01 00:15:28,377 - INFO - 计划代码 25sysle011 在数据中心 SBG 当前无可用服务器。
2025-05-01 00:20:18,503 - INFO - 开始处理任务 826906f4-35fd-4cb8-83b7-39b56e19bd4b (使用 /eco/options 添加硬件)
2025-05-01 00:20:18,503 - INFO - 用户请求配置: planCode=25sysle011, datacenter=SBG, OS=none_64.en
2025-05-01 00:20:18,503 - INFO - 用户请求选项值: set()
2025-05-01 00:20:18,505 - INFO - 正在检查计划代码 25sysle011 的可用性...
2025-05-01 00:20:18,602 - INFO - 将在 3 个配置中查找 SBG 的可用性...
2025-05-01 00:20:18,602 - INFO - 计划代码 25sysle011 在数据中心 SBG 当前无可用服务器。
2025-05-01 00:25:08,170 - INFO - 开始处理任务 826906f4-35fd-4cb8-83b7-39b56e19bd4b (使用 /eco/options 添加硬件)
2025-05-01 00:25:08,170 - INFO - 用户请求配置: planCode=25sysle011, datacenter=SBG, OS=none_64.en
2025-05-01 00:25:08,170 - INFO - 用户请求选项值: set()
2025-05-01 00:25:08,171 - INFO - 正在检查计划代码 25sysle011 的可用性...
2025-05-01 00:25:08,485 - INFO - 将在 3 个配置中查找 SBG 的可用性...
2025-05-01 00:25:08,485 - INFO - 计划代码 25sysle011 在数据中心 SBG 当前无可用服务器。
2025-05-01 00:29:58,286 - INFO - 开始处理任务 826906f4-35fd-4cb8-83b7-39b56e19bd4b (使用 /eco/options 添加硬件)
2025-05-01 00:29:58,286 - INFO - 用户请求配置: planCode=25sysle011, datacenter=SBG, OS=none_64.en
2025-05-01 00:29:58,286 - INFO - 用户请求选项值: set()
2025-05-01 00:29:58,287 - INFO - 正在检查计划代码 25sysle011 的可用性...
2025-05-01 00:29:58,389 - INFO - 将在 3 个配置中查找 SBG 的可用性...
2025-05-01 00:29:58,389 - INFO - 计划代码 25sysle011 在数据中心 SBG 当前无可用服务器。
2025-05-01 00:34:43,393 - INFO - 开始处理任务 826906f4-35fd-4cb8-83b7-39b56e19bd4b (使用 /eco/options 添加硬件)
2025-05-01 00:34:43,393 - INFO - 用户请求配置: planCode=25sysle011, datacenter=SBG, OS=none_64.en
2025-05-01 00:34:43,393 - INFO - 用户请求选项值: set()
2025-05-01 00:34:43,395 - INFO - 正在检查计划代码 25sysle011 的可用性...
2025-05-01 00:34:43,814 - INFO - 将在 3 个配置中查找 SBG 的可用性...
2025-05-01 00:34:43,814 - INFO - 计划代码 25sysle011 在数据中心 SBG 当前无可用服务器。
2025-05-01 00:39:33,503 - INFO - 开始处理任务 826906f4-35fd-4cb8-83b7-39b56e19bd4b (使用 /eco/options 添加硬件)
2025-05-01 00:39:33,503 - INFO - 用户请求配置: planCode=25sysle011, datacenter=SBG, OS=none_64.en
2025-05-01 00:39:33,503 - INFO - 用户请求选项值: set()
2025-05-01 00:39:33,504 - INFO - 正在检查计划代码 25sysle011 的可用性...
2025-05-01 00:39:33,594 - INFO - 将在 3 个配置中查找 SBG 的可用性...
2025-05-01 00:39:33,595 - INFO - 计划代码 25sysle011 在数据中心 SBG 当前无可用服务器。
2025-05-01 00:44:18,611 - INFO - 开始处理任务 826906f4-35fd-4cb8-83b7-39b56e19bd4b (使用 /eco/options 添加硬件)
2025-05-01 00:44:18,611 - INFO - 用户请求配置: planCode=25sysle011, datacenter=SBG, OS=none_64.en
2025-05-01 00:44:18,611 - INFO - 用户请求选项值: set()
2025-05-01 00:44:18,613 - INFO - 正在检查计划代码 25sysle011 的可用性...
2025-05-01 00:44:18,719 - INFO - 将在 3 个配置中查找 SBG 的可用性...
2025-05-01 00:44:18,719 - INFO - 计划代码 25sysle011 在数据中心 SBG 当前无可用服务器。
2025-05-01 00:49:09,228 - INFO - 开始处理任务 826906f4-35fd-4cb8-83b7-39b56e19bd4b (使用 /eco/options 添加硬件)
2025-05-01 00:49:09,229 - INFO - 用户请求配置: planCode=25sysle011, datacenter=SBG, OS=none_64.en
2025-05-01 00:49:09,229 - INFO - 用户请求选项值: set()
2025-05-01 00:49:09,229 - INFO - 正在检查计划代码 25sysle011 的可用性...
2025-05-01 00:49:09,319 - INFO - 将在 3 个配置中查找 SBG 的可用性...
2025-05-01 00:49:09,319 - INFO - 计划代码 25sysle011 在数据中心 SBG 当前无可用服务器。
2025-05-01 00:53:58,934 - INFO - 开始处理任务 826906f4-35fd-4cb8-83b7-39b56e19bd4b (使用 /eco/options 添加硬件)
2025-05-01 00:53:58,936 - INFO - 用户请求配置: planCode=25sysle011, datacenter=SBG, OS=none_64.en
2025-05-01 00:53:58,936 - INFO - 用户请求选项值: set()
2025-05-01 00:53:58,936 - INFO - 正在检查计划代码 25sysle011 的可用性...
2025-05-01 00:53:59,023 - INFO - 将在 3 个配置中查找 SBG 的可用性...
2025-05-01 00:53:59,023 - INFO - 计划代码 25sysle011 在数据中心 SBG 当前无可用服务器。
2025-05-01 00:58:49,365 - INFO - 开始处理任务 826906f4-35fd-4cb8-83b7-39b56e19bd4b (使用 /eco/options 添加硬件)
2025-05-01 00:58:49,365 - INFO - 用户请求配置: planCode=25sysle011, datacenter=SBG, OS=none_64.en
2025-05-01 00:58:49,367 - INFO - 用户请求选项值: set()
2025-05-01 00:58:49,367 - INFO - 正在检查计划代码 25sysle011 的可用性...
2025-05-01 00:58:49,453 - INFO - 将在 3 个配置中查找 SBG 的可用性...
2025-05-01 00:58:49,453 - INFO - 计划代码 25sysle011 在数据中心 SBG 当前无可用服务器。
2025-05-01 01:03:39,174 - INFO - 开始处理任务 826906f4-35fd-4cb8-83b7-39b56e19bd4b (使用 /eco/options 添加硬件)
2025-05-01 01:03:39,175 - INFO - 用户请求配置: planCode=25sysle011, datacenter=SBG, OS=none_64.en
2025-05-01 01:03:39,175 - INFO - 用户请求选项值: set()
2025-05-01 01:03:39,175 - INFO - 正在检查计划代码 25sysle011 的可用性...
2025-05-01 01:03:39,274 - INFO - 将在 3 个配置中查找 SBG 的可用性...
2025-05-01 01:03:39,274 - INFO - 计划代码 25sysle011 在数据中心 SBG 当前无可用服务器。
2025-05-01 01:08:29,166 - INFO - 开始处理任务 826906f4-35fd-4cb8-83b7-39b56e19bd4b (使用 /eco/options 添加硬件)
2025-05-01 01:08:29,166 - INFO - 用户请求配置: planCode=25sysle011, datacenter=SBG, OS=none_64.en
2025-05-01 01:08:29,166 - INFO - 用户请求选项值: set()
2025-05-01 01:08:29,167 - INFO - 正在检查计划代码 25sysle011 的可用性...
2025-05-01 01:08:29,274 - INFO - 将在 3 个配置中查找 SBG 的可用性...
2025-05-01 01:08:29,274 - INFO - 计划代码 25sysle011 在数据中心 SBG 当前无可用服务器。
2025-05-01 01:13:14,291 - INFO - 开始处理任务 826906f4-35fd-4cb8-83b7-39b56e19bd4b (使用 /eco/options 添加硬件)
2025-05-01 01:13:14,291 - INFO - 用户请求配置: planCode=25sysle011, datacenter=SBG, OS=none_64.en
2025-05-01 01:13:14,291 - INFO - 用户请求选项值: set()
2025-05-01 01:13:14,292 - INFO - 正在检查计划代码 25sysle011 的可用性...
2025-05-01 01:13:14,395 - INFO - 将在 3 个配置中查找 SBG 的可用性...
2025-05-01 01:13:14,395 - INFO - 计划代码 25sysle011 在数据中心 SBG 当前无可用服务器。
2025-05-01 01:17:59,400 - INFO - 开始处理任务 826906f4-35fd-4cb8-83b7-39b56e19bd4b (使用 /eco/options 添加硬件)
2025-05-01 01:17:59,400 - INFO - 用户请求配置: planCode=25sysle011, datacenter=SBG, OS=none_64.en
2025-05-01 01:17:59,400 - INFO - 用户请求选项值: set()
2025-05-01 01:17:59,401 - INFO - 正在检查计划代码 25sysle011 的可用性...
2025-05-01 01:17:59,505 - INFO - 将在 3 个配置中查找 SBG 的可用性...
2025-05-01 01:17:59,506 - INFO - 计划代码 25sysle011 在数据中心 SBG 当前无可用服务器。
2025-05-01 01:22:45,021 - INFO - 开始处理任务 826906f4-35fd-4cb8-83b7-39b56e19bd4b (使用 /eco/options 添加硬件)
2025-05-01 01:22:45,021 - INFO - 用户请求配置: planCode=25sysle011, datacenter=SBG, OS=none_64.en
2025-05-01 01:22:45,021 - INFO - 用户请求选项值: set()
2025-05-01 01:22:45,021 - INFO - 正在检查计划代码 25sysle011 的可用性...
2025-05-01 01:22:45,116 - INFO - 将在 3 个配置中查找 SBG 的可用性...
2025-05-01 01:22:45,116 - INFO - 计划代码 25sysle011 在数据中心 SBG 当前无可用服务器。
2025-05-01 01:27:34,614 - INFO - 开始处理任务 826906f4-35fd-4cb8-83b7-39b56e19bd4b (使用 /eco/options 添加硬件)
2025-05-01 01:27:34,615 - INFO - 用户请求配置: planCode=25sysle011, datacenter=SBG, OS=none_64.en
2025-05-01 01:27:34,615 - INFO - 用户请求选项值: set()
2025-05-01 01:27:34,615 - INFO - 正在检查计划代码 25sysle011 的可用性...
2025-05-01 01:27:34,715 - INFO - 将在 3 个配置中查找 SBG 的可用性...
2025-05-01 01:27:34,715 - INFO - 计划代码 25sysle011 在数据中心 SBG 当前无可用服务器。
2025-05-01 01:32:19,718 - INFO - 开始处理任务 826906f4-35fd-4cb8-83b7-39b56e19bd4b (使用 /eco/options 添加硬件)
2025-05-01 01:32:19,718 - INFO - 用户请求配置: planCode=25sysle011, datacenter=SBG, OS=none_64.en
2025-05-01 01:32:19,719 - INFO - 用户请求选项值: set()
2025-05-01 01:32:19,719 - INFO - 正在检查计划代码 25sysle011 的可用性...
2025-05-01 01:32:20,144 - INFO - 将在 3 个配置中查找 SBG 的可用性...
2025-05-01 01:32:20,144 - INFO - 计划代码 25sysle011 在数据中心 SBG 当前无可用服务器。
2025-05-01 01:37:09,836 - INFO - 开始处理任务 826906f4-35fd-4cb8-83b7-39b56e19bd4b (使用 /eco/options 添加硬件)
2025-05-01 01:37:09,836 - INFO - 用户请求配置: planCode=25sysle011, datacenter=SBG, OS=none_64.en
2025-05-01 01:37:09,836 - INFO - 用户请求选项值: set()
2025-05-01 01:37:09,837 - INFO - 正在检查计划代码 25sysle011 的可用性...
2025-05-01 01:37:09,939 - INFO - 将在 3 个配置中查找 SBG 的可用性...
2025-05-01 01:37:09,939 - INFO - 计划代码 25sysle011 在数据中心 SBG 当前无可用服务器。
2025-05-01 01:41:54,950 - INFO - 开始处理任务 826906f4-35fd-4cb8-83b7-39b56e19bd4b (使用 /eco/options 添加硬件)
2025-05-01 01:41:54,950 - INFO - 用户请求配置: planCode=25sysle011, datacenter=SBG, OS=none_64.en
2025-05-01 01:41:54,950 - INFO - 用户请求选项值: set()
2025-05-01 01:41:54,951 - INFO - 正在检查计划代码 25sysle011 的可用性...
2025-05-01 01:41:55,270 - INFO - 将在 3 个配置中查找 SBG 的可用性...
2025-05-01 01:41:55,270 - INFO - 计划代码 25sysle011 在数据中心 SBG 当前无可用服务器。
2025-05-01 01:46:45,062 - INFO - 开始处理任务 826906f4-35fd-4cb8-83b7-39b56e19bd4b (使用 /eco/options 添加硬件)
2025-05-01 01:46:45,062 - INFO - 用户请求配置: planCode=25sysle011, datacenter=SBG, OS=none_64.en
2025-05-01 01:46:45,062 - INFO - 用户请求选项值: set()
2025-05-01 01:46:45,063 - INFO - 正在检查计划代码 25sysle011 的可用性...
2025-05-01 01:46:45,152 - INFO - 将在 3 个配置中查找 SBG 的可用性...
2025-05-01 01:46:45,152 - INFO - 计划代码 25sysle011 在数据中心 SBG 当前无可用服务器。
2025-05-01 01:51:30,168 - INFO - 开始处理任务 826906f4-35fd-4cb8-83b7-39b56e19bd4b (使用 /eco/options 添加硬件)
2025-05-01 01:51:30,168 - INFO - 用户请求配置: planCode=25sysle011, datacenter=SBG, OS=none_64.en
2025-05-01 01:51:30,169 - INFO - 用户请求选项值: set()
2025-05-01 01:51:30,169 - INFO - 正在检查计划代码 25sysle011 的可用性...
2025-05-01 01:51:30,270 - INFO - 将在 3 个配置中查找 SBG 的可用性...
2025-05-01 01:51:30,270 - INFO - 计划代码 25sysle011 在数据中心 SBG 当前无可用服务器。
2025-05-01 01:56:15,728 - INFO - 开始处理任务 826906f4-35fd-4cb8-83b7-39b56e19bd4b (使用 /eco/options 添加硬件)
2025-05-01 01:56:15,730 - INFO - 用户请求配置: planCode=25sysle011, datacenter=SBG, OS=none_64.en
2025-05-01 01:56:15,730 - INFO - 用户请求选项值: set()
2025-05-01 01:56:15,730 - INFO - 正在检查计划代码 25sysle011 的可用性...
2025-05-01 01:56:15,831 - INFO - 将在 3 个配置中查找 SBG 的可用性...
2025-05-01 01:56:15,831 - INFO - 计划代码 25sysle011 在数据中心 SBG 当前无可用服务器。
2025-05-01 02:01:05,827 - INFO - 开始处理任务 826906f4-35fd-4cb8-83b7-39b56e19bd4b (使用 /eco/options 添加硬件)
2025-05-01 02:01:05,827 - INFO - 用户请求配置: planCode=25sysle011, datacenter=SBG, OS=none_64.en
2025-05-01 02:01:05,827 - INFO - 用户请求选项值: set()
2025-05-01 02:01:05,828 - INFO - 正在检查计划代码 25sysle011 的可用性...
2025-05-01 02:01:05,931 - INFO - 将在 3 个配置中查找 SBG 的可用性...
2025-05-01 02:01:05,931 - INFO - 计划代码 25sysle011 在数据中心 SBG 当前无可用服务器。
2025-05-01 02:05:55,502 - INFO - 开始处理任务 826906f4-35fd-4cb8-83b7-39b56e19bd4b (使用 /eco/options 添加硬件)
2025-05-01 02:05:55,502 - INFO - 用户请求配置: planCode=25sysle011, datacenter=SBG, OS=none_64.en
2025-05-01 02:05:55,502 - INFO - 用户请求选项值: set()
2025-05-01 02:05:55,503 - INFO - 正在检查计划代码 25sysle011 的可用性...
2025-05-01 02:05:55,832 - INFO - 将在 3 个配置中查找 SBG 的可用性...
2025-05-01 02:05:55,832 - INFO - 计划代码 25sysle011 在数据中心 SBG 当前无可用服务器。
2025-05-01 02:10:45,618 - INFO - 开始处理任务 826906f4-35fd-4cb8-83b7-39b56e19bd4b (使用 /eco/options 添加硬件)
2025-05-01 02:10:45,618 - INFO - 用户请求配置: planCode=25sysle011, datacenter=SBG, OS=none_64.en
2025-05-01 02:10:45,618 - INFO - 用户请求选项值: set()
2025-05-01 02:10:45,619 - INFO - 正在检查计划代码 25sysle011 的可用性...
2025-05-01 02:10:45,719 - INFO - 将在 3 个配置中查找 SBG 的可用性...
2025-05-01 02:10:45,719 - INFO - 计划代码 25sysle011 在数据中心 SBG 当前无可用服务器。
2025-05-01 02:15:30,728 - INFO - 开始处理任务 826906f4-35fd-4cb8-83b7-39b56e19bd4b (使用 /eco/options 添加硬件)
2025-05-01 02:15:30,728 - INFO - 用户请求配置: planCode=25sysle011, datacenter=SBG, OS=none_64.en
2025-05-01 02:15:30,729 - INFO - 用户请求选项值: set()
2025-05-01 02:15:30,730 - INFO - 正在检查计划代码 25sysle011 的可用性...
2025-05-01 02:15:31,046 - INFO - 将在 3 个配置中查找 SBG 的可用性...
2025-05-01 02:15:31,046 - INFO - 计划代码 25sysle011 在数据中心 SBG 当前无可用服务器。
2025-05-01 02:20:20,851 - INFO - 开始处理任务 826906f4-35fd-4cb8-83b7-39b56e19bd4b (使用 /eco/options 添加硬件)
2025-05-01 02:20:20,851 - INFO - 用户请求配置: planCode=25sysle011, datacenter=SBG, OS=none_64.en
2025-05-01 02:20:20,851 - INFO - 用户请求选项值: set()
2025-05-01 02:20:20,851 - INFO - 正在检查计划代码 25sysle011 的可用性...
2025-05-01 02:20:20,940 - INFO - 将在 3 个配置中查找 SBG 的可用性...
2025-05-01 02:20:20,940 - INFO - 计划代码 25sysle011 在数据中心 SBG 当前无可用服务器。
2025-05-01 02:25:06,919 - INFO - 开始处理任务 826906f4-35fd-4cb8-83b7-39b56e19bd4b (使用 /eco/options 添加硬件)
2025-05-01 02:25:06,919 - INFO - 用户请求配置: planCode=25sysle011, datacenter=SBG, OS=none_64.en
2025-05-01 02:25:06,919 - INFO - 用户请求选项值: set()
2025-05-01 02:25:06,920 - INFO - 正在检查计划代码 25sysle011 的可用性...
2025-05-01 02:25:07,013 - INFO - 将在 3 个配置中查找 SBG 的可用性...
2025-05-01 02:25:07,013 - INFO - 计划代码 25sysle011 在数据中心 SBG 当前无可用服务器。
2025-05-01 02:29:57,566 - INFO - 开始处理任务 826906f4-35fd-4cb8-83b7-39b56e19bd4b (使用 /eco/options 添加硬件)
2025-05-01 02:29:57,566 - INFO - 用户请求配置: planCode=25sysle011, datacenter=SBG, OS=none_64.en
2025-05-01 02:29:57,567 - INFO - 用户请求选项值: set()
2025-05-01 02:29:57,567 - INFO - 正在检查计划代码 25sysle011 的可用性...
2025-05-01 02:29:57,657 - INFO - 将在 3 个配置中查找 SBG 的可用性...
2025-05-01 02:29:57,657 - INFO - 计划代码 25sysle011 在数据中心 SBG 当前无可用服务器。
2025-05-01 02:34:46,186 - INFO - 开始处理任务 826906f4-35fd-4cb8-83b7-39b56e19bd4b (使用 /eco/options 添加硬件)
2025-05-01 02:34:46,186 - INFO - 用户请求配置: planCode=25sysle011, datacenter=SBG, OS=none_64.en
2025-05-01 02:34:46,186 - INFO - 用户请求选项值: set()
2025-05-01 02:34:46,187 - INFO - 正在检查计划代码 25sysle011 的可用性...
2025-05-01 02:34:46,291 - INFO - 将在 3 个配置中查找 SBG 的可用性...
2025-05-01 02:34:46,291 - INFO - 计划代码 25sysle011 在数据中心 SBG 当前无可用服务器。
2025-05-01 02:39:31,293 - INFO - 开始处理任务 826906f4-35fd-4cb8-83b7-39b56e19bd4b (使用 /eco/options 添加硬件)
2025-05-01 02:39:31,293 - INFO - 用户请求配置: planCode=25sysle011, datacenter=SBG, OS=none_64.en
2025-05-01 02:39:31,293 - INFO - 用户请求选项值: set()
2025-05-01 02:39:31,294 - INFO - 正在检查计划代码 25sysle011 的可用性...
2025-05-01 02:39:31,702 - INFO - 将在 3 个配置中查找 SBG 的可用性...
2025-05-01 02:39:31,702 - INFO - 计划代码 25sysle011 在数据中心 SBG 当前无可用服务器。
2025-05-01 02:44:21,416 - INFO - 开始处理任务 826906f4-35fd-4cb8-83b7-39b56e19bd4b (使用 /eco/options 添加硬件)
2025-05-01 02:44:21,417 - INFO - 用户请求配置: planCode=25sysle011, datacenter=SBG, OS=none_64.en
2025-05-01 02:44:21,417 - INFO - 用户请求选项值: set()
2025-05-01 02:44:21,418 - INFO - 正在检查计划代码 25sysle011 的可用性...
2025-05-01 02:44:21,516 - INFO - 将在 3 个配置中查找 SBG 的可用性...
2025-05-01 02:44:21,517 - INFO - 计划代码 25sysle011 在数据中心 SBG 当前无可用服务器。
2025-05-01 02:49:06,527 - INFO - 开始处理任务 826906f4-35fd-4cb8-83b7-39b56e19bd4b (使用 /eco/options 添加硬件)
2025-05-01 02:49:06,527 - INFO - 用户请求配置: planCode=25sysle011, datacenter=SBG, OS=none_64.en
2025-05-01 02:49:06,527 - INFO - 用户请求选项值: set()
2025-05-01 02:49:06,527 - INFO - 正在检查计划代码 25sysle011 的可用性...
2025-05-01 02:49:06,951 - INFO - 将在 3 个配置中查找 SBG 的可用性...
2025-05-01 02:49:06,951 - INFO - 计划代码 25sysle011 在数据中心 SBG 当前无可用服务器。
2025-05-01 02:53:56,652 - INFO - 开始处理任务 826906f4-35fd-4cb8-83b7-39b56e19bd4b (使用 /eco/options 添加硬件)
2025-05-01 02:53:56,652 - INFO - 用户请求配置: planCode=25sysle011, datacenter=SBG, OS=none_64.en
2025-05-01 02:53:56,652 - INFO - 用户请求选项值: set()
2025-05-01 02:53:56,654 - INFO - 正在检查计划代码 25sysle011 的可用性...
2025-05-01 02:53:56,749 - INFO - 将在 3 个配置中查找 SBG 的可用性...
2025-05-01 02:53:56,750 - INFO - 计划代码 25sysle011 在数据中心 SBG 当前无可用服务器。
2025-05-01 02:58:41,762 - INFO - 开始处理任务 826906f4-35fd-4cb8-83b7-39b56e19bd4b (使用 /eco/options 添加硬件)
2025-05-01 02:58:41,762 - INFO - 用户请求配置: planCode=25sysle011, datacenter=SBG, OS=none_64.en
2025-05-01 02:58:41,762 - INFO - 用户请求选项值: set()
2025-05-01 02:58:41,763 - INFO - 正在检查计划代码 25sysle011 的可用性...
2025-05-01 02:58:41,853 - INFO - 将在 3 个配置中查找 SBG 的可用性...
2025-05-01 02:58:41,853 - INFO - 计划代码 25sysle011 在数据中心 SBG 当前无可用服务器。
2025-05-01 03:03:27,420 - INFO - 开始处理任务 826906f4-35fd-4cb8-83b7-39b56e19bd4b (使用 /eco/options 添加硬件)
2025-05-01 03:03:27,420 - INFO - 用户请求配置: planCode=25sysle011, datacenter=SBG, OS=none_64.en
2025-05-01 03:03:27,420 - INFO - 用户请求选项值: set()
2025-05-01 03:03:27,421 - INFO - 正在检查计划代码 25sysle011 的可用性...
2025-05-01 03:03:27,523 - INFO - 将在 3 个配置中查找 SBG 的可用性...
2025-05-01 03:03:27,523 - INFO - 计划代码 25sysle011 在数据中心 SBG 当前无可用服务器。
2025-05-01 03:08:17,302 - INFO - 开始处理任务 826906f4-35fd-4cb8-83b7-39b56e19bd4b (使用 /eco/options 添加硬件)
2025-05-01 03:08:17,304 - INFO - 用户请求配置: planCode=25sysle011, datacenter=SBG, OS=none_64.en
2025-05-01 03:08:17,304 - INFO - 用户请求选项值: set()
2025-05-01 03:08:17,304 - INFO - 正在检查计划代码 25sysle011 的可用性...
2025-05-01 03:08:17,402 - INFO - 将在 3 个配置中查找 SBG 的可用性...
2025-05-01 03:08:17,402 - INFO - 计划代码 25sysle011 在数据中心 SBG 当前无可用服务器。
2025-05-01 03:13:07,093 - INFO - 开始处理任务 826906f4-35fd-4cb8-83b7-39b56e19bd4b (使用 /eco/options 添加硬件)
2025-05-01 03:13:07,094 - INFO - 用户请求配置: planCode=25sysle011, datacenter=SBG, OS=none_64.en
2025-05-01 03:13:07,094 - INFO - 用户请求选项值: set()
2025-05-01 03:13:07,094 - INFO - 正在检查计划代码 25sysle011 的可用性...
2025-05-01 03:13:07,500 - INFO - 将在 3 个配置中查找 SBG 的可用性...
2025-05-01 03:13:07,500 - INFO - 计划代码 25sysle011 在数据中心 SBG 当前无可用服务器。
2025-05-01 03:17:57,211 - INFO - 开始处理任务 826906f4-35fd-4cb8-83b7-39b56e19bd4b (使用 /eco/options 添加硬件)
2025-05-01 03:17:57,211 - INFO - 用户请求配置: planCode=25sysle011, datacenter=SBG, OS=none_64.en
2025-05-01 03:17:57,211 - INFO - 用户请求选项值: set()
2025-05-01 03:17:57,212 - INFO - 正在检查计划代码 25sysle011 的可用性...
2025-05-01 03:17:57,317 - INFO - 将在 3 个配置中查找 SBG 的可用性...
2025-05-01 03:17:57,317 - INFO - 计划代码 25sysle011 在数据中心 SBG 当前无可用服务器。
2025-05-01 03:22:47,319 - INFO - 开始处理任务 826906f4-35fd-4cb8-83b7-39b56e19bd4b (使用 /eco/options 添加硬件)
2025-05-01 03:22:47,319 - INFO - 用户请求配置: planCode=25sysle011, datacenter=SBG, OS=none_64.en
2025-05-01 03:22:47,320 - INFO - 用户请求选项值: set()
2025-05-01 03:22:47,320 - INFO - 正在检查计划代码 25sysle011 的可用性...
2025-05-01 03:22:47,726 - INFO - 将在 3 个配置中查找 SBG 的可用性...
2025-05-01 03:22:47,726 - INFO - 计划代码 25sysle011 在数据中心 SBG 当前无可用服务器。
2025-05-01 03:27:37,431 - INFO - 开始处理任务 826906f4-35fd-4cb8-83b7-39b56e19bd4b (使用 /eco/options 添加硬件)
2025-05-01 03:27:37,431 - INFO - 用户请求配置: planCode=25sysle011, datacenter=SBG, OS=none_64.en
2025-05-01 03:27:37,431 - INFO - 用户请求选项值: set()
2025-05-01 03:27:37,432 - INFO - 正在检查计划代码 25sysle011 的可用性...
2025-05-01 03:27:37,531 - INFO - 将在 3 个配置中查找 SBG 的可用性...
2025-05-01 03:27:37,531 - INFO - 计划代码 25sysle011 在数据中心 SBG 当前无可用服务器。
2025-05-01 03:32:22,539 - INFO - 开始处理任务 826906f4-35fd-4cb8-83b7-39b56e19bd4b (使用 /eco/options 添加硬件)
2025-05-01 03:32:22,539 - INFO - 用户请求配置: planCode=25sysle011, datacenter=SBG, OS=none_64.en
2025-05-01 03:32:22,539 - INFO - 用户请求选项值: set()
2025-05-01 03:32:22,540 - INFO - 正在检查计划代码 25sysle011 的可用性...
2025-05-01 03:32:22,644 - INFO - 将在 3 个配置中查找 SBG 的可用性...
2025-05-01 03:32:22,644 - INFO - 计划代码 25sysle011 在数据中心 SBG 当前无可用服务器。
2025-05-01 03:37:12,853 - INFO - 开始处理任务 826906f4-35fd-4cb8-83b7-39b56e19bd4b (使用 /eco/options 添加硬件)
2025-05-01 03:37:12,853 - INFO - 用户请求配置: planCode=25sysle011, datacenter=SBG, OS=none_64.en
2025-05-01 03:37:12,853 - INFO - 用户请求选项值: set()
2025-05-01 03:37:12,853 - INFO - 正在检查计划代码 25sysle011 的可用性...
2025-05-01 03:37:12,943 - INFO - 将在 3 个配置中查找 SBG 的可用性...
2025-05-01 03:37:12,943 - INFO - 计划代码 25sysle011 在数据中心 SBG 当前无可用服务器。
2025-05-01 03:42:02,753 - INFO - 开始处理任务 826906f4-35fd-4cb8-83b7-39b56e19bd4b (使用 /eco/options 添加硬件)
2025-05-01 03:42:02,753 - INFO - 用户请求配置: planCode=25sysle011, datacenter=SBG, OS=none_64.en
2025-05-01 03:42:02,753 - INFO - 用户请求选项值: set()
2025-05-01 03:42:02,754 - INFO - 正在检查计划代码 25sysle011 的可用性...
2025-05-01 03:42:02,852 - INFO - 将在 3 个配置中查找 SBG 的可用性...
2025-05-01 03:42:02,852 - INFO - 计划代码 25sysle011 在数据中心 SBG 当前无可用服务器。
2025-05-01 03:46:49,195 - INFO - 开始处理任务 826906f4-35fd-4cb8-83b7-39b56e19bd4b (使用 /eco/options 添加硬件)
2025-05-01 03:46:49,196 - INFO - 用户请求配置: planCode=25sysle011, datacenter=SBG, OS=none_64.en
2025-05-01 03:46:49,196 - INFO - 用户请求选项值: set()
2025-05-01 03:46:49,196 - INFO - 正在检查计划代码 25sysle011 的可用性...
2025-05-01 03:46:49,292 - INFO - 将在 3 个配置中查找 SBG 的可用性...
2025-05-01 03:46:49,293 - INFO - 计划代码 25sysle011 在数据中心 SBG 当前无可用服务器。
2025-05-01 03:51:39,244 - INFO - 开始处理任务 826906f4-35fd-4cb8-83b7-39b56e19bd4b (使用 /eco/options 添加硬件)
2025-05-01 03:51:39,245 - INFO - 用户请求配置: planCode=25sysle011, datacenter=SBG, OS=none_64.en
2025-05-01 03:51:39,245 - INFO - 用户请求选项值: set()
2025-05-01 03:51:39,245 - INFO - 正在检查计划代码 25sysle011 的可用性...
2025-05-01 03:51:39,343 - INFO - 将在 3 个配置中查找 SBG 的可用性...
2025-05-01 03:51:39,343 - INFO - 计划代码 25sysle011 在数据中心 SBG 当前无可用服务器。
2025-05-01 03:56:28,079 - INFO - 开始处理任务 826906f4-35fd-4cb8-83b7-39b56e19bd4b (使用 /eco/options 添加硬件)
2025-05-01 03:56:28,079 - INFO - 用户请求配置: planCode=25sysle011, datacenter=SBG, OS=none_64.en
2025-05-01 03:56:28,079 - INFO - 用户请求选项值: set()
2025-05-01 03:56:28,080 - INFO - 正在检查计划代码 25sysle011 的可用性...
2025-05-01 03:56:28,489 - INFO - 将在 3 个配置中查找 SBG 的可用性...
2025-05-01 03:56:28,489 - INFO - 计划代码 25sysle011 在数据中心 SBG 当前无可用服务器。
2025-05-01 04:01:18,186 - INFO - 开始处理任务 826906f4-35fd-4cb8-83b7-39b56e19bd4b (使用 /eco/options 添加硬件)
2025-05-01 04:01:18,186 - INFO - 用户请求配置: planCode=25sysle011, datacenter=SBG, OS=none_64.en
2025-05-01 04:01:18,186 - INFO - 用户请求选项值: set()
2025-05-01 04:01:18,187 - INFO - 正在检查计划代码 25sysle011 的可用性...
2025-05-01 04:01:18,284 - INFO - 将在 3 个配置中查找 SBG 的可用性...
2025-05-01 04:01:18,284 - INFO - 计划代码 25sysle011 在数据中心 SBG 当前无可用服务器。
2025-05-01 04:06:03,290 - INFO - 开始处理任务 826906f4-35fd-4cb8-83b7-39b56e19bd4b (使用 /eco/options 添加硬件)
2025-05-01 04:06:03,290 - INFO - 用户请求配置: planCode=25sysle011, datacenter=SBG, OS=none_64.en
2025-05-01 04:06:03,290 - INFO - 用户请求选项值: set()
2025-05-01 04:06:03,291 - INFO - 正在检查计划代码 25sysle011 的可用性...
2025-05-01 04:06:03,380 - INFO - 将在 3 个配置中查找 SBG 的可用性...
2025-05-01 04:06:03,380 - INFO - 计划代码 25sysle011 在数据中心 SBG 当前无可用服务器。
2025-05-01 04:10:48,624 - INFO - 开始处理任务 826906f4-35fd-4cb8-83b7-39b56e19bd4b (使用 /eco/options 添加硬件)
2025-05-01 04:10:48,624 - INFO - 用户请求配置: planCode=25sysle011, datacenter=SBG, OS=none_64.en
2025-05-01 04:10:48,624 - INFO - 用户请求选项值: set()
2025-05-01 04:10:48,625 - INFO - 正在检查计划代码 25sysle011 的可用性...
2025-05-01 04:10:48,716 - INFO - 将在 3 个配置中查找 SBG 的可用性...
2025-05-01 04:10:48,716 - INFO - 计划代码 25sysle011 在数据中心 SBG 当前无可用服务器。
2025-05-01 04:15:38,514 - INFO - 开始处理任务 826906f4-35fd-4cb8-83b7-39b56e19bd4b (使用 /eco/options 添加硬件)
2025-05-01 04:15:38,515 - INFO - 用户请求配置: planCode=25sysle011, datacenter=SBG, OS=none_64.en
2025-05-01 04:15:38,515 - INFO - 用户请求选项值: set()
2025-05-01 04:15:38,515 - INFO - 正在检查计划代码 25sysle011 的可用性...
2025-05-01 04:15:38,607 - INFO - 将在 3 个配置中查找 SBG 的可用性...
2025-05-01 04:15:38,607 - INFO - 计划代码 25sysle011 在数据中心 SBG 当前无可用服务器。
2025-05-01 04:20:23,707 - INFO - 开始处理任务 826906f4-35fd-4cb8-83b7-39b56e19bd4b (使用 /eco/options 添加硬件)
2025-05-01 04:20:23,707 - INFO - 用户请求配置: planCode=25sysle011, datacenter=SBG, OS=none_64.en
2025-05-01 04:20:23,707 - INFO - 用户请求选项值: set()
2025-05-01 04:20:23,707 - INFO - 正在检查计划代码 25sysle011 的可用性...
2025-05-01 04:20:23,797 - INFO - 将在 3 个配置中查找 SBG 的可用性...
2025-05-01 04:20:23,797 - INFO - 计划代码 25sysle011 在数据中心 SBG 当前无可用服务器。
2025-05-01 04:25:14,147 - INFO - 开始处理任务 826906f4-35fd-4cb8-83b7-39b56e19bd4b (使用 /eco/options 添加硬件)
2025-05-01 04:25:14,147 - INFO - 用户请求配置: planCode=25sysle011, datacenter=SBG, OS=none_64.en
2025-05-01 04:25:14,147 - INFO - 用户请求选项值: set()
2025-05-01 04:25:14,147 - INFO - 正在检查计划代码 25sysle011 的可用性...
2025-05-01 04:25:14,245 - INFO - 将在 3 个配置中查找 SBG 的可用性...
2025-05-01 04:25:14,245 - INFO - 计划代码 25sysle011 在数据中心 SBG 当前无可用服务器。
2025-05-01 04:30:03,825 - INFO - 开始处理任务 826906f4-35fd-4cb8-83b7-39b56e19bd4b (使用 /eco/options 添加硬件)
2025-05-01 04:30:03,825 - INFO - 用户请求配置: planCode=25sysle011, datacenter=SBG, OS=none_64.en
2025-05-01 04:30:03,825 - INFO - 用户请求选项值: set()
2025-05-01 04:30:03,826 - INFO - 正在检查计划代码 25sysle011 的可用性...
2025-05-01 04:30:04,241 - INFO - 将在 3 个配置中查找 SBG 的可用性...
2025-05-01 04:30:04,241 - INFO - 计划代码 25sysle011 在数据中心 SBG 当前无可用服务器。
2025-05-01 04:34:53,939 - INFO - 开始处理任务 826906f4-35fd-4cb8-83b7-39b56e19bd4b (使用 /eco/options 添加硬件)
2025-05-01 04:34:53,939 - INFO - 用户请求配置: planCode=25sysle011, datacenter=SBG, OS=none_64.en
2025-05-01 04:34:53,940 - INFO - 用户请求选项值: set()
2025-05-01 04:34:53,941 - INFO - 正在检查计划代码 25sysle011 的可用性...
2025-05-01 04:34:54,045 - INFO - 将在 3 个配置中查找 SBG 的可用性...
2025-05-01 04:34:54,045 - INFO - 计划代码 25sysle011 在数据中心 SBG 当前无可用服务器。
2025-05-01 04:39:39,049 - INFO - 开始处理任务 826906f4-35fd-4cb8-83b7-39b56e19bd4b (使用 /eco/options 添加硬件)
2025-05-01 04:39:39,049 - INFO - 用户请求配置: planCode=25sysle011, datacenter=SBG, OS=none_64.en
2025-05-01 04:39:39,049 - INFO - 用户请求选项值: set()
2025-05-01 04:39:39,050 - INFO - 正在检查计划代码 25sysle011 的可用性...
2025-05-01 04:39:39,454 - INFO - 将在 3 个配置中查找 SBG 的可用性...
2025-05-01 04:39:39,455 - INFO - 计划代码 25sysle011 在数据中心 SBG 当前无可用服务器。
2025-05-01 04:44:29,167 - INFO - 开始处理任务 826906f4-35fd-4cb8-83b7-39b56e19bd4b (使用 /eco/options 添加硬件)
2025-05-01 04:44:29,167 - INFO - 用户请求配置: planCode=25sysle011, datacenter=SBG, OS=none_64.en
2025-05-01 04:44:29,167 - INFO - 用户请求选项值: set()
2025-05-01 04:44:29,168 - INFO - 正在检查计划代码 25sysle011 的可用性...
2025-05-01 04:44:29,275 - INFO - 将在 3 个配置中查找 SBG 的可用性...
2025-05-01 04:44:29,275 - INFO - 计划代码 25sysle011 在数据中心 SBG 当前无可用服务器。
2025-05-01 04:49:19,271 - INFO - 开始处理任务 826906f4-35fd-4cb8-83b7-39b56e19bd4b (使用 /eco/options 添加硬件)
2025-05-01 04:49:19,271 - INFO - 用户请求配置: planCode=25sysle011, datacenter=SBG, OS=none_64.en
2025-05-01 04:49:19,271 - INFO - 用户请求选项值: set()
2025-05-01 04:49:19,272 - INFO - 正在检查计划代码 25sysle011 的可用性...
2025-05-01 04:49:19,378 - INFO - 将在 3 个配置中查找 SBG 的可用性...
2025-05-01 04:49:19,378 - INFO - 计划代码 25sysle011 在数据中心 SBG 当前无可用服务器。
2025-05-01 04:54:09,592 - INFO - 开始处理任务 826906f4-35fd-4cb8-83b7-39b56e19bd4b (使用 /eco/options 添加硬件)
2025-05-01 04:54:09,592 - INFO - 用户请求配置: planCode=25sysle011, datacenter=SBG, OS=none_64.en
2025-05-01 04:54:09,592 - INFO - 用户请求选项值: set()
2025-05-01 04:54:09,593 - INFO - 正在检查计划代码 25sysle011 的可用性...
2025-05-01 04:54:09,691 - INFO - 将在 3 个配置中查找 SBG 的可用性...
2025-05-01 04:54:09,691 - INFO - 计划代码 25sysle011 在数据中心 SBG 当前无可用服务器。
2025-05-01 04:59:00,552 - INFO - 开始处理任务 826906f4-35fd-4cb8-83b7-39b56e19bd4b (使用 /eco/options 添加硬件)
2025-05-01 04:59:00,552 - INFO - 用户请求配置: planCode=25sysle011, datacenter=SBG, OS=none_64.en
2025-05-01 04:59:00,554 - INFO - 用户请求选项值: set()
2025-05-01 04:59:00,554 - INFO - 正在检查计划代码 25sysle011 的可用性...
2025-05-01 04:59:00,653 - INFO - 将在 3 个配置中查找 SBG 的可用性...
2025-05-01 04:59:00,653 - INFO - 计划代码 25sysle011 在数据中心 SBG 当前无可用服务器。
2025-05-01 05:03:50,099 - INFO - 开始处理任务 826906f4-35fd-4cb8-83b7-39b56e19bd4b (使用 /eco/options 添加硬件)
2025-05-01 05:03:50,099 - INFO - 用户请求配置: planCode=25sysle011, datacenter=SBG, OS=none_64.en
2025-05-01 05:03:50,099 - INFO - 用户请求选项值: set()
2025-05-01 05:03:50,100 - INFO - 正在检查计划代码 25sysle011 的可用性...
2025-05-01 05:03:50,189 - INFO - 将在 3 个配置中查找 SBG 的可用性...
2025-05-01 05:03:50,189 - INFO - 计划代码 25sysle011 在数据中心 SBG 当前无可用服务器。
2025-05-01 05:08:39,720 - INFO - 开始处理任务 826906f4-35fd-4cb8-83b7-39b56e19bd4b (使用 /eco/options 添加硬件)
2025-05-01 05:08:39,720 - INFO - 用户请求配置: planCode=25sysle011, datacenter=SBG, OS=none_64.en
2025-05-01 05:08:39,720 - INFO - 用户请求选项值: set()
2025-05-01 05:08:39,721 - INFO - 正在检查计划代码 25sysle011 的可用性...
2025-05-01 05:08:39,809 - INFO - 将在 3 个配置中查找 SBG 的可用性...
2025-05-01 05:08:39,809 - INFO - 计划代码 25sysle011 在数据中心 SBG 当前无可用服务器。
2025-05-01 05:13:24,824 - INFO - 开始处理任务 826906f4-35fd-4cb8-83b7-39b56e19bd4b (使用 /eco/options 添加硬件)
2025-05-01 05:13:24,824 - INFO - 用户请求配置: planCode=25sysle011, datacenter=SBG, OS=none_64.en
2025-05-01 05:13:24,824 - INFO - 用户请求选项值: set()
2025-05-01 05:13:24,826 - INFO - 正在检查计划代码 25sysle011 的可用性...
2025-05-01 05:13:24,918 - INFO - 将在 3 个配置中查找 SBG 的可用性...
2025-05-01 05:13:24,918 - INFO - 计划代码 25sysle011 在数据中心 SBG 当前无可用服务器。
2025-05-01 05:18:09,950 - INFO - 开始处理任务 826906f4-35fd-4cb8-83b7-39b56e19bd4b (使用 /eco/options 添加硬件)
2025-05-01 05:18:09,950 - INFO - 用户请求配置: planCode=25sysle011, datacenter=SBG, OS=none_64.en
2025-05-01 05:18:09,950 - INFO - 用户请求选项值: set()
2025-05-01 05:18:09,950 - INFO - 正在检查计划代码 25sysle011 的可用性...
2025-05-01 05:18:10,046 - INFO - 将在 3 个配置中查找 SBG 的可用性...
2025-05-01 05:18:10,046 - INFO - 计划代码 25sysle011 在数据中心 SBG 当前无可用服务器。
2025-05-01 05:22:55,053 - INFO - 开始处理任务 826906f4-35fd-4cb8-83b7-39b56e19bd4b (使用 /eco/options 添加硬件)
2025-05-01 05:22:55,054 - INFO - 用户请求配置: planCode=25sysle011, datacenter=SBG, OS=none_64.en
2025-05-01 05:22:55,054 - INFO - 用户请求选项值: set()
2025-05-01 05:22:55,054 - INFO - 正在检查计划代码 25sysle011 的可用性...
2025-05-01 05:22:55,156 - INFO - 将在 3 个配置中查找 SBG 的可用性...
2025-05-01 05:22:55,156 - INFO - 计划代码 25sysle011 在数据中心 SBG 当前无可用服务器。
2025-05-01 05:27:40,658 - INFO - 开始处理任务 826906f4-35fd-4cb8-83b7-39b56e19bd4b (使用 /eco/options 添加硬件)
2025-05-01 05:27:40,659 - INFO - 用户请求配置: planCode=25sysle011, datacenter=SBG, OS=none_64.en
2025-05-01 05:27:40,659 - INFO - 用户请求选项值: set()
2025-05-01 05:27:40,659 - INFO - 正在检查计划代码 25sysle011 的可用性...
2025-05-01 05:27:40,748 - INFO - 将在 3 个配置中查找 SBG 的可用性...
2025-05-01 05:27:40,749 - INFO - 计划代码 25sysle011 在数据中心 SBG 当前无可用服务器。
2025-05-01 05:32:30,284 - INFO - 开始处理任务 826906f4-35fd-4cb8-83b7-39b56e19bd4b (使用 /eco/options 添加硬件)
2025-05-01 05:32:30,284 - INFO - 用户请求配置: planCode=25sysle011, datacenter=SBG, OS=none_64.en
2025-05-01 05:32:30,284 - INFO - 用户请求选项值: set()
2025-05-01 05:32:30,285 - INFO - 正在检查计划代码 25sysle011 的可用性...
2025-05-01 05:32:30,387 - INFO - 将在 3 个配置中查找 SBG 的可用性...
2025-05-01 05:32:30,387 - INFO - 计划代码 25sysle011 在数据中心 SBG 当前无可用服务器。
2025-05-01 05:37:15,390 - INFO - 开始处理任务 826906f4-35fd-4cb8-83b7-39b56e19bd4b (使用 /eco/options 添加硬件)
2025-05-01 05:37:15,392 - INFO - 用户请求配置: planCode=25sysle011, datacenter=SBG, OS=none_64.en
2025-05-01 05:37:15,392 - INFO - 用户请求选项值: set()
2025-05-01 05:37:15,392 - INFO - 正在检查计划代码 25sysle011 的可用性...
2025-05-01 05:37:15,493 - INFO - 将在 3 个配置中查找 SBG 的可用性...
2025-05-01 05:37:15,493 - INFO - 计划代码 25sysle011 在数据中心 SBG 当前无可用服务器。
2025-05-01 05:42:00,509 - INFO - 开始处理任务 826906f4-35fd-4cb8-83b7-39b56e19bd4b (使用 /eco/options 添加硬件)
2025-05-01 05:42:00,509 - INFO - 用户请求配置: planCode=25sysle011, datacenter=SBG, OS=none_64.en
2025-05-01 05:42:00,509 - INFO - 用户请求选项值: set()
2025-05-01 05:42:00,509 - INFO - 正在检查计划代码 25sysle011 的可用性...
2025-05-01 05:42:00,603 - INFO - 将在 3 个配置中查找 SBG 的可用性...
2025-05-01 05:42:00,603 - INFO - 计划代码 25sysle011 在数据中心 SBG 当前无可用服务器。
2025-05-01 05:46:45,622 - INFO - 开始处理任务 826906f4-35fd-4cb8-83b7-39b56e19bd4b (使用 /eco/options 添加硬件)
2025-05-01 05:46:45,622 - INFO - 用户请求配置: planCode=25sysle011, datacenter=SBG, OS=none_64.en
2025-05-01 05:46:45,623 - INFO - 用户请求选项值: set()
2025-05-01 05:46:45,624 - INFO - 正在检查计划代码 25sysle011 的可用性...
2025-05-01 05:46:45,725 - INFO - 将在 3 个配置中查找 SBG 的可用性...
2025-05-01 05:46:45,725 - INFO - 计划代码 25sysle011 在数据中心 SBG 当前无可用服务器。
2025-05-01 05:51:35,917 - INFO - 开始处理任务 826906f4-35fd-4cb8-83b7-39b56e19bd4b (使用 /eco/options 添加硬件)
2025-05-01 05:51:35,917 - INFO - 用户请求配置: planCode=25sysle011, datacenter=SBG, OS=none_64.en
2025-05-01 05:51:35,917 - INFO - 用户请求选项值: set()
2025-05-01 05:51:35,918 - INFO - 正在检查计划代码 25sysle011 的可用性...
2025-05-01 05:51:36,017 - INFO - 将在 3 个配置中查找 SBG 的可用性...
2025-05-01 05:51:36,017 - INFO - 计划代码 25sysle011 在数据中心 SBG 当前无可用服务器。
2025-05-01 05:56:25,849 - INFO - 开始处理任务 826906f4-35fd-4cb8-83b7-39b56e19bd4b (使用 /eco/options 添加硬件)
2025-05-01 05:56:25,849 - INFO - 用户请求配置: planCode=25sysle011, datacenter=SBG, OS=none_64.en
2025-05-01 05:56:25,849 - INFO - 用户请求选项值: set()
2025-05-01 05:56:25,849 - INFO - 正在检查计划代码 25sysle011 的可用性...
2025-05-01 05:56:25,940 - INFO - 将在 3 个配置中查找 SBG 的可用性...
2025-05-01 05:56:25,940 - INFO - 计划代码 25sysle011 在数据中心 SBG 当前无可用服务器。
2025-05-01 06:01:11,362 - INFO - 开始处理任务 826906f4-35fd-4cb8-83b7-39b56e19bd4b (使用 /eco/options 添加硬件)
2025-05-01 06:01:11,362 - INFO - 用户请求配置: planCode=25sysle011, datacenter=SBG, OS=none_64.en
2025-05-01 06:01:11,362 - INFO - 用户请求选项值: set()
2025-05-01 06:01:11,362 - INFO - 正在检查计划代码 25sysle011 的可用性...
2025-05-01 06:01:11,463 - INFO - 将在 3 个配置中查找 SBG 的可用性...
2025-05-01 06:01:11,464 - INFO - 计划代码 25sysle011 在数据中心 SBG 当前无可用服务器。
2025-05-01 06:06:01,478 - INFO - 开始处理任务 826906f4-35fd-4cb8-83b7-39b56e19bd4b (使用 /eco/options 添加硬件)
2025-05-01 06:06:01,478 - INFO - 用户请求配置: planCode=25sysle011, datacenter=SBG, OS=none_64.en
2025-05-01 06:06:01,478 - INFO - 用户请求选项值: set()
2025-05-01 06:06:01,480 - INFO - 正在检查计划代码 25sysle011 的可用性...
2025-05-01 06:06:01,575 - INFO - 将在 3 个配置中查找 SBG 的可用性...
2025-05-01 06:06:01,575 - INFO - 计划代码 25sysle011 在数据中心 SBG 当前无可用服务器。
