2025-04-30 16:44:51,192 - INFO - 开始处理任务 857c9539-3523-46e1-8377-5fedf94dabab (使用 /eco/options 添加硬件)
2025-04-30 16:44:51,192 - INFO - 用户请求配置: planCode=25sysle021, datacenter=SBG, OS=none_64.en
2025-04-30 16:44:51,192 - INFO - 用户请求选项值: set()
2025-04-30 16:44:51,193 - INFO - 正在检查计划代码 25sysle021 的可用性...
2025-04-30 16:44:51,289 - INFO - 将在 4 个配置中查找 SBG 的可用性...
2025-04-30 16:44:51,289 - INFO - 在数据中心 sbg 找到基础 planCode 25sysle021 可用 (FQN 可能不同: 25sysle021.ram-32g-ecc-2666.softraid-2x1920nvme)!
2025-04-30 16:44:51,289 - INFO - go-ovh-ie: 在 sbg 找到基础 25sysle021 可用，准备下单包含选项的订单...
2025-04-30 16:44:51,291 - INFO - 为区域 IE 创建购物车...
2025-04-30 16:44:51,393 - INFO - 购物车创建成功，ID: 289c92d2-94df-4030-96aa-8682b3d91456
2025-04-30 16:44:51,393 - INFO - 将基础商品 25sysle021 添加到购物车 289c92d2-94df-4030-96aa-8682b3d91456 (使用 /eco)...
2025-04-30 16:44:51,710 - ERROR - OVH查询ID: EU.ext-2.68125383.1378143.b347e5669a894057bed2aad75367d037
2025-04-30 16:44:51,710 - ERROR - 购物车ID: 289c92d2-94df-4030-96aa-8682b3d91456
2025-04-30 16:45:52,481 - INFO - 开始处理任务 857c9539-3523-46e1-8377-5fedf94dabab (使用 /eco/options 添加硬件)
2025-04-30 16:45:52,481 - INFO - 用户请求配置: planCode=25sysle021, datacenter=SBG, OS=none_64.en
2025-04-30 16:45:52,481 - INFO - 用户请求选项值: set()
2025-04-30 16:45:52,481 - INFO - 正在检查计划代码 25sysle021 的可用性...
2025-04-30 16:45:52,570 - INFO - 将在 4 个配置中查找 SBG 的可用性...
2025-04-30 16:45:52,570 - INFO - 在数据中心 sbg 找到基础 planCode 25sysle021 可用 (FQN 可能不同: 25sysle021.ram-32g-ecc-2666.softraid-2x1920nvme)!
2025-04-30 16:45:52,570 - INFO - go-ovh-ie: 在 sbg 找到基础 25sysle021 可用，准备下单包含选项的订单...
2025-04-30 16:45:52,572 - INFO - 为区域 IE 创建购物车...
2025-04-30 16:45:52,662 - INFO - 购物车创建成功，ID: 83c7ea2f-b6b2-4488-b981-d15350931f17
2025-04-30 16:45:52,662 - INFO - 将基础商品 25sysle021 添加到购物车 83c7ea2f-b6b2-4488-b981-d15350931f17 (使用 /eco)...
2025-04-30 16:45:52,942 - ERROR - OVH查询ID: EU.ext-5.681253c0.1368855.9f4614a7ed09258bb24c1daafd0d18e7
2025-04-30 16:45:52,942 - ERROR - 购物车ID: 83c7ea2f-b6b2-4488-b981-d15350931f17
