2025-04-30 16:32:35,436 - INFO - 开始处理任务 85fa94c2-ed62-4bfe-a6d3-1bd7f18a482a (使用 /eco/options 添加硬件)
2025-04-30 16:32:35,436 - INFO - 用户请求配置: planCode=25sysle031, datacenter=BHS, OS=none_64.en
2025-04-30 16:32:35,436 - INFO - 用户请求选项值: set()
2025-04-30 16:32:35,438 - INFO - 正在检查计划代码 25sysle031 的可用性...
2025-04-30 16:32:35,529 - INFO - 将在 1 个配置中查找 BHS 的可用性...
2025-04-30 16:32:35,529 - INFO - 在数据中心 bhs 找到基础 planCode 25sysle031 可用 (FQN 可能不同: 25sysle031.ram-32g-ecc-2666.hybridsoftraid-4x12000sa-1x512nvme)!
2025-04-30 16:32:35,529 - INFO - go-ovh-ie: 在 bhs 找到基础 25sysle031 可用，准备下单包含选项的订单...
2025-04-30 16:32:35,530 - INFO - 为区域 IE 创建购物车...
2025-04-30 16:32:35,623 - INFO - 购物车创建成功，ID: 713195c4-34c3-4793-9f9e-55dcc9b1f2b1
2025-04-30 16:32:35,623 - INFO - 将基础商品 25sysle031 添加到购物车 713195c4-34c3-4793-9f9e-55dcc9b1f2b1 (使用 /eco)...
2025-04-30 16:32:35,962 - ERROR - OVH查询ID: EU.ext-1.681250a3.1388698.1a83a1a732e9c4361452556a9aa80dd5
2025-04-30 16:32:35,962 - ERROR - 购物车ID: 713195c4-34c3-4793-9f9e-55dcc9b1f2b1
2025-04-30 16:33:40,459 - INFO - 开始处理任务 85fa94c2-ed62-4bfe-a6d3-1bd7f18a482a (使用 /eco/options 添加硬件)
2025-04-30 16:33:40,459 - INFO - 用户请求配置: planCode=25sysle031, datacenter=BHS, OS=none_64.en
2025-04-30 16:33:40,459 - INFO - 用户请求选项值: set()
2025-04-30 16:33:40,460 - INFO - 正在检查计划代码 25sysle031 的可用性...
2025-04-30 16:33:40,562 - INFO - 将在 1 个配置中查找 BHS 的可用性...
2025-04-30 16:33:40,562 - INFO - 在数据中心 bhs 找到基础 planCode 25sysle031 可用 (FQN 可能不同: 25sysle031.ram-32g-ecc-2666.hybridsoftraid-4x12000sa-1x512nvme)!
2025-04-30 16:33:40,562 - INFO - go-ovh-ie: 在 bhs 找到基础 25sysle031 可用，准备下单包含选项的订单...
2025-04-30 16:33:40,562 - INFO - 为区域 IE 创建购物车...
2025-04-30 16:33:40,655 - INFO - 购物车创建成功，ID: ae738cc6-9581-4c88-812e-94554d3d4431
2025-04-30 16:33:40,655 - INFO - 将基础商品 25sysle031 添加到购物车 ae738cc6-9581-4c88-812e-94554d3d4431 (使用 /eco)...
2025-04-30 16:33:41,069 - ERROR - OVH查询ID: EU.ext-4.681250e4.1366630.edf2661b5ed4d06773818217a8bec8e2
2025-04-30 16:33:41,069 - ERROR - 购物车ID: ae738cc6-9581-4c88-812e-94554d3d4431
2025-04-30 16:34:45,482 - INFO - 开始处理任务 85fa94c2-ed62-4bfe-a6d3-1bd7f18a482a (使用 /eco/options 添加硬件)
2025-04-30 16:34:45,482 - INFO - 用户请求配置: planCode=25sysle031, datacenter=BHS, OS=none_64.en
2025-04-30 16:34:45,482 - INFO - 用户请求选项值: set()
2025-04-30 16:34:45,483 - INFO - 正在检查计划代码 25sysle031 的可用性...
2025-04-30 16:34:45,580 - INFO - 将在 1 个配置中查找 BHS 的可用性...
2025-04-30 16:34:45,581 - INFO - 在数据中心 bhs 找到基础 planCode 25sysle031 可用 (FQN 可能不同: 25sysle031.ram-32g-ecc-2666.hybridsoftraid-4x12000sa-1x512nvme)!
2025-04-30 16:34:45,581 - INFO - go-ovh-ie: 在 bhs 找到基础 25sysle031 可用，准备下单包含选项的订单...
2025-04-30 16:34:45,581 - INFO - 为区域 IE 创建购物车...
2025-04-30 16:34:45,704 - INFO - 购物车创建成功，ID: e31ba74b-beac-4998-88e0-969aa0e9da58
2025-04-30 16:34:45,704 - INFO - 将基础商品 25sysle031 添加到购物车 e31ba74b-beac-4998-88e0-969aa0e9da58 (使用 /eco)...
2025-04-30 16:34:45,897 - ERROR - OVH查询ID: EU.ext-2.68125125.1378143.07df370b981fd963ebd781fd55b9312a
2025-04-30 16:34:45,897 - ERROR - 购物车ID: e31ba74b-beac-4998-88e0-969aa0e9da58
2025-04-30 16:35:50,509 - INFO - 开始处理任务 85fa94c2-ed62-4bfe-a6d3-1bd7f18a482a (使用 /eco/options 添加硬件)
2025-04-30 16:35:50,509 - INFO - 用户请求配置: planCode=25sysle031, datacenter=BHS, OS=none_64.en
2025-04-30 16:35:50,509 - INFO - 用户请求选项值: set()
2025-04-30 16:35:50,509 - INFO - 正在检查计划代码 25sysle031 的可用性...
2025-04-30 16:35:50,621 - INFO - 将在 1 个配置中查找 BHS 的可用性...
2025-04-30 16:35:50,621 - INFO - 在数据中心 bhs 找到基础 planCode 25sysle031 可用 (FQN 可能不同: 25sysle031.ram-32g-ecc-2666.hybridsoftraid-4x12000sa-1x512nvme)!
2025-04-30 16:35:50,621 - INFO - go-ovh-ie: 在 bhs 找到基础 25sysle031 可用，准备下单包含选项的订单...
2025-04-30 16:35:50,621 - INFO - 为区域 IE 创建购物车...
2025-04-30 16:35:50,722 - INFO - 购物车创建成功，ID: 0a7f77a9-fff6-4f5e-ab87-402732d4aa14
2025-04-30 16:35:50,722 - INFO - 将基础商品 25sysle031 添加到购物车 0a7f77a9-fff6-4f5e-ab87-402732d4aa14 (使用 /eco)...
2025-04-30 16:35:50,905 - ERROR - OVH查询ID: EU.ext-5.68125166.1368855.a1155b64e8345ec21c8a42c4ae30211d
2025-04-30 16:35:50,905 - ERROR - 购物车ID: 0a7f77a9-fff6-4f5e-ab87-402732d4aa14
