2025-04-30 16:36:30,527 - INFO - 开始处理任务 86844322-282a-4333-af25-5b23364a6530 (使用 /eco/options 添加硬件)
2025-04-30 16:36:30,527 - INFO - 用户请求配置: planCode=25sysle031, datacenter=BHS, OS=none_64.en
2025-04-30 16:36:30,527 - INFO - 用户请求选项值: set()
2025-04-30 16:36:30,527 - INFO - 正在检查计划代码 25sysle031 的可用性...
2025-04-30 16:36:30,616 - INFO - 将在 1 个配置中查找 BHS 的可用性...
2025-04-30 16:36:30,616 - INFO - 在数据中心 bhs 找到基础 planCode 25sysle031 可用 (FQN 可能不同: 25sysle031.ram-32g-ecc-2666.hybridsoftraid-4x12000sa-1x512nvme)!
2025-04-30 16:36:30,616 - INFO - go-ovh-ie: 在 bhs 找到基础 25sysle031 可用，准备下单包含选项的订单...
2025-04-30 16:36:30,616 - INFO - 为区域 IE 创建购物车...
2025-04-30 16:36:30,736 - INFO - 购物车创建成功，ID: fb03efd2-95f4-401b-9914-1b72e6be4035
2025-04-30 16:36:30,736 - INFO - 将基础商品 25sysle031 添加到购物车 fb03efd2-95f4-401b-9914-1b72e6be4035 (使用 /eco)...
2025-04-30 16:36:31,025 - ERROR - OVH查询ID: EU.ext-2.6812518e.1378143.16efe0578208c8b0a9008982bc7df8f5
2025-04-30 16:36:31,026 - ERROR - 购物车ID: fb03efd2-95f4-401b-9914-1b72e6be4035
2025-04-30 16:46:32,021 - INFO - 开始处理任务 86844322-282a-4333-af25-5b23364a6530 (使用 /eco/options 添加硬件)
2025-04-30 16:46:32,021 - INFO - 用户请求配置: planCode=25sysle031, datacenter=BHS, OS=none_64.en
2025-04-30 16:46:32,021 - INFO - 用户请求选项值: set()
2025-04-30 16:46:32,021 - INFO - 正在检查计划代码 25sysle031 的可用性...
2025-04-30 16:46:32,112 - INFO - 将在 1 个配置中查找 BHS 的可用性...
2025-04-30 16:46:32,112 - INFO - 在数据中心 bhs 找到基础 planCode 25sysle031 可用 (FQN 可能不同: 25sysle031.ram-32g-ecc-2666.hybridsoftraid-4x12000sa-1x512nvme)!
2025-04-30 16:46:32,112 - INFO - go-ovh-ie: 在 bhs 找到基础 25sysle031 可用，准备下单包含选项的订单...
2025-04-30 16:46:32,113 - INFO - 为区域 IE 创建购物车...
2025-04-30 16:46:32,218 - INFO - 购物车创建成功，ID: e0b28227-4441-4a08-99fe-0e486e385ee7
2025-04-30 16:46:32,219 - INFO - 将基础商品 25sysle031 添加到购物车 e0b28227-4441-4a08-99fe-0e486e385ee7 (使用 /eco)...
2025-04-30 16:46:32,469 - ERROR - OVH查询ID: EU.ext-4.681253e8.1366630.eb554fc3cdefc9d505133e23f6b87770
2025-04-30 16:46:32,470 - ERROR - 购物车ID: e0b28227-4441-4a08-99fe-0e486e385ee7
2025-04-30 16:56:37,692 - INFO - 开始处理任务 86844322-282a-4333-af25-5b23364a6530 (使用 /eco/options 添加硬件)
2025-04-30 16:56:37,692 - INFO - 用户请求配置: planCode=25sysle031, datacenter=BHS, OS=none_64.en
2025-04-30 16:56:37,692 - INFO - 用户请求选项值: set()
2025-04-30 16:56:37,693 - INFO - 正在检查计划代码 25sysle031 的可用性...
2025-04-30 16:56:37,794 - INFO - 将在 1 个配置中查找 BHS 的可用性...
2025-04-30 16:56:37,794 - INFO - 在数据中心 bhs 找到基础 planCode 25sysle031 可用 (FQN 可能不同: 25sysle031.ram-32g-ecc-2666.hybridsoftraid-4x12000sa-1x512nvme)!
2025-04-30 16:56:37,794 - INFO - go-ovh-ie: 在 bhs 找到基础 25sysle031 可用，准备下单包含选项的订单...
2025-04-30 16:56:37,796 - INFO - 为区域 IE 创建购物车...
2025-04-30 16:56:37,900 - INFO - 购物车创建成功，ID: 9a908dc5-25ef-4d7d-948c-41171aa67809
2025-04-30 16:56:37,900 - INFO - 将基础商品 25sysle031 添加到购物车 9a908dc5-25ef-4d7d-948c-41171aa67809 (使用 /eco)...
2025-04-30 16:56:38,096 - ERROR - OVH查询ID: EU.ext-2.68125645.1378143.51e4b9bf07987cb3172520d104988253
2025-04-30 16:56:38,098 - ERROR - 购物车ID: 9a908dc5-25ef-4d7d-948c-41171aa67809
2025-04-30 17:06:42,498 - INFO - 开始处理任务 86844322-282a-4333-af25-5b23364a6530 (使用 /eco/options 添加硬件)
2025-04-30 17:06:42,498 - INFO - 用户请求配置: planCode=25sysle031, datacenter=BHS, OS=none_64.en
2025-04-30 17:06:42,498 - INFO - 用户请求选项值: set()
2025-04-30 17:06:42,499 - INFO - 正在检查计划代码 25sysle031 的可用性...
2025-04-30 17:06:42,608 - INFO - 将在 1 个配置中查找 BHS 的可用性...
2025-04-30 17:06:42,608 - INFO - 在数据中心 bhs 找到基础 planCode 25sysle031 可用 (FQN 可能不同: 25sysle031.ram-32g-ecc-2666.hybridsoftraid-4x12000sa-1x512nvme)!
2025-04-30 17:06:42,608 - INFO - go-ovh-ie: 在 bhs 找到基础 25sysle031 可用，准备下单包含选项的订单...
2025-04-30 17:06:42,610 - INFO - 为区域 IE 创建购物车...
2025-04-30 17:06:42,707 - INFO - 购物车创建成功，ID: d5fad574-f7a2-4110-a084-94654e9c7900
2025-04-30 17:06:42,709 - INFO - 将基础商品 25sysle031 添加到购物车 d5fad574-f7a2-4110-a084-94654e9c7900 (使用 /eco)...
2025-04-30 17:06:42,899 - ERROR - OVH查询ID: EU.ext-1.681258a2.1388698.c416fb0b147d7d9904a9459f59a863e8
2025-04-30 17:06:42,899 - ERROR - 购物车ID: d5fad574-f7a2-4110-a084-94654e9c7900
2025-04-30 17:16:47,735 - INFO - 开始处理任务 86844322-282a-4333-af25-5b23364a6530 (使用 /eco/options 添加硬件)
2025-04-30 17:16:47,735 - INFO - 用户请求配置: planCode=25sysle031, datacenter=BHS, OS=none_64.en
2025-04-30 17:16:47,735 - INFO - 用户请求选项值: set()
2025-04-30 17:16:47,736 - INFO - 正在检查计划代码 25sysle031 的可用性...
2025-04-30 17:16:47,832 - INFO - 将在 1 个配置中查找 BHS 的可用性...
2025-04-30 17:16:47,832 - INFO - 在数据中心 bhs 找到基础 planCode 25sysle031 可用 (FQN 可能不同: 25sysle031.ram-32g-ecc-2666.hybridsoftraid-4x12000sa-1x512nvme)!
2025-04-30 17:16:47,833 - INFO - go-ovh-ie: 在 bhs 找到基础 25sysle031 可用，准备下单包含选项的订单...
2025-04-30 17:16:47,833 - INFO - 为区域 IE 创建购物车...
2025-04-30 17:16:47,932 - INFO - 购物车创建成功，ID: 95eeb419-6769-4d0d-a95e-50de0ebdd34b
2025-04-30 17:16:47,933 - INFO - 将基础商品 25sysle031 添加到购物车 95eeb419-6769-4d0d-a95e-50de0ebdd34b (使用 /eco)...
2025-04-30 17:16:48,136 - ERROR - OVH查询ID: EU.ext-2.68125aff.1378143.b53c9c14965320f81218b5c1d29d712e
2025-04-30 17:16:48,137 - ERROR - 购物车ID: 95eeb419-6769-4d0d-a95e-50de0ebdd34b
2025-04-30 17:26:52,968 - INFO - 开始处理任务 86844322-282a-4333-af25-5b23364a6530 (使用 /eco/options 添加硬件)
2025-04-30 17:26:52,968 - INFO - 用户请求配置: planCode=25sysle031, datacenter=BHS, OS=none_64.en
2025-04-30 17:26:52,968 - INFO - 用户请求选项值: set()
2025-04-30 17:26:52,968 - INFO - 正在检查计划代码 25sysle031 的可用性...
2025-04-30 17:26:53,067 - INFO - 将在 1 个配置中查找 BHS 的可用性...
2025-04-30 17:26:53,067 - INFO - 在数据中心 bhs 找到基础 planCode 25sysle031 可用 (FQN 可能不同: 25sysle031.ram-32g-ecc-2666.hybridsoftraid-4x12000sa-1x512nvme)!
2025-04-30 17:26:53,067 - INFO - go-ovh-ie: 在 bhs 找到基础 25sysle031 可用，准备下单包含选项的订单...
2025-04-30 17:26:53,068 - INFO - 为区域 IE 创建购物车...
2025-04-30 17:26:53,189 - INFO - 购物车创建成功，ID: 4c886aaa-91ea-4e66-a258-1343150a7933
2025-04-30 17:26:53,190 - INFO - 将基础商品 25sysle031 添加到购物车 4c886aaa-91ea-4e66-a258-1343150a7933 (使用 /eco)...
2025-04-30 17:26:53,381 - ERROR - OVH查询ID: EU.ext-4.68125d5d.1366630.390cb0d86d6cd97061d68af9f0f5a8b0
2025-04-30 17:26:53,381 - ERROR - 购物车ID: 4c886aaa-91ea-4e66-a258-1343150a7933
2025-04-30 17:36:58,212 - INFO - 开始处理任务 86844322-282a-4333-af25-5b23364a6530 (使用 /eco/options 添加硬件)
2025-04-30 17:36:58,212 - INFO - 用户请求配置: planCode=25sysle031, datacenter=BHS, OS=none_64.en
2025-04-30 17:36:58,212 - INFO - 用户请求选项值: set()
2025-04-30 17:36:58,213 - INFO - 正在检查计划代码 25sysle031 的可用性...
2025-04-30 17:36:58,304 - INFO - 将在 1 个配置中查找 BHS 的可用性...
2025-04-30 17:36:58,304 - INFO - 在数据中心 bhs 找到基础 planCode 25sysle031 可用 (FQN 可能不同: 25sysle031.ram-32g-ecc-2666.hybridsoftraid-4x12000sa-1x512nvme)!
2025-04-30 17:36:58,304 - INFO - go-ovh-ie: 在 bhs 找到基础 25sysle031 可用，准备下单包含选项的订单...
2025-04-30 17:36:58,306 - INFO - 为区域 IE 创建购物车...
2025-04-30 17:36:58,398 - INFO - 购物车创建成功，ID: 98c604ed-d395-4221-9109-a0b3bc728386
2025-04-30 17:36:58,399 - INFO - 将基础商品 25sysle031 添加到购物车 98c604ed-d395-4221-9109-a0b3bc728386 (使用 /eco)...
2025-04-30 17:36:58,584 - ERROR - OVH查询ID: EU.ext-5.68125fba.1368855.72be416481a75dccb4c6aa61ff01ad33
2025-04-30 17:36:58,584 - ERROR - 购物车ID: 98c604ed-d395-4221-9109-a0b3bc728386
2025-04-30 17:47:03,442 - INFO - 开始处理任务 86844322-282a-4333-af25-5b23364a6530 (使用 /eco/options 添加硬件)
2025-04-30 17:47:03,442 - INFO - 用户请求配置: planCode=25sysle031, datacenter=BHS, OS=none_64.en
2025-04-30 17:47:03,442 - INFO - 用户请求选项值: set()
2025-04-30 17:47:03,443 - INFO - 正在检查计划代码 25sysle031 的可用性...
2025-04-30 17:47:03,540 - INFO - 将在 1 个配置中查找 BHS 的可用性...
2025-04-30 17:47:03,540 - INFO - 在数据中心 bhs 找到基础 planCode 25sysle031 可用 (FQN 可能不同: 25sysle031.ram-32g-ecc-2666.hybridsoftraid-4x12000sa-1x512nvme)!
2025-04-30 17:47:03,540 - INFO - go-ovh-ie: 在 bhs 找到基础 25sysle031 可用，准备下单包含选项的订单...
2025-04-30 17:47:03,540 - INFO - 为区域 IE 创建购物车...
2025-04-30 17:47:03,641 - INFO - 购物车创建成功，ID: 8395ae92-fa9a-49f3-b017-fb991fccd714
2025-04-30 17:47:03,642 - INFO - 将基础商品 25sysle031 添加到购物车 8395ae92-fa9a-49f3-b017-fb991fccd714 (使用 /eco)...
2025-04-30 17:47:03,825 - ERROR - OVH查询ID: EU.ext-5.68126217.1368855.d63d1899836c3c0de1fee23b48a50f06
2025-04-30 17:47:03,825 - ERROR - 购物车ID: 8395ae92-fa9a-49f3-b017-fb991fccd714
2025-04-30 17:57:08,676 - INFO - 开始处理任务 86844322-282a-4333-af25-5b23364a6530 (使用 /eco/options 添加硬件)
2025-04-30 17:57:08,676 - INFO - 用户请求配置: planCode=25sysle031, datacenter=BHS, OS=none_64.en
2025-04-30 17:57:08,676 - INFO - 用户请求选项值: set()
2025-04-30 17:57:08,678 - INFO - 正在检查计划代码 25sysle031 的可用性...
2025-04-30 17:57:09,184 - INFO - 将在 1 个配置中查找 BHS 的可用性...
2025-04-30 17:57:09,184 - INFO - 在数据中心 bhs 找到基础 planCode 25sysle031 可用 (FQN 可能不同: 25sysle031.ram-32g-ecc-2666.hybridsoftraid-4x12000sa-1x512nvme)!
2025-04-30 17:57:09,184 - INFO - go-ovh-ie: 在 bhs 找到基础 25sysle031 可用，准备下单包含选项的订单...
2025-04-30 17:57:09,186 - INFO - 为区域 IE 创建购物车...
2025-04-30 17:57:09,286 - INFO - 购物车创建成功，ID: 269e7eda-3831-4369-bf0a-6679ae17bf28
2025-04-30 17:57:09,287 - INFO - 将基础商品 25sysle031 添加到购物车 269e7eda-3831-4369-bf0a-6679ae17bf28 (使用 /eco)...
2025-04-30 17:57:09,494 - ERROR - OVH查询ID: EU.ext-3.68126475.1391594.2e6aa4bfa5a9485792bcd5985b7be296
2025-04-30 17:57:09,494 - ERROR - 购物车ID: 269e7eda-3831-4369-bf0a-6679ae17bf28
2025-04-30 18:07:14,116 - INFO - 开始处理任务 86844322-282a-4333-af25-5b23364a6530 (使用 /eco/options 添加硬件)
2025-04-30 18:07:14,118 - INFO - 用户请求配置: planCode=25sysle031, datacenter=BHS, OS=none_64.en
2025-04-30 18:07:14,118 - INFO - 用户请求选项值: set()
2025-04-30 18:07:14,119 - INFO - 正在检查计划代码 25sysle031 的可用性...
2025-04-30 18:07:14,220 - INFO - 将在 1 个配置中查找 BHS 的可用性...
2025-04-30 18:07:14,220 - INFO - 在数据中心 bhs 找到基础 planCode 25sysle031 可用 (FQN 可能不同: 25sysle031.ram-32g-ecc-2666.hybridsoftraid-4x12000sa-1x512nvme)!
2025-04-30 18:07:14,220 - INFO - go-ovh-ie: 在 bhs 找到基础 25sysle031 可用，准备下单包含选项的订单...
2025-04-30 18:07:14,221 - INFO - 为区域 IE 创建购物车...
2025-04-30 18:07:14,311 - INFO - 购物车创建成功，ID: 779180e1-9833-4175-9961-aad8eeccc908
2025-04-30 18:07:14,312 - INFO - 将基础商品 25sysle031 添加到购物车 779180e1-9833-4175-9961-aad8eeccc908 (使用 /eco)...
2025-04-30 18:07:14,499 - ERROR - OVH查询ID: EU.ext-1.681266d2.1388698.cbed7b76cc85d41e54726b1a1a0431ed
2025-04-30 18:07:14,499 - ERROR - 购物车ID: 779180e1-9833-4175-9961-aad8eeccc908
2025-04-30 18:17:19,493 - INFO - 开始处理任务 86844322-282a-4333-af25-5b23364a6530 (使用 /eco/options 添加硬件)
2025-04-30 18:17:19,493 - INFO - 用户请求配置: planCode=25sysle031, datacenter=BHS, OS=none_64.en
2025-04-30 18:17:19,493 - INFO - 用户请求选项值: set()
2025-04-30 18:17:19,493 - INFO - 正在检查计划代码 25sysle031 的可用性...
2025-04-30 18:17:19,611 - INFO - 将在 1 个配置中查找 BHS 的可用性...
2025-04-30 18:17:19,611 - INFO - 在数据中心 bhs 找到基础 planCode 25sysle031 可用 (FQN 可能不同: 25sysle031.ram-32g-ecc-2666.hybridsoftraid-4x12000sa-1x512nvme)!
2025-04-30 18:17:19,611 - INFO - go-ovh-ie: 在 bhs 找到基础 25sysle031 可用，准备下单包含选项的订单...
2025-04-30 18:17:19,612 - INFO - 为区域 IE 创建购物车...
2025-04-30 18:17:19,725 - INFO - 购物车创建成功，ID: 9d87f869-865c-4fbf-8d8c-d753d4b0e5a4
2025-04-30 18:17:19,725 - INFO - 将基础商品 25sysle031 添加到购物车 9d87f869-865c-4fbf-8d8c-d753d4b0e5a4 (使用 /eco)...
2025-04-30 18:17:19,922 - ERROR - OVH查询ID: EU.ext-5.6812692f.1368855.060ac72fa246132fc1ecc19dfe1c1566
2025-04-30 18:17:19,922 - ERROR - 购物车ID: 9d87f869-865c-4fbf-8d8c-d753d4b0e5a4
2025-04-30 18:27:24,379 - INFO - 开始处理任务 86844322-282a-4333-af25-5b23364a6530 (使用 /eco/options 添加硬件)
2025-04-30 18:27:24,379 - INFO - 用户请求配置: planCode=25sysle031, datacenter=BHS, OS=none_64.en
2025-04-30 18:27:24,379 - INFO - 用户请求选项值: set()
2025-04-30 18:27:24,380 - INFO - 正在检查计划代码 25sysle031 的可用性...
2025-04-30 18:27:24,478 - INFO - 将在 1 个配置中查找 BHS 的可用性...
2025-04-30 18:27:24,478 - INFO - 在数据中心 bhs 找到基础 planCode 25sysle031 可用 (FQN 可能不同: 25sysle031.ram-32g-ecc-2666.hybridsoftraid-4x12000sa-1x512nvme)!
2025-04-30 18:27:24,478 - INFO - go-ovh-ie: 在 bhs 找到基础 25sysle031 可用，准备下单包含选项的订单...
2025-04-30 18:27:24,479 - INFO - 为区域 IE 创建购物车...
2025-04-30 18:27:24,573 - INFO - 购物车创建成功，ID: 94434528-7fbf-4c3b-89ba-f5a652e4ad7e
2025-04-30 18:27:24,573 - INFO - 将基础商品 25sysle031 添加到购物车 94434528-7fbf-4c3b-89ba-f5a652e4ad7e (使用 /eco)...
2025-04-30 18:27:24,759 - ERROR - OVH查询ID: EU.ext-5.68126b8c.1368855.2bf59626670721c09c00e1a7a5a809d3
2025-04-30 18:27:24,759 - ERROR - 购物车ID: 94434528-7fbf-4c3b-89ba-f5a652e4ad7e
2025-04-30 18:37:30,108 - INFO - 开始处理任务 86844322-282a-4333-af25-5b23364a6530 (使用 /eco/options 添加硬件)
2025-04-30 18:37:30,108 - INFO - 用户请求配置: planCode=25sysle031, datacenter=BHS, OS=none_64.en
2025-04-30 18:37:30,108 - INFO - 用户请求选项值: set()
2025-04-30 18:37:30,109 - INFO - 正在检查计划代码 25sysle031 的可用性...
2025-04-30 18:37:30,209 - INFO - 将在 1 个配置中查找 BHS 的可用性...
2025-04-30 18:37:30,209 - INFO - 在数据中心 bhs 找到基础 planCode 25sysle031 可用 (FQN 可能不同: 25sysle031.ram-32g-ecc-2666.hybridsoftraid-4x12000sa-1x512nvme)!
2025-04-30 18:37:30,209 - INFO - go-ovh-ie: 在 bhs 找到基础 25sysle031 可用，准备下单包含选项的订单...
2025-04-30 18:37:30,209 - INFO - 为区域 IE 创建购物车...
2025-04-30 18:37:30,301 - INFO - 购物车创建成功，ID: a2ed6f87-7799-4b96-8f02-dc98aff0cd80
2025-04-30 18:37:30,302 - INFO - 将基础商品 25sysle031 添加到购物车 a2ed6f87-7799-4b96-8f02-dc98aff0cd80 (使用 /eco)...
2025-04-30 18:37:30,508 - ERROR - OVH查询ID: EU.ext-5.68126dea.1368855.7b2447af0d9bbb9e148122ae476cee7d
2025-04-30 18:37:30,510 - ERROR - 购物车ID: a2ed6f87-7799-4b96-8f02-dc98aff0cd80
2025-04-30 18:47:34,832 - INFO - 开始处理任务 86844322-282a-4333-af25-5b23364a6530 (使用 /eco/options 添加硬件)
2025-04-30 18:47:34,832 - INFO - 用户请求配置: planCode=25sysle031, datacenter=BHS, OS=none_64.en
2025-04-30 18:47:34,833 - INFO - 用户请求选项值: set()
2025-04-30 18:47:34,834 - INFO - 正在检查计划代码 25sysle031 的可用性...
2025-04-30 18:47:34,931 - INFO - 将在 1 个配置中查找 BHS 的可用性...
2025-04-30 18:47:34,931 - INFO - 在数据中心 bhs 找到基础 planCode 25sysle031 可用 (FQN 可能不同: 25sysle031.ram-32g-ecc-2666.hybridsoftraid-4x12000sa-1x512nvme)!
2025-04-30 18:47:34,931 - INFO - go-ovh-ie: 在 bhs 找到基础 25sysle031 可用，准备下单包含选项的订单...
2025-04-30 18:47:34,932 - INFO - 为区域 IE 创建购物车...
2025-04-30 18:47:35,034 - INFO - 购物车创建成功，ID: 27eaf825-4fc2-4fbd-8c4c-f62f11bf0c68
2025-04-30 18:47:35,034 - INFO - 将基础商品 25sysle031 添加到购物车 27eaf825-4fc2-4fbd-8c4c-f62f11bf0c68 (使用 /eco)...
2025-04-30 18:47:35,229 - ERROR - OVH查询ID: EU.ext-1.68127047.1388698.1dcaba91053b477d6b9c4f81605f2f89
2025-04-30 18:47:35,229 - ERROR - 购物车ID: 27eaf825-4fc2-4fbd-8c4c-f62f11bf0c68
2025-04-30 18:57:40,067 - INFO - 开始处理任务 86844322-282a-4333-af25-5b23364a6530 (使用 /eco/options 添加硬件)
2025-04-30 18:57:40,067 - INFO - 用户请求配置: planCode=25sysle031, datacenter=BHS, OS=none_64.en
2025-04-30 18:57:40,067 - INFO - 用户请求选项值: set()
2025-04-30 18:57:40,067 - INFO - 正在检查计划代码 25sysle031 的可用性...
2025-04-30 18:57:40,169 - INFO - 将在 1 个配置中查找 BHS 的可用性...
2025-04-30 18:57:40,169 - INFO - 在数据中心 bhs 找到基础 planCode 25sysle031 可用 (FQN 可能不同: 25sysle031.ram-32g-ecc-2666.hybridsoftraid-4x12000sa-1x512nvme)!
2025-04-30 18:57:40,170 - INFO - go-ovh-ie: 在 bhs 找到基础 25sysle031 可用，准备下单包含选项的订单...
2025-04-30 18:57:40,170 - INFO - 为区域 IE 创建购物车...
2025-04-30 18:57:40,277 - INFO - 购物车创建成功，ID: 360a09ef-93b3-49d5-87c2-ac91a7ba93e7
2025-04-30 18:57:40,278 - INFO - 将基础商品 25sysle031 添加到购物车 360a09ef-93b3-49d5-87c2-ac91a7ba93e7 (使用 /eco)...
2025-04-30 18:57:40,473 - ERROR - OVH查询ID: EU.ext-2.681272a4.1378143.cfe3fe0e1806a6cfcc8d831ad03563e7
2025-04-30 18:57:40,474 - ERROR - 购物车ID: 360a09ef-93b3-49d5-87c2-ac91a7ba93e7
2025-04-30 19:07:45,396 - INFO - 开始处理任务 86844322-282a-4333-af25-5b23364a6530 (使用 /eco/options 添加硬件)
2025-04-30 19:07:45,396 - INFO - 用户请求配置: planCode=25sysle031, datacenter=BHS, OS=none_64.en
2025-04-30 19:07:45,396 - INFO - 用户请求选项值: set()
2025-04-30 19:07:45,397 - INFO - 正在检查计划代码 25sysle031 的可用性...
2025-04-30 19:07:45,491 - INFO - 将在 1 个配置中查找 BHS 的可用性...
2025-04-30 19:07:45,491 - INFO - 在数据中心 bhs 找到基础 planCode 25sysle031 可用 (FQN 可能不同: 25sysle031.ram-32g-ecc-2666.hybridsoftraid-4x12000sa-1x512nvme)!
2025-04-30 19:07:45,491 - INFO - go-ovh-ie: 在 bhs 找到基础 25sysle031 可用，准备下单包含选项的订单...
2025-04-30 19:07:45,491 - INFO - 为区域 IE 创建购物车...
2025-04-30 19:07:45,594 - INFO - 购物车创建成功，ID: 049b3bde-f8f8-4ba3-839f-25f9fb6ce068
2025-04-30 19:07:45,595 - INFO - 将基础商品 25sysle031 添加到购物车 049b3bde-f8f8-4ba3-839f-25f9fb6ce068 (使用 /eco)...
2025-04-30 19:07:45,784 - ERROR - OVH查询ID: EU.ext-2.68127501.1378143.bdc58928a17009b92e0e201d2e5514b5
2025-04-30 19:07:45,784 - ERROR - 购物车ID: 049b3bde-f8f8-4ba3-839f-25f9fb6ce068
2025-04-30 19:17:50,522 - INFO - 开始处理任务 86844322-282a-4333-af25-5b23364a6530 (使用 /eco/options 添加硬件)
2025-04-30 19:17:50,522 - INFO - 用户请求配置: planCode=25sysle031, datacenter=BHS, OS=none_64.en
2025-04-30 19:17:50,522 - INFO - 用户请求选项值: set()
2025-04-30 19:17:50,523 - INFO - 正在检查计划代码 25sysle031 的可用性...
2025-04-30 19:17:50,620 - INFO - 将在 1 个配置中查找 BHS 的可用性...
2025-04-30 19:17:50,620 - INFO - 在数据中心 bhs 找到基础 planCode 25sysle031 可用 (FQN 可能不同: 25sysle031.ram-32g-ecc-2666.hybridsoftraid-4x12000sa-1x512nvme)!
2025-04-30 19:17:50,620 - INFO - go-ovh-ie: 在 bhs 找到基础 25sysle031 可用，准备下单包含选项的订单...
2025-04-30 19:17:50,622 - INFO - 为区域 IE 创建购物车...
2025-04-30 19:17:50,717 - INFO - 购物车创建成功，ID: e8fc86a5-2d1b-4edc-b00a-4cec5775980d
2025-04-30 19:17:50,717 - INFO - 将基础商品 25sysle031 添加到购物车 e8fc86a5-2d1b-4edc-b00a-4cec5775980d (使用 /eco)...
2025-04-30 19:17:50,931 - ERROR - OVH查询ID: EU.ext-2.6812775e.1378143.070aa2d34f1cf2ce3caca36b8ac1700d
2025-04-30 19:17:50,931 - ERROR - 购物车ID: e8fc86a5-2d1b-4edc-b00a-4cec5775980d
2025-04-30 19:27:55,749 - INFO - 开始处理任务 86844322-282a-4333-af25-5b23364a6530 (使用 /eco/options 添加硬件)
2025-04-30 19:27:55,749 - INFO - 用户请求配置: planCode=25sysle031, datacenter=BHS, OS=none_64.en
2025-04-30 19:27:55,749 - INFO - 用户请求选项值: set()
2025-04-30 19:27:55,750 - INFO - 正在检查计划代码 25sysle031 的可用性...
2025-04-30 19:27:55,842 - INFO - 将在 1 个配置中查找 BHS 的可用性...
2025-04-30 19:27:55,842 - INFO - 在数据中心 bhs 找到基础 planCode 25sysle031 可用 (FQN 可能不同: 25sysle031.ram-32g-ecc-2666.hybridsoftraid-4x12000sa-1x512nvme)!
2025-04-30 19:27:55,842 - INFO - go-ovh-ie: 在 bhs 找到基础 25sysle031 可用，准备下单包含选项的订单...
2025-04-30 19:27:55,844 - INFO - 为区域 IE 创建购物车...
2025-04-30 19:27:55,946 - INFO - 购物车创建成功，ID: 6434554d-1fa9-4c11-9d52-57381a8a33a3
2025-04-30 19:27:55,948 - INFO - 将基础商品 25sysle031 添加到购物车 6434554d-1fa9-4c11-9d52-57381a8a33a3 (使用 /eco)...
2025-04-30 19:27:56,139 - ERROR - OVH查询ID: EU.ext-2.681279bb.1378143.26fc3f24f8e8698941bd649c037fef2b
2025-04-30 19:27:56,139 - ERROR - 购物车ID: 6434554d-1fa9-4c11-9d52-57381a8a33a3
2025-04-30 19:38:00,968 - INFO - 开始处理任务 86844322-282a-4333-af25-5b23364a6530 (使用 /eco/options 添加硬件)
2025-04-30 19:38:00,968 - INFO - 用户请求配置: planCode=25sysle031, datacenter=BHS, OS=none_64.en
2025-04-30 19:38:00,968 - INFO - 用户请求选项值: set()
2025-04-30 19:38:00,970 - INFO - 正在检查计划代码 25sysle031 的可用性...
2025-04-30 19:38:01,365 - INFO - 将在 1 个配置中查找 BHS 的可用性...
2025-04-30 19:38:01,365 - INFO - 在数据中心 bhs 找到基础 planCode 25sysle031 可用 (FQN 可能不同: 25sysle031.ram-32g-ecc-2666.hybridsoftraid-4x12000sa-1x512nvme)!
2025-04-30 19:38:01,365 - INFO - go-ovh-ie: 在 bhs 找到基础 25sysle031 可用，准备下单包含选项的订单...
2025-04-30 19:38:01,365 - INFO - 为区域 IE 创建购物车...
2025-04-30 19:38:01,466 - INFO - 购物车创建成功，ID: 8f34121b-da5e-474d-bd53-76ba35899495
2025-04-30 19:38:01,466 - INFO - 将基础商品 25sysle031 添加到购物车 8f34121b-da5e-474d-bd53-76ba35899495 (使用 /eco)...
2025-04-30 19:38:01,666 - ERROR - OVH查询ID: EU.ext-2.68127c19.1378143.364c8a3583b88dfedda06c0802107e1e
2025-04-30 19:38:01,666 - ERROR - 购物车ID: 8f34121b-da5e-474d-bd53-76ba35899495
2025-04-30 19:48:06,200 - INFO - 开始处理任务 86844322-282a-4333-af25-5b23364a6530 (使用 /eco/options 添加硬件)
2025-04-30 19:48:06,200 - INFO - 用户请求配置: planCode=25sysle031, datacenter=BHS, OS=none_64.en
2025-04-30 19:48:06,200 - INFO - 用户请求选项值: set()
2025-04-30 19:48:06,201 - INFO - 正在检查计划代码 25sysle031 的可用性...
2025-04-30 19:48:06,289 - INFO - 将在 1 个配置中查找 BHS 的可用性...
2025-04-30 19:48:06,289 - INFO - 在数据中心 bhs 找到基础 planCode 25sysle031 可用 (FQN 可能不同: 25sysle031.ram-32g-ecc-2666.hybridsoftraid-4x12000sa-1x512nvme)!
2025-04-30 19:48:06,289 - INFO - go-ovh-ie: 在 bhs 找到基础 25sysle031 可用，准备下单包含选项的订单...
2025-04-30 19:48:06,291 - INFO - 为区域 IE 创建购物车...
2025-04-30 19:48:06,406 - INFO - 购物车创建成功，ID: 6c1e3777-5c92-44af-9dde-70b54de72d00
2025-04-30 19:48:06,408 - INFO - 将基础商品 25sysle031 添加到购物车 6c1e3777-5c92-44af-9dde-70b54de72d00 (使用 /eco)...
2025-04-30 19:48:06,592 - ERROR - OVH查询ID: EU.ext-5.68127e76.1368855.bb59ff4f79179620cfeb59d2ea647adc
2025-04-30 19:48:06,592 - ERROR - 购物车ID: 6c1e3777-5c92-44af-9dde-70b54de72d00
2025-04-30 19:58:11,426 - INFO - 开始处理任务 86844322-282a-4333-af25-5b23364a6530 (使用 /eco/options 添加硬件)
2025-04-30 19:58:11,426 - INFO - 用户请求配置: planCode=25sysle031, datacenter=BHS, OS=none_64.en
2025-04-30 19:58:11,426 - INFO - 用户请求选项值: set()
2025-04-30 19:58:11,427 - INFO - 正在检查计划代码 25sysle031 的可用性...
2025-04-30 19:58:11,530 - INFO - 将在 1 个配置中查找 BHS 的可用性...
2025-04-30 19:58:11,530 - INFO - 在数据中心 bhs 找到基础 planCode 25sysle031 可用 (FQN 可能不同: 25sysle031.ram-32g-ecc-2666.hybridsoftraid-4x12000sa-1x512nvme)!
2025-04-30 19:58:11,530 - INFO - go-ovh-ie: 在 bhs 找到基础 25sysle031 可用，准备下单包含选项的订单...
2025-04-30 19:58:11,531 - INFO - 为区域 IE 创建购物车...
2025-04-30 19:58:11,621 - INFO - 购物车创建成功，ID: 70c77e96-20b8-40ad-a642-bf0144836797
2025-04-30 19:58:11,622 - INFO - 将基础商品 25sysle031 添加到购物车 70c77e96-20b8-40ad-a642-bf0144836797 (使用 /eco)...
2025-04-30 19:58:11,825 - ERROR - OVH查询ID: EU.ext-3.681280d3.1391594.e88c8fb4cb9119f3d3fe1d241c058ab4
2025-04-30 19:58:11,825 - ERROR - 购物车ID: 70c77e96-20b8-40ad-a642-bf0144836797
2025-04-30 20:08:16,650 - INFO - 开始处理任务 86844322-282a-4333-af25-5b23364a6530 (使用 /eco/options 添加硬件)
2025-04-30 20:08:16,650 - INFO - 用户请求配置: planCode=25sysle031, datacenter=BHS, OS=none_64.en
2025-04-30 20:08:16,650 - INFO - 用户请求选项值: set()
2025-04-30 20:08:16,651 - INFO - 正在检查计划代码 25sysle031 的可用性...
2025-04-30 20:08:16,750 - INFO - 将在 1 个配置中查找 BHS 的可用性...
2025-04-30 20:08:16,750 - INFO - 在数据中心 bhs 找到基础 planCode 25sysle031 可用 (FQN 可能不同: 25sysle031.ram-32g-ecc-2666.hybridsoftraid-4x12000sa-1x512nvme)!
2025-04-30 20:08:16,750 - INFO - go-ovh-ie: 在 bhs 找到基础 25sysle031 可用，准备下单包含选项的订单...
2025-04-30 20:08:16,750 - INFO - 为区域 IE 创建购物车...
2025-04-30 20:08:16,849 - INFO - 购物车创建成功，ID: 8be2d4c0-fe67-4333-aaec-af4b1be508a5
2025-04-30 20:08:16,849 - INFO - 将基础商品 25sysle031 添加到购物车 8be2d4c0-fe67-4333-aaec-af4b1be508a5 (使用 /eco)...
2025-04-30 20:08:17,076 - ERROR - OVH查询ID: EU.ext-1.68128330.1388698.1b273694ea2651e04bfe086d36cd172c
2025-04-30 20:08:17,077 - ERROR - 购物车ID: 8be2d4c0-fe67-4333-aaec-af4b1be508a5
2025-04-30 20:18:22,073 - INFO - 开始处理任务 86844322-282a-4333-af25-5b23364a6530 (使用 /eco/options 添加硬件)
2025-04-30 20:18:22,073 - INFO - 用户请求配置: planCode=25sysle031, datacenter=BHS, OS=none_64.en
2025-04-30 20:18:22,073 - INFO - 用户请求选项值: set()
2025-04-30 20:18:22,074 - INFO - 正在检查计划代码 25sysle031 的可用性...
2025-04-30 20:18:22,179 - INFO - 将在 1 个配置中查找 BHS 的可用性...
2025-04-30 20:18:22,179 - INFO - 在数据中心 bhs 找到基础 planCode 25sysle031 可用 (FQN 可能不同: 25sysle031.ram-32g-ecc-2666.hybridsoftraid-4x12000sa-1x512nvme)!
2025-04-30 20:18:22,179 - INFO - go-ovh-ie: 在 bhs 找到基础 25sysle031 可用，准备下单包含选项的订单...
2025-04-30 20:18:22,180 - INFO - 为区域 IE 创建购物车...
2025-04-30 20:18:22,272 - INFO - 购物车创建成功，ID: bd227926-84f8-4ae0-a063-3b1c87bb6270
2025-04-30 20:18:22,273 - INFO - 将基础商品 25sysle031 添加到购物车 bd227926-84f8-4ae0-a063-3b1c87bb6270 (使用 /eco)...
2025-04-30 20:18:22,468 - ERROR - OVH查询ID: EU.ext-4.6812858e.1366630.c2416cf8f51b9be90eff64cf3906e76d
2025-04-30 20:18:22,468 - ERROR - 购物车ID: bd227926-84f8-4ae0-a063-3b1c87bb6270
2025-04-30 20:28:27,541 - INFO - 开始处理任务 86844322-282a-4333-af25-5b23364a6530 (使用 /eco/options 添加硬件)
2025-04-30 20:28:27,542 - INFO - 用户请求配置: planCode=25sysle031, datacenter=BHS, OS=none_64.en
2025-04-30 20:28:27,542 - INFO - 用户请求选项值: set()
2025-04-30 20:28:27,543 - INFO - 正在检查计划代码 25sysle031 的可用性...
2025-04-30 20:28:27,637 - INFO - 将在 1 个配置中查找 BHS 的可用性...
2025-04-30 20:28:27,637 - INFO - 在数据中心 bhs 找到基础 planCode 25sysle031 可用 (FQN 可能不同: 25sysle031.ram-32g-ecc-2666.hybridsoftraid-4x12000sa-1x512nvme)!
2025-04-30 20:28:27,637 - INFO - go-ovh-ie: 在 bhs 找到基础 25sysle031 可用，准备下单包含选项的订单...
2025-04-30 20:28:27,639 - INFO - 为区域 IE 创建购物车...
2025-04-30 20:28:27,741 - INFO - 购物车创建成功，ID: ff3b93f2-7fd9-4357-a0ae-efc7d86f0daf
2025-04-30 20:28:27,742 - INFO - 将基础商品 25sysle031 添加到购物车 ff3b93f2-7fd9-4357-a0ae-efc7d86f0daf (使用 /eco)...
2025-04-30 20:28:27,938 - ERROR - OVH查询ID: EU.ext-2.681287eb.1378143.2609ddaf58bf1cf1c308903abf7ada08
2025-04-30 20:28:27,938 - ERROR - 购物车ID: ff3b93f2-7fd9-4357-a0ae-efc7d86f0daf
2025-04-30 20:38:32,331 - INFO - 开始处理任务 86844322-282a-4333-af25-5b23364a6530 (使用 /eco/options 添加硬件)
2025-04-30 20:38:32,331 - INFO - 用户请求配置: planCode=25sysle031, datacenter=BHS, OS=none_64.en
2025-04-30 20:38:32,331 - INFO - 用户请求选项值: set()
2025-04-30 20:38:32,332 - INFO - 正在检查计划代码 25sysle031 的可用性...
2025-04-30 20:38:32,735 - INFO - 将在 1 个配置中查找 BHS 的可用性...
2025-04-30 20:38:32,735 - INFO - 在数据中心 bhs 找到基础 planCode 25sysle031 可用 (FQN 可能不同: 25sysle031.ram-32g-ecc-2666.hybridsoftraid-4x12000sa-1x512nvme)!
2025-04-30 20:38:32,735 - INFO - go-ovh-ie: 在 bhs 找到基础 25sysle031 可用，准备下单包含选项的订单...
2025-04-30 20:38:32,737 - INFO - 为区域 IE 创建购物车...
2025-04-30 20:38:32,838 - INFO - 购物车创建成功，ID: dc97d236-a2f7-4f3c-b862-5f1ef6789f1b
2025-04-30 20:38:32,838 - INFO - 将基础商品 25sysle031 添加到购物车 dc97d236-a2f7-4f3c-b862-5f1ef6789f1b (使用 /eco)...
2025-04-30 20:38:33,036 - ERROR - OVH查询ID: EU.ext-4.68128a48.1366630.d540b6c54effa9fc3580f2b3c9c73f44
2025-04-30 20:38:33,036 - ERROR - 购物车ID: dc97d236-a2f7-4f3c-b862-5f1ef6789f1b
2025-04-30 20:48:38,024 - INFO - 开始处理任务 86844322-282a-4333-af25-5b23364a6530 (使用 /eco/options 添加硬件)
2025-04-30 20:48:38,024 - INFO - 用户请求配置: planCode=25sysle031, datacenter=BHS, OS=none_64.en
2025-04-30 20:48:38,024 - INFO - 用户请求选项值: set()
2025-04-30 20:48:38,025 - INFO - 正在检查计划代码 25sysle031 的可用性...
2025-04-30 20:48:38,110 - INFO - 将在 1 个配置中查找 BHS 的可用性...
2025-04-30 20:48:38,110 - INFO - 在数据中心 bhs 找到基础 planCode 25sysle031 可用 (FQN 可能不同: 25sysle031.ram-32g-ecc-2666.hybridsoftraid-4x12000sa-1x512nvme)!
2025-04-30 20:48:38,110 - INFO - go-ovh-ie: 在 bhs 找到基础 25sysle031 可用，准备下单包含选项的订单...
2025-04-30 20:48:38,111 - INFO - 为区域 IE 创建购物车...
2025-04-30 20:48:38,200 - INFO - 购物车创建成功，ID: 801b7b11-66b3-4b57-9fe5-5e69767cf666
2025-04-30 20:48:38,201 - INFO - 将基础商品 25sysle031 添加到购物车 801b7b11-66b3-4b57-9fe5-5e69767cf666 (使用 /eco)...
2025-04-30 20:48:38,397 - ERROR - OVH查询ID: EU.ext-5.68128ca6.1368855.21a3264a2a5afd5a4087075b91d6ce42
2025-04-30 20:48:38,397 - ERROR - 购物车ID: 801b7b11-66b3-4b57-9fe5-5e69767cf666
2025-04-30 20:58:42,778 - INFO - 开始处理任务 86844322-282a-4333-af25-5b23364a6530 (使用 /eco/options 添加硬件)
2025-04-30 20:58:42,778 - INFO - 用户请求配置: planCode=25sysle031, datacenter=BHS, OS=none_64.en
2025-04-30 20:58:42,778 - INFO - 用户请求选项值: set()
2025-04-30 20:58:42,778 - INFO - 正在检查计划代码 25sysle031 的可用性...
2025-04-30 20:58:42,878 - INFO - 将在 1 个配置中查找 BHS 的可用性...
2025-04-30 20:58:42,878 - INFO - 在数据中心 bhs 找到基础 planCode 25sysle031 可用 (FQN 可能不同: 25sysle031.ram-32g-ecc-2666.hybridsoftraid-4x12000sa-1x512nvme)!
2025-04-30 20:58:42,878 - INFO - go-ovh-ie: 在 bhs 找到基础 25sysle031 可用，准备下单包含选项的订单...
2025-04-30 20:58:42,880 - INFO - 为区域 IE 创建购物车...
2025-04-30 20:58:42,972 - INFO - 购物车创建成功，ID: 9554d135-0449-4cc3-83b8-bece2f8cd9f6
2025-04-30 20:58:42,972 - INFO - 将基础商品 25sysle031 添加到购物车 9554d135-0449-4cc3-83b8-bece2f8cd9f6 (使用 /eco)...
2025-04-30 20:58:43,177 - ERROR - OVH查询ID: EU.ext-3.68128f03.1391594.651edd8a90229d5e9a89da6e9872e02f
2025-04-30 20:58:43,177 - ERROR - 购物车ID: 9554d135-0449-4cc3-83b8-bece2f8cd9f6
2025-04-30 21:08:48,003 - INFO - 开始处理任务 86844322-282a-4333-af25-5b23364a6530 (使用 /eco/options 添加硬件)
2025-04-30 21:08:48,003 - INFO - 用户请求配置: planCode=25sysle031, datacenter=BHS, OS=none_64.en
2025-04-30 21:08:48,003 - INFO - 用户请求选项值: set()
2025-04-30 21:08:48,004 - INFO - 正在检查计划代码 25sysle031 的可用性...
2025-04-30 21:08:48,096 - INFO - 将在 1 个配置中查找 BHS 的可用性...
2025-04-30 21:08:48,096 - INFO - 在数据中心 bhs 找到基础 planCode 25sysle031 可用 (FQN 可能不同: 25sysle031.ram-32g-ecc-2666.hybridsoftraid-4x12000sa-1x512nvme)!
2025-04-30 21:08:48,096 - INFO - go-ovh-ie: 在 bhs 找到基础 25sysle031 可用，准备下单包含选项的订单...
2025-04-30 21:08:48,097 - INFO - 为区域 IE 创建购物车...
2025-04-30 21:08:48,202 - INFO - 购物车创建成功，ID: 39400310-5d47-479e-b741-3154d7676680
2025-04-30 21:08:48,204 - INFO - 将基础商品 25sysle031 添加到购物车 39400310-5d47-479e-b741-3154d7676680 (使用 /eco)...
2025-04-30 21:08:48,416 - ERROR - OVH查询ID: EU.ext-5.68129160.1368855.891850da4f66656d8fd8b5c687e7be8e
2025-04-30 21:08:48,416 - ERROR - 购物车ID: 39400310-5d47-479e-b741-3154d7676680
2025-04-30 21:18:53,314 - INFO - 开始处理任务 86844322-282a-4333-af25-5b23364a6530 (使用 /eco/options 添加硬件)
2025-04-30 21:18:53,314 - INFO - 用户请求配置: planCode=25sysle031, datacenter=BHS, OS=none_64.en
2025-04-30 21:18:53,314 - INFO - 用户请求选项值: set()
2025-04-30 21:18:53,316 - INFO - 正在检查计划代码 25sysle031 的可用性...
2025-04-30 21:18:53,402 - INFO - 将在 1 个配置中查找 BHS 的可用性...
2025-04-30 21:18:53,402 - INFO - 在数据中心 bhs 找到基础 planCode 25sysle031 可用 (FQN 可能不同: 25sysle031.ram-32g-ecc-2666.hybridsoftraid-4x12000sa-1x512nvme)!
2025-04-30 21:18:53,402 - INFO - go-ovh-ie: 在 bhs 找到基础 25sysle031 可用，准备下单包含选项的订单...
2025-04-30 21:18:53,404 - INFO - 为区域 IE 创建购物车...
2025-04-30 21:18:53,493 - INFO - 购物车创建成功，ID: 1d6e5733-eb31-4c44-9a86-e551e68e0789
2025-04-30 21:18:53,493 - INFO - 将基础商品 25sysle031 添加到购物车 1d6e5733-eb31-4c44-9a86-e551e68e0789 (使用 /eco)...
2025-04-30 21:18:53,678 - ERROR - OVH查询ID: EU.ext-3.681293bd.1391594.4c8c82c089fea084cfd3ca8a61de1eed
2025-04-30 21:18:53,678 - ERROR - 购物车ID: 1d6e5733-eb31-4c44-9a86-e551e68e0789
2025-04-30 21:28:58,460 - INFO - 开始处理任务 86844322-282a-4333-af25-5b23364a6530 (使用 /eco/options 添加硬件)
2025-04-30 21:28:58,461 - INFO - 用户请求配置: planCode=25sysle031, datacenter=BHS, OS=none_64.en
2025-04-30 21:28:58,461 - INFO - 用户请求选项值: set()
2025-04-30 21:28:58,463 - INFO - 正在检查计划代码 25sysle031 的可用性...
2025-04-30 21:28:58,549 - INFO - 将在 1 个配置中查找 BHS 的可用性...
2025-04-30 21:28:58,549 - INFO - 在数据中心 bhs 找到基础 planCode 25sysle031 可用 (FQN 可能不同: 25sysle031.ram-32g-ecc-2666.hybridsoftraid-4x12000sa-1x512nvme)!
2025-04-30 21:28:58,549 - INFO - go-ovh-ie: 在 bhs 找到基础 25sysle031 可用，准备下单包含选项的订单...
2025-04-30 21:28:58,549 - INFO - 为区域 IE 创建购物车...
2025-04-30 21:28:58,638 - INFO - 购物车创建成功，ID: a882481e-d19b-4e33-8c9d-b2a638210986
2025-04-30 21:28:58,639 - INFO - 将基础商品 25sysle031 添加到购物车 a882481e-d19b-4e33-8c9d-b2a638210986 (使用 /eco)...
2025-04-30 21:28:58,842 - ERROR - OVH查询ID: EU.ext-1.6812961a.1388698.1248ef53bb3f6b74d2794940cd2ea857
2025-04-30 21:28:58,842 - ERROR - 购物车ID: a882481e-d19b-4e33-8c9d-b2a638210986
2025-04-30 21:39:03,683 - INFO - 开始处理任务 86844322-282a-4333-af25-5b23364a6530 (使用 /eco/options 添加硬件)
2025-04-30 21:39:03,683 - INFO - 用户请求配置: planCode=25sysle031, datacenter=BHS, OS=none_64.en
2025-04-30 21:39:03,683 - INFO - 用户请求选项值: set()
2025-04-30 21:39:03,683 - INFO - 正在检查计划代码 25sysle031 的可用性...
2025-04-30 21:39:03,771 - INFO - 将在 1 个配置中查找 BHS 的可用性...
2025-04-30 21:39:03,771 - INFO - 在数据中心 bhs 找到基础 planCode 25sysle031 可用 (FQN 可能不同: 25sysle031.ram-32g-ecc-2666.hybridsoftraid-4x12000sa-1x512nvme)!
2025-04-30 21:39:03,771 - INFO - go-ovh-ie: 在 bhs 找到基础 25sysle031 可用，准备下单包含选项的订单...
2025-04-30 21:39:03,772 - INFO - 为区域 IE 创建购物车...
2025-04-30 21:39:03,871 - INFO - 购物车创建成功，ID: 95303776-a528-402f-8aed-a950b031780f
2025-04-30 21:39:03,871 - INFO - 将基础商品 25sysle031 添加到购物车 95303776-a528-402f-8aed-a950b031780f (使用 /eco)...
2025-04-30 21:39:04,068 - ERROR - OVH查询ID: EU.ext-4.68129877.1366630.108edd5898d90095396ad1aaef937e8b
2025-04-30 21:39:04,068 - ERROR - 购物车ID: 95303776-a528-402f-8aed-a950b031780f
2025-04-30 21:49:08,911 - INFO - 开始处理任务 86844322-282a-4333-af25-5b23364a6530 (使用 /eco/options 添加硬件)
2025-04-30 21:49:08,911 - INFO - 用户请求配置: planCode=25sysle031, datacenter=BHS, OS=none_64.en
2025-04-30 21:49:08,911 - INFO - 用户请求选项值: set()
2025-04-30 21:49:08,913 - INFO - 正在检查计划代码 25sysle031 的可用性...
2025-04-30 21:49:09,330 - INFO - 将在 1 个配置中查找 BHS 的可用性...
2025-04-30 21:49:09,330 - INFO - 在数据中心 bhs 找到基础 planCode 25sysle031 可用 (FQN 可能不同: 25sysle031.ram-32g-ecc-2666.hybridsoftraid-4x12000sa-1x512nvme)!
2025-04-30 21:49:09,330 - INFO - go-ovh-ie: 在 bhs 找到基础 25sysle031 可用，准备下单包含选项的订单...
2025-04-30 21:49:09,332 - INFO - 为区域 IE 创建购物车...
2025-04-30 21:49:09,457 - INFO - 购物车创建成功，ID: 013f2cb5-ec86-476c-8157-73c10701289e
2025-04-30 21:49:09,458 - INFO - 将基础商品 25sysle031 添加到购物车 013f2cb5-ec86-476c-8157-73c10701289e (使用 /eco)...
2025-04-30 21:49:09,665 - ERROR - OVH查询ID: EU.ext-4.68129ad5.1366630.968be51773dfa06fe210441076598b56
2025-04-30 21:49:09,665 - ERROR - 购物车ID: 013f2cb5-ec86-476c-8157-73c10701289e
2025-04-30 21:59:14,135 - INFO - 开始处理任务 86844322-282a-4333-af25-5b23364a6530 (使用 /eco/options 添加硬件)
2025-04-30 21:59:14,135 - INFO - 用户请求配置: planCode=25sysle031, datacenter=BHS, OS=none_64.en
2025-04-30 21:59:14,135 - INFO - 用户请求选项值: set()
2025-04-30 21:59:14,136 - INFO - 正在检查计划代码 25sysle031 的可用性...
2025-04-30 21:59:14,224 - INFO - 将在 1 个配置中查找 BHS 的可用性...
2025-04-30 21:59:14,224 - INFO - 在数据中心 bhs 找到基础 planCode 25sysle031 可用 (FQN 可能不同: 25sysle031.ram-32g-ecc-2666.hybridsoftraid-4x12000sa-1x512nvme)!
2025-04-30 21:59:14,224 - INFO - go-ovh-ie: 在 bhs 找到基础 25sysle031 可用，准备下单包含选项的订单...
2025-04-30 21:59:14,226 - INFO - 为区域 IE 创建购物车...
2025-04-30 21:59:14,353 - INFO - 购物车创建成功，ID: d8d91d6f-c1bf-4f58-97f5-595a4c281540
2025-04-30 21:59:14,354 - INFO - 将基础商品 25sysle031 添加到购物车 d8d91d6f-c1bf-4f58-97f5-595a4c281540 (使用 /eco)...
2025-04-30 21:59:14,547 - ERROR - OVH查询ID: EU.ext-1.68129d32.1388698.50b837c1a7b91659641105836de11722
2025-04-30 21:59:14,547 - ERROR - 购物车ID: d8d91d6f-c1bf-4f58-97f5-595a4c281540
2025-04-30 22:09:19,346 - INFO - 开始处理任务 86844322-282a-4333-af25-5b23364a6530 (使用 /eco/options 添加硬件)
2025-04-30 22:09:19,347 - INFO - 用户请求配置: planCode=25sysle031, datacenter=BHS, OS=none_64.en
2025-04-30 22:09:19,347 - INFO - 用户请求选项值: set()
2025-04-30 22:09:19,347 - INFO - 正在检查计划代码 25sysle031 的可用性...
2025-04-30 22:09:19,450 - INFO - 将在 1 个配置中查找 BHS 的可用性...
2025-04-30 22:09:19,450 - INFO - 在数据中心 bhs 找到基础 planCode 25sysle031 可用 (FQN 可能不同: 25sysle031.ram-32g-ecc-2666.hybridsoftraid-4x12000sa-1x512nvme)!
2025-04-30 22:09:19,450 - INFO - go-ovh-ie: 在 bhs 找到基础 25sysle031 可用，准备下单包含选项的订单...
2025-04-30 22:09:19,450 - INFO - 为区域 IE 创建购物车...
2025-04-30 22:09:19,566 - INFO - 购物车创建成功，ID: 5daf5dbc-06ad-43e4-b959-ecba83871601
2025-04-30 22:09:19,567 - INFO - 将基础商品 25sysle031 添加到购物车 5daf5dbc-06ad-43e4-b959-ecba83871601 (使用 /eco)...
2025-04-30 22:09:19,766 - ERROR - OVH查询ID: EU.ext-1.68129f8f.1388698.fe090298c2c928e42f65f521519adacb
2025-04-30 22:09:19,766 - ERROR - 购物车ID: 5daf5dbc-06ad-43e4-b959-ecba83871601
2025-04-30 22:19:24,567 - INFO - 开始处理任务 86844322-282a-4333-af25-5b23364a6530 (使用 /eco/options 添加硬件)
2025-04-30 22:19:24,568 - INFO - 用户请求配置: planCode=25sysle031, datacenter=BHS, OS=none_64.en
2025-04-30 22:19:24,569 - INFO - 用户请求选项值: set()
2025-04-30 22:19:24,569 - INFO - 正在检查计划代码 25sysle031 的可用性...
2025-04-30 22:19:24,998 - INFO - 将在 1 个配置中查找 BHS 的可用性...
2025-04-30 22:19:24,998 - INFO - 在数据中心 bhs 找到基础 planCode 25sysle031 可用 (FQN 可能不同: 25sysle031.ram-32g-ecc-2666.hybridsoftraid-4x12000sa-1x512nvme)!
2025-04-30 22:19:24,998 - INFO - go-ovh-ie: 在 bhs 找到基础 25sysle031 可用，准备下单包含选项的订单...
2025-04-30 22:19:25,000 - INFO - 为区域 IE 创建购物车...
2025-04-30 22:19:25,111 - INFO - 购物车创建成功，ID: 164be35c-37cc-402c-a445-f73f9f2c3524
2025-04-30 22:19:25,113 - INFO - 将基础商品 25sysle031 添加到购物车 164be35c-37cc-402c-a445-f73f9f2c3524 (使用 /eco)...
2025-04-30 22:19:25,323 - ERROR - OVH查询ID: EU.ext-3.6812a1ed.1391594.86beaec6fa22958cf64dc3d1f369f780
2025-04-30 22:19:25,323 - ERROR - 购物车ID: 164be35c-37cc-402c-a445-f73f9f2c3524
2025-04-30 22:29:29,990 - INFO - 开始处理任务 86844322-282a-4333-af25-5b23364a6530 (使用 /eco/options 添加硬件)
2025-04-30 22:29:29,990 - INFO - 用户请求配置: planCode=25sysle031, datacenter=BHS, OS=none_64.en
2025-04-30 22:29:29,990 - INFO - 用户请求选项值: set()
2025-04-30 22:29:29,991 - INFO - 正在检查计划代码 25sysle031 的可用性...
2025-04-30 22:29:30,084 - INFO - 将在 1 个配置中查找 BHS 的可用性...
2025-04-30 22:29:30,084 - INFO - 在数据中心 bhs 找到基础 planCode 25sysle031 可用 (FQN 可能不同: 25sysle031.ram-32g-ecc-2666.hybridsoftraid-4x12000sa-1x512nvme)!
2025-04-30 22:29:30,084 - INFO - go-ovh-ie: 在 bhs 找到基础 25sysle031 可用，准备下单包含选项的订单...
2025-04-30 22:29:30,086 - INFO - 为区域 IE 创建购物车...
2025-04-30 22:29:30,181 - INFO - 购物车创建成功，ID: 91895681-d2af-4725-9d2c-0a29ce46bd65
2025-04-30 22:29:30,181 - INFO - 将基础商品 25sysle031 添加到购物车 91895681-d2af-4725-9d2c-0a29ce46bd65 (使用 /eco)...
2025-04-30 22:29:30,376 - ERROR - OVH查询ID: EU.ext-1.6812a44a.1388698.c5767f53f375a0022941b3b22b601959
2025-04-30 22:29:30,379 - ERROR - 购物车ID: 91895681-d2af-4725-9d2c-0a29ce46bd65
2025-04-30 22:39:35,128 - INFO - 开始处理任务 86844322-282a-4333-af25-5b23364a6530 (使用 /eco/options 添加硬件)
2025-04-30 22:39:35,128 - INFO - 用户请求配置: planCode=25sysle031, datacenter=BHS, OS=none_64.en
2025-04-30 22:39:35,128 - INFO - 用户请求选项值: set()
2025-04-30 22:39:35,128 - INFO - 正在检查计划代码 25sysle031 的可用性...
2025-04-30 22:39:35,224 - INFO - 将在 1 个配置中查找 BHS 的可用性...
2025-04-30 22:39:35,224 - INFO - 在数据中心 bhs 找到基础 planCode 25sysle031 可用 (FQN 可能不同: 25sysle031.ram-32g-ecc-2666.hybridsoftraid-4x12000sa-1x512nvme)!
2025-04-30 22:39:35,224 - INFO - go-ovh-ie: 在 bhs 找到基础 25sysle031 可用，准备下单包含选项的订单...
2025-04-30 22:39:35,224 - INFO - 为区域 IE 创建购物车...
2025-04-30 22:39:35,333 - INFO - 购物车创建成功，ID: a2e7fbf7-1a34-43bd-84e3-34b073e1bc71
2025-04-30 22:39:35,333 - INFO - 将基础商品 25sysle031 添加到购物车 a2e7fbf7-1a34-43bd-84e3-34b073e1bc71 (使用 /eco)...
2025-04-30 22:39:35,518 - ERROR - OVH查询ID: EU.ext-3.6812a6a7.1391594.8bd46c77d6e8fc2080ea78c3a2675095
2025-04-30 22:39:35,518 - ERROR - 购物车ID: a2e7fbf7-1a34-43bd-84e3-34b073e1bc71
2025-04-30 22:49:40,250 - INFO - 开始处理任务 86844322-282a-4333-af25-5b23364a6530 (使用 /eco/options 添加硬件)
2025-04-30 22:49:40,250 - INFO - 用户请求配置: planCode=25sysle031, datacenter=BHS, OS=none_64.en
2025-04-30 22:49:40,250 - INFO - 用户请求选项值: set()
2025-04-30 22:49:40,251 - INFO - 正在检查计划代码 25sysle031 的可用性...
2025-04-30 22:49:40,345 - INFO - 将在 1 个配置中查找 BHS 的可用性...
2025-04-30 22:49:40,345 - INFO - 在数据中心 bhs 找到基础 planCode 25sysle031 可用 (FQN 可能不同: 25sysle031.ram-32g-ecc-2666.hybridsoftraid-4x12000sa-1x512nvme)!
2025-04-30 22:49:40,346 - INFO - go-ovh-ie: 在 bhs 找到基础 25sysle031 可用，准备下单包含选项的订单...
2025-04-30 22:49:40,346 - INFO - 为区域 IE 创建购物车...
2025-04-30 22:49:40,446 - INFO - 购物车创建成功，ID: 11501944-4107-4b61-9369-7804b6f3a21c
2025-04-30 22:49:40,447 - INFO - 将基础商品 25sysle031 添加到购物车 11501944-4107-4b61-9369-7804b6f3a21c (使用 /eco)...
2025-04-30 22:49:40,651 - ERROR - OVH查询ID: EU.ext-1.6812a904.1388698.927ad41218ca81e2abb92e9f7f80ec51
2025-04-30 22:49:40,651 - ERROR - 购物车ID: 11501944-4107-4b61-9369-7804b6f3a21c
2025-04-30 22:59:45,972 - INFO - 开始处理任务 86844322-282a-4333-af25-5b23364a6530 (使用 /eco/options 添加硬件)
2025-04-30 22:59:45,972 - INFO - 用户请求配置: planCode=25sysle031, datacenter=BHS, OS=none_64.en
2025-04-30 22:59:45,972 - INFO - 用户请求选项值: set()
2025-04-30 22:59:45,973 - INFO - 正在检查计划代码 25sysle031 的可用性...
2025-04-30 22:59:46,070 - INFO - 将在 1 个配置中查找 BHS 的可用性...
2025-04-30 22:59:46,070 - INFO - 在数据中心 bhs 找到基础 planCode 25sysle031 可用 (FQN 可能不同: 25sysle031.ram-32g-ecc-2666.hybridsoftraid-4x12000sa-1x512nvme)!
2025-04-30 22:59:46,070 - INFO - go-ovh-ie: 在 bhs 找到基础 25sysle031 可用，准备下单包含选项的订单...
2025-04-30 22:59:46,071 - INFO - 为区域 IE 创建购物车...
2025-04-30 22:59:46,174 - INFO - 购物车创建成功，ID: 183d1576-d211-4643-b4b6-305ca363198a
2025-04-30 22:59:46,175 - INFO - 将基础商品 25sysle031 添加到购物车 183d1576-d211-4643-b4b6-305ca363198a (使用 /eco)...
2025-04-30 22:59:46,368 - ERROR - OVH查询ID: EU.ext-4.6812ab62.1366630.11c7aacd8b737b1d89502989d005614a
2025-04-30 22:59:46,368 - ERROR - 购物车ID: 183d1576-d211-4643-b4b6-305ca363198a
2025-04-30 23:09:50,713 - INFO - 开始处理任务 86844322-282a-4333-af25-5b23364a6530 (使用 /eco/options 添加硬件)
2025-04-30 23:09:50,713 - INFO - 用户请求配置: planCode=25sysle031, datacenter=BHS, OS=none_64.en
2025-04-30 23:09:50,713 - INFO - 用户请求选项值: set()
2025-04-30 23:09:50,713 - INFO - 正在检查计划代码 25sysle031 的可用性...
2025-04-30 23:09:50,814 - INFO - 将在 1 个配置中查找 BHS 的可用性...
2025-04-30 23:09:50,814 - INFO - 在数据中心 bhs 找到基础 planCode 25sysle031 可用 (FQN 可能不同: 25sysle031.ram-32g-ecc-2666.hybridsoftraid-4x12000sa-1x512nvme)!
2025-04-30 23:09:50,814 - INFO - go-ovh-ie: 在 bhs 找到基础 25sysle031 可用，准备下单包含选项的订单...
2025-04-30 23:09:50,815 - INFO - 为区域 IE 创建购物车...
2025-04-30 23:09:50,909 - INFO - 购物车创建成功，ID: ca0a6923-b195-48d1-9277-7130d6051733
2025-04-30 23:09:50,910 - INFO - 将基础商品 25sysle031 添加到购物车 ca0a6923-b195-48d1-9277-7130d6051733 (使用 /eco)...
2025-04-30 23:09:51,127 - ERROR - OVH查询ID: EU.ext-4.6812adbe.1366630.b14e29012464b6d1222c0aac807392fb
2025-04-30 23:09:51,127 - ERROR - 购物车ID: ca0a6923-b195-48d1-9277-7130d6051733
2025-04-30 23:19:55,930 - INFO - 开始处理任务 86844322-282a-4333-af25-5b23364a6530 (使用 /eco/options 添加硬件)
2025-04-30 23:19:55,931 - INFO - 用户请求配置: planCode=25sysle031, datacenter=BHS, OS=none_64.en
2025-04-30 23:19:55,931 - INFO - 用户请求选项值: set()
2025-04-30 23:19:55,931 - INFO - 正在检查计划代码 25sysle031 的可用性...
2025-04-30 23:19:56,030 - INFO - 将在 1 个配置中查找 BHS 的可用性...
2025-04-30 23:19:56,030 - INFO - 在数据中心 bhs 找到基础 planCode 25sysle031 可用 (FQN 可能不同: 25sysle031.ram-32g-ecc-2666.hybridsoftraid-4x12000sa-1x512nvme)!
2025-04-30 23:19:56,030 - INFO - go-ovh-ie: 在 bhs 找到基础 25sysle031 可用，准备下单包含选项的订单...
2025-04-30 23:19:56,031 - INFO - 为区域 IE 创建购物车...
2025-04-30 23:19:56,132 - INFO - 购物车创建成功，ID: d5c0b21e-eab0-4701-ae47-ebd7ce49d168
2025-04-30 23:19:56,133 - INFO - 将基础商品 25sysle031 添加到购物车 d5c0b21e-eab0-4701-ae47-ebd7ce49d168 (使用 /eco)...
2025-04-30 23:19:56,321 - ERROR - OVH查询ID: EU.ext-4.6812b01c.1366630.8f9402e05846495e0036a5aef8e735d8
2025-04-30 23:19:56,322 - ERROR - 购物车ID: d5c0b21e-eab0-4701-ae47-ebd7ce49d168
2025-04-30 23:29:57,264 - INFO - 开始处理任务 86844322-282a-4333-af25-5b23364a6530 (使用 /eco/options 添加硬件)
2025-04-30 23:29:57,264 - INFO - 用户请求配置: planCode=25sysle031, datacenter=BHS, OS=none_64.en
2025-04-30 23:29:57,264 - INFO - 用户请求选项值: set()
2025-04-30 23:29:57,265 - INFO - 正在检查计划代码 25sysle031 的可用性...
2025-04-30 23:29:57,358 - INFO - 将在 1 个配置中查找 BHS 的可用性...
2025-04-30 23:29:57,358 - INFO - 在数据中心 bhs 找到基础 planCode 25sysle031 可用 (FQN 可能不同: 25sysle031.ram-32g-ecc-2666.hybridsoftraid-4x12000sa-1x512nvme)!
2025-04-30 23:29:57,358 - INFO - go-ovh-ie: 在 bhs 找到基础 25sysle031 可用，准备下单包含选项的订单...
2025-04-30 23:29:57,359 - INFO - 为区域 IE 创建购物车...
2025-04-30 23:29:57,458 - INFO - 购物车创建成功，ID: 0fec1861-cff8-494e-9949-eb76761109b4
2025-04-30 23:29:57,459 - INFO - 将基础商品 25sysle031 添加到购物车 0fec1861-cff8-494e-9949-eb76761109b4 (使用 /eco)...
2025-04-30 23:29:57,661 - ERROR - OVH查询ID: EU.ext-4.6812b275.1366630.79d993c5f25d773638ed97264327104e
2025-04-30 23:29:57,661 - ERROR - 购物车ID: 0fec1861-cff8-494e-9949-eb76761109b4
2025-04-30 23:40:02,159 - INFO - 开始处理任务 86844322-282a-4333-af25-5b23364a6530 (使用 /eco/options 添加硬件)
2025-04-30 23:40:02,159 - INFO - 用户请求配置: planCode=25sysle031, datacenter=BHS, OS=none_64.en
2025-04-30 23:40:02,159 - INFO - 用户请求选项值: set()
2025-04-30 23:40:02,160 - INFO - 正在检查计划代码 25sysle031 的可用性...
2025-04-30 23:40:02,261 - INFO - 将在 1 个配置中查找 BHS 的可用性...
2025-04-30 23:40:02,261 - INFO - 在数据中心 bhs 找到基础 planCode 25sysle031 可用 (FQN 可能不同: 25sysle031.ram-32g-ecc-2666.hybridsoftraid-4x12000sa-1x512nvme)!
2025-04-30 23:40:02,261 - INFO - go-ovh-ie: 在 bhs 找到基础 25sysle031 可用，准备下单包含选项的订单...
2025-04-30 23:40:02,261 - INFO - 为区域 IE 创建购物车...
2025-04-30 23:40:02,375 - INFO - 购物车创建成功，ID: 328ec91b-f5e9-45ac-bb0e-11ce9c4ac780
2025-04-30 23:40:02,376 - INFO - 将基础商品 25sysle031 添加到购物车 328ec91b-f5e9-45ac-bb0e-11ce9c4ac780 (使用 /eco)...
2025-04-30 23:40:02,575 - ERROR - OVH查询ID: EU.ext-4.6812b4d2.1366630.eba6f4cf4389cd73af0828a139f37f40
2025-04-30 23:40:02,576 - ERROR - 购物车ID: 328ec91b-f5e9-45ac-bb0e-11ce9c4ac780
2025-04-30 23:50:07,380 - INFO - 开始处理任务 86844322-282a-4333-af25-5b23364a6530 (使用 /eco/options 添加硬件)
2025-04-30 23:50:07,380 - INFO - 用户请求配置: planCode=25sysle031, datacenter=BHS, OS=none_64.en
2025-04-30 23:50:07,380 - INFO - 用户请求选项值: set()
2025-04-30 23:50:07,382 - INFO - 正在检查计划代码 25sysle031 的可用性...
2025-04-30 23:50:07,487 - INFO - 将在 1 个配置中查找 BHS 的可用性...
2025-04-30 23:50:07,487 - INFO - 在数据中心 bhs 找到基础 planCode 25sysle031 可用 (FQN 可能不同: 25sysle031.ram-32g-ecc-2666.hybridsoftraid-4x12000sa-1x512nvme)!
2025-04-30 23:50:07,487 - INFO - go-ovh-ie: 在 bhs 找到基础 25sysle031 可用，准备下单包含选项的订单...
2025-04-30 23:50:07,487 - INFO - 为区域 IE 创建购物车...
2025-04-30 23:50:07,585 - INFO - 购物车创建成功，ID: c05734aa-114c-4726-ae92-815bd2d2db5f
2025-04-30 23:50:07,586 - INFO - 将基础商品 25sysle031 添加到购物车 c05734aa-114c-4726-ae92-815bd2d2db5f (使用 /eco)...
2025-04-30 23:50:08,106 - ERROR - OVH查询ID: EU.ext-1.6812b72f.1388698.3dd2d19ee599e46997689cf04e550c3b
2025-04-30 23:50:08,106 - ERROR - 购物车ID: c05734aa-114c-4726-ae92-815bd2d2db5f
2025-05-01 00:00:12,606 - INFO - 开始处理任务 86844322-282a-4333-af25-5b23364a6530 (使用 /eco/options 添加硬件)
2025-05-01 00:00:12,606 - INFO - 用户请求配置: planCode=25sysle031, datacenter=BHS, OS=none_64.en
2025-05-01 00:00:12,606 - INFO - 用户请求选项值: set()
2025-05-01 00:00:12,607 - INFO - 正在检查计划代码 25sysle031 的可用性...
2025-05-01 00:00:13,019 - INFO - 将在 1 个配置中查找 BHS 的可用性...
2025-05-01 00:00:13,019 - INFO - 在数据中心 bhs 找到基础 planCode 25sysle031 可用 (FQN 可能不同: 25sysle031.ram-32g-ecc-2666.hybridsoftraid-4x12000sa-1x512nvme)!
2025-05-01 00:00:13,019 - INFO - go-ovh-ie: 在 bhs 找到基础 25sysle031 可用，准备下单包含选项的订单...
2025-05-01 00:00:13,021 - INFO - 为区域 IE 创建购物车...
2025-05-01 00:00:13,126 - INFO - 购物车创建成功，ID: ecaa90f5-9463-4b31-a15e-37cfebcf994f
2025-05-01 00:00:13,126 - INFO - 将基础商品 25sysle031 添加到购物车 ecaa90f5-9463-4b31-a15e-37cfebcf994f (使用 /eco)...
2025-05-01 00:00:13,332 - ERROR - OVH查询ID: EU.ext-1.6812b98d.1388698.c7161a49847d84daee6ecdf6ea3f3366
2025-05-01 00:00:13,332 - ERROR - 购物车ID: ecaa90f5-9463-4b31-a15e-37cfebcf994f
2025-05-01 00:10:17,845 - INFO - 开始处理任务 86844322-282a-4333-af25-5b23364a6530 (使用 /eco/options 添加硬件)
2025-05-01 00:10:17,845 - INFO - 用户请求配置: planCode=25sysle031, datacenter=BHS, OS=none_64.en
2025-05-01 00:10:17,845 - INFO - 用户请求选项值: set()
2025-05-01 00:10:17,846 - INFO - 正在检查计划代码 25sysle031 的可用性...
2025-05-01 00:10:17,931 - INFO - 将在 1 个配置中查找 BHS 的可用性...
2025-05-01 00:10:17,931 - INFO - 在数据中心 bhs 找到基础 planCode 25sysle031 可用 (FQN 可能不同: 25sysle031.ram-32g-ecc-2666.hybridsoftraid-4x12000sa-1x512nvme)!
2025-05-01 00:10:17,931 - INFO - go-ovh-ie: 在 bhs 找到基础 25sysle031 可用，准备下单包含选项的订单...
2025-05-01 00:10:17,933 - INFO - 为区域 IE 创建购物车...
2025-05-01 00:10:18,032 - INFO - 购物车创建成功，ID: 23392589-53f3-4aae-862b-2ff4dc10aadd
2025-05-01 00:10:18,033 - INFO - 将基础商品 25sysle031 添加到购物车 23392589-53f3-4aae-862b-2ff4dc10aadd (使用 /eco)...
2025-05-01 00:10:18,222 - ERROR - OVH查询ID: EU.ext-5.6812bbea.1368855.022d2ef53707ecc2905a51d458053afd
2025-05-01 00:10:18,222 - ERROR - 购物车ID: 23392589-53f3-4aae-862b-2ff4dc10aadd
2025-05-01 00:20:23,067 - INFO - 开始处理任务 86844322-282a-4333-af25-5b23364a6530 (使用 /eco/options 添加硬件)
2025-05-01 00:20:23,067 - INFO - 用户请求配置: planCode=25sysle031, datacenter=BHS, OS=none_64.en
2025-05-01 00:20:23,067 - INFO - 用户请求选项值: set()
2025-05-01 00:20:23,068 - INFO - 正在检查计划代码 25sysle031 的可用性...
2025-05-01 00:20:23,169 - INFO - 将在 1 个配置中查找 BHS 的可用性...
2025-05-01 00:20:23,169 - INFO - 在数据中心 bhs 找到基础 planCode 25sysle031 可用 (FQN 可能不同: 25sysle031.ram-32g-ecc-2666.hybridsoftraid-4x12000sa-1x512nvme)!
2025-05-01 00:20:23,169 - INFO - go-ovh-ie: 在 bhs 找到基础 25sysle031 可用，准备下单包含选项的订单...
2025-05-01 00:20:23,170 - INFO - 为区域 IE 创建购物车...
2025-05-01 00:20:23,279 - INFO - 购物车创建成功，ID: 6bb6ffd7-beec-4831-b9d9-40997f4ae22f
2025-05-01 00:20:23,280 - INFO - 将基础商品 25sysle031 添加到购物车 6bb6ffd7-beec-4831-b9d9-40997f4ae22f (使用 /eco)...
2025-05-01 00:20:23,516 - ERROR - OVH查询ID: EU.ext-4.6812be47.1366630.a1b1583d3ed2c45f91fcd7712f69fa21
2025-05-01 00:20:23,516 - ERROR - 购物车ID: 6bb6ffd7-beec-4831-b9d9-40997f4ae22f
2025-05-01 00:30:28,293 - INFO - 开始处理任务 86844322-282a-4333-af25-5b23364a6530 (使用 /eco/options 添加硬件)
2025-05-01 00:30:28,293 - INFO - 用户请求配置: planCode=25sysle031, datacenter=BHS, OS=none_64.en
2025-05-01 00:30:28,293 - INFO - 用户请求选项值: set()
2025-05-01 00:30:28,294 - INFO - 正在检查计划代码 25sysle031 的可用性...
2025-05-01 00:30:28,707 - INFO - 将在 1 个配置中查找 BHS 的可用性...
2025-05-01 00:30:28,707 - INFO - 在数据中心 bhs 找到基础 planCode 25sysle031 可用 (FQN 可能不同: 25sysle031.ram-32g-ecc-2666.hybridsoftraid-4x12000sa-1x512nvme)!
2025-05-01 00:30:28,707 - INFO - go-ovh-ie: 在 bhs 找到基础 25sysle031 可用，准备下单包含选项的订单...
2025-05-01 00:30:28,708 - INFO - 为区域 IE 创建购物车...
2025-05-01 00:30:28,802 - INFO - 购物车创建成功，ID: cdf00e3c-d70d-41d3-bf6e-5a1a31be32a7
2025-05-01 00:30:28,803 - INFO - 将基础商品 25sysle031 添加到购物车 cdf00e3c-d70d-41d3-bf6e-5a1a31be32a7 (使用 /eco)...
2025-05-01 00:30:29,016 - ERROR - OVH查询ID: EU.ext-2.6812c0a4.1378143.c9018516308f0252758f3a64de44f240
2025-05-01 00:30:29,016 - ERROR - 购物车ID: cdf00e3c-d70d-41d3-bf6e-5a1a31be32a7
2025-05-01 00:40:33,745 - INFO - 开始处理任务 86844322-282a-4333-af25-5b23364a6530 (使用 /eco/options 添加硬件)
2025-05-01 00:40:33,745 - INFO - 用户请求配置: planCode=25sysle031, datacenter=BHS, OS=none_64.en
2025-05-01 00:40:33,745 - INFO - 用户请求选项值: set()
2025-05-01 00:40:33,745 - INFO - 正在检查计划代码 25sysle031 的可用性...
2025-05-01 00:40:33,844 - INFO - 将在 1 个配置中查找 BHS 的可用性...
2025-05-01 00:40:33,844 - INFO - 在数据中心 bhs 找到基础 planCode 25sysle031 可用 (FQN 可能不同: 25sysle031.ram-32g-ecc-2666.hybridsoftraid-4x12000sa-1x512nvme)!
2025-05-01 00:40:33,844 - INFO - go-ovh-ie: 在 bhs 找到基础 25sysle031 可用，准备下单包含选项的订单...
2025-05-01 00:40:33,846 - INFO - 为区域 IE 创建购物车...
2025-05-01 00:40:33,942 - INFO - 购物车创建成功，ID: 48b7f90d-e18b-4232-8820-b728fbad2d60
2025-05-01 00:40:33,943 - INFO - 将基础商品 25sysle031 添加到购物车 48b7f90d-e18b-4232-8820-b728fbad2d60 (使用 /eco)...
2025-05-01 00:40:34,141 - ERROR - OVH查询ID: EU.ext-5.6812c301.1368855.35c5c0987cc48d461731b8f424f8f628
2025-05-01 00:40:34,141 - ERROR - 购物车ID: 48b7f90d-e18b-4232-8820-b728fbad2d60
2025-05-01 00:50:39,172 - INFO - 开始处理任务 86844322-282a-4333-af25-5b23364a6530 (使用 /eco/options 添加硬件)
2025-05-01 00:50:39,174 - INFO - 用户请求配置: planCode=25sysle031, datacenter=BHS, OS=none_64.en
2025-05-01 00:50:39,174 - INFO - 用户请求选项值: set()
2025-05-01 00:50:39,174 - INFO - 正在检查计划代码 25sysle031 的可用性...
2025-05-01 00:50:39,276 - INFO - 将在 1 个配置中查找 BHS 的可用性...
2025-05-01 00:50:39,276 - INFO - 在数据中心 bhs 找到基础 planCode 25sysle031 可用 (FQN 可能不同: 25sysle031.ram-32g-ecc-2666.hybridsoftraid-4x12000sa-1x512nvme)!
2025-05-01 00:50:39,277 - INFO - go-ovh-ie: 在 bhs 找到基础 25sysle031 可用，准备下单包含选项的订单...
2025-05-01 00:50:39,277 - INFO - 为区域 IE 创建购物车...
2025-05-01 00:50:39,372 - INFO - 购物车创建成功，ID: e04d422e-19d2-4c33-a92a-845539e1f457
2025-05-01 00:50:39,372 - INFO - 将基础商品 25sysle031 添加到购物车 e04d422e-19d2-4c33-a92a-845539e1f457 (使用 /eco)...
2025-05-01 00:50:39,567 - ERROR - OVH查询ID: EU.ext-4.6812c55f.1366630.1000105252ff381d43f8c3b481118ced
2025-05-01 00:50:39,567 - ERROR - 购物车ID: e04d422e-19d2-4c33-a92a-845539e1f457
2025-05-01 01:00:43,994 - INFO - 开始处理任务 86844322-282a-4333-af25-5b23364a6530 (使用 /eco/options 添加硬件)
2025-05-01 01:00:43,995 - INFO - 用户请求配置: planCode=25sysle031, datacenter=BHS, OS=none_64.en
2025-05-01 01:00:43,995 - INFO - 用户请求选项值: set()
2025-05-01 01:00:43,995 - INFO - 正在检查计划代码 25sysle031 的可用性...
2025-05-01 01:00:44,412 - INFO - 将在 1 个配置中查找 BHS 的可用性...
2025-05-01 01:00:44,413 - INFO - 在数据中心 bhs 找到基础 planCode 25sysle031 可用 (FQN 可能不同: 25sysle031.ram-32g-ecc-2666.hybridsoftraid-4x12000sa-1x512nvme)!
2025-05-01 01:00:44,413 - INFO - go-ovh-ie: 在 bhs 找到基础 25sysle031 可用，准备下单包含选项的订单...
2025-05-01 01:00:44,413 - INFO - 为区域 IE 创建购物车...
2025-05-01 01:00:44,515 - INFO - 购物车创建成功，ID: b0c7188a-488f-4530-9a64-a74cd34a9abb
2025-05-01 01:00:44,515 - INFO - 将基础商品 25sysle031 添加到购物车 b0c7188a-488f-4530-9a64-a74cd34a9abb (使用 /eco)...
2025-05-01 01:00:44,721 - ERROR - OVH查询ID: EU.ext-5.6812c7bc.1368855.4a84daa5cc00d5b18cbdfa2f47df701b
2025-05-01 01:00:44,721 - ERROR - 购物车ID: b0c7188a-488f-4530-9a64-a74cd34a9abb
2025-05-01 01:10:49,725 - INFO - 开始处理任务 86844322-282a-4333-af25-5b23364a6530 (使用 /eco/options 添加硬件)
2025-05-01 01:10:49,725 - INFO - 用户请求配置: planCode=25sysle031, datacenter=BHS, OS=none_64.en
2025-05-01 01:10:49,725 - INFO - 用户请求选项值: set()
2025-05-01 01:10:49,726 - INFO - 正在检查计划代码 25sysle031 的可用性...
2025-05-01 01:10:49,813 - INFO - 将在 1 个配置中查找 BHS 的可用性...
2025-05-01 01:10:49,813 - INFO - 在数据中心 bhs 找到基础 planCode 25sysle031 可用 (FQN 可能不同: 25sysle031.ram-32g-ecc-2666.hybridsoftraid-4x12000sa-1x512nvme)!
2025-05-01 01:10:49,813 - INFO - go-ovh-ie: 在 bhs 找到基础 25sysle031 可用，准备下单包含选项的订单...
2025-05-01 01:10:49,813 - INFO - 为区域 IE 创建购物车...
2025-05-01 01:10:49,913 - INFO - 购物车创建成功，ID: f0e0d94c-0db8-46c5-9d99-41d95c3d0878
2025-05-01 01:10:49,913 - INFO - 将基础商品 25sysle031 添加到购物车 f0e0d94c-0db8-46c5-9d99-41d95c3d0878 (使用 /eco)...
2025-05-01 01:10:50,112 - ERROR - OVH查询ID: EU.ext-1.6812ca19.1388698.2286012cef3325369e00c41d232a7ee1
2025-05-01 01:10:50,114 - ERROR - 购物车ID: f0e0d94c-0db8-46c5-9d99-41d95c3d0878
2025-05-01 01:20:54,469 - INFO - 开始处理任务 86844322-282a-4333-af25-5b23364a6530 (使用 /eco/options 添加硬件)
2025-05-01 01:20:54,469 - INFO - 用户请求配置: planCode=25sysle031, datacenter=BHS, OS=none_64.en
2025-05-01 01:20:54,469 - INFO - 用户请求选项值: set()
2025-05-01 01:20:54,470 - INFO - 正在检查计划代码 25sysle031 的可用性...
2025-05-01 01:20:54,570 - INFO - 将在 1 个配置中查找 BHS 的可用性...
2025-05-01 01:20:54,570 - INFO - 在数据中心 bhs 找到基础 planCode 25sysle031 可用 (FQN 可能不同: 25sysle031.ram-32g-ecc-2666.hybridsoftraid-4x12000sa-1x512nvme)!
2025-05-01 01:20:54,570 - INFO - go-ovh-ie: 在 bhs 找到基础 25sysle031 可用，准备下单包含选项的订单...
2025-05-01 01:20:54,571 - INFO - 为区域 IE 创建购物车...
2025-05-01 01:20:54,677 - INFO - 购物车创建成功，ID: 214b635b-506c-4ff1-961c-2fc8e5b7d76a
2025-05-01 01:20:54,678 - INFO - 将基础商品 25sysle031 添加到购物车 214b635b-506c-4ff1-961c-2fc8e5b7d76a (使用 /eco)...
2025-05-01 01:20:54,889 - ERROR - OVH查询ID: EU.ext-4.6812cc76.1366630.b716d981254ce25abd0f00a381844d7b
2025-05-01 01:20:54,889 - ERROR - 购物车ID: 214b635b-506c-4ff1-961c-2fc8e5b7d76a
2025-05-01 01:30:59,690 - INFO - 开始处理任务 86844322-282a-4333-af25-5b23364a6530 (使用 /eco/options 添加硬件)
2025-05-01 01:30:59,690 - INFO - 用户请求配置: planCode=25sysle031, datacenter=BHS, OS=none_64.en
2025-05-01 01:30:59,690 - INFO - 用户请求选项值: set()
2025-05-01 01:30:59,690 - INFO - 正在检查计划代码 25sysle031 的可用性...
2025-05-01 01:30:59,791 - INFO - 将在 1 个配置中查找 BHS 的可用性...
2025-05-01 01:30:59,791 - INFO - 在数据中心 bhs 找到基础 planCode 25sysle031 可用 (FQN 可能不同: 25sysle031.ram-32g-ecc-2666.hybridsoftraid-4x12000sa-1x512nvme)!
2025-05-01 01:30:59,791 - INFO - go-ovh-ie: 在 bhs 找到基础 25sysle031 可用，准备下单包含选项的订单...
2025-05-01 01:30:59,793 - INFO - 为区域 IE 创建购物车...
2025-05-01 01:30:59,905 - INFO - 购物车创建成功，ID: 5f66501e-e91c-42c4-8dd5-15344f7176b3
2025-05-01 01:30:59,906 - INFO - 将基础商品 25sysle031 添加到购物车 5f66501e-e91c-42c4-8dd5-15344f7176b3 (使用 /eco)...
2025-05-01 01:31:00,116 - ERROR - OVH查询ID: EU.ext-5.6812ced3.1368855.23a2e187c2b565f5e9bfd81c41f8fb29
2025-05-01 01:31:00,117 - ERROR - 购物车ID: 5f66501e-e91c-42c4-8dd5-15344f7176b3
2025-05-01 01:41:05,025 - INFO - 开始处理任务 86844322-282a-4333-af25-5b23364a6530 (使用 /eco/options 添加硬件)
2025-05-01 01:41:05,025 - INFO - 用户请求配置: planCode=25sysle031, datacenter=BHS, OS=none_64.en
2025-05-01 01:41:05,025 - INFO - 用户请求选项值: set()
2025-05-01 01:41:05,026 - INFO - 正在检查计划代码 25sysle031 的可用性...
2025-05-01 01:41:05,126 - INFO - 将在 1 个配置中查找 BHS 的可用性...
2025-05-01 01:41:05,126 - INFO - 在数据中心 bhs 找到基础 planCode 25sysle031 可用 (FQN 可能不同: 25sysle031.ram-32g-ecc-2666.hybridsoftraid-4x12000sa-1x512nvme)!
2025-05-01 01:41:05,126 - INFO - go-ovh-ie: 在 bhs 找到基础 25sysle031 可用，准备下单包含选项的订单...
2025-05-01 01:41:05,127 - INFO - 为区域 IE 创建购物车...
2025-05-01 01:41:05,221 - INFO - 购物车创建成功，ID: 11206ade-58ea-40be-864e-1b4b2e1060bb
2025-05-01 01:41:05,223 - INFO - 将基础商品 25sysle031 添加到购物车 11206ade-58ea-40be-864e-1b4b2e1060bb (使用 /eco)...
2025-05-01 01:41:05,415 - ERROR - OVH查询ID: EU.ext-3.6812d131.1391594.4e9b4e2578bcdbe093e5cc997a44602c
2025-05-01 01:41:05,416 - ERROR - 购物车ID: 11206ade-58ea-40be-864e-1b4b2e1060bb
2025-05-01 01:51:10,162 - INFO - 开始处理任务 86844322-282a-4333-af25-5b23364a6530 (使用 /eco/options 添加硬件)
2025-05-01 01:51:10,162 - INFO - 用户请求配置: planCode=25sysle031, datacenter=BHS, OS=none_64.en
2025-05-01 01:51:10,162 - INFO - 用户请求选项值: set()
2025-05-01 01:51:10,164 - INFO - 正在检查计划代码 25sysle031 的可用性...
2025-05-01 01:51:10,256 - INFO - 将在 1 个配置中查找 BHS 的可用性...
2025-05-01 01:51:10,256 - INFO - 在数据中心 bhs 找到基础 planCode 25sysle031 可用 (FQN 可能不同: 25sysle031.ram-32g-ecc-2666.hybridsoftraid-4x12000sa-1x512nvme)!
2025-05-01 01:51:10,256 - INFO - go-ovh-ie: 在 bhs 找到基础 25sysle031 可用，准备下单包含选项的订单...
2025-05-01 01:51:10,258 - INFO - 为区域 IE 创建购物车...
2025-05-01 01:51:10,350 - INFO - 购物车创建成功，ID: f100e7e5-37dd-4eb4-9367-abf4c5c0ce9e
2025-05-01 01:51:10,351 - INFO - 将基础商品 25sysle031 添加到购物车 f100e7e5-37dd-4eb4-9367-abf4c5c0ce9e (使用 /eco)...
2025-05-01 01:51:10,550 - ERROR - OVH查询ID: EU.ext-2.6812d38e.1378143.ee2779f83c24e92789816d8196b8c494
2025-05-01 01:51:10,552 - ERROR - 购物车ID: f100e7e5-37dd-4eb4-9367-abf4c5c0ce9e
2025-05-01 02:01:15,402 - INFO - 开始处理任务 86844322-282a-4333-af25-5b23364a6530 (使用 /eco/options 添加硬件)
2025-05-01 02:01:15,402 - INFO - 用户请求配置: planCode=25sysle031, datacenter=BHS, OS=none_64.en
2025-05-01 02:01:15,402 - INFO - 用户请求选项值: set()
2025-05-01 02:01:15,402 - INFO - 正在检查计划代码 25sysle031 的可用性...
2025-05-01 02:01:15,496 - INFO - 将在 1 个配置中查找 BHS 的可用性...
2025-05-01 02:01:15,496 - INFO - 在数据中心 bhs 找到基础 planCode 25sysle031 可用 (FQN 可能不同: 25sysle031.ram-32g-ecc-2666.hybridsoftraid-4x12000sa-1x512nvme)!
2025-05-01 02:01:15,496 - INFO - go-ovh-ie: 在 bhs 找到基础 25sysle031 可用，准备下单包含选项的订单...
2025-05-01 02:01:15,496 - INFO - 为区域 IE 创建购物车...
2025-05-01 02:01:15,604 - INFO - 购物车创建成功，ID: bcebcb47-f9ad-4126-add0-4252f6531a54
2025-05-01 02:01:15,605 - INFO - 将基础商品 25sysle031 添加到购物车 bcebcb47-f9ad-4126-add0-4252f6531a54 (使用 /eco)...
2025-05-01 02:01:15,799 - ERROR - OVH查询ID: EU.ext-4.6812d5eb.1366630.744635696b27782f5fb1e4fca6ffd490
2025-05-01 02:01:15,800 - ERROR - 购物车ID: bcebcb47-f9ad-4126-add0-4252f6531a54
2025-05-01 02:11:20,627 - INFO - 开始处理任务 86844322-282a-4333-af25-5b23364a6530 (使用 /eco/options 添加硬件)
2025-05-01 02:11:20,627 - INFO - 用户请求配置: planCode=25sysle031, datacenter=BHS, OS=none_64.en
2025-05-01 02:11:20,627 - INFO - 用户请求选项值: set()
2025-05-01 02:11:20,628 - INFO - 正在检查计划代码 25sysle031 的可用性...
2025-05-01 02:11:21,031 - INFO - 将在 1 个配置中查找 BHS 的可用性...
2025-05-01 02:11:21,031 - INFO - 在数据中心 bhs 找到基础 planCode 25sysle031 可用 (FQN 可能不同: 25sysle031.ram-32g-ecc-2666.hybridsoftraid-4x12000sa-1x512nvme)!
2025-05-01 02:11:21,031 - INFO - go-ovh-ie: 在 bhs 找到基础 25sysle031 可用，准备下单包含选项的订单...
2025-05-01 02:11:21,033 - INFO - 为区域 IE 创建购物车...
2025-05-01 02:11:21,130 - INFO - 购物车创建成功，ID: 88f1a932-2403-41ca-aeda-9e0464d74a4d
2025-05-01 02:11:21,131 - INFO - 将基础商品 25sysle031 添加到购物车 88f1a932-2403-41ca-aeda-9e0464d74a4d (使用 /eco)...
2025-05-01 02:11:21,324 - ERROR - OVH查询ID: EU.ext-2.6812d849.1378143.c4332dc001fae17fef509e6010b6a958
2025-05-01 02:11:21,324 - ERROR - 购物车ID: 88f1a932-2403-41ca-aeda-9e0464d74a4d
2025-05-01 02:21:25,877 - INFO - 开始处理任务 86844322-282a-4333-af25-5b23364a6530 (使用 /eco/options 添加硬件)
2025-05-01 02:21:25,877 - INFO - 用户请求配置: planCode=25sysle031, datacenter=BHS, OS=none_64.en
2025-05-01 02:21:25,877 - INFO - 用户请求选项值: set()
2025-05-01 02:21:25,878 - INFO - 正在检查计划代码 25sysle031 的可用性...
2025-05-01 02:21:25,973 - INFO - 将在 1 个配置中查找 BHS 的可用性...
2025-05-01 02:21:25,973 - INFO - 在数据中心 bhs 找到基础 planCode 25sysle031 可用 (FQN 可能不同: 25sysle031.ram-32g-ecc-2666.hybridsoftraid-4x12000sa-1x512nvme)!
2025-05-01 02:21:25,973 - INFO - go-ovh-ie: 在 bhs 找到基础 25sysle031 可用，准备下单包含选项的订单...
2025-05-01 02:21:25,974 - INFO - 为区域 IE 创建购物车...
2025-05-01 02:21:26,068 - INFO - 购物车创建成功，ID: 505bd74e-5bde-4255-b38e-57f282596f0c
2025-05-01 02:21:26,068 - INFO - 将基础商品 25sysle031 添加到购物车 505bd74e-5bde-4255-b38e-57f282596f0c (使用 /eco)...
2025-05-01 02:21:26,262 - ERROR - OVH查询ID: EU.ext-1.6812daa6.1388698.a6928d9294eb5dfde346ad81584661a6
2025-05-01 02:21:26,262 - ERROR - 购物车ID: 505bd74e-5bde-4255-b38e-57f282596f0c
2025-05-01 02:31:31,113 - INFO - 开始处理任务 86844322-282a-4333-af25-5b23364a6530 (使用 /eco/options 添加硬件)
2025-05-01 02:31:31,113 - INFO - 用户请求配置: planCode=25sysle031, datacenter=BHS, OS=none_64.en
2025-05-01 02:31:31,113 - INFO - 用户请求选项值: set()
2025-05-01 02:31:31,114 - INFO - 正在检查计划代码 25sysle031 的可用性...
2025-05-01 02:31:31,219 - INFO - 将在 1 个配置中查找 BHS 的可用性...
2025-05-01 02:31:31,219 - INFO - 在数据中心 bhs 找到基础 planCode 25sysle031 可用 (FQN 可能不同: 25sysle031.ram-32g-ecc-2666.hybridsoftraid-4x12000sa-1x512nvme)!
2025-05-01 02:31:31,219 - INFO - go-ovh-ie: 在 bhs 找到基础 25sysle031 可用，准备下单包含选项的订单...
2025-05-01 02:31:31,221 - INFO - 为区域 IE 创建购物车...
2025-05-01 02:31:31,335 - INFO - 购物车创建成功，ID: c7e2f607-068f-4dce-b3e4-69653237bc4c
2025-05-01 02:31:31,336 - INFO - 将基础商品 25sysle031 添加到购物车 c7e2f607-068f-4dce-b3e4-69653237bc4c (使用 /eco)...
2025-05-01 02:31:31,563 - ERROR - OVH查询ID: EU.ext-4.6812dd03.1366630.20486639a60455757faa5385daa5638f
2025-05-01 02:31:31,564 - ERROR - 购物车ID: c7e2f607-068f-4dce-b3e4-69653237bc4c
2025-05-01 02:41:36,348 - INFO - 开始处理任务 86844322-282a-4333-af25-5b23364a6530 (使用 /eco/options 添加硬件)
2025-05-01 02:41:36,348 - INFO - 用户请求配置: planCode=25sysle031, datacenter=BHS, OS=none_64.en
2025-05-01 02:41:36,348 - INFO - 用户请求选项值: set()
2025-05-01 02:41:36,350 - INFO - 正在检查计划代码 25sysle031 的可用性...
2025-05-01 02:41:36,442 - INFO - 将在 1 个配置中查找 BHS 的可用性...
2025-05-01 02:41:36,442 - INFO - 在数据中心 bhs 找到基础 planCode 25sysle031 可用 (FQN 可能不同: 25sysle031.ram-32g-ecc-2666.hybridsoftraid-4x12000sa-1x512nvme)!
2025-05-01 02:41:36,442 - INFO - go-ovh-ie: 在 bhs 找到基础 25sysle031 可用，准备下单包含选项的订单...
2025-05-01 02:41:36,444 - INFO - 为区域 IE 创建购物车...
2025-05-01 02:41:36,550 - INFO - 购物车创建成功，ID: e67ce2c3-320a-4f3f-aa54-87a9959e8786
2025-05-01 02:41:36,552 - INFO - 将基础商品 25sysle031 添加到购物车 e67ce2c3-320a-4f3f-aa54-87a9959e8786 (使用 /eco)...
2025-05-01 02:41:36,746 - ERROR - OVH查询ID: EU.ext-1.6812df60.1388698.6cdcd6070b16df62402db4bbd0f6e7a1
2025-05-01 02:41:36,747 - ERROR - 购物车ID: e67ce2c3-320a-4f3f-aa54-87a9959e8786
2025-05-01 02:51:41,793 - INFO - 开始处理任务 86844322-282a-4333-af25-5b23364a6530 (使用 /eco/options 添加硬件)
2025-05-01 02:51:41,793 - INFO - 用户请求配置: planCode=25sysle031, datacenter=BHS, OS=none_64.en
2025-05-01 02:51:41,793 - INFO - 用户请求选项值: set()
2025-05-01 02:51:41,793 - INFO - 正在检查计划代码 25sysle031 的可用性...
2025-05-01 02:51:41,892 - INFO - 将在 1 个配置中查找 BHS 的可用性...
2025-05-01 02:51:41,892 - INFO - 在数据中心 bhs 找到基础 planCode 25sysle031 可用 (FQN 可能不同: 25sysle031.ram-32g-ecc-2666.hybridsoftraid-4x12000sa-1x512nvme)!
2025-05-01 02:51:41,892 - INFO - go-ovh-ie: 在 bhs 找到基础 25sysle031 可用，准备下单包含选项的订单...
2025-05-01 02:51:41,892 - INFO - 为区域 IE 创建购物车...
2025-05-01 02:51:42,000 - INFO - 购物车创建成功，ID: c4e2d747-0e3e-4900-ade4-18d031a753f4
2025-05-01 02:51:42,001 - INFO - 将基础商品 25sysle031 添加到购物车 c4e2d747-0e3e-4900-ade4-18d031a753f4 (使用 /eco)...
2025-05-01 02:51:42,198 - ERROR - OVH查询ID: EU.ext-4.6812e1be.1366630.8344e18e5d4661db0c05a37a8e8830a9
2025-05-01 02:51:42,198 - ERROR - 购物车ID: c4e2d747-0e3e-4900-ade4-18d031a753f4
2025-05-01 03:01:47,162 - INFO - 开始处理任务 86844322-282a-4333-af25-5b23364a6530 (使用 /eco/options 添加硬件)
2025-05-01 03:01:47,163 - INFO - 用户请求配置: planCode=25sysle031, datacenter=BHS, OS=none_64.en
2025-05-01 03:01:47,163 - INFO - 用户请求选项值: set()
2025-05-01 03:01:47,163 - INFO - 正在检查计划代码 25sysle031 的可用性...
2025-05-01 03:01:47,265 - INFO - 将在 1 个配置中查找 BHS 的可用性...
2025-05-01 03:01:47,265 - INFO - 在数据中心 bhs 找到基础 planCode 25sysle031 可用 (FQN 可能不同: 25sysle031.ram-32g-ecc-2666.hybridsoftraid-4x12000sa-1x512nvme)!
2025-05-01 03:01:47,265 - INFO - go-ovh-ie: 在 bhs 找到基础 25sysle031 可用，准备下单包含选项的订单...
2025-05-01 03:01:47,266 - INFO - 为区域 IE 创建购物车...
2025-05-01 03:01:47,360 - INFO - 购物车创建成功，ID: 15cf0569-56ee-421f-a129-3a557b2773c8
2025-05-01 03:01:47,362 - INFO - 将基础商品 25sysle031 添加到购物车 15cf0569-56ee-421f-a129-3a557b2773c8 (使用 /eco)...
2025-05-01 03:01:47,617 - ERROR - OVH查询ID: EU.ext-2.6812e41b.1378143.491ab6fed1361f3339a369f38af1050a
2025-05-01 03:01:47,617 - ERROR - 购物车ID: 15cf0569-56ee-421f-a129-3a557b2773c8
2025-05-01 03:11:52,064 - INFO - 开始处理任务 86844322-282a-4333-af25-5b23364a6530 (使用 /eco/options 添加硬件)
2025-05-01 03:11:52,064 - INFO - 用户请求配置: planCode=25sysle031, datacenter=BHS, OS=none_64.en
2025-05-01 03:11:52,064 - INFO - 用户请求选项值: set()
2025-05-01 03:11:52,065 - INFO - 正在检查计划代码 25sysle031 的可用性...
2025-05-01 03:11:52,480 - INFO - 将在 1 个配置中查找 BHS 的可用性...
2025-05-01 03:11:52,480 - INFO - 在数据中心 bhs 找到基础 planCode 25sysle031 可用 (FQN 可能不同: 25sysle031.ram-32g-ecc-2666.hybridsoftraid-4x12000sa-1x512nvme)!
2025-05-01 03:11:52,480 - INFO - go-ovh-ie: 在 bhs 找到基础 25sysle031 可用，准备下单包含选项的订单...
2025-05-01 03:11:52,482 - INFO - 为区域 IE 创建购物车...
2025-05-01 03:11:52,580 - INFO - 购物车创建成功，ID: e8857584-02fc-40cf-96e9-7b485cfdd971
2025-05-01 03:11:52,582 - INFO - 将基础商品 25sysle031 添加到购物车 e8857584-02fc-40cf-96e9-7b485cfdd971 (使用 /eco)...
2025-05-01 03:11:52,779 - ERROR - OVH查询ID: EU.ext-4.6812e678.1366630.92d3aad229d7453f9466d39d373761a9
2025-05-01 03:11:52,779 - ERROR - 购物车ID: e8857584-02fc-40cf-96e9-7b485cfdd971
2025-05-01 03:21:57,826 - INFO - 开始处理任务 86844322-282a-4333-af25-5b23364a6530 (使用 /eco/options 添加硬件)
2025-05-01 03:21:57,826 - INFO - 用户请求配置: planCode=25sysle031, datacenter=BHS, OS=none_64.en
2025-05-01 03:21:57,826 - INFO - 用户请求选项值: set()
2025-05-01 03:21:57,826 - INFO - 正在检查计划代码 25sysle031 的可用性...
2025-05-01 03:21:57,917 - INFO - 将在 1 个配置中查找 BHS 的可用性...
2025-05-01 03:21:57,917 - INFO - 在数据中心 bhs 找到基础 planCode 25sysle031 可用 (FQN 可能不同: 25sysle031.ram-32g-ecc-2666.hybridsoftraid-4x12000sa-1x512nvme)!
2025-05-01 03:21:57,917 - INFO - go-ovh-ie: 在 bhs 找到基础 25sysle031 可用，准备下单包含选项的订单...
2025-05-01 03:21:57,918 - INFO - 为区域 IE 创建购物车...
2025-05-01 03:21:58,012 - INFO - 购物车创建成功，ID: 058881fe-34d3-40a6-a3e1-bfb5ee5fe966
2025-05-01 03:21:58,012 - INFO - 将基础商品 25sysle031 添加到购物车 058881fe-34d3-40a6-a3e1-bfb5ee5fe966 (使用 /eco)...
2025-05-01 03:21:58,202 - ERROR - OVH查询ID: EU.ext-4.6812e8d6.1366630.cddb1412ba82bc77cceb25bd9ab9ae8a
2025-05-01 03:21:58,204 - ERROR - 购物车ID: 058881fe-34d3-40a6-a3e1-bfb5ee5fe966
2025-05-01 03:32:02,533 - INFO - 开始处理任务 86844322-282a-4333-af25-5b23364a6530 (使用 /eco/options 添加硬件)
2025-05-01 03:32:02,533 - INFO - 用户请求配置: planCode=25sysle031, datacenter=BHS, OS=none_64.en
2025-05-01 03:32:02,534 - INFO - 用户请求选项值: set()
2025-05-01 03:32:02,535 - INFO - 正在检查计划代码 25sysle031 的可用性...
2025-05-01 03:32:02,635 - INFO - 将在 1 个配置中查找 BHS 的可用性...
2025-05-01 03:32:02,635 - INFO - 在数据中心 bhs 找到基础 planCode 25sysle031 可用 (FQN 可能不同: 25sysle031.ram-32g-ecc-2666.hybridsoftraid-4x12000sa-1x512nvme)!
2025-05-01 03:32:02,635 - INFO - go-ovh-ie: 在 bhs 找到基础 25sysle031 可用，准备下单包含选项的订单...
2025-05-01 03:32:02,636 - INFO - 为区域 IE 创建购物车...
2025-05-01 03:32:02,736 - INFO - 购物车创建成功，ID: 77610c90-2404-4b2a-9f72-f68bca932147
2025-05-01 03:32:02,737 - INFO - 将基础商品 25sysle031 添加到购物车 77610c90-2404-4b2a-9f72-f68bca932147 (使用 /eco)...
2025-05-01 03:32:02,935 - ERROR - OVH查询ID: EU.ext-5.6812eb32.1368855.37769283f3806d35c20fd567c0f01123
2025-05-01 03:32:02,936 - ERROR - 购物车ID: 77610c90-2404-4b2a-9f72-f68bca932147
2025-05-01 03:42:07,754 - INFO - 开始处理任务 86844322-282a-4333-af25-5b23364a6530 (使用 /eco/options 添加硬件)
2025-05-01 03:42:07,754 - INFO - 用户请求配置: planCode=25sysle031, datacenter=BHS, OS=none_64.en
2025-05-01 03:42:07,754 - INFO - 用户请求选项值: set()
2025-05-01 03:42:07,756 - INFO - 正在检查计划代码 25sysle031 的可用性...
2025-05-01 03:42:07,845 - INFO - 将在 1 个配置中查找 BHS 的可用性...
2025-05-01 03:42:07,845 - INFO - 在数据中心 bhs 找到基础 planCode 25sysle031 可用 (FQN 可能不同: 25sysle031.ram-32g-ecc-2666.hybridsoftraid-4x12000sa-1x512nvme)!
2025-05-01 03:42:07,845 - INFO - go-ovh-ie: 在 bhs 找到基础 25sysle031 可用，准备下单包含选项的订单...
2025-05-01 03:42:07,847 - INFO - 为区域 IE 创建购物车...
2025-05-01 03:42:08,619 - INFO - 购物车创建成功，ID: 5f98f91a-ce5c-43ca-9a53-bb2d4f430135
2025-05-01 03:42:08,619 - INFO - 将基础商品 25sysle031 添加到购物车 5f98f91a-ce5c-43ca-9a53-bb2d4f430135 (使用 /eco)...
2025-05-01 03:42:08,833 - ERROR - OVH查询ID: EU.ext-1.6812ed90.1388698.d94ffe40bfb7ff2531fee779e281e179
2025-05-01 03:42:08,833 - ERROR - 购物车ID: 5f98f91a-ce5c-43ca-9a53-bb2d4f430135
2025-05-01 03:52:13,413 - INFO - 开始处理任务 86844322-282a-4333-af25-5b23364a6530 (使用 /eco/options 添加硬件)
2025-05-01 03:52:13,415 - INFO - 用户请求配置: planCode=25sysle031, datacenter=BHS, OS=none_64.en
2025-05-01 03:52:13,415 - INFO - 用户请求选项值: set()
2025-05-01 03:52:13,416 - INFO - 正在检查计划代码 25sysle031 的可用性...
2025-05-01 03:52:13,505 - INFO - 将在 1 个配置中查找 BHS 的可用性...
2025-05-01 03:52:13,505 - INFO - 在数据中心 bhs 找到基础 planCode 25sysle031 可用 (FQN 可能不同: 25sysle031.ram-32g-ecc-2666.hybridsoftraid-4x12000sa-1x512nvme)!
2025-05-01 03:52:13,505 - INFO - go-ovh-ie: 在 bhs 找到基础 25sysle031 可用，准备下单包含选项的订单...
2025-05-01 03:52:13,505 - INFO - 为区域 IE 创建购物车...
2025-05-01 03:52:13,598 - INFO - 购物车创建成功，ID: a05ce108-39b9-4c30-9fb4-c29febb5da07
2025-05-01 03:52:13,598 - INFO - 将基础商品 25sysle031 添加到购物车 a05ce108-39b9-4c30-9fb4-c29febb5da07 (使用 /eco)...
2025-05-01 03:52:13,788 - ERROR - OVH查询ID: EU.ext-2.6812efed.1378143.0de2f368d29abecb81d818f001f7d9ee
2025-05-01 03:52:13,788 - ERROR - 购物车ID: a05ce108-39b9-4c30-9fb4-c29febb5da07
2025-05-01 04:02:18,209 - INFO - 开始处理任务 86844322-282a-4333-af25-5b23364a6530 (使用 /eco/options 添加硬件)
2025-05-01 04:02:18,209 - INFO - 用户请求配置: planCode=25sysle031, datacenter=BHS, OS=none_64.en
2025-05-01 04:02:18,209 - INFO - 用户请求选项值: set()
2025-05-01 04:02:18,209 - INFO - 正在检查计划代码 25sysle031 的可用性...
2025-05-01 04:02:18,311 - INFO - 将在 1 个配置中查找 BHS 的可用性...
2025-05-01 04:02:18,311 - INFO - 在数据中心 bhs 找到基础 planCode 25sysle031 可用 (FQN 可能不同: 25sysle031.ram-32g-ecc-2666.hybridsoftraid-4x12000sa-1x512nvme)!
2025-05-01 04:02:18,311 - INFO - go-ovh-ie: 在 bhs 找到基础 25sysle031 可用，准备下单包含选项的订单...
2025-05-01 04:02:18,312 - INFO - 为区域 IE 创建购物车...
2025-05-01 04:02:18,435 - INFO - 购物车创建成功，ID: 6aefb058-677a-43cc-87b9-857be5847def
2025-05-01 04:02:18,436 - INFO - 将基础商品 25sysle031 添加到购物车 6aefb058-677a-43cc-87b9-857be5847def (使用 /eco)...
2025-05-01 04:02:18,637 - ERROR - OVH查询ID: EU.ext-5.6812f24a.1368855.6c3f4467997ec711c100a2e0aec2abae
2025-05-01 04:02:18,637 - ERROR - 购物车ID: 6aefb058-677a-43cc-87b9-857be5847def
2025-05-01 04:12:23,437 - INFO - 开始处理任务 86844322-282a-4333-af25-5b23364a6530 (使用 /eco/options 添加硬件)
2025-05-01 04:12:23,437 - INFO - 用户请求配置: planCode=25sysle031, datacenter=BHS, OS=none_64.en
2025-05-01 04:12:23,438 - INFO - 用户请求选项值: set()
2025-05-01 04:12:23,439 - INFO - 正在检查计划代码 25sysle031 的可用性...
2025-05-01 04:12:23,530 - INFO - 将在 1 个配置中查找 BHS 的可用性...
2025-05-01 04:12:23,530 - INFO - 在数据中心 bhs 找到基础 planCode 25sysle031 可用 (FQN 可能不同: 25sysle031.ram-32g-ecc-2666.hybridsoftraid-4x12000sa-1x512nvme)!
2025-05-01 04:12:23,530 - INFO - go-ovh-ie: 在 bhs 找到基础 25sysle031 可用，准备下单包含选项的订单...
2025-05-01 04:12:23,532 - INFO - 为区域 IE 创建购物车...
2025-05-01 04:12:23,632 - INFO - 购物车创建成功，ID: 571e9aef-43f8-43f2-bf9c-7bd837480740
2025-05-01 04:12:23,633 - INFO - 将基础商品 25sysle031 添加到购物车 571e9aef-43f8-43f2-bf9c-7bd837480740 (使用 /eco)...
2025-05-01 04:12:23,833 - ERROR - OVH查询ID: EU.ext-2.6812f4a7.1378143.dd297f940ae532ed83c89b85098761ae
2025-05-01 04:12:23,833 - ERROR - 购物车ID: 571e9aef-43f8-43f2-bf9c-7bd837480740
2025-05-01 04:22:28,660 - INFO - 开始处理任务 86844322-282a-4333-af25-5b23364a6530 (使用 /eco/options 添加硬件)
2025-05-01 04:22:28,660 - INFO - 用户请求配置: planCode=25sysle031, datacenter=BHS, OS=none_64.en
2025-05-01 04:22:28,660 - INFO - 用户请求选项值: set()
2025-05-01 04:22:28,661 - INFO - 正在检查计划代码 25sysle031 的可用性...
2025-05-01 04:22:28,748 - INFO - 将在 1 个配置中查找 BHS 的可用性...
2025-05-01 04:22:28,748 - INFO - 在数据中心 bhs 找到基础 planCode 25sysle031 可用 (FQN 可能不同: 25sysle031.ram-32g-ecc-2666.hybridsoftraid-4x12000sa-1x512nvme)!
2025-05-01 04:22:28,749 - INFO - go-ovh-ie: 在 bhs 找到基础 25sysle031 可用，准备下单包含选项的订单...
2025-05-01 04:22:28,749 - INFO - 为区域 IE 创建购物车...
2025-05-01 04:22:28,849 - INFO - 购物车创建成功，ID: 62145d05-0305-4282-ba43-5406f22caab2
2025-05-01 04:22:28,849 - INFO - 将基础商品 25sysle031 添加到购物车 62145d05-0305-4282-ba43-5406f22caab2 (使用 /eco)...
2025-05-01 04:22:29,039 - ERROR - OVH查询ID: EU.ext-5.6812f704.1368855.1c9e217718983884dd3909e68efe341b
2025-05-01 04:22:29,039 - ERROR - 购物车ID: 62145d05-0305-4282-ba43-5406f22caab2
2025-05-01 04:32:33,893 - INFO - 开始处理任务 86844322-282a-4333-af25-5b23364a6530 (使用 /eco/options 添加硬件)
2025-05-01 04:32:33,893 - INFO - 用户请求配置: planCode=25sysle031, datacenter=BHS, OS=none_64.en
2025-05-01 04:32:33,893 - INFO - 用户请求选项值: set()
2025-05-01 04:32:33,895 - INFO - 正在检查计划代码 25sysle031 的可用性...
2025-05-01 04:32:33,988 - INFO - 将在 1 个配置中查找 BHS 的可用性...
2025-05-01 04:32:33,988 - INFO - 在数据中心 bhs 找到基础 planCode 25sysle031 可用 (FQN 可能不同: 25sysle031.ram-32g-ecc-2666.hybridsoftraid-4x12000sa-1x512nvme)!
2025-05-01 04:32:33,988 - INFO - go-ovh-ie: 在 bhs 找到基础 25sysle031 可用，准备下单包含选项的订单...
2025-05-01 04:32:33,989 - INFO - 为区域 IE 创建购物车...
2025-05-01 04:32:34,082 - INFO - 购物车创建成功，ID: cb62b6b5-477a-4ad9-84eb-fe708304e9d3
2025-05-01 04:32:34,083 - INFO - 将基础商品 25sysle031 添加到购物车 cb62b6b5-477a-4ad9-84eb-fe708304e9d3 (使用 /eco)...
2025-05-01 04:32:34,300 - ERROR - OVH查询ID: EU.ext-3.6812f962.1391594.3c73b4f2b880d574f77d1f4dca373b8e
2025-05-01 04:32:34,300 - ERROR - 购物车ID: cb62b6b5-477a-4ad9-84eb-fe708304e9d3
2025-05-01 04:42:39,123 - INFO - 开始处理任务 86844322-282a-4333-af25-5b23364a6530 (使用 /eco/options 添加硬件)
2025-05-01 04:42:39,123 - INFO - 用户请求配置: planCode=25sysle031, datacenter=BHS, OS=none_64.en
2025-05-01 04:42:39,123 - INFO - 用户请求选项值: set()
2025-05-01 04:42:39,125 - INFO - 正在检查计划代码 25sysle031 的可用性...
2025-05-01 04:42:39,209 - INFO - 将在 1 个配置中查找 BHS 的可用性...
2025-05-01 04:42:39,210 - INFO - 在数据中心 bhs 找到基础 planCode 25sysle031 可用 (FQN 可能不同: 25sysle031.ram-32g-ecc-2666.hybridsoftraid-4x12000sa-1x512nvme)!
2025-05-01 04:42:39,210 - INFO - go-ovh-ie: 在 bhs 找到基础 25sysle031 可用，准备下单包含选项的订单...
2025-05-01 04:42:39,210 - INFO - 为区域 IE 创建购物车...
2025-05-01 04:42:39,311 - INFO - 购物车创建成功，ID: 5677dbbf-a6e4-4a07-9b3b-e3ae57c791fa
2025-05-01 04:42:39,312 - INFO - 将基础商品 25sysle031 添加到购物车 5677dbbf-a6e4-4a07-9b3b-e3ae57c791fa (使用 /eco)...
2025-05-01 04:42:39,526 - ERROR - OVH查询ID: EU.ext-2.6812fbbf.1378143.d899059d1ba909e8e077dbcad2e60ef8
2025-05-01 04:42:39,526 - ERROR - 购物车ID: 5677dbbf-a6e4-4a07-9b3b-e3ae57c791fa
2025-05-01 04:52:44,345 - INFO - 开始处理任务 86844322-282a-4333-af25-5b23364a6530 (使用 /eco/options 添加硬件)
2025-05-01 04:52:44,346 - INFO - 用户请求配置: planCode=25sysle031, datacenter=BHS, OS=none_64.en
2025-05-01 04:52:44,346 - INFO - 用户请求选项值: set()
2025-05-01 04:52:44,347 - INFO - 正在检查计划代码 25sysle031 的可用性...
2025-05-01 04:52:44,675 - INFO - 将在 1 个配置中查找 BHS 的可用性...
2025-05-01 04:52:44,675 - INFO - 在数据中心 bhs 找到基础 planCode 25sysle031 可用 (FQN 可能不同: 25sysle031.ram-32g-ecc-2666.hybridsoftraid-4x12000sa-1x512nvme)!
2025-05-01 04:52:44,675 - INFO - go-ovh-ie: 在 bhs 找到基础 25sysle031 可用，准备下单包含选项的订单...
2025-05-01 04:52:44,677 - INFO - 为区域 IE 创建购物车...
2025-05-01 04:52:44,780 - INFO - 购物车创建成功，ID: c1509611-5bc6-4f40-b692-ef80b3d0827e
2025-05-01 04:52:44,780 - INFO - 将基础商品 25sysle031 添加到购物车 c1509611-5bc6-4f40-b692-ef80b3d0827e (使用 /eco)...
2025-05-01 04:52:44,984 - ERROR - OVH查询ID: EU.ext-5.6812fe1c.1368855.34ed07547fa5bd423878bc38accc75b7
2025-05-01 04:52:44,984 - ERROR - 购物车ID: c1509611-5bc6-4f40-b692-ef80b3d0827e
2025-05-01 05:02:49,760 - INFO - 开始处理任务 86844322-282a-4333-af25-5b23364a6530 (使用 /eco/options 添加硬件)
2025-05-01 05:02:49,761 - INFO - 用户请求配置: planCode=25sysle031, datacenter=BHS, OS=none_64.en
2025-05-01 05:02:49,761 - INFO - 用户请求选项值: set()
2025-05-01 05:02:49,761 - INFO - 正在检查计划代码 25sysle031 的可用性...
2025-05-01 05:02:49,848 - INFO - 将在 1 个配置中查找 BHS 的可用性...
2025-05-01 05:02:49,848 - INFO - 在数据中心 bhs 找到基础 planCode 25sysle031 可用 (FQN 可能不同: 25sysle031.ram-32g-ecc-2666.hybridsoftraid-4x12000sa-1x512nvme)!
2025-05-01 05:02:49,848 - INFO - go-ovh-ie: 在 bhs 找到基础 25sysle031 可用，准备下单包含选项的订单...
2025-05-01 05:02:49,850 - INFO - 为区域 IE 创建购物车...
2025-05-01 05:02:49,943 - INFO - 购物车创建成功，ID: e6c9bf58-6a56-4c36-9497-29ee868596f1
2025-05-01 05:02:49,944 - INFO - 将基础商品 25sysle031 添加到购物车 e6c9bf58-6a56-4c36-9497-29ee868596f1 (使用 /eco)...
2025-05-01 05:02:50,137 - ERROR - OVH查询ID: EU.ext-2.68130079.1378143.be0d83934c7ef2bb406ed131df174581
2025-05-01 05:02:50,137 - ERROR - 购物车ID: e6c9bf58-6a56-4c36-9497-29ee868596f1
2025-05-01 05:12:55,255 - INFO - 开始处理任务 86844322-282a-4333-af25-5b23364a6530 (使用 /eco/options 添加硬件)
2025-05-01 05:12:55,255 - INFO - 用户请求配置: planCode=25sysle031, datacenter=BHS, OS=none_64.en
2025-05-01 05:12:55,257 - INFO - 用户请求选项值: set()
2025-05-01 05:12:55,257 - INFO - 正在检查计划代码 25sysle031 的可用性...
2025-05-01 05:12:55,367 - INFO - 将在 1 个配置中查找 BHS 的可用性...
2025-05-01 05:12:55,367 - INFO - 在数据中心 bhs 找到基础 planCode 25sysle031 可用 (FQN 可能不同: 25sysle031.ram-32g-ecc-2666.hybridsoftraid-4x12000sa-1x512nvme)!
2025-05-01 05:12:55,367 - INFO - go-ovh-ie: 在 bhs 找到基础 25sysle031 可用，准备下单包含选项的订单...
2025-05-01 05:12:55,369 - INFO - 为区域 IE 创建购物车...
2025-05-01 05:12:55,487 - INFO - 购物车创建成功，ID: 74dd838f-597b-412b-b66c-f0cc48be03b1
2025-05-01 05:12:55,488 - INFO - 将基础商品 25sysle031 添加到购物车 74dd838f-597b-412b-b66c-f0cc48be03b1 (使用 /eco)...
2025-05-01 05:12:55,685 - ERROR - OVH查询ID: EU.ext-5.681302d7.1368855.501797b45f6de72c15c38d11f1a509f6
2025-05-01 05:12:55,687 - ERROR - 购物车ID: 74dd838f-597b-412b-b66c-f0cc48be03b1
2025-05-01 05:23:00,055 - INFO - 开始处理任务 86844322-282a-4333-af25-5b23364a6530 (使用 /eco/options 添加硬件)
2025-05-01 05:23:00,055 - INFO - 用户请求配置: planCode=25sysle031, datacenter=BHS, OS=none_64.en
2025-05-01 05:23:00,055 - INFO - 用户请求选项值: set()
2025-05-01 05:23:00,056 - INFO - 正在检查计划代码 25sysle031 的可用性...
2025-05-01 05:23:00,158 - INFO - 将在 1 个配置中查找 BHS 的可用性...
2025-05-01 05:23:00,158 - INFO - 在数据中心 bhs 找到基础 planCode 25sysle031 可用 (FQN 可能不同: 25sysle031.ram-32g-ecc-2666.hybridsoftraid-4x12000sa-1x512nvme)!
2025-05-01 05:23:00,158 - INFO - go-ovh-ie: 在 bhs 找到基础 25sysle031 可用，准备下单包含选项的订单...
2025-05-01 05:23:00,159 - INFO - 为区域 IE 创建购物车...
2025-05-01 05:23:00,285 - INFO - 购物车创建成功，ID: e0a708c5-3512-436a-95e1-8d282a2a5e29
2025-05-01 05:23:00,286 - INFO - 将基础商品 25sysle031 添加到购物车 e0a708c5-3512-436a-95e1-8d282a2a5e29 (使用 /eco)...
2025-05-01 05:23:00,515 - ERROR - OVH查询ID: EU.ext-1.68130534.1388698.3e958d0f0100d60e47f3672d7755e6bd
2025-05-01 05:23:00,515 - ERROR - 购物车ID: e0a708c5-3512-436a-95e1-8d282a2a5e29
2025-05-01 05:33:05,773 - INFO - 开始处理任务 86844322-282a-4333-af25-5b23364a6530 (使用 /eco/options 添加硬件)
2025-05-01 05:33:05,773 - INFO - 用户请求配置: planCode=25sysle031, datacenter=BHS, OS=none_64.en
2025-05-01 05:33:05,773 - INFO - 用户请求选项值: set()
2025-05-01 05:33:05,774 - INFO - 正在检查计划代码 25sysle031 的可用性...
2025-05-01 05:33:05,879 - INFO - 将在 1 个配置中查找 BHS 的可用性...
2025-05-01 05:33:05,879 - INFO - 在数据中心 bhs 找到基础 planCode 25sysle031 可用 (FQN 可能不同: 25sysle031.ram-32g-ecc-2666.hybridsoftraid-4x12000sa-1x512nvme)!
2025-05-01 05:33:05,879 - INFO - go-ovh-ie: 在 bhs 找到基础 25sysle031 可用，准备下单包含选项的订单...
2025-05-01 05:33:05,880 - INFO - 为区域 IE 创建购物车...
2025-05-01 05:33:05,970 - INFO - 购物车创建成功，ID: 6dc4ced2-3f8b-4770-8be2-8b60c2f96cea
2025-05-01 05:33:05,970 - INFO - 将基础商品 25sysle031 添加到购物车 6dc4ced2-3f8b-4770-8be2-8b60c2f96cea (使用 /eco)...
2025-05-01 05:33:06,162 - ERROR - OVH查询ID: EU.ext-3.68130792.1391594.c24ddd3ef129644b6ae8faae087751b2
2025-05-01 05:33:06,162 - ERROR - 购物车ID: 6dc4ced2-3f8b-4770-8be2-8b60c2f96cea
2025-05-01 05:43:10,538 - INFO - 开始处理任务 86844322-282a-4333-af25-5b23364a6530 (使用 /eco/options 添加硬件)
2025-05-01 05:43:10,538 - INFO - 用户请求配置: planCode=25sysle031, datacenter=BHS, OS=none_64.en
2025-05-01 05:43:10,539 - INFO - 用户请求选项值: set()
2025-05-01 05:43:10,539 - INFO - 正在检查计划代码 25sysle031 的可用性...
2025-05-01 05:43:10,636 - INFO - 将在 1 个配置中查找 BHS 的可用性...
2025-05-01 05:43:10,636 - INFO - 在数据中心 bhs 找到基础 planCode 25sysle031 可用 (FQN 可能不同: 25sysle031.ram-32g-ecc-2666.hybridsoftraid-4x12000sa-1x512nvme)!
2025-05-01 05:43:10,636 - INFO - go-ovh-ie: 在 bhs 找到基础 25sysle031 可用，准备下单包含选项的订单...
2025-05-01 05:43:10,638 - INFO - 为区域 IE 创建购物车...
2025-05-01 05:43:10,736 - INFO - 购物车创建成功，ID: 7f5bbd5d-8d53-4434-b9d0-5ef23691c7f5
2025-05-01 05:43:10,736 - INFO - 将基础商品 25sysle031 添加到购物车 7f5bbd5d-8d53-4434-b9d0-5ef23691c7f5 (使用 /eco)...
2025-05-01 05:43:10,947 - ERROR - OVH查询ID: EU.ext-1.681309ee.1388698.5ca3d11b9a80eb6e391c8cace1cd15df
2025-05-01 05:43:10,947 - ERROR - 购物车ID: 7f5bbd5d-8d53-4434-b9d0-5ef23691c7f5
2025-05-01 05:53:15,770 - INFO - 开始处理任务 86844322-282a-4333-af25-5b23364a6530 (使用 /eco/options 添加硬件)
2025-05-01 05:53:15,770 - INFO - 用户请求配置: planCode=25sysle031, datacenter=BHS, OS=none_64.en
2025-05-01 05:53:15,770 - INFO - 用户请求选项值: set()
2025-05-01 05:53:15,772 - INFO - 正在检查计划代码 25sysle031 的可用性...
2025-05-01 05:53:15,870 - INFO - 将在 1 个配置中查找 BHS 的可用性...
2025-05-01 05:53:15,870 - INFO - 在数据中心 bhs 找到基础 planCode 25sysle031 可用 (FQN 可能不同: 25sysle031.ram-32g-ecc-2666.hybridsoftraid-4x12000sa-1x512nvme)!
2025-05-01 05:53:15,870 - INFO - go-ovh-ie: 在 bhs 找到基础 25sysle031 可用，准备下单包含选项的订单...
2025-05-01 05:53:15,870 - INFO - 为区域 IE 创建购物车...
2025-05-01 05:53:15,971 - INFO - 购物车创建成功，ID: 08da447a-cd74-49e1-9cb3-2922794b1459
2025-05-01 05:53:15,971 - INFO - 将基础商品 25sysle031 添加到购物车 08da447a-cd74-49e1-9cb3-2922794b1459 (使用 /eco)...
2025-05-01 05:53:16,167 - ERROR - OVH查询ID: EU.ext-5.68130c4c.1368855.c814623051cfaa2e9cb9c7290bff3d48
2025-05-01 05:53:16,167 - ERROR - 购物车ID: 08da447a-cd74-49e1-9cb3-2922794b1459
2025-05-01 06:03:21,408 - INFO - 开始处理任务 86844322-282a-4333-af25-5b23364a6530 (使用 /eco/options 添加硬件)
2025-05-01 06:03:21,408 - INFO - 用户请求配置: planCode=25sysle031, datacenter=BHS, OS=none_64.en
2025-05-01 06:03:21,408 - INFO - 用户请求选项值: set()
2025-05-01 06:03:21,411 - INFO - 正在检查计划代码 25sysle031 的可用性...
2025-05-01 06:03:21,501 - INFO - 将在 1 个配置中查找 BHS 的可用性...
2025-05-01 06:03:21,501 - INFO - 在数据中心 bhs 找到基础 planCode 25sysle031 可用 (FQN 可能不同: 25sysle031.ram-32g-ecc-2666.hybridsoftraid-4x12000sa-1x512nvme)!
2025-05-01 06:03:21,501 - INFO - go-ovh-ie: 在 bhs 找到基础 25sysle031 可用，准备下单包含选项的订单...
2025-05-01 06:03:21,503 - INFO - 为区域 IE 创建购物车...
2025-05-01 06:03:21,599 - INFO - 购物车创建成功，ID: 4ca79caf-2850-4cd5-89b5-720732cede15
2025-05-01 06:03:21,600 - INFO - 将基础商品 25sysle031 添加到购物车 4ca79caf-2850-4cd5-89b5-720732cede15 (使用 /eco)...
2025-05-01 06:03:21,801 - ERROR - OVH查询ID: EU.ext-4.68130ea9.1366630.cd877ed476bca4515840cf7cdc03f8d3
2025-05-01 06:03:21,801 - ERROR - 购物车ID: 4ca79caf-2850-4cd5-89b5-720732cede15
