2025-04-30 16:24:05,268 - INFO - 开始处理任务 c21ebfa7-85be-490a-8774-43854523cf12 (使用 /eco/options 添加硬件)
2025-04-30 16:24:05,268 - INFO - 用户请求配置: planCode=25sysle011, datacenter=RBX, OS=none_64.en
2025-04-30 16:24:05,268 - INFO - 用户请求选项值: set()
2025-04-30 16:24:05,270 - INFO - 正在检查计划代码 25sysle011 的可用性...
2025-04-30 16:24:05,680 - INFO - 将在 3 个配置中查找 RBX 的可用性...
2025-04-30 16:24:05,680 - INFO - 在数据中心 rbx 找到基础 planCode 25sysle011 可用 (FQN 可能不同: 25sysle011.ram-32g-ecc-2400.softraid-2x4000sa)!
2025-04-30 16:24:05,680 - INFO - go-ovh-ie: 在 rbx 找到基础 25sysle011 可用，准备下单包含选项的订单...
2025-04-30 16:24:05,682 - INFO - 为区域 IE 创建购物车...
2025-04-30 16:24:05,785 - INFO - 购物车创建成功，ID: f6c16b62-60d4-456c-809d-ee011562a1df
2025-04-30 16:24:05,786 - INFO - 将基础商品 25sysle011 添加到购物车 f6c16b62-60d4-456c-809d-ee011562a1df (使用 /eco)...
2025-04-30 16:24:06,104 - ERROR - OVH查询ID: EU.ext-5.68124ea5.1368855.f5c8f2605bad423e3b14fa5340461c4c
2025-04-30 16:24:06,105 - ERROR - 购物车ID: f6c16b62-60d4-456c-809d-ee011562a1df
2025-04-30 16:25:10,291 - INFO - 开始处理任务 c21ebfa7-85be-490a-8774-43854523cf12 (使用 /eco/options 添加硬件)
2025-04-30 16:25:10,291 - INFO - 用户请求配置: planCode=25sysle011, datacenter=RBX, OS=none_64.en
2025-04-30 16:25:10,291 - INFO - 用户请求选项值: set()
2025-04-30 16:25:10,292 - INFO - 正在检查计划代码 25sysle011 的可用性...
2025-04-30 16:25:10,704 - INFO - 将在 3 个配置中查找 RBX 的可用性...
2025-04-30 16:25:10,704 - INFO - 在数据中心 rbx 找到基础 planCode 25sysle011 可用 (FQN 可能不同: 25sysle011.ram-32g-ecc-2400.softraid-2x4000sa)!
2025-04-30 16:25:10,704 - INFO - go-ovh-ie: 在 rbx 找到基础 25sysle011 可用，准备下单包含选项的订单...
2025-04-30 16:25:10,706 - INFO - 为区域 IE 创建购物车...
2025-04-30 16:25:10,804 - INFO - 购物车创建成功，ID: d32d6259-90d7-430a-80ee-b55f2a4a35a2
2025-04-30 16:25:10,806 - INFO - 将基础商品 25sysle011 添加到购物车 d32d6259-90d7-430a-80ee-b55f2a4a35a2 (使用 /eco)...
2025-04-30 16:25:11,000 - ERROR - OVH查询ID: EU.ext-2.68124ee6.1378143.2bc490deb240332af3a722094dde18d1
2025-04-30 16:25:11,000 - ERROR - 购物车ID: d32d6259-90d7-430a-80ee-b55f2a4a35a2
