2025-04-30 16:24:30,283 - INFO - 开始处理任务 ce7f2748-ee96-40c8-b3cb-1c764864643b (使用 /eco/options 添加硬件)
2025-04-30 16:24:30,283 - INFO - 用户请求配置: planCode=25sysle021, datacenter=SBG, OS=none_64.en
2025-04-30 16:24:30,283 - INFO - 用户请求选项值: set()
2025-04-30 16:24:30,285 - INFO - 正在检查计划代码 25sysle021 的可用性...
2025-04-30 16:24:30,383 - INFO - 将在 4 个配置中查找 SBG 的可用性...
2025-04-30 16:24:30,383 - INFO - 在数据中心 sbg 找到基础 planCode 25sysle021 可用 (FQN 可能不同: 25sysle021.ram-32g-ecc-2666.softraid-2x1920nvme)!
2025-04-30 16:24:30,383 - INFO - go-ovh-ie: 在 sbg 找到基础 25sysle021 可用，准备下单包含选项的订单...
2025-04-30 16:24:30,383 - INFO - 为区域 IE 创建购物车...
2025-04-30 16:24:30,482 - INFO - 购物车创建成功，ID: 0b0671cf-f9dd-4fdf-a00d-e855494aa3de
2025-04-30 16:24:30,482 - INFO - 将基础商品 25sysle021 添加到购物车 0b0671cf-f9dd-4fdf-a00d-e855494aa3de (使用 /eco)...
2025-04-30 16:24:30,672 - ERROR - OVH查询ID: EU.ext-1.68124ebe.1388698.e17481ba5d39871b755007334971a140
2025-04-30 16:24:30,672 - ERROR - 购物车ID: 0b0671cf-f9dd-4fdf-a00d-e855494aa3de
2025-04-30 16:25:35,307 - INFO - 开始处理任务 ce7f2748-ee96-40c8-b3cb-1c764864643b (使用 /eco/options 添加硬件)
2025-04-30 16:25:35,307 - INFO - 用户请求配置: planCode=25sysle021, datacenter=SBG, OS=none_64.en
2025-04-30 16:25:35,307 - INFO - 用户请求选项值: set()
2025-04-30 16:25:35,308 - INFO - 正在检查计划代码 25sysle021 的可用性...
2025-04-30 16:25:35,400 - INFO - 将在 4 个配置中查找 SBG 的可用性...
2025-04-30 16:25:35,400 - INFO - 在数据中心 sbg 找到基础 planCode 25sysle021 可用 (FQN 可能不同: 25sysle021.ram-32g-ecc-2666.softraid-2x1920nvme)!
2025-04-30 16:25:35,400 - INFO - go-ovh-ie: 在 sbg 找到基础 25sysle021 可用，准备下单包含选项的订单...
2025-04-30 16:25:35,402 - INFO - 为区域 IE 创建购物车...
2025-04-30 16:25:35,505 - INFO - 购物车创建成功，ID: f1c719f4-eaf6-45c2-b412-e4d5d1672eb3
2025-04-30 16:25:35,505 - INFO - 将基础商品 25sysle021 添加到购物车 f1c719f4-eaf6-45c2-b412-e4d5d1672eb3 (使用 /eco)...
2025-04-30 16:25:35,707 - ERROR - OVH查询ID: EU.ext-4.68124eff.1366630.90b34e277ede925f66e7be45888d5a0a
2025-04-30 16:25:35,708 - ERROR - 购物车ID: f1c719f4-eaf6-45c2-b412-e4d5d1672eb3
