2025-05-07 08:04:00,080 - INFO - 开始处理任务 fd1d440b-f50c-4025-87b8-74f57ad19d41 (使用 /eco/options 添加硬件)
2025-05-07 08:04:00,080 - INFO - 用户请求配置: planCode=24rise09, datacenter=RBX, OS=none_64.en
2025-05-07 08:04:00,080 - INFO - 用户请求选项值: set()
2025-05-07 08:04:00,082 - INFO - 正在检查计划代码 24rise09 的可用性...
2025-05-07 08:04:00,403 - INFO - 将在 15 个配置中查找 RBX 的可用性...
2025-05-07 08:04:00,403 - INFO - 在数据中心 rbx 找到基础 planCode 24rise09 可用 (FQN 可能不同: 24rise09.ram-1024g-ecc-2933.noraid-0.softraid-2x480ssd-sata-system)!
2025-05-07 08:04:00,403 - INFO - go-ovh-ie: 在 rbx 找到基础 24rise09 可用，准备下单包含选项的订单...
2025-05-07 08:04:00,405 - INFO - 为区域 IE 创建购物车...
2025-05-07 08:04:00,506 - INFO - 购物车创建成功，ID: e5122a92-dcaf-45bd-9786-0e1dcb325acf
2025-05-07 08:04:00,507 - INFO - 将基础商品 24rise09 添加到购物车 e5122a92-dcaf-45bd-9786-0e1dcb325acf (使用 /eco)...
2025-05-07 08:04:00,715 - ERROR - OVH查询ID: EU.ext-4.681b13f0.2141819.a434a928e59de359070db771c51d6df9
2025-05-07 08:04:00,716 - ERROR - 购物车ID: e5122a92-dcaf-45bd-9786-0e1dcb325acf
2025-05-07 08:05:05,091 - INFO - 开始处理任务 fd1d440b-f50c-4025-87b8-74f57ad19d41 (使用 /eco/options 添加硬件)
2025-05-07 08:05:05,091 - INFO - 用户请求配置: planCode=24rise09, datacenter=RBX, OS=none_64.en
2025-05-07 08:05:05,091 - INFO - 用户请求选项值: set()
2025-05-07 08:05:05,093 - INFO - 正在检查计划代码 24rise09 的可用性...
2025-05-07 08:05:05,541 - INFO - 将在 15 个配置中查找 RBX 的可用性...
2025-05-07 08:05:05,542 - INFO - 在数据中心 rbx 找到基础 planCode 24rise09 可用 (FQN 可能不同: 24rise09.ram-1024g-ecc-2933.noraid-0.softraid-2x480ssd-sata-system)!
2025-05-07 08:05:05,542 - INFO - go-ovh-ie: 在 rbx 找到基础 24rise09 可用，准备下单包含选项的订单...
2025-05-07 08:05:05,542 - INFO - 为区域 IE 创建购物车...
2025-05-07 08:05:05,650 - INFO - 购物车创建成功，ID: 48438912-9012-4105-9164-3a0742b2cb6d
2025-05-07 08:05:05,650 - INFO - 将基础商品 24rise09 添加到购物车 48438912-9012-4105-9164-3a0742b2cb6d (使用 /eco)...
2025-05-07 08:05:05,866 - ERROR - OVH查询ID: EU.ext-2.681b1431.2152313.20647be30de5fc6b1c170fa7b252cea7
2025-05-07 08:05:05,868 - ERROR - 购物车ID: 48438912-9012-4105-9164-3a0742b2cb6d
2025-05-07 08:06:10,099 - INFO - 开始处理任务 fd1d440b-f50c-4025-87b8-74f57ad19d41 (使用 /eco/options 添加硬件)
2025-05-07 08:06:10,099 - INFO - 用户请求配置: planCode=24rise09, datacenter=RBX, OS=none_64.en
2025-05-07 08:06:10,099 - INFO - 用户请求选项值: set()
2025-05-07 08:06:10,100 - INFO - 正在检查计划代码 24rise09 的可用性...
2025-05-07 08:06:10,499 - INFO - 将在 15 个配置中查找 RBX 的可用性...
2025-05-07 08:06:10,500 - INFO - 在数据中心 rbx 找到基础 planCode 24rise09 可用 (FQN 可能不同: 24rise09.ram-1024g-ecc-2933.noraid-0.softraid-2x480ssd-sata-system)!
2025-05-07 08:06:10,500 - INFO - go-ovh-ie: 在 rbx 找到基础 24rise09 可用，准备下单包含选项的订单...
2025-05-07 08:06:10,500 - INFO - 为区域 IE 创建购物车...
2025-05-07 08:06:10,598 - INFO - 购物车创建成功，ID: 4d2a053f-9e78-4642-a879-e02ad7736946
2025-05-07 08:06:10,598 - INFO - 将基础商品 24rise09 添加到购物车 4d2a053f-9e78-4642-a879-e02ad7736946 (使用 /eco)...
2025-05-07 08:06:10,796 - ERROR - OVH查询ID: EU.ext-4.681b1472.2141819.2c191c41ecfa3db3909800211ee238b4
2025-05-07 08:06:10,796 - ERROR - 购物车ID: 4d2a053f-9e78-4642-a879-e02ad7736946
2025-05-07 08:07:15,110 - INFO - 开始处理任务 fd1d440b-f50c-4025-87b8-74f57ad19d41 (使用 /eco/options 添加硬件)
2025-05-07 08:07:15,110 - INFO - 用户请求配置: planCode=24rise09, datacenter=RBX, OS=none_64.en
2025-05-07 08:07:15,110 - INFO - 用户请求选项值: set()
2025-05-07 08:07:15,111 - INFO - 正在检查计划代码 24rise09 的可用性...
2025-05-07 08:07:15,529 - INFO - 将在 15 个配置中查找 RBX 的可用性...
2025-05-07 08:07:15,531 - INFO - 在数据中心 rbx 找到基础 planCode 24rise09 可用 (FQN 可能不同: 24rise09.ram-1024g-ecc-2933.noraid-0.softraid-2x480ssd-sata-system)!
2025-05-07 08:07:15,531 - INFO - go-ovh-ie: 在 rbx 找到基础 24rise09 可用，准备下单包含选项的订单...
2025-05-07 08:07:15,531 - INFO - 为区域 IE 创建购物车...
2025-05-07 08:07:15,644 - INFO - 购物车创建成功，ID: 72abaa84-badc-4a07-864b-106370475dba
2025-05-07 08:07:15,644 - INFO - 将基础商品 24rise09 添加到购物车 72abaa84-badc-4a07-864b-106370475dba (使用 /eco)...
2025-05-07 08:07:15,849 - ERROR - OVH查询ID: EU.ext-5.681b14b3.2140983.d54a91ca5f969bb803ef2e574d3e2e23
2025-05-07 08:07:15,849 - ERROR - 购物车ID: 72abaa84-badc-4a07-864b-106370475dba
2025-05-07 08:08:20,120 - INFO - 开始处理任务 fd1d440b-f50c-4025-87b8-74f57ad19d41 (使用 /eco/options 添加硬件)
2025-05-07 08:08:20,121 - INFO - 用户请求配置: planCode=24rise09, datacenter=RBX, OS=none_64.en
2025-05-07 08:08:20,121 - INFO - 用户请求选项值: set()
2025-05-07 08:08:20,121 - INFO - 正在检查计划代码 24rise09 的可用性...
2025-05-07 08:08:20,588 - INFO - 将在 15 个配置中查找 RBX 的可用性...
2025-05-07 08:08:20,589 - INFO - 在数据中心 rbx 找到基础 planCode 24rise09 可用 (FQN 可能不同: 24rise09.ram-1024g-ecc-2933.noraid-0.softraid-2x480ssd-sata-system)!
2025-05-07 08:08:20,589 - INFO - go-ovh-ie: 在 rbx 找到基础 24rise09 可用，准备下单包含选项的订单...
2025-05-07 08:08:20,589 - INFO - 为区域 IE 创建购物车...
2025-05-07 08:08:20,695 - INFO - 购物车创建成功，ID: 72ffdf72-f065-4916-993a-3d2cc769d1ec
2025-05-07 08:08:20,696 - INFO - 将基础商品 24rise09 添加到购物车 72ffdf72-f065-4916-993a-3d2cc769d1ec (使用 /eco)...
2025-05-07 08:08:20,909 - ERROR - OVH查询ID: EU.ext-1.681b14f4.2163613.e0f66c7fa6e413942ca5ebfdf740110e
2025-05-07 08:08:20,909 - ERROR - 购物车ID: 72ffdf72-f065-4916-993a-3d2cc769d1ec
2025-05-07 08:09:25,132 - INFO - 开始处理任务 fd1d440b-f50c-4025-87b8-74f57ad19d41 (使用 /eco/options 添加硬件)
2025-05-07 08:09:25,132 - INFO - 用户请求配置: planCode=24rise09, datacenter=RBX, OS=none_64.en
2025-05-07 08:09:25,132 - INFO - 用户请求选项值: set()
2025-05-07 08:09:25,133 - INFO - 正在检查计划代码 24rise09 的可用性...
2025-05-07 08:09:25,717 - INFO - 将在 15 个配置中查找 RBX 的可用性...
2025-05-07 08:09:25,718 - INFO - 在数据中心 rbx 找到基础 planCode 24rise09 可用 (FQN 可能不同: 24rise09.ram-1024g-ecc-2933.noraid-0.softraid-2x480ssd-sata-system)!
2025-05-07 08:09:25,718 - INFO - go-ovh-ie: 在 rbx 找到基础 24rise09 可用，准备下单包含选项的订单...
2025-05-07 08:09:25,718 - INFO - 为区域 IE 创建购物车...
2025-05-07 08:09:25,824 - INFO - 购物车创建成功，ID: 59e963a4-c5f6-46dd-9519-fafeedcf0f7d
2025-05-07 08:09:25,824 - INFO - 将基础商品 24rise09 添加到购物车 59e963a4-c5f6-46dd-9519-fafeedcf0f7d (使用 /eco)...
2025-05-07 08:09:26,071 - ERROR - OVH查询ID: EU.ext-3.681b1535.2183152.7842d33dfc2da1715518c59a6543c795
2025-05-07 08:09:26,071 - ERROR - 购物车ID: 59e963a4-c5f6-46dd-9519-fafeedcf0f7d
2025-05-07 08:10:30,141 - INFO - 开始处理任务 fd1d440b-f50c-4025-87b8-74f57ad19d41 (使用 /eco/options 添加硬件)
2025-05-07 08:10:30,141 - INFO - 用户请求配置: planCode=24rise09, datacenter=RBX, OS=none_64.en
2025-05-07 08:10:30,141 - INFO - 用户请求选项值: set()
2025-05-07 08:10:30,142 - INFO - 正在检查计划代码 24rise09 的可用性...
2025-05-07 08:10:30,567 - INFO - 将在 15 个配置中查找 RBX 的可用性...
2025-05-07 08:10:30,567 - INFO - 在数据中心 rbx 找到基础 planCode 24rise09 可用 (FQN 可能不同: 24rise09.ram-1024g-ecc-2933.noraid-0.softraid-2x480ssd-sata-system)!
2025-05-07 08:10:30,567 - INFO - go-ovh-ie: 在 rbx 找到基础 24rise09 可用，准备下单包含选项的订单...
2025-05-07 08:10:30,569 - INFO - 为区域 IE 创建购物车...
2025-05-07 08:10:30,692 - INFO - 购物车创建成功，ID: fb9b9245-1ee1-463b-8f3d-8ff8098024e8
2025-05-07 08:10:30,693 - INFO - 将基础商品 24rise09 添加到购物车 fb9b9245-1ee1-463b-8f3d-8ff8098024e8 (使用 /eco)...
2025-05-07 08:10:30,889 - ERROR - OVH查询ID: EU.ext-3.681b1576.2183152.feaf284aa75130feed83f9e8c17654b1
2025-05-07 08:10:30,889 - ERROR - 购物车ID: fb9b9245-1ee1-463b-8f3d-8ff8098024e8
2025-05-07 08:11:35,152 - INFO - 开始处理任务 fd1d440b-f50c-4025-87b8-74f57ad19d41 (使用 /eco/options 添加硬件)
2025-05-07 08:11:35,153 - INFO - 用户请求配置: planCode=24rise09, datacenter=RBX, OS=none_64.en
2025-05-07 08:11:35,153 - INFO - 用户请求选项值: set()
2025-05-07 08:11:35,153 - INFO - 正在检查计划代码 24rise09 的可用性...
2025-05-07 08:11:35,564 - INFO - 将在 15 个配置中查找 RBX 的可用性...
2025-05-07 08:11:35,564 - INFO - 在数据中心 rbx 找到基础 planCode 24rise09 可用 (FQN 可能不同: 24rise09.ram-1024g-ecc-2933.noraid-0.softraid-2x480ssd-sata-system)!
2025-05-07 08:11:35,564 - INFO - go-ovh-ie: 在 rbx 找到基础 24rise09 可用，准备下单包含选项的订单...
2025-05-07 08:11:35,566 - INFO - 为区域 IE 创建购物车...
2025-05-07 08:11:35,660 - INFO - 购物车创建成功，ID: 10f69f92-f4eb-4961-86cf-7884d6e904c3
2025-05-07 08:11:35,660 - INFO - 将基础商品 24rise09 添加到购物车 10f69f92-f4eb-4961-86cf-7884d6e904c3 (使用 /eco)...
2025-05-07 08:11:35,860 - ERROR - OVH查询ID: EU.ext-1.681b15b7.2163613.59be3d340aa9865d84ce606d52f8ef17
2025-05-07 08:11:35,860 - ERROR - 购物车ID: 10f69f92-f4eb-4961-86cf-7884d6e904c3
2025-05-07 08:12:40,163 - INFO - 开始处理任务 fd1d440b-f50c-4025-87b8-74f57ad19d41 (使用 /eco/options 添加硬件)
2025-05-07 08:12:40,163 - INFO - 用户请求配置: planCode=24rise09, datacenter=RBX, OS=none_64.en
2025-05-07 08:12:40,163 - INFO - 用户请求选项值: set()
2025-05-07 08:12:40,164 - INFO - 正在检查计划代码 24rise09 的可用性...
2025-05-07 08:12:40,574 - INFO - 将在 15 个配置中查找 RBX 的可用性...
2025-05-07 08:12:40,574 - INFO - 在数据中心 rbx 找到基础 planCode 24rise09 可用 (FQN 可能不同: 24rise09.ram-1024g-ecc-2933.noraid-0.softraid-2x480ssd-sata-system)!
2025-05-07 08:12:40,575 - INFO - go-ovh-ie: 在 rbx 找到基础 24rise09 可用，准备下单包含选项的订单...
2025-05-07 08:12:40,575 - INFO - 为区域 IE 创建购物车...
2025-05-07 08:12:40,676 - INFO - 购物车创建成功，ID: 65e698b5-05b5-47c6-a17d-e04607ec2916
2025-05-07 08:12:40,676 - INFO - 将基础商品 24rise09 添加到购物车 65e698b5-05b5-47c6-a17d-e04607ec2916 (使用 /eco)...
2025-05-07 08:12:40,885 - ERROR - OVH查询ID: EU.ext-5.681b15f8.2140983.ea9afba8caa333093d1e23e8c1564acd
2025-05-07 08:12:40,885 - ERROR - 购物车ID: 65e698b5-05b5-47c6-a17d-e04607ec2916
2025-05-07 08:13:45,175 - INFO - 开始处理任务 fd1d440b-f50c-4025-87b8-74f57ad19d41 (使用 /eco/options 添加硬件)
2025-05-07 08:13:45,175 - INFO - 用户请求配置: planCode=24rise09, datacenter=RBX, OS=none_64.en
2025-05-07 08:13:45,175 - INFO - 用户请求选项值: set()
2025-05-07 08:13:45,177 - INFO - 正在检查计划代码 24rise09 的可用性...
2025-05-07 08:13:45,581 - INFO - 将在 15 个配置中查找 RBX 的可用性...
2025-05-07 08:13:45,581 - INFO - 在数据中心 rbx 找到基础 planCode 24rise09 可用 (FQN 可能不同: 24rise09.ram-1024g-ecc-2933.noraid-0.softraid-2x480ssd-sata-system)!
2025-05-07 08:13:45,581 - INFO - go-ovh-ie: 在 rbx 找到基础 24rise09 可用，准备下单包含选项的订单...
2025-05-07 08:13:45,583 - INFO - 为区域 IE 创建购物车...
2025-05-07 08:13:45,680 - INFO - 购物车创建成功，ID: a9dcbf3c-346c-4697-8381-e0082b597c86
2025-05-07 08:13:45,681 - INFO - 将基础商品 24rise09 添加到购物车 a9dcbf3c-346c-4697-8381-e0082b597c86 (使用 /eco)...
2025-05-07 08:13:45,889 - ERROR - OVH查询ID: EU.ext-1.681b1639.2163613.fc6fbde8d16379e96f379a37fd4b7dac
2025-05-07 08:13:45,889 - ERROR - 购物车ID: a9dcbf3c-346c-4697-8381-e0082b597c86
2025-05-07 08:14:50,188 - INFO - 开始处理任务 fd1d440b-f50c-4025-87b8-74f57ad19d41 (使用 /eco/options 添加硬件)
2025-05-07 08:14:50,189 - INFO - 用户请求配置: planCode=24rise09, datacenter=RBX, OS=none_64.en
2025-05-07 08:14:50,189 - INFO - 用户请求选项值: set()
2025-05-07 08:14:50,190 - INFO - 正在检查计划代码 24rise09 的可用性...
2025-05-07 08:14:50,608 - INFO - 将在 15 个配置中查找 RBX 的可用性...
2025-05-07 08:14:50,610 - INFO - 在数据中心 rbx 找到基础 planCode 24rise09 可用 (FQN 可能不同: 24rise09.ram-1024g-ecc-2933.noraid-0.softraid-2x480ssd-sata-system)!
2025-05-07 08:14:50,610 - INFO - go-ovh-ie: 在 rbx 找到基础 24rise09 可用，准备下单包含选项的订单...
2025-05-07 08:14:50,610 - INFO - 为区域 IE 创建购物车...
2025-05-07 08:14:50,713 - INFO - 购物车创建成功，ID: f615e2f8-ff8a-4f36-9a51-45d9afd496af
2025-05-07 08:14:50,713 - INFO - 将基础商品 24rise09 添加到购物车 f615e2f8-ff8a-4f36-9a51-45d9afd496af (使用 /eco)...
2025-05-07 08:14:50,916 - ERROR - OVH查询ID: EU.ext-1.681b167a.2163613.a85fec7e41025e5bdc0f7e0a61372a41
2025-05-07 08:14:50,916 - ERROR - 购物车ID: f615e2f8-ff8a-4f36-9a51-45d9afd496af
2025-05-07 08:15:55,204 - INFO - 开始处理任务 fd1d440b-f50c-4025-87b8-74f57ad19d41 (使用 /eco/options 添加硬件)
2025-05-07 08:15:55,204 - INFO - 用户请求配置: planCode=24rise09, datacenter=RBX, OS=none_64.en
2025-05-07 08:15:55,204 - INFO - 用户请求选项值: set()
2025-05-07 08:15:55,204 - INFO - 正在检查计划代码 24rise09 的可用性...
2025-05-07 08:15:55,618 - INFO - 将在 15 个配置中查找 RBX 的可用性...
2025-05-07 08:15:55,618 - INFO - 在数据中心 rbx 找到基础 planCode 24rise09 可用 (FQN 可能不同: 24rise09.ram-1024g-ecc-2933.noraid-0.softraid-2x480ssd-sata-system)!
2025-05-07 08:15:55,618 - INFO - go-ovh-ie: 在 rbx 找到基础 24rise09 可用，准备下单包含选项的订单...
2025-05-07 08:15:55,619 - INFO - 为区域 IE 创建购物车...
2025-05-07 08:15:55,718 - INFO - 购物车创建成功，ID: 721afd45-e710-4198-af10-cda1096302a7
2025-05-07 08:15:55,718 - INFO - 将基础商品 24rise09 添加到购物车 721afd45-e710-4198-af10-cda1096302a7 (使用 /eco)...
2025-05-07 08:15:55,952 - ERROR - OVH查询ID: EU.ext-4.681b16bb.2141819.d54ad8ce8079c1e59a934dc505afa78f
2025-05-07 08:15:55,952 - ERROR - 购物车ID: 721afd45-e710-4198-af10-cda1096302a7
2025-05-07 08:17:00,215 - INFO - 开始处理任务 fd1d440b-f50c-4025-87b8-74f57ad19d41 (使用 /eco/options 添加硬件)
2025-05-07 08:17:00,215 - INFO - 用户请求配置: planCode=24rise09, datacenter=RBX, OS=none_64.en
2025-05-07 08:17:00,215 - INFO - 用户请求选项值: set()
2025-05-07 08:17:00,216 - INFO - 正在检查计划代码 24rise09 的可用性...
2025-05-07 08:17:00,633 - INFO - 将在 15 个配置中查找 RBX 的可用性...
2025-05-07 08:17:00,633 - INFO - 在数据中心 rbx 找到基础 planCode 24rise09 可用 (FQN 可能不同: 24rise09.ram-1024g-ecc-2933.noraid-0.softraid-2x480ssd-sata-system)!
2025-05-07 08:17:00,633 - INFO - go-ovh-ie: 在 rbx 找到基础 24rise09 可用，准备下单包含选项的订单...
2025-05-07 08:17:00,635 - INFO - 为区域 IE 创建购物车...
2025-05-07 08:17:00,727 - INFO - 购物车创建成功，ID: 10fdbfd8-870e-4930-9780-7ee030822d3a
2025-05-07 08:17:00,728 - INFO - 将基础商品 24rise09 添加到购物车 10fdbfd8-870e-4930-9780-7ee030822d3a (使用 /eco)...
2025-05-07 08:17:00,941 - ERROR - OVH查询ID: EU.ext-4.681b16fc.2141819.f8bb7bbfc5aeb6205b1f0066b9567ff5
2025-05-07 08:17:00,941 - ERROR - 购物车ID: 10fdbfd8-870e-4930-9780-7ee030822d3a
2025-05-07 08:18:05,225 - INFO - 开始处理任务 fd1d440b-f50c-4025-87b8-74f57ad19d41 (使用 /eco/options 添加硬件)
2025-05-07 08:18:05,226 - INFO - 用户请求配置: planCode=24rise09, datacenter=RBX, OS=none_64.en
2025-05-07 08:18:05,226 - INFO - 用户请求选项值: set()
2025-05-07 08:18:05,226 - INFO - 正在检查计划代码 24rise09 的可用性...
2025-05-07 08:18:05,633 - INFO - 将在 15 个配置中查找 RBX 的可用性...
2025-05-07 08:18:05,633 - INFO - 在数据中心 rbx 找到基础 planCode 24rise09 可用 (FQN 可能不同: 24rise09.ram-1024g-ecc-2933.noraid-0.softraid-2x480ssd-sata-system)!
2025-05-07 08:18:05,633 - INFO - go-ovh-ie: 在 rbx 找到基础 24rise09 可用，准备下单包含选项的订单...
2025-05-07 08:18:05,634 - INFO - 为区域 IE 创建购物车...
2025-05-07 08:18:05,733 - INFO - 购物车创建成功，ID: 62586f96-e444-448e-9bfb-b5ef7b2f43f2
2025-05-07 08:18:05,733 - INFO - 将基础商品 24rise09 添加到购物车 62586f96-e444-448e-9bfb-b5ef7b2f43f2 (使用 /eco)...
2025-05-07 08:18:05,952 - ERROR - OVH查询ID: EU.ext-5.681b173d.2140983.df3dc6ab2cf5534c5ba55626fe3d9ea7
2025-05-07 08:18:05,952 - ERROR - 购物车ID: 62586f96-e444-448e-9bfb-b5ef7b2f43f2
